[2024-03-04T13:43:44.830+0000] {connection.py:269} WARNING - Connection schemes (type: azure_data_factory) shall not contain '_' according to RFC3986.
[2024-03-04T13:43:44.830+0000] {base.py:83} INFO - Using connection ID 'azure_data_factory' for task execution.
[2024-03-04T13:43:44.834+0000] {_universal.py:511} INFO - Request URL: 'https://login.microsoftonline.com/740d81d4-e4d6-4689-8d63-22257ff4a74c/oauth2/v2.0/token'
Request method: 'POST'
Request headers:
    'Content-Type': 'application/x-www-form-urlencoded'
    'User-Agent': 'azsdk-python-identity/1.15.0 Python/3.11.8 (Linux-5.15.133.1-microsoft-standard-WSL2-x86_64-with-glibc2.36)'
A body is sent with the request
[2024-03-04T13:43:45.051+0000] {_universal.py:550} INFO - Response status: 200
Response headers:
    'Cache-Control': 'no-store, no-cache'
    'Pragma': 'no-cache'
    'Content-Type': 'application/json; charset=utf-8'
    'Expires': '-1'
    'Strict-Transport-Security': 'REDACTED'
    'X-Content-Type-Options': 'REDACTED'
    'P3P': 'REDACTED'
    'x-ms-request-id': 'b1aa7356-f591-421b-8948-3d38c95cc801'
    'x-ms-ests-server': 'REDACTED'
    'X-XSS-Protection': 'REDACTED'
    'Set-Cookie': 'REDACTED'
    'Set-Cookie': 'REDACTED'
    'Set-Cookie': 'REDACTED'
    'Date': 'Mon, 04 Mar 2024 13:43:45 GMT'
    'Content-Length': '1387'
[2024-03-04T13:43:45.054+0000] {get_token_mixin.py:93} INFO - ClientSecretCredential.get_token succeeded
[2024-03-04T13:43:45.054+0000] {_universal.py:514} INFO - Request URL: 'https://management.azure.com/subscriptions/3958bfc8-c367-4842-ba17-75d61ba036ff/resourceGroups/databricks_course_rg/providers/Microsoft.DataFactory/factories/ADFSQL2ICEBERG/pipelineruns/2de59f32-da2d-11ee-bb24-0242ac120002?api-version=REDACTED'
Request method: 'GET'
Request headers:
    'Accept': 'application/json'
    'x-ms-client-request-id': '3851e6d8-da2d-11ee-88e0-0242ac120002'
    'User-Agent': 'azsdk-python-mgmt-datafactory/5.0.0 Python/3.11.8 (Linux-5.15.133.1-microsoft-standard-WSL2-x86_64-with-glibc2.36)'
    'Authorization': 'REDACTED'
No body was attached to the request
[2024-03-04T13:43:45.562+0000] {_universal.py:550} INFO - Response status: 200
Response headers:
    'Cache-Control': 'no-cache'
    'Pragma': 'no-cache'
    'Content-Length': '786'
    'Content-Type': 'application/json; charset=utf-8'
    'Expires': '-1'
    'x-ms-correlation-request-id': 'REDACTED'
    'x-ms-ratelimit-remaining-subscription-reads': '11999'
    'x-ms-request-id': 'd3e1421c-6bb7-4acd-897a-73f84dcfbb9f'
    'x-ms-routing-request-id': 'REDACTED'
    'Strict-Transport-Security': 'REDACTED'
    'X-Content-Type-Options': 'REDACTED'
    'X-Cache': 'REDACTED'
    'X-MSEdge-Ref': 'REDACTED'
    'Date': 'Mon, 04 Mar 2024 13:43:46 GMT'
[2024-03-04T13:44:45.570+0000] {_universal.py:514} INFO - Request URL: 'https://management.azure.com/subscriptions/3958bfc8-c367-4842-ba17-75d61ba036ff/resourceGroups/databricks_course_rg/providers/Microsoft.DataFactory/factories/ADFSQL2ICEBERG/pipelineruns/2de59f32-da2d-11ee-bb24-0242ac120002?api-version=REDACTED'
Request method: 'GET'
Request headers:
    'Accept': 'application/json'
    'x-ms-client-request-id': '5c8584a6-da2d-11ee-88e0-0242ac120002'
    'User-Agent': 'azsdk-python-mgmt-datafactory/5.0.0 Python/3.11.8 (Linux-5.15.133.1-microsoft-standard-WSL2-x86_64-with-glibc2.36)'
    'Authorization': 'REDACTED'
No body was attached to the request
[2024-03-04T13:44:46.064+0000] {_universal.py:550} INFO - Response status: 200
Response headers:
    'Cache-Control': 'no-cache'
    'Pragma': 'no-cache'
    'Content-Length': '786'
    'Content-Type': 'application/json; charset=utf-8'
    'Expires': '-1'
    'x-ms-correlation-request-id': 'REDACTED'
    'x-ms-ratelimit-remaining-subscription-reads': '11999'
    'x-ms-request-id': '071378d0-1d73-417a-b251-b1630a219f76'
    'x-ms-routing-request-id': 'REDACTED'
    'Strict-Transport-Security': 'REDACTED'
    'X-Content-Type-Options': 'REDACTED'
    'X-Cache': 'REDACTED'
    'X-MSEdge-Ref': 'REDACTED'
    'Date': 'Mon, 04 Mar 2024 13:44:46 GMT'
[2024-03-04T13:45:46.069+0000] {_universal.py:514} INFO - Request URL: 'https://management.azure.com/subscriptions/3958bfc8-c367-4842-ba17-75d61ba036ff/resourceGroups/databricks_course_rg/providers/Microsoft.DataFactory/factories/ADFSQL2ICEBERG/pipelineruns/2de59f32-da2d-11ee-bb24-0242ac120002?api-version=REDACTED'
Request method: 'GET'
Request headers:
    'Accept': 'application/json'
    'x-ms-client-request-id': '8094e044-da2d-11ee-88e0-0242ac120002'
    'User-Agent': 'azsdk-python-mgmt-datafactory/5.0.0 Python/3.11.8 (Linux-5.15.133.1-microsoft-standard-WSL2-x86_64-with-glibc2.36)'
    'Authorization': 'REDACTED'
No body was attached to the request
[2024-03-04T13:45:46.560+0000] {_universal.py:550} INFO - Response status: 200
Response headers:
    'Cache-Control': 'no-cache'
    'Pragma': 'no-cache'
    'Content-Length': '786'
    'Content-Type': 'application/json; charset=utf-8'
    'Expires': '-1'
    'x-ms-correlation-request-id': 'REDACTED'
    'x-ms-ratelimit-remaining-subscription-reads': '11999'
    'x-ms-request-id': '2d6eae8b-e27b-40cb-98d4-b1629c7d1d21'
    'x-ms-routing-request-id': 'REDACTED'
    'Strict-Transport-Security': 'REDACTED'
    'X-Content-Type-Options': 'REDACTED'
    'X-Cache': 'REDACTED'
    'X-MSEdge-Ref': 'REDACTED'
    'Date': 'Mon, 04 Mar 2024 13:45:46 GMT'
[2024-03-04T13:46:46.564+0000] {_universal.py:514} INFO - Request URL: 'https://management.azure.com/subscriptions/3958bfc8-c367-4842-ba17-75d61ba036ff/resourceGroups/databricks_course_rg/providers/Microsoft.DataFactory/factories/ADFSQL2ICEBERG/pipelineruns/2de59f32-da2d-11ee-bb24-0242ac120002?api-version=REDACTED'
Request method: 'GET'
Request headers:
    'Accept': 'application/json'
    'x-ms-client-request-id': 'a4a3c6f8-da2d-11ee-88e0-0242ac120002'
    'User-Agent': 'azsdk-python-mgmt-datafactory/5.0.0 Python/3.11.8 (Linux-5.15.133.1-microsoft-standard-WSL2-x86_64-with-glibc2.36)'
    'Authorization': 'REDACTED'
No body was attached to the request
[2024-03-04T13:46:47.016+0000] {_universal.py:550} INFO - Response status: 200
Response headers:
    'Cache-Control': 'no-cache'
    'Pragma': 'no-cache'
    'Content-Length': '786'
    'Content-Type': 'application/json; charset=utf-8'
    'Expires': '-1'
    'x-ms-correlation-request-id': 'REDACTED'
    'x-ms-ratelimit-remaining-subscription-reads': '11999'
    'x-ms-request-id': '6a724bd5-562a-468b-a2a9-91f5587bc8bc'
    'x-ms-routing-request-id': 'REDACTED'
    'Strict-Transport-Security': 'REDACTED'
    'X-Content-Type-Options': 'REDACTED'
    'X-Cache': 'REDACTED'
    'X-MSEdge-Ref': 'REDACTED'
    'Date': 'Mon, 04 Mar 2024 13:46:47 GMT'
[2024-03-04T13:47:47.019+0000] {_universal.py:514} INFO - Request URL: 'https://management.azure.com/subscriptions/3958bfc8-c367-4842-ba17-75d61ba036ff/resourceGroups/databricks_course_rg/providers/Microsoft.DataFactory/factories/ADFSQL2ICEBERG/pipelineruns/2de59f32-da2d-11ee-bb24-0242ac120002?api-version=REDACTED'
Request method: 'GET'
Request headers:
    'Accept': 'application/json'
    'x-ms-client-request-id': 'c8ac4f2a-da2d-11ee-88e0-0242ac120002'
    'User-Agent': 'azsdk-python-mgmt-datafactory/5.0.0 Python/3.11.8 (Linux-5.15.133.1-microsoft-standard-WSL2-x86_64-with-glibc2.36)'
    'Authorization': 'REDACTED'
No body was attached to the request
[2024-03-04T13:47:48.264+0000] {_universal.py:550} INFO - Response status: 200
Response headers:
    'Cache-Control': 'no-cache'
    'Pragma': 'no-cache'
    'Content-Length': '786'
    'Content-Type': 'application/json; charset=utf-8'
    'Expires': '-1'
    'x-ms-correlation-request-id': 'REDACTED'
    'x-ms-ratelimit-remaining-subscription-reads': '11999'
    'x-ms-request-id': 'ce8e5d42-fdd1-442c-84fe-6b8b132c2752'
    'x-ms-routing-request-id': 'REDACTED'
    'Strict-Transport-Security': 'REDACTED'
    'X-Content-Type-Options': 'REDACTED'
    'X-Cache': 'REDACTED'
    'X-MSEdge-Ref': 'REDACTED'
    'Date': 'Mon, 04 Mar 2024 13:47:48 GMT'
[2024-03-04T13:48:48.266+0000] {_universal.py:514} INFO - Request URL: 'https://management.azure.com/subscriptions/3958bfc8-c367-4842-ba17-75d61ba036ff/resourceGroups/databricks_course_rg/providers/Microsoft.DataFactory/factories/ADFSQL2ICEBERG/pipelineruns/2de59f32-da2d-11ee-bb24-0242ac120002?api-version=REDACTED'
Request method: 'GET'
Request headers:
    'Accept': 'application/json'
    'x-ms-client-request-id': 'ed2df060-da2d-11ee-88e0-0242ac120002'
    'User-Agent': 'azsdk-python-mgmt-datafactory/5.0.0 Python/3.11.8 (Linux-5.15.133.1-microsoft-standard-WSL2-x86_64-with-glibc2.36)'
    'Authorization': 'REDACTED'
No body was attached to the request
[2024-03-04T13:48:49.196+0000] {_universal.py:550} INFO - Response status: 200
Response headers:
    'Cache-Control': 'no-cache'
    'Pragma': 'no-cache'
    'Content-Length': '811'
    'Content-Type': 'application/json; charset=utf-8'
    'Expires': '-1'
    'x-ms-correlation-request-id': 'REDACTED'
    'x-ms-ratelimit-remaining-subscription-reads': '11999'
    'x-ms-request-id': '7515bc4b-bb63-4550-a18c-3c026e6a224c'
    'x-ms-routing-request-id': 'REDACTED'
    'Strict-Transport-Security': 'REDACTED'
    'X-Content-Type-Options': 'REDACTED'
    'X-Cache': 'REDACTED'
    'X-MSEdge-Ref': 'REDACTED'
    'Date': 'Mon, 04 Mar 2024 13:48:49 GMT'
[2024-03-04T13:48:49.197+0000] {triggerer_job_runner.py:602} INFO - Trigger AIRLINES_ETL_PIPELINE/manual__2024-03-04T13:42:58.119209+00:00/ADF_pipeline_status/-1/1 (ID 2) fired: TriggerEvent<{'status': 'success', 'message': 'Pipeline run 2de59f32-da2d-11ee-bb24-0242ac120002 has been Succeeded.'}>
[2024-03-04T13:48:49.200+0000] {base_events.py:1785} ERROR - Unclosed client session
client_session: <aiohttp.client.ClientSession object at 0x7f42101b6150>
[2024-03-04T13:48:49.201+0000] {base_events.py:1785} ERROR - Unclosed connector
connections: ['[(<aiohttp.client_proto.ResponseHandler object at 0x7f4210137d90>, 6396.832255972)]']
connector: <aiohttp.connector.TCPConnector object at 0x7f42101b6090>
[2024-03-04T13:48:49.201+0000] {base_events.py:1785} ERROR - Unclosed client session
client_session: <aiohttp.client.ClientSession object at 0x7f42101c28d0>
