[2024-03-04T13:43:37.450+0000] {taskinstance.py:1979} INFO - Dependencies all met for dep_context=non-requeueable deps ti=<TaskInstance: AIRLINES_ETL_PIPELINE.ADF_pipeline_status manual__2024-03-04T13:42:58.119209+00:00 [queued]>
[2024-03-04T13:43:37.548+0000] {taskinstance.py:1979} INFO - Dependencies all met for dep_context=requeueable deps ti=<TaskInstance: AIRLINES_ETL_PIPELINE.ADF_pipeline_status manual__2024-03-04T13:42:58.119209+00:00 [queued]>
[2024-03-04T13:43:37.549+0000] {taskinstance.py:2193} INFO - Starting attempt 1 of 1
[2024-03-04T13:43:37.658+0000] {taskinstance.py:2214} INFO - Executing <Task(AzureDataFactoryPipelineRunStatusSensor): ADF_pipeline_status> on 2024-03-04 13:42:58.119209+00:00
[2024-03-04T13:43:37.667+0000] {standard_task_runner.py:60} INFO - Started process 117 to run task
[2024-03-04T13:43:37.670+0000] {standard_task_runner.py:87} INFO - Running: ['airflow', 'tasks', 'run', 'AIRLINES_ETL_PIPELINE', 'ADF_pipeline_status', 'manual__2024-03-04T13:42:58.119209+00:00', '--job-id', '134', '--raw', '--subdir', 'DAGS_FOLDER/AIRLINES_DATA_ETL_DAG.py', '--cfg-path', '/tmp/tmpytywewyc']
[2024-03-04T13:43:37.672+0000] {standard_task_runner.py:88} INFO - Job 134: Subtask ADF_pipeline_status
[2024-03-04T13:43:38.178+0000] {task_command.py:423} INFO - Running <TaskInstance: AIRLINES_ETL_PIPELINE.ADF_pipeline_status manual__2024-03-04T13:42:58.119209+00:00 [running]> on host aef50811d336
[2024-03-04T13:43:39.427+0000] {taskinstance.py:2510} INFO - Exporting env vars: AIRFLOW_CTX_DAG_EMAIL='abhijit.bangal92@gmail.com' AIRFLOW_CTX_DAG_OWNER='airflow' AIRFLOW_CTX_DAG_ID='AIRLINES_ETL_PIPELINE' AIRFLOW_CTX_TASK_ID='ADF_pipeline_status' AIRFLOW_CTX_EXECUTION_DATE='2024-03-04T13:42:58.119209+00:00' AIRFLOW_CTX_TRY_NUMBER='1' AIRFLOW_CTX_DAG_RUN_ID='manual__2024-03-04T13:42:58.119209+00:00'
[2024-03-04T13:43:39.428+0000] {data_factory.py:804} INFO - Getting the status of run ID 2de59f32-da2d-11ee-bb24-0242ac120002.
[2024-03-04T13:43:39.442+0000] {connection.py:269} WARNING - Connection schemes (type: azure_data_factory) shall not contain '_' according to RFC3986.
[2024-03-04T13:43:39.443+0000] {base.py:83} INFO - Using connection ID 'azure_data_factory' for task execution.
[2024-03-04T13:43:39.463+0000] {_universal.py:514} INFO - Request URL: 'https://login.microsoftonline.com/740d81d4-e4d6-4689-8d63-22257ff4a74c/v2.0/.well-known/openid-configuration'
Request method: 'GET'
Request headers:
    'User-Agent': 'azsdk-python-identity/1.15.0 Python/3.11.8 (Linux-5.15.133.1-microsoft-standard-WSL2-x86_64-with-glibc2.36)'
No body was attached to the request
[2024-03-04T13:43:42.117+0000] {_universal.py:550} INFO - Response status: 200
Response headers:
    'Cache-Control': 'max-age=86400, private'
    'Content-Type': 'application/json; charset=utf-8'
    'Strict-Transport-Security': 'REDACTED'
    'X-Content-Type-Options': 'REDACTED'
    'Access-Control-Allow-Origin': 'REDACTED'
    'Access-Control-Allow-Methods': 'REDACTED'
    'P3P': 'REDACTED'
    'x-ms-request-id': '8837fab8-6f58-49f2-acdd-dc3599dcad01'
    'x-ms-ests-server': 'REDACTED'
    'X-XSS-Protection': 'REDACTED'
    'Set-Cookie': 'REDACTED'
    'Date': 'Mon, 04 Mar 2024 13:43:42 GMT'
    'Content-Length': '1753'
[2024-03-04T13:43:42.131+0000] {_universal.py:511} INFO - Request URL: 'https://login.microsoftonline.com/740d81d4-e4d6-4689-8d63-22257ff4a74c/oauth2/v2.0/token'
Request method: 'POST'
Request headers:
    'Accept': 'application/json'
    'x-client-sku': 'REDACTED'
    'x-client-ver': 'REDACTED'
    'x-client-os': 'REDACTED'
    'x-ms-lib-capability': 'REDACTED'
    'client-request-id': 'REDACTED'
    'x-client-current-telemetry': 'REDACTED'
    'x-client-last-telemetry': 'REDACTED'
    'User-Agent': 'azsdk-python-identity/1.15.0 Python/3.11.8 (Linux-5.15.133.1-microsoft-standard-WSL2-x86_64-with-glibc2.36)'
A body is sent with the request
[2024-03-04T13:43:42.328+0000] {_universal.py:550} INFO - Response status: 200
Response headers:
    'Cache-Control': 'no-store, no-cache'
    'Pragma': 'no-cache'
    'Content-Type': 'application/json; charset=utf-8'
    'Expires': '-1'
    'Strict-Transport-Security': 'REDACTED'
    'X-Content-Type-Options': 'REDACTED'
    'P3P': 'REDACTED'
    'client-request-id': 'REDACTED'
    'x-ms-request-id': '97026b28-0b0b-47ce-8535-ca8c0c68eb01'
    'x-ms-ests-server': 'REDACTED'
    'x-ms-clitelem': 'REDACTED'
    'X-XSS-Protection': 'REDACTED'
    'Set-Cookie': 'REDACTED'
    'Date': 'Mon, 04 Mar 2024 13:43:42 GMT'
    'Content-Length': '1387'
[2024-03-04T13:43:42.329+0000] {get_token_mixin.py:93} INFO - ClientSecretCredential.get_token succeeded
[2024-03-04T13:43:42.330+0000] {_universal.py:514} INFO - Request URL: 'https://management.azure.com/subscriptions/3958bfc8-c367-4842-ba17-75d61ba036ff/resourceGroups/databricks_course_rg/providers/Microsoft.DataFactory/factories/ADFSQL2ICEBERG/pipelineruns/2de59f32-da2d-11ee-bb24-0242ac120002?api-version=REDACTED'
Request method: 'GET'
Request headers:
    'Accept': 'application/json'
    'x-ms-client-request-id': '351e41a0-da2d-11ee-b68f-0242ac120002'
    'User-Agent': 'azsdk-python-mgmt-datafactory/5.0.0 Python/3.11.8 (Linux-5.15.133.1-microsoft-standard-WSL2-x86_64-with-glibc2.36)'
    'Authorization': 'REDACTED'
No body was attached to the request
[2024-03-04T13:43:42.859+0000] {_universal.py:550} INFO - Response status: 200
Response headers:
    'Cache-Control': 'no-cache'
    'Pragma': 'no-cache'
    'Content-Length': '786'
    'Content-Type': 'application/json; charset=utf-8'
    'Expires': '-1'
    'x-ms-correlation-request-id': 'REDACTED'
    'x-ms-ratelimit-remaining-subscription-reads': '11999'
    'x-ms-request-id': 'e1483697-5086-4301-b072-be7ae444eca2'
    'x-ms-routing-request-id': 'REDACTED'
    'Strict-Transport-Security': 'REDACTED'
    'X-Content-Type-Options': 'REDACTED'
    'X-Cache': 'REDACTED'
    'X-MSEdge-Ref': 'REDACTED'
    'Date': 'Mon, 04 Mar 2024 13:43:42 GMT'
[2024-03-04T13:43:42.867+0000] {data_factory.py:806} INFO - Current status of pipeline run 2de59f32-da2d-11ee-bb24-0242ac120002: InProgress
[2024-03-04T13:43:42.886+0000] {taskinstance.py:2367} INFO - Pausing task as DEFERRED. dag_id=AIRLINES_ETL_PIPELINE, task_id=ADF_pipeline_status, execution_date=20240304T134258, start_date=20240304T134337
[2024-03-04T13:43:42.991+0000] {local_task_job_runner.py:231} INFO - Task exited with return code 100 (task deferral)
[2024-03-04T13:48:54.007+0000] {taskinstance.py:1979} INFO - Dependencies all met for dep_context=non-requeueable deps ti=<TaskInstance: AIRLINES_ETL_PIPELINE.ADF_pipeline_status manual__2024-03-04T13:42:58.119209+00:00 [queued]>
[2024-03-04T13:48:54.065+0000] {taskinstance.py:1979} INFO - Dependencies all met for dep_context=requeueable deps ti=<TaskInstance: AIRLINES_ETL_PIPELINE.ADF_pipeline_status manual__2024-03-04T13:42:58.119209+00:00 [queued]>
[2024-03-04T13:48:54.066+0000] {taskinstance.py:2191} INFO - Resuming after deferral
[2024-03-04T13:48:54.174+0000] {taskinstance.py:2214} INFO - Executing <Task(AzureDataFactoryPipelineRunStatusSensor): ADF_pipeline_status> on 2024-03-04 13:42:58.119209+00:00
[2024-03-04T13:48:54.190+0000] {standard_task_runner.py:60} INFO - Started process 159 to run task
[2024-03-04T13:48:54.195+0000] {standard_task_runner.py:87} INFO - Running: ['airflow', 'tasks', 'run', 'AIRLINES_ETL_PIPELINE', 'ADF_pipeline_status', 'manual__2024-03-04T13:42:58.119209+00:00', '--job-id', '136', '--raw', '--subdir', 'DAGS_FOLDER/AIRLINES_DATA_ETL_DAG.py', '--cfg-path', '/tmp/tmpftkrodo6']
[2024-03-04T13:48:54.198+0000] {standard_task_runner.py:88} INFO - Job 136: Subtask ADF_pipeline_status
[2024-03-04T13:48:54.328+0000] {task_command.py:423} INFO - Running <TaskInstance: AIRLINES_ETL_PIPELINE.ADF_pipeline_status manual__2024-03-04T13:42:58.119209+00:00 [running]> on host aef50811d336
[2024-03-04T13:48:54.820+0000] {data_factory.py:137} INFO - Pipeline run 2de59f32-da2d-11ee-bb24-0242ac120002 has been Succeeded.
[2024-03-04T13:48:54.833+0000] {taskinstance.py:1149} INFO - Marking task as SUCCESS. dag_id=AIRLINES_ETL_PIPELINE, task_id=ADF_pipeline_status, execution_date=20240304T134258, start_date=20240304T134337, end_date=20240304T134854
[2024-03-04T13:48:54.929+0000] {local_task_job_runner.py:234} INFO - Task exited with return code 0
[2024-03-04T13:48:54.953+0000] {logging_mixin.py:188} WARNING - /home/airflow/.local/lib/python3.11/site-packages/airflow/models/baseoperator.py:1201 AirflowProviderDeprecationWarning: Call to deprecated class SnowflakeOperator. (This class is deprecated. Please use `airflow.providers.common.sql.operators.sql.SQLExecuteQueryOperator`. Also, you can provide `hook_params={'warehouse': <warehouse>, 'database': <database>, 'role': <role>, 'schema': <schema>, 'authenticator': <authenticator>,'session_parameters': <session_parameters>}`.)
[2024-03-04T13:48:54.996+0000] {taskinstance.py:3309} INFO - 1 downstream tasks scheduled from follow-on schedule check
