[2024-02-28T14:21:14.064+0000] {taskinstance.py:1979} INFO - Dependencies all met for dep_context=non-requeueable deps ti=<TaskInstance: AIRLINES_ETL_PIPELINE.ADF_pipeline_status manual__2024-02-28T14:20:33.008479+00:00 [queued]>
[2024-02-28T14:21:14.079+0000] {taskinstance.py:1979} INFO - Dependencies all met for dep_context=requeueable deps ti=<TaskInstance: AIRLINES_ETL_PIPELINE.ADF_pipeline_status manual__2024-02-28T14:20:33.008479+00:00 [queued]>
[2024-02-28T14:21:14.079+0000] {taskinstance.py:2193} INFO - Starting attempt 1 of 1
[2024-02-28T14:21:14.154+0000] {taskinstance.py:2214} INFO - Executing <Task(AzureDataFactoryPipelineRunStatusSensor): ADF_pipeline_status> on 2024-02-28 14:20:33.008479+00:00
[2024-02-28T14:21:14.165+0000] {standard_task_runner.py:60} INFO - Started process 1634 to run task
[2024-02-28T14:21:14.168+0000] {standard_task_runner.py:87} INFO - Running: ['airflow', 'tasks', 'run', 'AIRLINES_ETL_PIPELINE', 'ADF_pipeline_status', 'manual__2024-02-28T14:20:33.008479+00:00', '--job-id', '89', '--raw', '--subdir', 'DAGS_FOLDER/AIRLINES_DATA_ETL_DAG.py', '--cfg-path', '/tmp/tmpphwhbsha']
[2024-02-28T14:21:14.172+0000] {standard_task_runner.py:88} INFO - Job 89: Subtask ADF_pipeline_status
[2024-02-28T14:21:14.347+0000] {task_command.py:423} INFO - Running <TaskInstance: AIRLINES_ETL_PIPELINE.ADF_pipeline_status manual__2024-02-28T14:20:33.008479+00:00 [running]> on host c262eab4accf
[2024-02-28T14:21:14.799+0000] {taskinstance.py:2510} INFO - Exporting env vars: AIRFLOW_CTX_DAG_OWNER='airflow' AIRFLOW_CTX_DAG_ID='AIRLINES_ETL_PIPELINE' AIRFLOW_CTX_TASK_ID='ADF_pipeline_status' AIRFLOW_CTX_EXECUTION_DATE='2024-02-28T14:20:33.008479+00:00' AIRFLOW_CTX_TRY_NUMBER='1' AIRFLOW_CTX_DAG_RUN_ID='manual__2024-02-28T14:20:33.008479+00:00'
[2024-02-28T14:21:14.800+0000] {data_factory.py:804} INFO - Getting the status of run ID 9c4ab882-d644-11ee-97ef-0242ac160002.
[2024-02-28T14:21:14.812+0000] {connection.py:269} WARNING - Connection schemes (type: azure_data_factory) shall not contain '_' according to RFC3986.
[2024-02-28T14:21:14.814+0000] {base.py:83} INFO - Using connection ID 'azure_data_factory' for task execution.
[2024-02-28T14:21:14.817+0000] {_universal.py:514} INFO - Request URL: 'https://login.microsoftonline.com/740d81d4-e4d6-4689-8d63-22257ff4a74c/v2.0/.well-known/openid-configuration'
Request method: 'GET'
Request headers:
    'User-Agent': 'azsdk-python-identity/1.15.0 Python/3.11.8 (Linux-5.15.133.1-microsoft-standard-WSL2-x86_64-with-glibc2.36)'
No body was attached to the request
[2024-02-28T14:21:15.054+0000] {_universal.py:550} INFO - Response status: 200
Response headers:
    'Cache-Control': 'max-age=86400, private'
    'Content-Type': 'application/json; charset=utf-8'
    'Strict-Transport-Security': 'REDACTED'
    'X-Content-Type-Options': 'REDACTED'
    'Access-Control-Allow-Origin': 'REDACTED'
    'Access-Control-Allow-Methods': 'REDACTED'
    'P3P': 'REDACTED'
    'x-ms-request-id': '9c300a6a-aca8-43d3-918e-9b2167dea600'
    'x-ms-ests-server': 'REDACTED'
    'X-XSS-Protection': 'REDACTED'
    'Set-Cookie': 'REDACTED'
    'Date': 'Wed, 28 Feb 2024 14:21:14 GMT'
    'Content-Length': '1753'
[2024-02-28T14:21:15.056+0000] {_universal.py:511} INFO - Request URL: 'https://login.microsoftonline.com/740d81d4-e4d6-4689-8d63-22257ff4a74c/oauth2/v2.0/token'
Request method: 'POST'
Request headers:
    'Accept': 'application/json'
    'x-client-sku': 'REDACTED'
    'x-client-ver': 'REDACTED'
    'x-client-os': 'REDACTED'
    'x-ms-lib-capability': 'REDACTED'
    'client-request-id': 'REDACTED'
    'x-client-current-telemetry': 'REDACTED'
    'x-client-last-telemetry': 'REDACTED'
    'User-Agent': 'azsdk-python-identity/1.15.0 Python/3.11.8 (Linux-5.15.133.1-microsoft-standard-WSL2-x86_64-with-glibc2.36)'
A body is sent with the request
[2024-02-28T14:21:15.172+0000] {_universal.py:550} INFO - Response status: 200
Response headers:
    'Cache-Control': 'no-store, no-cache'
    'Pragma': 'no-cache'
    'Content-Type': 'application/json; charset=utf-8'
    'Expires': '-1'
    'Strict-Transport-Security': 'REDACTED'
    'X-Content-Type-Options': 'REDACTED'
    'P3P': 'REDACTED'
    'client-request-id': 'REDACTED'
    'x-ms-request-id': '0372d915-1c84-47ef-a48b-fe8f8815e200'
    'x-ms-ests-server': 'REDACTED'
    'x-ms-clitelem': 'REDACTED'
    'X-XSS-Protection': 'REDACTED'
    'Set-Cookie': 'REDACTED'
    'Date': 'Wed, 28 Feb 2024 14:21:15 GMT'
    'Content-Length': '1387'
[2024-02-28T14:21:15.173+0000] {get_token_mixin.py:93} INFO - ClientSecretCredential.get_token succeeded
[2024-02-28T14:21:15.174+0000] {_universal.py:514} INFO - Request URL: 'https://management.azure.com/subscriptions/3958bfc8-c367-4842-ba17-75d61ba036ff/resourceGroups/databricks_course_rg/providers/Microsoft.DataFactory/factories/ADFSQL2ICEBERG/pipelineruns/9c4ab882-d644-11ee-97ef-0242ac160002?api-version=REDACTED'
Request method: 'GET'
Request headers:
    'Accept': 'application/json'
    'x-ms-client-request-id': 'a1593b1e-d644-11ee-b9a6-0242ac160002'
    'User-Agent': 'azsdk-python-mgmt-datafactory/5.0.0 Python/3.11.8 (Linux-5.15.133.1-microsoft-standard-WSL2-x86_64-with-glibc2.36)'
    'Authorization': 'REDACTED'
No body was attached to the request
[2024-02-28T14:21:15.643+0000] {_universal.py:550} INFO - Response status: 200
Response headers:
    'Cache-Control': 'no-cache'
    'Pragma': 'no-cache'
    'Content-Length': '786'
    'Content-Type': 'application/json; charset=utf-8'
    'Expires': '-1'
    'x-ms-correlation-request-id': 'REDACTED'
    'x-ms-ratelimit-remaining-subscription-reads': '11999'
    'x-ms-request-id': 'b0a9adbc-11be-441d-8fc3-035f73b97bd7'
    'x-ms-routing-request-id': 'REDACTED'
    'Strict-Transport-Security': 'REDACTED'
    'X-Content-Type-Options': 'REDACTED'
    'X-Cache': 'REDACTED'
    'X-MSEdge-Ref': 'REDACTED'
    'Date': 'Wed, 28 Feb 2024 14:21:14 GMT'
[2024-02-28T14:21:15.648+0000] {data_factory.py:806} INFO - Current status of pipeline run 9c4ab882-d644-11ee-97ef-0242ac160002: InProgress
[2024-02-28T14:21:15.665+0000] {taskinstance.py:2367} INFO - Pausing task as DEFERRED. dag_id=AIRLINES_ETL_PIPELINE, task_id=ADF_pipeline_status, execution_date=20240228T142033, start_date=20240228T142114
[2024-02-28T14:21:15.749+0000] {local_task_job_runner.py:231} INFO - Task exited with return code 100 (task deferral)
[2024-02-28T14:26:27.437+0000] {taskinstance.py:1979} INFO - Dependencies all met for dep_context=non-requeueable deps ti=<TaskInstance: AIRLINES_ETL_PIPELINE.ADF_pipeline_status manual__2024-02-28T14:20:33.008479+00:00 [queued]>
[2024-02-28T14:26:27.451+0000] {taskinstance.py:1979} INFO - Dependencies all met for dep_context=requeueable deps ti=<TaskInstance: AIRLINES_ETL_PIPELINE.ADF_pipeline_status manual__2024-02-28T14:20:33.008479+00:00 [queued]>
[2024-02-28T14:26:27.452+0000] {taskinstance.py:2191} INFO - Resuming after deferral
[2024-02-28T14:26:27.518+0000] {taskinstance.py:2214} INFO - Executing <Task(AzureDataFactoryPipelineRunStatusSensor): ADF_pipeline_status> on 2024-02-28 14:20:33.008479+00:00
[2024-02-28T14:26:27.526+0000] {standard_task_runner.py:60} INFO - Started process 1676 to run task
[2024-02-28T14:26:27.529+0000] {standard_task_runner.py:87} INFO - Running: ['airflow', 'tasks', 'run', 'AIRLINES_ETL_PIPELINE', 'ADF_pipeline_status', 'manual__2024-02-28T14:20:33.008479+00:00', '--job-id', '91', '--raw', '--subdir', 'DAGS_FOLDER/AIRLINES_DATA_ETL_DAG.py', '--cfg-path', '/tmp/tmpktn3gsn_']
[2024-02-28T14:26:27.532+0000] {standard_task_runner.py:88} INFO - Job 91: Subtask ADF_pipeline_status
[2024-02-28T14:26:27.664+0000] {task_command.py:423} INFO - Running <TaskInstance: AIRLINES_ETL_PIPELINE.ADF_pipeline_status manual__2024-02-28T14:20:33.008479+00:00 [running]> on host c262eab4accf
[2024-02-28T14:26:28.030+0000] {data_factory.py:137} INFO - Pipeline run 9c4ab882-d644-11ee-97ef-0242ac160002 has been Succeeded.
[2024-02-28T14:26:28.045+0000] {taskinstance.py:1149} INFO - Marking task as SUCCESS. dag_id=AIRLINES_ETL_PIPELINE, task_id=ADF_pipeline_status, execution_date=20240228T142033, start_date=20240228T142114, end_date=20240228T142628
[2024-02-28T14:26:28.145+0000] {local_task_job_runner.py:234} INFO - Task exited with return code 0
[2024-02-28T14:26:28.164+0000] {logging_mixin.py:188} WARNING - /home/airflow/.local/lib/python3.11/site-packages/airflow/models/baseoperator.py:1201 AirflowProviderDeprecationWarning: Call to deprecated class SnowflakeOperator. (This class is deprecated. Please use `airflow.providers.common.sql.operators.sql.SQLExecuteQueryOperator`. Also, you can provide `hook_params={'warehouse': <warehouse>, 'database': <database>, 'role': <role>, 'schema': <schema>, 'authenticator': <authenticator>,'session_parameters': <session_parameters>}`.)
[2024-02-28T14:26:28.202+0000] {taskinstance.py:3309} INFO - 1 downstream tasks scheduled from follow-on schedule check
