[2024-02-29T14:45:25.938+0000] {taskinstance.py:1979} INFO - Dependencies all met for dep_context=non-requeueable deps ti=<TaskInstance: AIRLINES_ETL_PIPELINE.ADF_pipeline_status manual__2024-02-29T14:44:38.677041+00:00 [queued]>
[2024-02-29T14:45:25.962+0000] {taskinstance.py:1979} INFO - Dependencies all met for dep_context=requeueable deps ti=<TaskInstance: AIRLINES_ETL_PIPELINE.ADF_pipeline_status manual__2024-02-29T14:44:38.677041+00:00 [queued]>
[2024-02-29T14:45:25.963+0000] {taskinstance.py:2193} INFO - Starting attempt 1 of 1
[2024-02-29T14:45:26.019+0000] {taskinstance.py:2214} INFO - Executing <Task(AzureDataFactoryPipelineRunStatusSensor): ADF_pipeline_status> on 2024-02-29 14:44:38.677041+00:00
[2024-02-29T14:45:26.040+0000] {standard_task_runner.py:60} INFO - Started process 118 to run task
[2024-02-29T14:45:26.043+0000] {standard_task_runner.py:87} INFO - Running: ['airflow', 'tasks', 'run', 'AIRLINES_ETL_PIPELINE', 'ADF_pipeline_status', 'manual__2024-02-29T14:44:38.677041+00:00', '--job-id', '124', '--raw', '--subdir', 'DAGS_FOLDER/AIRLINES_DATA_ETL_DAG.py', '--cfg-path', '/tmp/tmp7ariiryt']
[2024-02-29T14:45:26.045+0000] {standard_task_runner.py:88} INFO - Job 124: Subtask ADF_pipeline_status
[2024-02-29T14:45:26.205+0000] {task_command.py:423} INFO - Running <TaskInstance: AIRLINES_ETL_PIPELINE.ADF_pipeline_status manual__2024-02-29T14:44:38.677041+00:00 [running]> on host 3842d9dcfd8c
[2024-02-29T14:45:26.808+0000] {taskinstance.py:2510} INFO - Exporting env vars: AIRFLOW_CTX_DAG_EMAIL='abhijit.bangal92@gmail.com' AIRFLOW_CTX_DAG_OWNER='airflow' AIRFLOW_CTX_DAG_ID='AIRLINES_ETL_PIPELINE' AIRFLOW_CTX_TASK_ID='ADF_pipeline_status' AIRFLOW_CTX_EXECUTION_DATE='2024-02-29T14:44:38.677041+00:00' AIRFLOW_CTX_TRY_NUMBER='1' AIRFLOW_CTX_DAG_RUN_ID='manual__2024-02-29T14:44:38.677041+00:00'
[2024-02-29T14:45:26.810+0000] {data_factory.py:804} INFO - Getting the status of run ID 251ef1f6-d711-11ee-882d-0242ac140002.
[2024-02-29T14:45:26.827+0000] {connection.py:269} WARNING - Connection schemes (type: azure_data_factory) shall not contain '_' according to RFC3986.
[2024-02-29T14:45:26.829+0000] {base.py:83} INFO - Using connection ID 'azure_data_factory' for task execution.
[2024-02-29T14:45:26.837+0000] {_universal.py:514} INFO - Request URL: 'https://login.microsoftonline.com/740d81d4-e4d6-4689-8d63-22257ff4a74c/v2.0/.well-known/openid-configuration'
Request method: 'GET'
Request headers:
    'User-Agent': 'azsdk-python-identity/1.15.0 Python/3.11.8 (Linux-5.15.133.1-microsoft-standard-WSL2-x86_64-with-glibc2.36)'
No body was attached to the request
[2024-02-29T14:45:27.132+0000] {_universal.py:550} INFO - Response status: 200
Response headers:
    'Cache-Control': 'max-age=86400, private'
    'Content-Type': 'application/json; charset=utf-8'
    'Strict-Transport-Security': 'REDACTED'
    'X-Content-Type-Options': 'REDACTED'
    'Access-Control-Allow-Origin': 'REDACTED'
    'Access-Control-Allow-Methods': 'REDACTED'
    'P3P': 'REDACTED'
    'x-ms-request-id': '98cf20b7-0ea1-4c95-83f3-98f93eebf500'
    'x-ms-ests-server': 'REDACTED'
    'X-XSS-Protection': 'REDACTED'
    'Set-Cookie': 'REDACTED'
    'Date': 'Thu, 29 Feb 2024 14:45:26 GMT'
    'Content-Length': '1753'
[2024-02-29T14:45:27.138+0000] {_universal.py:511} INFO - Request URL: 'https://login.microsoftonline.com/740d81d4-e4d6-4689-8d63-22257ff4a74c/oauth2/v2.0/token'
Request method: 'POST'
Request headers:
    'Accept': 'application/json'
    'x-client-sku': 'REDACTED'
    'x-client-ver': 'REDACTED'
    'x-client-os': 'REDACTED'
    'x-ms-lib-capability': 'REDACTED'
    'client-request-id': 'REDACTED'
    'x-client-current-telemetry': 'REDACTED'
    'x-client-last-telemetry': 'REDACTED'
    'User-Agent': 'azsdk-python-identity/1.15.0 Python/3.11.8 (Linux-5.15.133.1-microsoft-standard-WSL2-x86_64-with-glibc2.36)'
A body is sent with the request
[2024-02-29T14:45:27.332+0000] {_universal.py:550} INFO - Response status: 200
Response headers:
    'Cache-Control': 'no-store, no-cache'
    'Pragma': 'no-cache'
    'Content-Type': 'application/json; charset=utf-8'
    'Expires': '-1'
    'Strict-Transport-Security': 'REDACTED'
    'X-Content-Type-Options': 'REDACTED'
    'P3P': 'REDACTED'
    'client-request-id': 'REDACTED'
    'x-ms-request-id': '142f8bec-331c-4bde-b144-7b47fe782701'
    'x-ms-ests-server': 'REDACTED'
    'x-ms-clitelem': 'REDACTED'
    'X-XSS-Protection': 'REDACTED'
    'Set-Cookie': 'REDACTED'
    'Date': 'Thu, 29 Feb 2024 14:45:27 GMT'
    'Content-Length': '1387'
[2024-02-29T14:45:27.334+0000] {get_token_mixin.py:93} INFO - ClientSecretCredential.get_token succeeded
[2024-02-29T14:45:27.335+0000] {_universal.py:514} INFO - Request URL: 'https://management.azure.com/subscriptions/3958bfc8-c367-4842-ba17-75d61ba036ff/resourceGroups/databricks_course_rg/providers/Microsoft.DataFactory/factories/ADFSQL2ICEBERG/pipelineruns/251ef1f6-d711-11ee-882d-0242ac140002?api-version=REDACTED'
Request method: 'GET'
Request headers:
    'Accept': 'application/json'
    'x-ms-client-request-id': '2d3b758a-d711-11ee-88b6-0242ac140002'
    'User-Agent': 'azsdk-python-mgmt-datafactory/5.0.0 Python/3.11.8 (Linux-5.15.133.1-microsoft-standard-WSL2-x86_64-with-glibc2.36)'
    'Authorization': 'REDACTED'
No body was attached to the request
[2024-02-29T14:45:28.441+0000] {_universal.py:550} INFO - Response status: 200
Response headers:
    'Cache-Control': 'no-cache'
    'Pragma': 'no-cache'
    'Content-Length': '786'
    'Content-Type': 'application/json; charset=utf-8'
    'Expires': '-1'
    'x-ms-correlation-request-id': 'REDACTED'
    'x-ms-ratelimit-remaining-subscription-reads': '11999'
    'x-ms-request-id': '4424133d-a9b5-4614-bd9d-1c27b9a54fbe'
    'x-ms-routing-request-id': 'REDACTED'
    'Strict-Transport-Security': 'REDACTED'
    'X-Content-Type-Options': 'REDACTED'
    'X-Cache': 'REDACTED'
    'X-MSEdge-Ref': 'REDACTED'
    'Date': 'Thu, 29 Feb 2024 14:45:28 GMT'
[2024-02-29T14:45:28.452+0000] {data_factory.py:806} INFO - Current status of pipeline run 251ef1f6-d711-11ee-882d-0242ac140002: InProgress
[2024-02-29T14:45:28.467+0000] {taskinstance.py:2367} INFO - Pausing task as DEFERRED. dag_id=AIRLINES_ETL_PIPELINE, task_id=ADF_pipeline_status, execution_date=20240229T144438, start_date=20240229T144525
[2024-02-29T14:45:28.548+0000] {local_task_job_runner.py:231} INFO - Task exited with return code 100 (task deferral)
[2024-02-29T14:50:41.943+0000] {taskinstance.py:1979} INFO - Dependencies all met for dep_context=non-requeueable deps ti=<TaskInstance: AIRLINES_ETL_PIPELINE.ADF_pipeline_status manual__2024-02-29T14:44:38.677041+00:00 [queued]>
[2024-02-29T14:50:42.019+0000] {taskinstance.py:1979} INFO - Dependencies all met for dep_context=requeueable deps ti=<TaskInstance: AIRLINES_ETL_PIPELINE.ADF_pipeline_status manual__2024-02-29T14:44:38.677041+00:00 [queued]>
[2024-02-29T14:50:42.019+0000] {taskinstance.py:2191} INFO - Resuming after deferral
[2024-02-29T14:50:42.080+0000] {taskinstance.py:2214} INFO - Executing <Task(AzureDataFactoryPipelineRunStatusSensor): ADF_pipeline_status> on 2024-02-29 14:44:38.677041+00:00
[2024-02-29T14:50:42.086+0000] {standard_task_runner.py:60} INFO - Started process 160 to run task
[2024-02-29T14:50:42.090+0000] {standard_task_runner.py:87} INFO - Running: ['airflow', 'tasks', 'run', 'AIRLINES_ETL_PIPELINE', 'ADF_pipeline_status', 'manual__2024-02-29T14:44:38.677041+00:00', '--job-id', '126', '--raw', '--subdir', 'DAGS_FOLDER/AIRLINES_DATA_ETL_DAG.py', '--cfg-path', '/tmp/tmpu23m2nx1']
[2024-02-29T14:50:42.093+0000] {standard_task_runner.py:88} INFO - Job 126: Subtask ADF_pipeline_status
[2024-02-29T14:50:42.202+0000] {task_command.py:423} INFO - Running <TaskInstance: AIRLINES_ETL_PIPELINE.ADF_pipeline_status manual__2024-02-29T14:44:38.677041+00:00 [running]> on host 3842d9dcfd8c
[2024-02-29T14:50:42.624+0000] {data_factory.py:137} INFO - Pipeline run 251ef1f6-d711-11ee-882d-0242ac140002 has been Succeeded.
[2024-02-29T14:50:42.637+0000] {taskinstance.py:1149} INFO - Marking task as SUCCESS. dag_id=AIRLINES_ETL_PIPELINE, task_id=ADF_pipeline_status, execution_date=20240229T144438, start_date=20240229T144525, end_date=20240229T145042
[2024-02-29T14:50:42.746+0000] {local_task_job_runner.py:234} INFO - Task exited with return code 0
[2024-02-29T14:50:42.768+0000] {logging_mixin.py:188} WARNING - /home/airflow/.local/lib/python3.11/site-packages/airflow/models/baseoperator.py:1201 AirflowProviderDeprecationWarning: Call to deprecated class SnowflakeOperator. (This class is deprecated. Please use `airflow.providers.common.sql.operators.sql.SQLExecuteQueryOperator`. Also, you can provide `hook_params={'warehouse': <warehouse>, 'database': <database>, 'role': <role>, 'schema': <schema>, 'authenticator': <authenticator>,'session_parameters': <session_parameters>}`.)
[2024-02-29T14:50:42.820+0000] {taskinstance.py:3309} INFO - 1 downstream tasks scheduled from follow-on schedule check
