[2024-02-29T14:45:30.682+0000] {connection.py:269} WARNING - Connection schemes (type: azure_data_factory) shall not contain '_' according to RFC3986.
[2024-02-29T14:45:30.682+0000] {base.py:83} INFO - Using connection ID 'azure_data_factory' for task execution.
[2024-02-29T14:45:30.686+0000] {_universal.py:511} INFO - Request URL: 'https://login.microsoftonline.com/740d81d4-e4d6-4689-8d63-22257ff4a74c/oauth2/v2.0/token'
Request method: 'POST'
Request headers:
    'Content-Type': 'application/x-www-form-urlencoded'
    'User-Agent': 'azsdk-python-identity/1.15.0 Python/3.11.8 (Linux-5.15.133.1-microsoft-standard-WSL2-x86_64-with-glibc2.36)'
A body is sent with the request
[2024-02-29T14:45:31.114+0000] {_universal.py:550} INFO - Response status: 200
Response headers:
    'Cache-Control': 'no-store, no-cache'
    'Pragma': 'no-cache'
    'Content-Type': 'application/json; charset=utf-8'
    'Expires': '-1'
    'Strict-Transport-Security': 'REDACTED'
    'X-Content-Type-Options': 'REDACTED'
    'P3P': 'REDACTED'
    'x-ms-request-id': 'b7a8a700-60f5-4eb9-9fa0-9d51680ae800'
    'x-ms-ests-server': 'REDACTED'
    'X-XSS-Protection': 'REDACTED'
    'Set-Cookie': 'REDACTED'
    'Set-Cookie': 'REDACTED'
    'Set-Cookie': 'REDACTED'
    'Date': 'Thu, 29 Feb 2024 14:45:31 GMT'
    'Content-Length': '1387'
[2024-02-29T14:45:31.119+0000] {get_token_mixin.py:93} INFO - ClientSecretCredential.get_token succeeded
[2024-02-29T14:45:31.119+0000] {_universal.py:514} INFO - Request URL: 'https://management.azure.com/subscriptions/3958bfc8-c367-4842-ba17-75d61ba036ff/resourceGroups/databricks_course_rg/providers/Microsoft.DataFactory/factories/ADFSQL2ICEBERG/pipelineruns/251ef1f6-d711-11ee-882d-0242ac140002?api-version=REDACTED'
Request method: 'GET'
Request headers:
    'Accept': 'application/json'
    'x-ms-client-request-id': '2f86f3aa-d711-11ee-a4a9-0242ac140002'
    'User-Agent': 'azsdk-python-mgmt-datafactory/5.0.0 Python/3.11.8 (Linux-5.15.133.1-microsoft-standard-WSL2-x86_64-with-glibc2.36)'
    'Authorization': 'REDACTED'
No body was attached to the request
[2024-02-29T14:45:31.678+0000] {_universal.py:550} INFO - Response status: 200
Response headers:
    'Cache-Control': 'no-cache'
    'Pragma': 'no-cache'
    'Content-Length': '786'
    'Content-Type': 'application/json; charset=utf-8'
    'Expires': '-1'
    'x-ms-correlation-request-id': 'REDACTED'
    'x-ms-ratelimit-remaining-subscription-reads': '11999'
    'x-ms-request-id': 'e72eb705-b277-4167-82c4-3b15f6114401'
    'x-ms-routing-request-id': 'REDACTED'
    'Strict-Transport-Security': 'REDACTED'
    'X-Content-Type-Options': 'REDACTED'
    'X-Cache': 'REDACTED'
    'X-MSEdge-Ref': 'REDACTED'
    'Date': 'Thu, 29 Feb 2024 14:45:31 GMT'
[2024-02-29T14:46:31.694+0000] {_universal.py:514} INFO - Request URL: 'https://management.azure.com/subscriptions/3958bfc8-c367-4842-ba17-75d61ba036ff/resourceGroups/databricks_course_rg/providers/Microsoft.DataFactory/factories/ADFSQL2ICEBERG/pipelineruns/251ef1f6-d711-11ee-882d-0242ac140002?api-version=REDACTED'
Request method: 'GET'
Request headers:
    'Accept': 'application/json'
    'x-ms-client-request-id': '53e42786-d711-11ee-a4a9-0242ac140002'
    'User-Agent': 'azsdk-python-mgmt-datafactory/5.0.0 Python/3.11.8 (Linux-5.15.133.1-microsoft-standard-WSL2-x86_64-with-glibc2.36)'
    'Authorization': 'REDACTED'
No body was attached to the request
[2024-02-29T14:46:32.314+0000] {_universal.py:550} INFO - Response status: 200
Response headers:
    'Cache-Control': 'no-cache'
    'Pragma': 'no-cache'
    'Content-Length': '786'
    'Content-Type': 'application/json; charset=utf-8'
    'Expires': '-1'
    'x-ms-correlation-request-id': 'REDACTED'
    'x-ms-ratelimit-remaining-subscription-reads': '11999'
    'x-ms-request-id': '6722bfcb-eae5-4f67-b447-8c18667947c7'
    'x-ms-routing-request-id': 'REDACTED'
    'Strict-Transport-Security': 'REDACTED'
    'X-Content-Type-Options': 'REDACTED'
    'X-Cache': 'REDACTED'
    'X-MSEdge-Ref': 'REDACTED'
    'Date': 'Thu, 29 Feb 2024 14:46:32 GMT'
[2024-02-29T14:47:32.331+0000] {_universal.py:514} INFO - Request URL: 'https://management.azure.com/subscriptions/3958bfc8-c367-4842-ba17-75d61ba036ff/resourceGroups/databricks_course_rg/providers/Microsoft.DataFactory/factories/ADFSQL2ICEBERG/pipelineruns/251ef1f6-d711-11ee-882d-0242ac140002?api-version=REDACTED'
Request method: 'GET'
Request headers:
    'Accept': 'application/json'
    'x-ms-client-request-id': '78080fec-d711-11ee-a4a9-0242ac140002'
    'User-Agent': 'azsdk-python-mgmt-datafactory/5.0.0 Python/3.11.8 (Linux-5.15.133.1-microsoft-standard-WSL2-x86_64-with-glibc2.36)'
    'Authorization': 'REDACTED'
No body was attached to the request
[2024-02-29T14:47:32.846+0000] {_universal.py:550} INFO - Response status: 200
Response headers:
    'Cache-Control': 'no-cache'
    'Pragma': 'no-cache'
    'Content-Length': '786'
    'Content-Type': 'application/json; charset=utf-8'
    'Expires': '-1'
    'x-ms-correlation-request-id': 'REDACTED'
    'x-ms-ratelimit-remaining-subscription-reads': '11999'
    'x-ms-request-id': 'a7593102-cc93-4c21-b94d-ea1e796fee39'
    'x-ms-routing-request-id': 'REDACTED'
    'Strict-Transport-Security': 'REDACTED'
    'X-Content-Type-Options': 'REDACTED'
    'X-Cache': 'REDACTED'
    'X-MSEdge-Ref': 'REDACTED'
    'Date': 'Thu, 29 Feb 2024 14:47:32 GMT'
[2024-02-29T14:48:32.853+0000] {_universal.py:514} INFO - Request URL: 'https://management.azure.com/subscriptions/3958bfc8-c367-4842-ba17-75d61ba036ff/resourceGroups/databricks_course_rg/providers/Microsoft.DataFactory/factories/ADFSQL2ICEBERG/pipelineruns/251ef1f6-d711-11ee-882d-0242ac140002?api-version=REDACTED'
Request method: 'GET'
Request headers:
    'Accept': 'application/json'
    'x-ms-client-request-id': '9c1b803a-d711-11ee-a4a9-0242ac140002'
    'User-Agent': 'azsdk-python-mgmt-datafactory/5.0.0 Python/3.11.8 (Linux-5.15.133.1-microsoft-standard-WSL2-x86_64-with-glibc2.36)'
    'Authorization': 'REDACTED'
No body was attached to the request
[2024-02-29T14:48:33.476+0000] {_universal.py:550} INFO - Response status: 200
Response headers:
    'Cache-Control': 'no-cache'
    'Pragma': 'no-cache'
    'Content-Length': '786'
    'Content-Type': 'application/json; charset=utf-8'
    'Expires': '-1'
    'x-ms-correlation-request-id': 'REDACTED'
    'x-ms-ratelimit-remaining-subscription-reads': '11999'
    'x-ms-request-id': 'ee621cde-bf52-44d3-89a6-84e9378fa3e9'
    'x-ms-routing-request-id': 'REDACTED'
    'Strict-Transport-Security': 'REDACTED'
    'X-Content-Type-Options': 'REDACTED'
    'X-Cache': 'REDACTED'
    'X-MSEdge-Ref': 'REDACTED'
    'Date': 'Thu, 29 Feb 2024 14:48:33 GMT'
[2024-02-29T14:49:33.484+0000] {_universal.py:514} INFO - Request URL: 'https://management.azure.com/subscriptions/3958bfc8-c367-4842-ba17-75d61ba036ff/resourceGroups/databricks_course_rg/providers/Microsoft.DataFactory/factories/ADFSQL2ICEBERG/pipelineruns/251ef1f6-d711-11ee-882d-0242ac140002?api-version=REDACTED'
Request method: 'GET'
Request headers:
    'Accept': 'application/json'
    'x-ms-client-request-id': 'c03f11ca-d711-11ee-a4a9-0242ac140002'
    'User-Agent': 'azsdk-python-mgmt-datafactory/5.0.0 Python/3.11.8 (Linux-5.15.133.1-microsoft-standard-WSL2-x86_64-with-glibc2.36)'
    'Authorization': 'REDACTED'
No body was attached to the request
[2024-02-29T14:49:33.988+0000] {_universal.py:550} INFO - Response status: 200
Response headers:
    'Cache-Control': 'no-cache'
    'Pragma': 'no-cache'
    'Content-Length': '786'
    'Content-Type': 'application/json; charset=utf-8'
    'Expires': '-1'
    'x-ms-correlation-request-id': 'REDACTED'
    'x-ms-ratelimit-remaining-subscription-reads': '11999'
    'x-ms-request-id': 'c5bdeb83-2f4e-40e2-af86-0e494ba5df2d'
    'x-ms-routing-request-id': 'REDACTED'
    'Strict-Transport-Security': 'REDACTED'
    'X-Content-Type-Options': 'REDACTED'
    'X-Cache': 'REDACTED'
    'X-MSEdge-Ref': 'REDACTED'
    'Date': 'Thu, 29 Feb 2024 14:49:33 GMT'
[2024-02-29T14:50:34.038+0000] {_universal.py:514} INFO - Request URL: 'https://management.azure.com/subscriptions/3958bfc8-c367-4842-ba17-75d61ba036ff/resourceGroups/databricks_course_rg/providers/Microsoft.DataFactory/factories/ADFSQL2ICEBERG/pipelineruns/251ef1f6-d711-11ee-882d-0242ac140002?api-version=REDACTED'
Request method: 'GET'
Request headers:
    'Accept': 'application/json'
    'x-ms-client-request-id': 'e455489a-d711-11ee-a4a9-0242ac140002'
    'User-Agent': 'azsdk-python-mgmt-datafactory/5.0.0 Python/3.11.8 (Linux-5.15.133.1-microsoft-standard-WSL2-x86_64-with-glibc2.36)'
    'Authorization': 'REDACTED'
No body was attached to the request
[2024-02-29T14:50:34.687+0000] {_universal.py:550} INFO - Response status: 200
Response headers:
    'Cache-Control': 'no-cache'
    'Pragma': 'no-cache'
    'Content-Length': '811'
    'Content-Type': 'application/json; charset=utf-8'
    'Expires': '-1'
    'x-ms-correlation-request-id': 'REDACTED'
    'x-ms-ratelimit-remaining-subscription-reads': '11999'
    'x-ms-request-id': 'a80c40f6-bd94-4897-9930-4fcb63e85109'
    'x-ms-routing-request-id': 'REDACTED'
    'Strict-Transport-Security': 'REDACTED'
    'X-Content-Type-Options': 'REDACTED'
    'X-Cache': 'REDACTED'
    'X-MSEdge-Ref': 'REDACTED'
    'Date': 'Thu, 29 Feb 2024 14:50:34 GMT'
[2024-02-29T14:50:34.694+0000] {triggerer_job_runner.py:602} INFO - Trigger AIRLINES_ETL_PIPELINE/manual__2024-02-29T14:44:38.677041+00:00/ADF_pipeline_status/-1/1 (ID 2) fired: TriggerEvent<{'status': 'success', 'message': 'Pipeline run 251ef1f6-d711-11ee-882d-0242ac140002 has been Succeeded.'}>
[2024-02-29T14:50:34.709+0000] {base_events.py:1785} ERROR - Unclosed client session
client_session: <aiohttp.client.ClientSession object at 0x7fc87e343790>
[2024-02-29T14:50:34.710+0000] {base_events.py:1785} ERROR - Unclosed connector
connections: ['[(<aiohttp.client_proto.ResponseHandler object at 0x7fc87e2c39a0>, 29476.374926511)]']
connector: <aiohttp.connector.TCPConnector object at 0x7fc87e342610>
[2024-02-29T14:50:34.713+0000] {base_events.py:1785} ERROR - Unclosed client session
client_session: <aiohttp.client.ClientSession object at 0x7fc87e34b650>
