[2024-02-29T14:45:11.886+0000] {taskinstance.py:1979} INFO - Dependencies all met for dep_context=non-requeueable deps ti=<TaskInstance: AIRLINES_ETL_PIPELINE.ADF_pipeline manual__2024-02-29T14:44:38.677041+00:00 [queued]>
[2024-02-29T14:45:11.901+0000] {taskinstance.py:1979} INFO - Dependencies all met for dep_context=requeueable deps ti=<TaskInstance: AIRLINES_ETL_PIPELINE.ADF_pipeline manual__2024-02-29T14:44:38.677041+00:00 [queued]>
[2024-02-29T14:45:11.901+0000] {taskinstance.py:2193} INFO - Starting attempt 1 of 1
[2024-02-29T14:45:11.960+0000] {taskinstance.py:2214} INFO - Executing <Task(AzureDataFactoryRunPipelineOperator): ADF_pipeline> on 2024-02-29 14:44:38.677041+00:00
[2024-02-29T14:45:11.969+0000] {standard_task_runner.py:60} INFO - Started process 106 to run task
[2024-02-29T14:45:11.982+0000] {standard_task_runner.py:87} INFO - Running: ['airflow', 'tasks', 'run', 'AIRLINES_ETL_PIPELINE', 'ADF_pipeline', 'manual__2024-02-29T14:44:38.677041+00:00', '--job-id', '123', '--raw', '--subdir', 'DAGS_FOLDER/AIRLINES_DATA_ETL_DAG.py', '--cfg-path', '/tmp/tmp0qdzmw_w']
[2024-02-29T14:45:11.990+0000] {standard_task_runner.py:88} INFO - Job 123: Subtask ADF_pipeline
[2024-02-29T14:45:12.150+0000] {task_command.py:423} INFO - Running <TaskInstance: AIRLINES_ETL_PIPELINE.ADF_pipeline manual__2024-02-29T14:44:38.677041+00:00 [running]> on host 3842d9dcfd8c
[2024-02-29T14:45:13.185+0000] {taskinstance.py:2510} INFO - Exporting env vars: AIRFLOW_CTX_DAG_EMAIL='abhijit.bangal92@gmail.com' AIRFLOW_CTX_DAG_OWNER='airflow' AIRFLOW_CTX_DAG_ID='AIRLINES_ETL_PIPELINE' AIRFLOW_CTX_TASK_ID='ADF_pipeline' AIRFLOW_CTX_EXECUTION_DATE='2024-02-29T14:44:38.677041+00:00' AIRFLOW_CTX_TRY_NUMBER='1' AIRFLOW_CTX_DAG_RUN_ID='manual__2024-02-29T14:44:38.677041+00:00'
[2024-02-29T14:45:13.186+0000] {data_factory.py:168} INFO - Executing the mysql_to_blob pipeline.
[2024-02-29T14:45:13.212+0000] {connection.py:269} WARNING - Connection schemes (type: azure_data_factory) shall not contain '_' according to RFC3986.
[2024-02-29T14:45:13.214+0000] {base.py:83} INFO - Using connection ID 'azure_data_factory' for task execution.
[2024-02-29T14:45:13.227+0000] {_universal.py:514} INFO - Request URL: 'https://login.microsoftonline.com/740d81d4-e4d6-4689-8d63-22257ff4a74c/v2.0/.well-known/openid-configuration'
Request method: 'GET'
Request headers:
    'User-Agent': 'azsdk-python-identity/1.15.0 Python/3.11.8 (Linux-5.15.133.1-microsoft-standard-WSL2-x86_64-with-glibc2.36)'
No body was attached to the request
[2024-02-29T14:45:14.070+0000] {_universal.py:550} INFO - Response status: 200
Response headers:
    'Cache-Control': 'max-age=86400, private'
    'Content-Type': 'application/json; charset=utf-8'
    'Strict-Transport-Security': 'REDACTED'
    'X-Content-Type-Options': 'REDACTED'
    'Access-Control-Allow-Origin': 'REDACTED'
    'Access-Control-Allow-Methods': 'REDACTED'
    'P3P': 'REDACTED'
    'x-ms-request-id': 'b97b7186-2649-4bba-8626-b78ff90f2001'
    'x-ms-ests-server': 'REDACTED'
    'X-XSS-Protection': 'REDACTED'
    'Set-Cookie': 'REDACTED'
    'Date': 'Thu, 29 Feb 2024 14:45:14 GMT'
    'Content-Length': '1753'
[2024-02-29T14:45:14.081+0000] {_universal.py:511} INFO - Request URL: 'https://login.microsoftonline.com/740d81d4-e4d6-4689-8d63-22257ff4a74c/oauth2/v2.0/token'
Request method: 'POST'
Request headers:
    'Accept': 'application/json'
    'x-client-sku': 'REDACTED'
    'x-client-ver': 'REDACTED'
    'x-client-os': 'REDACTED'
    'x-ms-lib-capability': 'REDACTED'
    'client-request-id': 'REDACTED'
    'x-client-current-telemetry': 'REDACTED'
    'x-client-last-telemetry': 'REDACTED'
    'User-Agent': 'azsdk-python-identity/1.15.0 Python/3.11.8 (Linux-5.15.133.1-microsoft-standard-WSL2-x86_64-with-glibc2.36)'
A body is sent with the request
[2024-02-29T14:45:14.313+0000] {_universal.py:550} INFO - Response status: 200
Response headers:
    'Cache-Control': 'no-store, no-cache'
    'Pragma': 'no-cache'
    'Content-Type': 'application/json; charset=utf-8'
    'Expires': '-1'
    'Strict-Transport-Security': 'REDACTED'
    'X-Content-Type-Options': 'REDACTED'
    'P3P': 'REDACTED'
    'client-request-id': 'REDACTED'
    'x-ms-request-id': 'e1c8d902-06a4-4738-8aef-a73cb5990501'
    'x-ms-ests-server': 'REDACTED'
    'x-ms-clitelem': 'REDACTED'
    'X-XSS-Protection': 'REDACTED'
    'Set-Cookie': 'REDACTED'
    'Date': 'Thu, 29 Feb 2024 14:45:14 GMT'
    'Content-Length': '1387'
[2024-02-29T14:45:14.315+0000] {get_token_mixin.py:93} INFO - ClientSecretCredential.get_token succeeded
[2024-02-29T14:45:14.315+0000] {_universal.py:514} INFO - Request URL: 'https://management.azure.com/subscriptions/3958bfc8-c367-4842-ba17-75d61ba036ff/resourceGroups/databricks_course_rg/providers/Microsoft.DataFactory/factories/ADFSQL2ICEBERG/pipelines/mysql_to_blob/createRun?api-version=REDACTED'
Request method: 'POST'
Request headers:
    'Content-Type': 'application/json'
    'Accept': 'application/json'
    'x-ms-client-request-id': '251ef1f6-d711-11ee-882d-0242ac140002'
    'User-Agent': 'azsdk-python-mgmt-datafactory/5.0.0 Python/3.11.8 (Linux-5.15.133.1-microsoft-standard-WSL2-x86_64-with-glibc2.36)'
    'Authorization': 'REDACTED'
No body was attached to the request
[2024-02-29T14:45:19.734+0000] {_universal.py:550} INFO - Response status: 200
Response headers:
    'Cache-Control': 'no-cache'
    'Pragma': 'no-cache'
    'Content-Length': '53'
    'Content-Type': 'application/json; charset=utf-8'
    'Expires': '-1'
    'x-ms-correlation-request-id': 'REDACTED'
    'x-ms-ratelimit-remaining-subscription-writes': '1199'
    'x-ms-request-id': '9a56fd33-1b13-4362-9ca7-286af75b5f4c'
    'x-ms-routing-request-id': 'REDACTED'
    'Strict-Transport-Security': 'REDACTED'
    'X-Content-Type-Options': 'REDACTED'
    'X-Cache': 'REDACTED'
    'X-MSEdge-Ref': 'REDACTED'
    'Date': 'Thu, 29 Feb 2024 14:45:19 GMT'
[2024-02-29T14:45:19.821+0000] {taskinstance.py:1149} INFO - Marking task as SUCCESS. dag_id=AIRLINES_ETL_PIPELINE, task_id=ADF_pipeline, execution_date=20240229T144438, start_date=20240229T144511, end_date=20240229T144519
[2024-02-29T14:45:20.214+0000] {local_task_job_runner.py:234} INFO - Task exited with return code 0
[2024-02-29T14:45:20.241+0000] {logging_mixin.py:188} WARNING - /home/airflow/.local/lib/python3.11/site-packages/airflow/models/baseoperator.py:1201 AirflowProviderDeprecationWarning: Call to deprecated class SnowflakeOperator. (This class is deprecated. Please use `airflow.providers.common.sql.operators.sql.SQLExecuteQueryOperator`. Also, you can provide `hook_params={'warehouse': <warehouse>, 'database': <database>, 'role': <role>, 'schema': <schema>, 'authenticator': <authenticator>,'session_parameters': <session_parameters>}`.)
[2024-02-29T14:45:20.282+0000] {taskinstance.py:3309} INFO - 1 downstream tasks scheduled from follow-on schedule check
