[2024-03-04T13:41:33.986+0000] {processor.py:161} INFO - Started process (PID=57) to work on /opt/airflow/dags/welcome_dag.py
[2024-03-04T13:41:33.987+0000] {processor.py:830} INFO - Processing file /opt/airflow/dags/welcome_dag.py for tasks to queue
[2024-03-04T13:41:33.990+0000] {logging_mixin.py:188} INFO - [2024-03-04T13:41:33.990+0000] {dagbag.py:540} INFO - Filling up the DagBag from /opt/airflow/dags/welcome_dag.py
[2024-03-04T13:41:34.026+0000] {processor.py:840} INFO - DAG(s) 'welcome_dag' retrieved from /opt/airflow/dags/welcome_dag.py
[2024-03-04T13:41:34.056+0000] {logging_mixin.py:188} INFO - [2024-03-04T13:41:34.055+0000] {dag.py:3047} INFO - Sync 1 DAGs
[2024-03-04T13:41:34.102+0000] {logging_mixin.py:188} INFO - [2024-03-04T13:41:34.102+0000] {dag.py:3834} INFO - Setting next_dagrun for welcome_dag to 2024-03-03 23:00:00+00:00, run_after=2024-03-04 23:00:00+00:00
[2024-03-04T13:41:34.194+0000] {processor.py:183} INFO - Processing /opt/airflow/dags/welcome_dag.py took 0.211 seconds
[2024-03-04T13:42:05.846+0000] {processor.py:161} INFO - Started process (PID=77) to work on /opt/airflow/dags/welcome_dag.py
[2024-03-04T13:42:05.857+0000] {processor.py:830} INFO - Processing file /opt/airflow/dags/welcome_dag.py for tasks to queue
[2024-03-04T13:42:05.975+0000] {logging_mixin.py:188} INFO - [2024-03-04T13:42:05.963+0000] {dagbag.py:540} INFO - Filling up the DagBag from /opt/airflow/dags/welcome_dag.py
[2024-03-04T13:42:06.122+0000] {processor.py:840} INFO - DAG(s) 'welcome_dag' retrieved from /opt/airflow/dags/welcome_dag.py
[2024-03-04T13:42:06.729+0000] {logging_mixin.py:188} INFO - [2024-03-04T13:42:06.729+0000] {dag.py:3047} INFO - Sync 1 DAGs
[2024-03-04T13:42:06.754+0000] {logging_mixin.py:188} INFO - [2024-03-04T13:42:06.754+0000] {dag.py:3834} INFO - Setting next_dagrun for welcome_dag to 2024-03-03 23:00:00+00:00, run_after=2024-03-04 23:00:00+00:00
[2024-03-04T13:42:06.849+0000] {processor.py:183} INFO - Processing /opt/airflow/dags/welcome_dag.py took 1.007 seconds
[2024-03-04T13:42:39.351+0000] {processor.py:161} INFO - Started process (PID=79) to work on /opt/airflow/dags/welcome_dag.py
[2024-03-04T13:42:39.353+0000] {processor.py:830} INFO - Processing file /opt/airflow/dags/welcome_dag.py for tasks to queue
[2024-03-04T13:42:39.355+0000] {logging_mixin.py:188} INFO - [2024-03-04T13:42:39.355+0000] {dagbag.py:540} INFO - Filling up the DagBag from /opt/airflow/dags/welcome_dag.py
[2024-03-04T13:42:39.385+0000] {processor.py:840} INFO - DAG(s) 'welcome_dag' retrieved from /opt/airflow/dags/welcome_dag.py
[2024-03-04T13:42:39.417+0000] {logging_mixin.py:188} INFO - [2024-03-04T13:42:39.417+0000] {dag.py:3047} INFO - Sync 1 DAGs
[2024-03-04T13:42:39.557+0000] {logging_mixin.py:188} INFO - [2024-03-04T13:42:39.556+0000] {dag.py:3834} INFO - Setting next_dagrun for welcome_dag to 2024-03-03 23:00:00+00:00, run_after=2024-03-04 23:00:00+00:00
[2024-03-04T13:42:39.723+0000] {processor.py:183} INFO - Processing /opt/airflow/dags/welcome_dag.py took 0.375 seconds
[2024-03-04T13:43:30.559+0000] {processor.py:161} INFO - Started process (PID=106) to work on /opt/airflow/dags/welcome_dag.py
[2024-03-04T13:43:30.575+0000] {processor.py:830} INFO - Processing file /opt/airflow/dags/welcome_dag.py for tasks to queue
[2024-03-04T13:43:30.578+0000] {logging_mixin.py:188} INFO - [2024-03-04T13:43:30.577+0000] {dagbag.py:540} INFO - Filling up the DagBag from /opt/airflow/dags/welcome_dag.py
[2024-03-04T13:43:30.604+0000] {processor.py:840} INFO - DAG(s) 'welcome_dag' retrieved from /opt/airflow/dags/welcome_dag.py
[2024-03-04T13:43:30.639+0000] {logging_mixin.py:188} INFO - [2024-03-04T13:43:30.638+0000] {dag.py:3047} INFO - Sync 1 DAGs
[2024-03-04T13:43:30.685+0000] {logging_mixin.py:188} INFO - [2024-03-04T13:43:30.685+0000] {dag.py:3834} INFO - Setting next_dagrun for welcome_dag to 2024-03-03 23:00:00+00:00, run_after=2024-03-04 23:00:00+00:00
[2024-03-04T13:43:30.828+0000] {processor.py:183} INFO - Processing /opt/airflow/dags/welcome_dag.py took 0.272 seconds
[2024-03-04T13:44:01.359+0000] {processor.py:161} INFO - Started process (PID=119) to work on /opt/airflow/dags/welcome_dag.py
[2024-03-04T13:44:01.361+0000] {processor.py:830} INFO - Processing file /opt/airflow/dags/welcome_dag.py for tasks to queue
[2024-03-04T13:44:01.363+0000] {logging_mixin.py:188} INFO - [2024-03-04T13:44:01.363+0000] {dagbag.py:540} INFO - Filling up the DagBag from /opt/airflow/dags/welcome_dag.py
[2024-03-04T13:44:01.396+0000] {processor.py:840} INFO - DAG(s) 'welcome_dag' retrieved from /opt/airflow/dags/welcome_dag.py
[2024-03-04T13:44:01.433+0000] {logging_mixin.py:188} INFO - [2024-03-04T13:44:01.432+0000] {dag.py:3047} INFO - Sync 1 DAGs
[2024-03-04T13:44:01.464+0000] {logging_mixin.py:188} INFO - [2024-03-04T13:44:01.464+0000] {dag.py:3834} INFO - Setting next_dagrun for welcome_dag to 2024-03-03 23:00:00+00:00, run_after=2024-03-04 23:00:00+00:00
[2024-03-04T13:44:01.602+0000] {processor.py:183} INFO - Processing /opt/airflow/dags/welcome_dag.py took 0.249 seconds
[2024-03-04T13:44:31.858+0000] {processor.py:161} INFO - Started process (PID=121) to work on /opt/airflow/dags/welcome_dag.py
[2024-03-04T13:44:31.859+0000] {processor.py:830} INFO - Processing file /opt/airflow/dags/welcome_dag.py for tasks to queue
[2024-03-04T13:44:31.862+0000] {logging_mixin.py:188} INFO - [2024-03-04T13:44:31.861+0000] {dagbag.py:540} INFO - Filling up the DagBag from /opt/airflow/dags/welcome_dag.py
[2024-03-04T13:44:31.887+0000] {processor.py:840} INFO - DAG(s) 'welcome_dag' retrieved from /opt/airflow/dags/welcome_dag.py
[2024-03-04T13:44:31.919+0000] {logging_mixin.py:188} INFO - [2024-03-04T13:44:31.919+0000] {dag.py:3047} INFO - Sync 1 DAGs
[2024-03-04T13:44:31.948+0000] {logging_mixin.py:188} INFO - [2024-03-04T13:44:31.948+0000] {dag.py:3834} INFO - Setting next_dagrun for welcome_dag to 2024-03-03 23:00:00+00:00, run_after=2024-03-04 23:00:00+00:00
[2024-03-04T13:44:32.135+0000] {processor.py:183} INFO - Processing /opt/airflow/dags/welcome_dag.py took 0.280 seconds
[2024-03-04T13:45:03.390+0000] {processor.py:161} INFO - Started process (PID=123) to work on /opt/airflow/dags/welcome_dag.py
[2024-03-04T13:45:03.393+0000] {processor.py:830} INFO - Processing file /opt/airflow/dags/welcome_dag.py for tasks to queue
[2024-03-04T13:45:03.398+0000] {logging_mixin.py:188} INFO - [2024-03-04T13:45:03.397+0000] {dagbag.py:540} INFO - Filling up the DagBag from /opt/airflow/dags/welcome_dag.py
[2024-03-04T13:45:03.438+0000] {processor.py:840} INFO - DAG(s) 'welcome_dag' retrieved from /opt/airflow/dags/welcome_dag.py
[2024-03-04T13:45:03.490+0000] {logging_mixin.py:188} INFO - [2024-03-04T13:45:03.490+0000] {dag.py:3047} INFO - Sync 1 DAGs
[2024-03-04T13:45:03.529+0000] {logging_mixin.py:188} INFO - [2024-03-04T13:45:03.529+0000] {dag.py:3834} INFO - Setting next_dagrun for welcome_dag to 2024-03-03 23:00:00+00:00, run_after=2024-03-04 23:00:00+00:00
[2024-03-04T13:45:03.628+0000] {processor.py:183} INFO - Processing /opt/airflow/dags/welcome_dag.py took 0.242 seconds
[2024-03-04T13:45:33.869+0000] {processor.py:161} INFO - Started process (PID=125) to work on /opt/airflow/dags/welcome_dag.py
[2024-03-04T13:45:33.871+0000] {processor.py:830} INFO - Processing file /opt/airflow/dags/welcome_dag.py for tasks to queue
[2024-03-04T13:45:33.873+0000] {logging_mixin.py:188} INFO - [2024-03-04T13:45:33.872+0000] {dagbag.py:540} INFO - Filling up the DagBag from /opt/airflow/dags/welcome_dag.py
[2024-03-04T13:45:33.900+0000] {processor.py:840} INFO - DAG(s) 'welcome_dag' retrieved from /opt/airflow/dags/welcome_dag.py
[2024-03-04T13:45:33.930+0000] {logging_mixin.py:188} INFO - [2024-03-04T13:45:33.929+0000] {dag.py:3047} INFO - Sync 1 DAGs
[2024-03-04T13:45:33.955+0000] {logging_mixin.py:188} INFO - [2024-03-04T13:45:33.955+0000] {dag.py:3834} INFO - Setting next_dagrun for welcome_dag to 2024-03-03 23:00:00+00:00, run_after=2024-03-04 23:00:00+00:00
[2024-03-04T13:45:34.030+0000] {processor.py:183} INFO - Processing /opt/airflow/dags/welcome_dag.py took 0.164 seconds
[2024-03-04T13:46:04.267+0000] {processor.py:161} INFO - Started process (PID=127) to work on /opt/airflow/dags/welcome_dag.py
[2024-03-04T13:46:04.268+0000] {processor.py:830} INFO - Processing file /opt/airflow/dags/welcome_dag.py for tasks to queue
[2024-03-04T13:46:04.270+0000] {logging_mixin.py:188} INFO - [2024-03-04T13:46:04.269+0000] {dagbag.py:540} INFO - Filling up the DagBag from /opt/airflow/dags/welcome_dag.py
[2024-03-04T13:46:04.302+0000] {processor.py:840} INFO - DAG(s) 'welcome_dag' retrieved from /opt/airflow/dags/welcome_dag.py
[2024-03-04T13:46:04.367+0000] {logging_mixin.py:188} INFO - [2024-03-04T13:46:04.367+0000] {dag.py:3047} INFO - Sync 1 DAGs
[2024-03-04T13:46:04.402+0000] {logging_mixin.py:188} INFO - [2024-03-04T13:46:04.402+0000] {dag.py:3834} INFO - Setting next_dagrun for welcome_dag to 2024-03-03 23:00:00+00:00, run_after=2024-03-04 23:00:00+00:00
[2024-03-04T13:46:04.485+0000] {processor.py:183} INFO - Processing /opt/airflow/dags/welcome_dag.py took 0.221 seconds
[2024-03-04T13:46:35.699+0000] {processor.py:161} INFO - Started process (PID=129) to work on /opt/airflow/dags/welcome_dag.py
[2024-03-04T13:46:35.700+0000] {processor.py:830} INFO - Processing file /opt/airflow/dags/welcome_dag.py for tasks to queue
[2024-03-04T13:46:35.702+0000] {logging_mixin.py:188} INFO - [2024-03-04T13:46:35.702+0000] {dagbag.py:540} INFO - Filling up the DagBag from /opt/airflow/dags/welcome_dag.py
[2024-03-04T13:46:35.731+0000] {processor.py:840} INFO - DAG(s) 'welcome_dag' retrieved from /opt/airflow/dags/welcome_dag.py
[2024-03-04T13:46:35.764+0000] {logging_mixin.py:188} INFO - [2024-03-04T13:46:35.763+0000] {dag.py:3047} INFO - Sync 1 DAGs
[2024-03-04T13:46:35.793+0000] {logging_mixin.py:188} INFO - [2024-03-04T13:46:35.793+0000] {dag.py:3834} INFO - Setting next_dagrun for welcome_dag to 2024-03-03 23:00:00+00:00, run_after=2024-03-04 23:00:00+00:00
[2024-03-04T13:46:36.263+0000] {processor.py:183} INFO - Processing /opt/airflow/dags/welcome_dag.py took 0.568 seconds
[2024-03-04T13:47:07.336+0000] {processor.py:161} INFO - Started process (PID=131) to work on /opt/airflow/dags/welcome_dag.py
[2024-03-04T13:47:07.337+0000] {processor.py:830} INFO - Processing file /opt/airflow/dags/welcome_dag.py for tasks to queue
[2024-03-04T13:47:07.340+0000] {logging_mixin.py:188} INFO - [2024-03-04T13:47:07.340+0000] {dagbag.py:540} INFO - Filling up the DagBag from /opt/airflow/dags/welcome_dag.py
[2024-03-04T13:47:07.367+0000] {processor.py:840} INFO - DAG(s) 'welcome_dag' retrieved from /opt/airflow/dags/welcome_dag.py
[2024-03-04T13:47:07.398+0000] {logging_mixin.py:188} INFO - [2024-03-04T13:47:07.398+0000] {dag.py:3047} INFO - Sync 1 DAGs
[2024-03-04T13:47:07.428+0000] {logging_mixin.py:188} INFO - [2024-03-04T13:47:07.427+0000] {dag.py:3834} INFO - Setting next_dagrun for welcome_dag to 2024-03-03 23:00:00+00:00, run_after=2024-03-04 23:00:00+00:00
[2024-03-04T13:47:07.510+0000] {processor.py:183} INFO - Processing /opt/airflow/dags/welcome_dag.py took 0.177 seconds
[2024-03-04T13:47:38.527+0000] {processor.py:161} INFO - Started process (PID=133) to work on /opt/airflow/dags/welcome_dag.py
[2024-03-04T13:47:38.528+0000] {processor.py:830} INFO - Processing file /opt/airflow/dags/welcome_dag.py for tasks to queue
[2024-03-04T13:47:38.531+0000] {logging_mixin.py:188} INFO - [2024-03-04T13:47:38.531+0000] {dagbag.py:540} INFO - Filling up the DagBag from /opt/airflow/dags/welcome_dag.py
[2024-03-04T13:47:38.560+0000] {processor.py:840} INFO - DAG(s) 'welcome_dag' retrieved from /opt/airflow/dags/welcome_dag.py
[2024-03-04T13:47:38.593+0000] {logging_mixin.py:188} INFO - [2024-03-04T13:47:38.592+0000] {dag.py:3047} INFO - Sync 1 DAGs
[2024-03-04T13:47:38.620+0000] {logging_mixin.py:188} INFO - [2024-03-04T13:47:38.620+0000] {dag.py:3834} INFO - Setting next_dagrun for welcome_dag to 2024-03-03 23:00:00+00:00, run_after=2024-03-04 23:00:00+00:00
[2024-03-04T13:47:38.806+0000] {processor.py:183} INFO - Processing /opt/airflow/dags/welcome_dag.py took 0.282 seconds
[2024-03-04T13:48:09.334+0000] {processor.py:161} INFO - Started process (PID=135) to work on /opt/airflow/dags/welcome_dag.py
[2024-03-04T13:48:09.336+0000] {processor.py:830} INFO - Processing file /opt/airflow/dags/welcome_dag.py for tasks to queue
[2024-03-04T13:48:09.338+0000] {logging_mixin.py:188} INFO - [2024-03-04T13:48:09.338+0000] {dagbag.py:540} INFO - Filling up the DagBag from /opt/airflow/dags/welcome_dag.py
[2024-03-04T13:48:09.365+0000] {processor.py:840} INFO - DAG(s) 'welcome_dag' retrieved from /opt/airflow/dags/welcome_dag.py
[2024-03-04T13:48:09.397+0000] {logging_mixin.py:188} INFO - [2024-03-04T13:48:09.397+0000] {dag.py:3047} INFO - Sync 1 DAGs
[2024-03-04T13:48:09.426+0000] {logging_mixin.py:188} INFO - [2024-03-04T13:48:09.426+0000] {dag.py:3834} INFO - Setting next_dagrun for welcome_dag to 2024-03-03 23:00:00+00:00, run_after=2024-03-04 23:00:00+00:00
[2024-03-04T13:48:09.511+0000] {processor.py:183} INFO - Processing /opt/airflow/dags/welcome_dag.py took 0.181 seconds
[2024-03-04T13:48:40.273+0000] {processor.py:161} INFO - Started process (PID=148) to work on /opt/airflow/dags/welcome_dag.py
[2024-03-04T13:48:40.274+0000] {processor.py:830} INFO - Processing file /opt/airflow/dags/welcome_dag.py for tasks to queue
[2024-03-04T13:48:40.276+0000] {logging_mixin.py:188} INFO - [2024-03-04T13:48:40.276+0000] {dagbag.py:540} INFO - Filling up the DagBag from /opt/airflow/dags/welcome_dag.py
[2024-03-04T13:48:40.302+0000] {processor.py:840} INFO - DAG(s) 'welcome_dag' retrieved from /opt/airflow/dags/welcome_dag.py
[2024-03-04T13:48:40.330+0000] {logging_mixin.py:188} INFO - [2024-03-04T13:48:40.330+0000] {dag.py:3047} INFO - Sync 1 DAGs
[2024-03-04T13:48:40.358+0000] {logging_mixin.py:188} INFO - [2024-03-04T13:48:40.357+0000] {dag.py:3834} INFO - Setting next_dagrun for welcome_dag to 2024-03-03 23:00:00+00:00, run_after=2024-03-04 23:00:00+00:00
[2024-03-04T13:48:40.462+0000] {processor.py:183} INFO - Processing /opt/airflow/dags/welcome_dag.py took 0.192 seconds
[2024-03-04T13:49:16.217+0000] {processor.py:161} INFO - Started process (PID=183) to work on /opt/airflow/dags/welcome_dag.py
[2024-03-04T13:49:16.219+0000] {processor.py:830} INFO - Processing file /opt/airflow/dags/welcome_dag.py for tasks to queue
[2024-03-04T13:49:16.221+0000] {logging_mixin.py:188} INFO - [2024-03-04T13:49:16.220+0000] {dagbag.py:540} INFO - Filling up the DagBag from /opt/airflow/dags/welcome_dag.py
[2024-03-04T13:49:16.248+0000] {processor.py:840} INFO - DAG(s) 'welcome_dag' retrieved from /opt/airflow/dags/welcome_dag.py
[2024-03-04T13:49:16.279+0000] {logging_mixin.py:188} INFO - [2024-03-04T13:49:16.278+0000] {dag.py:3047} INFO - Sync 1 DAGs
[2024-03-04T13:49:16.307+0000] {logging_mixin.py:188} INFO - [2024-03-04T13:49:16.307+0000] {dag.py:3834} INFO - Setting next_dagrun for welcome_dag to 2024-03-03 23:00:00+00:00, run_after=2024-03-04 23:00:00+00:00
[2024-03-04T13:49:16.393+0000] {processor.py:183} INFO - Processing /opt/airflow/dags/welcome_dag.py took 0.178 seconds
[2024-03-04T13:49:47.115+0000] {processor.py:161} INFO - Started process (PID=199) to work on /opt/airflow/dags/welcome_dag.py
[2024-03-04T13:49:47.117+0000] {processor.py:830} INFO - Processing file /opt/airflow/dags/welcome_dag.py for tasks to queue
[2024-03-04T13:49:47.120+0000] {logging_mixin.py:188} INFO - [2024-03-04T13:49:47.120+0000] {dagbag.py:540} INFO - Filling up the DagBag from /opt/airflow/dags/welcome_dag.py
[2024-03-04T13:49:47.155+0000] {processor.py:840} INFO - DAG(s) 'welcome_dag' retrieved from /opt/airflow/dags/welcome_dag.py
[2024-03-04T13:49:47.191+0000] {logging_mixin.py:188} INFO - [2024-03-04T13:49:47.191+0000] {dag.py:3047} INFO - Sync 1 DAGs
[2024-03-04T13:49:47.221+0000] {logging_mixin.py:188} INFO - [2024-03-04T13:49:47.220+0000] {dag.py:3834} INFO - Setting next_dagrun for welcome_dag to 2024-03-03 23:00:00+00:00, run_after=2024-03-04 23:00:00+00:00
[2024-03-04T13:49:47.301+0000] {processor.py:183} INFO - Processing /opt/airflow/dags/welcome_dag.py took 0.190 seconds
[2024-03-04T13:50:17.910+0000] {processor.py:161} INFO - Started process (PID=201) to work on /opt/airflow/dags/welcome_dag.py
[2024-03-04T13:50:17.912+0000] {processor.py:830} INFO - Processing file /opt/airflow/dags/welcome_dag.py for tasks to queue
[2024-03-04T13:50:17.915+0000] {logging_mixin.py:188} INFO - [2024-03-04T13:50:17.915+0000] {dagbag.py:540} INFO - Filling up the DagBag from /opt/airflow/dags/welcome_dag.py
[2024-03-04T13:50:17.947+0000] {processor.py:840} INFO - DAG(s) 'welcome_dag' retrieved from /opt/airflow/dags/welcome_dag.py
[2024-03-04T13:50:17.979+0000] {logging_mixin.py:188} INFO - [2024-03-04T13:50:17.978+0000] {dag.py:3047} INFO - Sync 1 DAGs
[2024-03-04T13:50:18.008+0000] {logging_mixin.py:188} INFO - [2024-03-04T13:50:18.008+0000] {dag.py:3834} INFO - Setting next_dagrun for welcome_dag to 2024-03-03 23:00:00+00:00, run_after=2024-03-04 23:00:00+00:00
[2024-03-04T13:50:18.093+0000] {processor.py:183} INFO - Processing /opt/airflow/dags/welcome_dag.py took 0.186 seconds
[2024-03-04T13:50:49.060+0000] {processor.py:161} INFO - Started process (PID=203) to work on /opt/airflow/dags/welcome_dag.py
[2024-03-04T13:50:49.061+0000] {processor.py:830} INFO - Processing file /opt/airflow/dags/welcome_dag.py for tasks to queue
[2024-03-04T13:50:49.063+0000] {logging_mixin.py:188} INFO - [2024-03-04T13:50:49.063+0000] {dagbag.py:540} INFO - Filling up the DagBag from /opt/airflow/dags/welcome_dag.py
[2024-03-04T13:50:49.089+0000] {processor.py:840} INFO - DAG(s) 'welcome_dag' retrieved from /opt/airflow/dags/welcome_dag.py
[2024-03-04T13:50:49.120+0000] {logging_mixin.py:188} INFO - [2024-03-04T13:50:49.119+0000] {dag.py:3047} INFO - Sync 1 DAGs
[2024-03-04T13:50:49.148+0000] {logging_mixin.py:188} INFO - [2024-03-04T13:50:49.148+0000] {dag.py:3834} INFO - Setting next_dagrun for welcome_dag to 2024-03-03 23:00:00+00:00, run_after=2024-03-04 23:00:00+00:00
[2024-03-04T13:50:49.221+0000] {processor.py:183} INFO - Processing /opt/airflow/dags/welcome_dag.py took 0.163 seconds
[2024-03-04T13:51:19.886+0000] {processor.py:161} INFO - Started process (PID=205) to work on /opt/airflow/dags/welcome_dag.py
[2024-03-04T13:51:19.887+0000] {processor.py:830} INFO - Processing file /opt/airflow/dags/welcome_dag.py for tasks to queue
[2024-03-04T13:51:19.890+0000] {logging_mixin.py:188} INFO - [2024-03-04T13:51:19.889+0000] {dagbag.py:540} INFO - Filling up the DagBag from /opt/airflow/dags/welcome_dag.py
[2024-03-04T13:51:19.915+0000] {processor.py:840} INFO - DAG(s) 'welcome_dag' retrieved from /opt/airflow/dags/welcome_dag.py
[2024-03-04T13:51:19.948+0000] {logging_mixin.py:188} INFO - [2024-03-04T13:51:19.947+0000] {dag.py:3047} INFO - Sync 1 DAGs
[2024-03-04T13:51:19.977+0000] {logging_mixin.py:188} INFO - [2024-03-04T13:51:19.976+0000] {dag.py:3834} INFO - Setting next_dagrun for welcome_dag to 2024-03-03 23:00:00+00:00, run_after=2024-03-04 23:00:00+00:00
[2024-03-04T13:51:20.062+0000] {processor.py:183} INFO - Processing /opt/airflow/dags/welcome_dag.py took 0.179 seconds
[2024-03-04T13:51:50.903+0000] {processor.py:161} INFO - Started process (PID=207) to work on /opt/airflow/dags/welcome_dag.py
[2024-03-04T13:51:50.904+0000] {processor.py:830} INFO - Processing file /opt/airflow/dags/welcome_dag.py for tasks to queue
[2024-03-04T13:51:50.907+0000] {logging_mixin.py:188} INFO - [2024-03-04T13:51:50.907+0000] {dagbag.py:540} INFO - Filling up the DagBag from /opt/airflow/dags/welcome_dag.py
[2024-03-04T13:51:50.937+0000] {processor.py:840} INFO - DAG(s) 'welcome_dag' retrieved from /opt/airflow/dags/welcome_dag.py
[2024-03-04T13:51:50.970+0000] {logging_mixin.py:188} INFO - [2024-03-04T13:51:50.969+0000] {dag.py:3047} INFO - Sync 1 DAGs
[2024-03-04T13:51:51.002+0000] {logging_mixin.py:188} INFO - [2024-03-04T13:51:51.002+0000] {dag.py:3834} INFO - Setting next_dagrun for welcome_dag to 2024-03-03 23:00:00+00:00, run_after=2024-03-04 23:00:00+00:00
[2024-03-04T13:51:51.076+0000] {processor.py:183} INFO - Processing /opt/airflow/dags/welcome_dag.py took 0.176 seconds
[2024-03-04T13:52:22.230+0000] {processor.py:161} INFO - Started process (PID=209) to work on /opt/airflow/dags/welcome_dag.py
[2024-03-04T13:52:22.231+0000] {processor.py:830} INFO - Processing file /opt/airflow/dags/welcome_dag.py for tasks to queue
[2024-03-04T13:52:22.233+0000] {logging_mixin.py:188} INFO - [2024-03-04T13:52:22.233+0000] {dagbag.py:540} INFO - Filling up the DagBag from /opt/airflow/dags/welcome_dag.py
[2024-03-04T13:52:22.258+0000] {processor.py:840} INFO - DAG(s) 'welcome_dag' retrieved from /opt/airflow/dags/welcome_dag.py
[2024-03-04T13:52:22.288+0000] {logging_mixin.py:188} INFO - [2024-03-04T13:52:22.288+0000] {dag.py:3047} INFO - Sync 1 DAGs
[2024-03-04T13:52:22.316+0000] {logging_mixin.py:188} INFO - [2024-03-04T13:52:22.315+0000] {dag.py:3834} INFO - Setting next_dagrun for welcome_dag to 2024-03-03 23:00:00+00:00, run_after=2024-03-04 23:00:00+00:00
[2024-03-04T13:52:22.568+0000] {processor.py:183} INFO - Processing /opt/airflow/dags/welcome_dag.py took 0.341 seconds
[2024-03-04T13:52:53.176+0000] {processor.py:161} INFO - Started process (PID=211) to work on /opt/airflow/dags/welcome_dag.py
[2024-03-04T13:52:53.178+0000] {processor.py:830} INFO - Processing file /opt/airflow/dags/welcome_dag.py for tasks to queue
[2024-03-04T13:52:53.180+0000] {logging_mixin.py:188} INFO - [2024-03-04T13:52:53.180+0000] {dagbag.py:540} INFO - Filling up the DagBag from /opt/airflow/dags/welcome_dag.py
[2024-03-04T13:52:53.223+0000] {processor.py:840} INFO - DAG(s) 'welcome_dag' retrieved from /opt/airflow/dags/welcome_dag.py
[2024-03-04T13:52:53.265+0000] {logging_mixin.py:188} INFO - [2024-03-04T13:52:53.264+0000] {dag.py:3047} INFO - Sync 1 DAGs
[2024-03-04T13:52:53.304+0000] {logging_mixin.py:188} INFO - [2024-03-04T13:52:53.304+0000] {dag.py:3834} INFO - Setting next_dagrun for welcome_dag to 2024-03-03 23:00:00+00:00, run_after=2024-03-04 23:00:00+00:00
[2024-03-04T13:52:53.394+0000] {processor.py:183} INFO - Processing /opt/airflow/dags/welcome_dag.py took 0.221 seconds
[2024-03-04T13:53:24.079+0000] {processor.py:161} INFO - Started process (PID=213) to work on /opt/airflow/dags/welcome_dag.py
[2024-03-04T13:53:24.081+0000] {processor.py:830} INFO - Processing file /opt/airflow/dags/welcome_dag.py for tasks to queue
[2024-03-04T13:53:24.083+0000] {logging_mixin.py:188} INFO - [2024-03-04T13:53:24.083+0000] {dagbag.py:540} INFO - Filling up the DagBag from /opt/airflow/dags/welcome_dag.py
[2024-03-04T13:53:24.108+0000] {processor.py:840} INFO - DAG(s) 'welcome_dag' retrieved from /opt/airflow/dags/welcome_dag.py
[2024-03-04T13:53:24.138+0000] {logging_mixin.py:188} INFO - [2024-03-04T13:53:24.138+0000] {dag.py:3047} INFO - Sync 1 DAGs
[2024-03-04T13:53:24.166+0000] {logging_mixin.py:188} INFO - [2024-03-04T13:53:24.166+0000] {dag.py:3834} INFO - Setting next_dagrun for welcome_dag to 2024-03-03 23:00:00+00:00, run_after=2024-03-04 23:00:00+00:00
[2024-03-04T13:53:24.470+0000] {processor.py:183} INFO - Processing /opt/airflow/dags/welcome_dag.py took 0.394 seconds
[2024-03-04T13:53:55.140+0000] {processor.py:161} INFO - Started process (PID=215) to work on /opt/airflow/dags/welcome_dag.py
[2024-03-04T13:53:55.141+0000] {processor.py:830} INFO - Processing file /opt/airflow/dags/welcome_dag.py for tasks to queue
[2024-03-04T13:53:55.143+0000] {logging_mixin.py:188} INFO - [2024-03-04T13:53:55.142+0000] {dagbag.py:540} INFO - Filling up the DagBag from /opt/airflow/dags/welcome_dag.py
[2024-03-04T13:53:55.168+0000] {processor.py:840} INFO - DAG(s) 'welcome_dag' retrieved from /opt/airflow/dags/welcome_dag.py
[2024-03-04T13:53:55.199+0000] {logging_mixin.py:188} INFO - [2024-03-04T13:53:55.199+0000] {dag.py:3047} INFO - Sync 1 DAGs
[2024-03-04T13:53:55.227+0000] {logging_mixin.py:188} INFO - [2024-03-04T13:53:55.226+0000] {dag.py:3834} INFO - Setting next_dagrun for welcome_dag to 2024-03-03 23:00:00+00:00, run_after=2024-03-04 23:00:00+00:00
[2024-03-04T13:53:55.317+0000] {processor.py:183} INFO - Processing /opt/airflow/dags/welcome_dag.py took 0.180 seconds
[2024-03-04T13:54:26.161+0000] {processor.py:161} INFO - Started process (PID=217) to work on /opt/airflow/dags/welcome_dag.py
[2024-03-04T13:54:26.163+0000] {processor.py:830} INFO - Processing file /opt/airflow/dags/welcome_dag.py for tasks to queue
[2024-03-04T13:54:26.169+0000] {logging_mixin.py:188} INFO - [2024-03-04T13:54:26.168+0000] {dagbag.py:540} INFO - Filling up the DagBag from /opt/airflow/dags/welcome_dag.py
[2024-03-04T13:54:26.200+0000] {processor.py:840} INFO - DAG(s) 'welcome_dag' retrieved from /opt/airflow/dags/welcome_dag.py
[2024-03-04T13:54:26.231+0000] {logging_mixin.py:188} INFO - [2024-03-04T13:54:26.230+0000] {dag.py:3047} INFO - Sync 1 DAGs
[2024-03-04T13:54:26.258+0000] {logging_mixin.py:188} INFO - [2024-03-04T13:54:26.258+0000] {dag.py:3834} INFO - Setting next_dagrun for welcome_dag to 2024-03-03 23:00:00+00:00, run_after=2024-03-04 23:00:00+00:00
[2024-03-04T13:54:26.340+0000] {processor.py:183} INFO - Processing /opt/airflow/dags/welcome_dag.py took 0.182 seconds
[2024-03-04T13:54:57.320+0000] {processor.py:161} INFO - Started process (PID=219) to work on /opt/airflow/dags/welcome_dag.py
[2024-03-04T13:54:57.322+0000] {processor.py:830} INFO - Processing file /opt/airflow/dags/welcome_dag.py for tasks to queue
[2024-03-04T13:54:57.325+0000] {logging_mixin.py:188} INFO - [2024-03-04T13:54:57.324+0000] {dagbag.py:540} INFO - Filling up the DagBag from /opt/airflow/dags/welcome_dag.py
[2024-03-04T13:54:57.354+0000] {processor.py:840} INFO - DAG(s) 'welcome_dag' retrieved from /opt/airflow/dags/welcome_dag.py
[2024-03-04T13:54:57.394+0000] {logging_mixin.py:188} INFO - [2024-03-04T13:54:57.393+0000] {dag.py:3047} INFO - Sync 1 DAGs
[2024-03-04T13:54:57.433+0000] {logging_mixin.py:188} INFO - [2024-03-04T13:54:57.432+0000] {dag.py:3834} INFO - Setting next_dagrun for welcome_dag to 2024-03-03 23:00:00+00:00, run_after=2024-03-04 23:00:00+00:00
[2024-03-04T13:54:57.540+0000] {processor.py:183} INFO - Processing /opt/airflow/dags/welcome_dag.py took 0.225 seconds
[2024-03-04T13:55:28.173+0000] {processor.py:161} INFO - Started process (PID=221) to work on /opt/airflow/dags/welcome_dag.py
[2024-03-04T13:55:28.174+0000] {processor.py:830} INFO - Processing file /opt/airflow/dags/welcome_dag.py for tasks to queue
[2024-03-04T13:55:28.177+0000] {logging_mixin.py:188} INFO - [2024-03-04T13:55:28.176+0000] {dagbag.py:540} INFO - Filling up the DagBag from /opt/airflow/dags/welcome_dag.py
[2024-03-04T13:55:28.203+0000] {processor.py:840} INFO - DAG(s) 'welcome_dag' retrieved from /opt/airflow/dags/welcome_dag.py
[2024-03-04T13:55:28.233+0000] {logging_mixin.py:188} INFO - [2024-03-04T13:55:28.233+0000] {dag.py:3047} INFO - Sync 1 DAGs
[2024-03-04T13:55:28.263+0000] {logging_mixin.py:188} INFO - [2024-03-04T13:55:28.263+0000] {dag.py:3834} INFO - Setting next_dagrun for welcome_dag to 2024-03-03 23:00:00+00:00, run_after=2024-03-04 23:00:00+00:00
[2024-03-04T13:55:28.336+0000] {processor.py:183} INFO - Processing /opt/airflow/dags/welcome_dag.py took 0.166 seconds
[2024-03-04T13:55:58.635+0000] {processor.py:161} INFO - Started process (PID=223) to work on /opt/airflow/dags/welcome_dag.py
[2024-03-04T13:55:58.638+0000] {processor.py:830} INFO - Processing file /opt/airflow/dags/welcome_dag.py for tasks to queue
[2024-03-04T13:55:58.645+0000] {logging_mixin.py:188} INFO - [2024-03-04T13:55:58.644+0000] {dagbag.py:540} INFO - Filling up the DagBag from /opt/airflow/dags/welcome_dag.py
[2024-03-04T13:55:58.683+0000] {processor.py:840} INFO - DAG(s) 'welcome_dag' retrieved from /opt/airflow/dags/welcome_dag.py
[2024-03-04T13:55:58.715+0000] {logging_mixin.py:188} INFO - [2024-03-04T13:55:58.715+0000] {dag.py:3047} INFO - Sync 1 DAGs
[2024-03-04T13:55:58.743+0000] {logging_mixin.py:188} INFO - [2024-03-04T13:55:58.743+0000] {dag.py:3834} INFO - Setting next_dagrun for welcome_dag to 2024-03-03 23:00:00+00:00, run_after=2024-03-04 23:00:00+00:00
[2024-03-04T13:55:58.816+0000] {processor.py:183} INFO - Processing /opt/airflow/dags/welcome_dag.py took 0.186 seconds
[2024-03-04T13:56:29.288+0000] {processor.py:161} INFO - Started process (PID=225) to work on /opt/airflow/dags/welcome_dag.py
[2024-03-04T13:56:29.290+0000] {processor.py:830} INFO - Processing file /opt/airflow/dags/welcome_dag.py for tasks to queue
[2024-03-04T13:56:29.292+0000] {logging_mixin.py:188} INFO - [2024-03-04T13:56:29.292+0000] {dagbag.py:540} INFO - Filling up the DagBag from /opt/airflow/dags/welcome_dag.py
[2024-03-04T13:56:29.318+0000] {processor.py:840} INFO - DAG(s) 'welcome_dag' retrieved from /opt/airflow/dags/welcome_dag.py
[2024-03-04T13:56:29.347+0000] {logging_mixin.py:188} INFO - [2024-03-04T13:56:29.346+0000] {dag.py:3047} INFO - Sync 1 DAGs
[2024-03-04T13:56:29.373+0000] {logging_mixin.py:188} INFO - [2024-03-04T13:56:29.373+0000] {dag.py:3834} INFO - Setting next_dagrun for welcome_dag to 2024-03-03 23:00:00+00:00, run_after=2024-03-04 23:00:00+00:00
[2024-03-04T13:56:29.461+0000] {processor.py:183} INFO - Processing /opt/airflow/dags/welcome_dag.py took 0.176 seconds
[2024-03-04T13:56:59.831+0000] {processor.py:161} INFO - Started process (PID=227) to work on /opt/airflow/dags/welcome_dag.py
[2024-03-04T13:56:59.832+0000] {processor.py:830} INFO - Processing file /opt/airflow/dags/welcome_dag.py for tasks to queue
[2024-03-04T13:56:59.835+0000] {logging_mixin.py:188} INFO - [2024-03-04T13:56:59.835+0000] {dagbag.py:540} INFO - Filling up the DagBag from /opt/airflow/dags/welcome_dag.py
[2024-03-04T13:56:59.859+0000] {processor.py:840} INFO - DAG(s) 'welcome_dag' retrieved from /opt/airflow/dags/welcome_dag.py
[2024-03-04T13:56:59.889+0000] {logging_mixin.py:188} INFO - [2024-03-04T13:56:59.888+0000] {dag.py:3047} INFO - Sync 1 DAGs
[2024-03-04T13:56:59.915+0000] {logging_mixin.py:188} INFO - [2024-03-04T13:56:59.915+0000] {dag.py:3834} INFO - Setting next_dagrun for welcome_dag to 2024-03-03 23:00:00+00:00, run_after=2024-03-04 23:00:00+00:00
[2024-03-04T13:56:59.985+0000] {processor.py:183} INFO - Processing /opt/airflow/dags/welcome_dag.py took 0.157 seconds
[2024-03-04T13:57:30.218+0000] {processor.py:161} INFO - Started process (PID=229) to work on /opt/airflow/dags/welcome_dag.py
[2024-03-04T13:57:30.219+0000] {processor.py:830} INFO - Processing file /opt/airflow/dags/welcome_dag.py for tasks to queue
[2024-03-04T13:57:30.222+0000] {logging_mixin.py:188} INFO - [2024-03-04T13:57:30.221+0000] {dagbag.py:540} INFO - Filling up the DagBag from /opt/airflow/dags/welcome_dag.py
[2024-03-04T13:57:30.248+0000] {processor.py:840} INFO - DAG(s) 'welcome_dag' retrieved from /opt/airflow/dags/welcome_dag.py
[2024-03-04T13:57:30.280+0000] {logging_mixin.py:188} INFO - [2024-03-04T13:57:30.279+0000] {dag.py:3047} INFO - Sync 1 DAGs
[2024-03-04T13:57:30.312+0000] {logging_mixin.py:188} INFO - [2024-03-04T13:57:30.312+0000] {dag.py:3834} INFO - Setting next_dagrun for welcome_dag to 2024-03-03 23:00:00+00:00, run_after=2024-03-04 23:00:00+00:00
[2024-03-04T13:57:30.419+0000] {processor.py:183} INFO - Processing /opt/airflow/dags/welcome_dag.py took 0.205 seconds
[2024-03-04T13:58:01.071+0000] {processor.py:161} INFO - Started process (PID=231) to work on /opt/airflow/dags/welcome_dag.py
[2024-03-04T13:58:01.075+0000] {processor.py:830} INFO - Processing file /opt/airflow/dags/welcome_dag.py for tasks to queue
[2024-03-04T13:58:01.084+0000] {logging_mixin.py:188} INFO - [2024-03-04T13:58:01.083+0000] {dagbag.py:540} INFO - Filling up the DagBag from /opt/airflow/dags/welcome_dag.py
[2024-03-04T13:58:01.136+0000] {processor.py:840} INFO - DAG(s) 'welcome_dag' retrieved from /opt/airflow/dags/welcome_dag.py
[2024-03-04T13:58:01.173+0000] {logging_mixin.py:188} INFO - [2024-03-04T13:58:01.173+0000] {dag.py:3047} INFO - Sync 1 DAGs
[2024-03-04T13:58:01.202+0000] {logging_mixin.py:188} INFO - [2024-03-04T13:58:01.201+0000] {dag.py:3834} INFO - Setting next_dagrun for welcome_dag to 2024-03-03 23:00:00+00:00, run_after=2024-03-04 23:00:00+00:00
[2024-03-04T13:58:01.338+0000] {processor.py:183} INFO - Processing /opt/airflow/dags/welcome_dag.py took 0.282 seconds
[2024-03-04T13:58:31.819+0000] {processor.py:161} INFO - Started process (PID=233) to work on /opt/airflow/dags/welcome_dag.py
[2024-03-04T13:58:31.821+0000] {processor.py:830} INFO - Processing file /opt/airflow/dags/welcome_dag.py for tasks to queue
[2024-03-04T13:58:31.824+0000] {logging_mixin.py:188} INFO - [2024-03-04T13:58:31.824+0000] {dagbag.py:540} INFO - Filling up the DagBag from /opt/airflow/dags/welcome_dag.py
[2024-03-04T13:58:31.849+0000] {processor.py:840} INFO - DAG(s) 'welcome_dag' retrieved from /opt/airflow/dags/welcome_dag.py
[2024-03-04T13:58:31.881+0000] {logging_mixin.py:188} INFO - [2024-03-04T13:58:31.880+0000] {dag.py:3047} INFO - Sync 1 DAGs
[2024-03-04T13:58:31.910+0000] {logging_mixin.py:188} INFO - [2024-03-04T13:58:31.910+0000] {dag.py:3834} INFO - Setting next_dagrun for welcome_dag to 2024-03-03 23:00:00+00:00, run_after=2024-03-04 23:00:00+00:00
[2024-03-04T13:58:32.015+0000] {processor.py:183} INFO - Processing /opt/airflow/dags/welcome_dag.py took 0.199 seconds
[2024-03-04T13:59:02.463+0000] {processor.py:161} INFO - Started process (PID=235) to work on /opt/airflow/dags/welcome_dag.py
[2024-03-04T13:59:02.467+0000] {processor.py:830} INFO - Processing file /opt/airflow/dags/welcome_dag.py for tasks to queue
[2024-03-04T13:59:02.475+0000] {logging_mixin.py:188} INFO - [2024-03-04T13:59:02.473+0000] {dagbag.py:540} INFO - Filling up the DagBag from /opt/airflow/dags/welcome_dag.py
[2024-03-04T13:59:02.503+0000] {processor.py:840} INFO - DAG(s) 'welcome_dag' retrieved from /opt/airflow/dags/welcome_dag.py
[2024-03-04T13:59:02.533+0000] {logging_mixin.py:188} INFO - [2024-03-04T13:59:02.532+0000] {dag.py:3047} INFO - Sync 1 DAGs
[2024-03-04T13:59:02.560+0000] {logging_mixin.py:188} INFO - [2024-03-04T13:59:02.560+0000] {dag.py:3834} INFO - Setting next_dagrun for welcome_dag to 2024-03-03 23:00:00+00:00, run_after=2024-03-04 23:00:00+00:00
[2024-03-04T13:59:02.627+0000] {processor.py:183} INFO - Processing /opt/airflow/dags/welcome_dag.py took 0.177 seconds
[2024-03-04T13:59:33.060+0000] {processor.py:161} INFO - Started process (PID=237) to work on /opt/airflow/dags/welcome_dag.py
[2024-03-04T13:59:33.061+0000] {processor.py:830} INFO - Processing file /opt/airflow/dags/welcome_dag.py for tasks to queue
[2024-03-04T13:59:33.064+0000] {logging_mixin.py:188} INFO - [2024-03-04T13:59:33.064+0000] {dagbag.py:540} INFO - Filling up the DagBag from /opt/airflow/dags/welcome_dag.py
[2024-03-04T13:59:33.088+0000] {processor.py:840} INFO - DAG(s) 'welcome_dag' retrieved from /opt/airflow/dags/welcome_dag.py
[2024-03-04T13:59:33.118+0000] {logging_mixin.py:188} INFO - [2024-03-04T13:59:33.118+0000] {dag.py:3047} INFO - Sync 1 DAGs
[2024-03-04T13:59:33.147+0000] {logging_mixin.py:188} INFO - [2024-03-04T13:59:33.146+0000] {dag.py:3834} INFO - Setting next_dagrun for welcome_dag to 2024-03-03 23:00:00+00:00, run_after=2024-03-04 23:00:00+00:00
[2024-03-04T13:59:33.227+0000] {processor.py:183} INFO - Processing /opt/airflow/dags/welcome_dag.py took 0.170 seconds
[2024-03-04T14:00:03.448+0000] {processor.py:161} INFO - Started process (PID=239) to work on /opt/airflow/dags/welcome_dag.py
[2024-03-04T14:00:03.452+0000] {processor.py:830} INFO - Processing file /opt/airflow/dags/welcome_dag.py for tasks to queue
[2024-03-04T14:00:03.459+0000] {logging_mixin.py:188} INFO - [2024-03-04T14:00:03.458+0000] {dagbag.py:540} INFO - Filling up the DagBag from /opt/airflow/dags/welcome_dag.py
[2024-03-04T14:00:03.496+0000] {processor.py:840} INFO - DAG(s) 'welcome_dag' retrieved from /opt/airflow/dags/welcome_dag.py
[2024-03-04T14:00:03.526+0000] {logging_mixin.py:188} INFO - [2024-03-04T14:00:03.526+0000] {dag.py:3047} INFO - Sync 1 DAGs
[2024-03-04T14:00:03.558+0000] {logging_mixin.py:188} INFO - [2024-03-04T14:00:03.558+0000] {dag.py:3834} INFO - Setting next_dagrun for welcome_dag to 2024-03-03 23:00:00+00:00, run_after=2024-03-04 23:00:00+00:00
[2024-03-04T14:00:03.643+0000] {processor.py:183} INFO - Processing /opt/airflow/dags/welcome_dag.py took 0.208 seconds
[2024-03-04T14:00:34.037+0000] {processor.py:161} INFO - Started process (PID=241) to work on /opt/airflow/dags/welcome_dag.py
[2024-03-04T14:00:34.038+0000] {processor.py:830} INFO - Processing file /opt/airflow/dags/welcome_dag.py for tasks to queue
[2024-03-04T14:00:34.041+0000] {logging_mixin.py:188} INFO - [2024-03-04T14:00:34.040+0000] {dagbag.py:540} INFO - Filling up the DagBag from /opt/airflow/dags/welcome_dag.py
[2024-03-04T14:00:34.066+0000] {processor.py:840} INFO - DAG(s) 'welcome_dag' retrieved from /opt/airflow/dags/welcome_dag.py
[2024-03-04T14:00:34.095+0000] {logging_mixin.py:188} INFO - [2024-03-04T14:00:34.094+0000] {dag.py:3047} INFO - Sync 1 DAGs
[2024-03-04T14:00:34.123+0000] {logging_mixin.py:188} INFO - [2024-03-04T14:00:34.123+0000] {dag.py:3834} INFO - Setting next_dagrun for welcome_dag to 2024-03-03 23:00:00+00:00, run_after=2024-03-04 23:00:00+00:00
[2024-03-04T14:00:34.194+0000] {processor.py:183} INFO - Processing /opt/airflow/dags/welcome_dag.py took 0.160 seconds
[2024-03-04T14:01:04.631+0000] {processor.py:161} INFO - Started process (PID=243) to work on /opt/airflow/dags/welcome_dag.py
[2024-03-04T14:01:04.633+0000] {processor.py:830} INFO - Processing file /opt/airflow/dags/welcome_dag.py for tasks to queue
[2024-03-04T14:01:04.635+0000] {logging_mixin.py:188} INFO - [2024-03-04T14:01:04.635+0000] {dagbag.py:540} INFO - Filling up the DagBag from /opt/airflow/dags/welcome_dag.py
[2024-03-04T14:01:04.662+0000] {processor.py:840} INFO - DAG(s) 'welcome_dag' retrieved from /opt/airflow/dags/welcome_dag.py
[2024-03-04T14:01:04.693+0000] {logging_mixin.py:188} INFO - [2024-03-04T14:01:04.693+0000] {dag.py:3047} INFO - Sync 1 DAGs
[2024-03-04T14:01:04.723+0000] {logging_mixin.py:188} INFO - [2024-03-04T14:01:04.723+0000] {dag.py:3834} INFO - Setting next_dagrun for welcome_dag to 2024-03-03 23:00:00+00:00, run_after=2024-03-04 23:00:00+00:00
[2024-03-04T14:01:04.823+0000] {processor.py:183} INFO - Processing /opt/airflow/dags/welcome_dag.py took 0.194 seconds
[2024-03-04T14:01:35.056+0000] {processor.py:161} INFO - Started process (PID=245) to work on /opt/airflow/dags/welcome_dag.py
[2024-03-04T14:01:35.058+0000] {processor.py:830} INFO - Processing file /opt/airflow/dags/welcome_dag.py for tasks to queue
[2024-03-04T14:01:35.061+0000] {logging_mixin.py:188} INFO - [2024-03-04T14:01:35.061+0000] {dagbag.py:540} INFO - Filling up the DagBag from /opt/airflow/dags/welcome_dag.py
[2024-03-04T14:01:35.087+0000] {processor.py:840} INFO - DAG(s) 'welcome_dag' retrieved from /opt/airflow/dags/welcome_dag.py
[2024-03-04T14:01:35.117+0000] {logging_mixin.py:188} INFO - [2024-03-04T14:01:35.117+0000] {dag.py:3047} INFO - Sync 1 DAGs
[2024-03-04T14:01:35.147+0000] {logging_mixin.py:188} INFO - [2024-03-04T14:01:35.147+0000] {dag.py:3834} INFO - Setting next_dagrun for welcome_dag to 2024-03-03 23:00:00+00:00, run_after=2024-03-04 23:00:00+00:00
[2024-03-04T14:01:35.225+0000] {processor.py:183} INFO - Processing /opt/airflow/dags/welcome_dag.py took 0.171 seconds
[2024-03-04T14:02:05.639+0000] {processor.py:161} INFO - Started process (PID=247) to work on /opt/airflow/dags/welcome_dag.py
[2024-03-04T14:02:05.641+0000] {processor.py:830} INFO - Processing file /opt/airflow/dags/welcome_dag.py for tasks to queue
[2024-03-04T14:02:05.644+0000] {logging_mixin.py:188} INFO - [2024-03-04T14:02:05.644+0000] {dagbag.py:540} INFO - Filling up the DagBag from /opt/airflow/dags/welcome_dag.py
[2024-03-04T14:02:05.675+0000] {processor.py:840} INFO - DAG(s) 'welcome_dag' retrieved from /opt/airflow/dags/welcome_dag.py
[2024-03-04T14:02:05.707+0000] {logging_mixin.py:188} INFO - [2024-03-04T14:02:05.706+0000] {dag.py:3047} INFO - Sync 1 DAGs
[2024-03-04T14:02:05.772+0000] {logging_mixin.py:188} INFO - [2024-03-04T14:02:05.771+0000] {dag.py:3834} INFO - Setting next_dagrun for welcome_dag to 2024-03-03 23:00:00+00:00, run_after=2024-03-04 23:00:00+00:00
[2024-03-04T14:02:05.942+0000] {processor.py:183} INFO - Processing /opt/airflow/dags/welcome_dag.py took 0.312 seconds
[2024-03-04T14:02:36.379+0000] {processor.py:161} INFO - Started process (PID=249) to work on /opt/airflow/dags/welcome_dag.py
[2024-03-04T14:02:36.381+0000] {processor.py:830} INFO - Processing file /opt/airflow/dags/welcome_dag.py for tasks to queue
[2024-03-04T14:02:36.384+0000] {logging_mixin.py:188} INFO - [2024-03-04T14:02:36.383+0000] {dagbag.py:540} INFO - Filling up the DagBag from /opt/airflow/dags/welcome_dag.py
[2024-03-04T14:02:36.411+0000] {processor.py:840} INFO - DAG(s) 'welcome_dag' retrieved from /opt/airflow/dags/welcome_dag.py
[2024-03-04T14:02:36.445+0000] {logging_mixin.py:188} INFO - [2024-03-04T14:02:36.445+0000] {dag.py:3047} INFO - Sync 1 DAGs
[2024-03-04T14:02:36.475+0000] {logging_mixin.py:188} INFO - [2024-03-04T14:02:36.475+0000] {dag.py:3834} INFO - Setting next_dagrun for welcome_dag to 2024-03-03 23:00:00+00:00, run_after=2024-03-04 23:00:00+00:00
[2024-03-04T14:02:36.553+0000] {processor.py:183} INFO - Processing /opt/airflow/dags/welcome_dag.py took 0.178 seconds
[2024-03-04T14:03:06.925+0000] {processor.py:161} INFO - Started process (PID=251) to work on /opt/airflow/dags/welcome_dag.py
[2024-03-04T14:03:06.927+0000] {processor.py:830} INFO - Processing file /opt/airflow/dags/welcome_dag.py for tasks to queue
[2024-03-04T14:03:06.930+0000] {logging_mixin.py:188} INFO - [2024-03-04T14:03:06.930+0000] {dagbag.py:540} INFO - Filling up the DagBag from /opt/airflow/dags/welcome_dag.py
[2024-03-04T14:03:06.957+0000] {processor.py:840} INFO - DAG(s) 'welcome_dag' retrieved from /opt/airflow/dags/welcome_dag.py
[2024-03-04T14:03:06.988+0000] {logging_mixin.py:188} INFO - [2024-03-04T14:03:06.988+0000] {dag.py:3047} INFO - Sync 1 DAGs
[2024-03-04T14:03:07.019+0000] {logging_mixin.py:188} INFO - [2024-03-04T14:03:07.019+0000] {dag.py:3834} INFO - Setting next_dagrun for welcome_dag to 2024-03-03 23:00:00+00:00, run_after=2024-03-04 23:00:00+00:00
[2024-03-04T14:03:07.117+0000] {processor.py:183} INFO - Processing /opt/airflow/dags/welcome_dag.py took 0.194 seconds
[2024-03-04T14:03:37.563+0000] {processor.py:161} INFO - Started process (PID=253) to work on /opt/airflow/dags/welcome_dag.py
[2024-03-04T14:03:37.565+0000] {processor.py:830} INFO - Processing file /opt/airflow/dags/welcome_dag.py for tasks to queue
[2024-03-04T14:03:37.567+0000] {logging_mixin.py:188} INFO - [2024-03-04T14:03:37.567+0000] {dagbag.py:540} INFO - Filling up the DagBag from /opt/airflow/dags/welcome_dag.py
[2024-03-04T14:03:37.602+0000] {processor.py:840} INFO - DAG(s) 'welcome_dag' retrieved from /opt/airflow/dags/welcome_dag.py
[2024-03-04T14:03:37.641+0000] {logging_mixin.py:188} INFO - [2024-03-04T14:03:37.641+0000] {dag.py:3047} INFO - Sync 1 DAGs
[2024-03-04T14:03:37.678+0000] {logging_mixin.py:188} INFO - [2024-03-04T14:03:37.677+0000] {dag.py:3834} INFO - Setting next_dagrun for welcome_dag to 2024-03-03 23:00:00+00:00, run_after=2024-03-04 23:00:00+00:00
[2024-03-04T14:03:37.870+0000] {processor.py:183} INFO - Processing /opt/airflow/dags/welcome_dag.py took 0.313 seconds
[2024-03-04T14:04:08.191+0000] {processor.py:161} INFO - Started process (PID=255) to work on /opt/airflow/dags/welcome_dag.py
[2024-03-04T14:04:08.192+0000] {processor.py:830} INFO - Processing file /opt/airflow/dags/welcome_dag.py for tasks to queue
[2024-03-04T14:04:08.194+0000] {logging_mixin.py:188} INFO - [2024-03-04T14:04:08.194+0000] {dagbag.py:540} INFO - Filling up the DagBag from /opt/airflow/dags/welcome_dag.py
[2024-03-04T14:04:08.220+0000] {processor.py:840} INFO - DAG(s) 'welcome_dag' retrieved from /opt/airflow/dags/welcome_dag.py
[2024-03-04T14:04:08.250+0000] {logging_mixin.py:188} INFO - [2024-03-04T14:04:08.250+0000] {dag.py:3047} INFO - Sync 1 DAGs
[2024-03-04T14:04:08.278+0000] {logging_mixin.py:188} INFO - [2024-03-04T14:04:08.278+0000] {dag.py:3834} INFO - Setting next_dagrun for welcome_dag to 2024-03-03 23:00:00+00:00, run_after=2024-03-04 23:00:00+00:00
[2024-03-04T14:04:08.358+0000] {processor.py:183} INFO - Processing /opt/airflow/dags/welcome_dag.py took 0.171 seconds
[2024-03-04T14:04:38.683+0000] {processor.py:161} INFO - Started process (PID=257) to work on /opt/airflow/dags/welcome_dag.py
[2024-03-04T14:04:38.684+0000] {processor.py:830} INFO - Processing file /opt/airflow/dags/welcome_dag.py for tasks to queue
[2024-03-04T14:04:38.687+0000] {logging_mixin.py:188} INFO - [2024-03-04T14:04:38.687+0000] {dagbag.py:540} INFO - Filling up the DagBag from /opt/airflow/dags/welcome_dag.py
[2024-03-04T14:04:38.714+0000] {processor.py:840} INFO - DAG(s) 'welcome_dag' retrieved from /opt/airflow/dags/welcome_dag.py
[2024-03-04T14:04:38.743+0000] {logging_mixin.py:188} INFO - [2024-03-04T14:04:38.743+0000] {dag.py:3047} INFO - Sync 1 DAGs
[2024-03-04T14:04:38.774+0000] {logging_mixin.py:188} INFO - [2024-03-04T14:04:38.773+0000] {dag.py:3834} INFO - Setting next_dagrun for welcome_dag to 2024-03-03 23:00:00+00:00, run_after=2024-03-04 23:00:00+00:00
[2024-03-04T14:04:38.847+0000] {processor.py:183} INFO - Processing /opt/airflow/dags/welcome_dag.py took 0.170 seconds
[2024-03-04T14:05:09.262+0000] {processor.py:161} INFO - Started process (PID=259) to work on /opt/airflow/dags/welcome_dag.py
[2024-03-04T14:05:09.263+0000] {processor.py:830} INFO - Processing file /opt/airflow/dags/welcome_dag.py for tasks to queue
[2024-03-04T14:05:09.266+0000] {logging_mixin.py:188} INFO - [2024-03-04T14:05:09.265+0000] {dagbag.py:540} INFO - Filling up the DagBag from /opt/airflow/dags/welcome_dag.py
[2024-03-04T14:05:09.290+0000] {processor.py:840} INFO - DAG(s) 'welcome_dag' retrieved from /opt/airflow/dags/welcome_dag.py
[2024-03-04T14:05:09.319+0000] {logging_mixin.py:188} INFO - [2024-03-04T14:05:09.319+0000] {dag.py:3047} INFO - Sync 1 DAGs
[2024-03-04T14:05:09.346+0000] {logging_mixin.py:188} INFO - [2024-03-04T14:05:09.346+0000] {dag.py:3834} INFO - Setting next_dagrun for welcome_dag to 2024-03-03 23:00:00+00:00, run_after=2024-03-04 23:00:00+00:00
[2024-03-04T14:05:09.411+0000] {processor.py:183} INFO - Processing /opt/airflow/dags/welcome_dag.py took 0.152 seconds
[2024-03-04T14:05:39.797+0000] {processor.py:161} INFO - Started process (PID=261) to work on /opt/airflow/dags/welcome_dag.py
[2024-03-04T14:05:39.798+0000] {processor.py:830} INFO - Processing file /opt/airflow/dags/welcome_dag.py for tasks to queue
[2024-03-04T14:05:39.800+0000] {logging_mixin.py:188} INFO - [2024-03-04T14:05:39.800+0000] {dagbag.py:540} INFO - Filling up the DagBag from /opt/airflow/dags/welcome_dag.py
[2024-03-04T14:05:39.825+0000] {processor.py:840} INFO - DAG(s) 'welcome_dag' retrieved from /opt/airflow/dags/welcome_dag.py
[2024-03-04T14:05:39.855+0000] {logging_mixin.py:188} INFO - [2024-03-04T14:05:39.855+0000] {dag.py:3047} INFO - Sync 1 DAGs
[2024-03-04T14:05:39.883+0000] {logging_mixin.py:188} INFO - [2024-03-04T14:05:39.883+0000] {dag.py:3834} INFO - Setting next_dagrun for welcome_dag to 2024-03-03 23:00:00+00:00, run_after=2024-03-04 23:00:00+00:00
[2024-03-04T14:05:39.952+0000] {processor.py:183} INFO - Processing /opt/airflow/dags/welcome_dag.py took 0.158 seconds
[2024-03-04T14:06:10.286+0000] {processor.py:161} INFO - Started process (PID=263) to work on /opt/airflow/dags/welcome_dag.py
[2024-03-04T14:06:10.287+0000] {processor.py:830} INFO - Processing file /opt/airflow/dags/welcome_dag.py for tasks to queue
[2024-03-04T14:06:10.290+0000] {logging_mixin.py:188} INFO - [2024-03-04T14:06:10.290+0000] {dagbag.py:540} INFO - Filling up the DagBag from /opt/airflow/dags/welcome_dag.py
[2024-03-04T14:06:10.317+0000] {processor.py:840} INFO - DAG(s) 'welcome_dag' retrieved from /opt/airflow/dags/welcome_dag.py
[2024-03-04T14:06:10.346+0000] {logging_mixin.py:188} INFO - [2024-03-04T14:06:10.346+0000] {dag.py:3047} INFO - Sync 1 DAGs
[2024-03-04T14:06:10.374+0000] {logging_mixin.py:188} INFO - [2024-03-04T14:06:10.374+0000] {dag.py:3834} INFO - Setting next_dagrun for welcome_dag to 2024-03-03 23:00:00+00:00, run_after=2024-03-04 23:00:00+00:00
[2024-03-04T14:06:10.442+0000] {processor.py:183} INFO - Processing /opt/airflow/dags/welcome_dag.py took 0.159 seconds
[2024-03-04T14:06:40.803+0000] {processor.py:161} INFO - Started process (PID=265) to work on /opt/airflow/dags/welcome_dag.py
[2024-03-04T14:06:40.804+0000] {processor.py:830} INFO - Processing file /opt/airflow/dags/welcome_dag.py for tasks to queue
[2024-03-04T14:06:40.807+0000] {logging_mixin.py:188} INFO - [2024-03-04T14:06:40.807+0000] {dagbag.py:540} INFO - Filling up the DagBag from /opt/airflow/dags/welcome_dag.py
[2024-03-04T14:06:40.832+0000] {processor.py:840} INFO - DAG(s) 'welcome_dag' retrieved from /opt/airflow/dags/welcome_dag.py
[2024-03-04T14:06:40.864+0000] {logging_mixin.py:188} INFO - [2024-03-04T14:06:40.863+0000] {dag.py:3047} INFO - Sync 1 DAGs
[2024-03-04T14:06:40.890+0000] {logging_mixin.py:188} INFO - [2024-03-04T14:06:40.890+0000] {dag.py:3834} INFO - Setting next_dagrun for welcome_dag to 2024-03-03 23:00:00+00:00, run_after=2024-03-04 23:00:00+00:00
[2024-03-04T14:06:40.957+0000] {processor.py:183} INFO - Processing /opt/airflow/dags/welcome_dag.py took 0.157 seconds
[2024-03-04T14:07:11.359+0000] {processor.py:161} INFO - Started process (PID=267) to work on /opt/airflow/dags/welcome_dag.py
[2024-03-04T14:07:11.360+0000] {processor.py:830} INFO - Processing file /opt/airflow/dags/welcome_dag.py for tasks to queue
[2024-03-04T14:07:11.362+0000] {logging_mixin.py:188} INFO - [2024-03-04T14:07:11.362+0000] {dagbag.py:540} INFO - Filling up the DagBag from /opt/airflow/dags/welcome_dag.py
[2024-03-04T14:07:11.387+0000] {processor.py:840} INFO - DAG(s) 'welcome_dag' retrieved from /opt/airflow/dags/welcome_dag.py
[2024-03-04T14:07:11.417+0000] {logging_mixin.py:188} INFO - [2024-03-04T14:07:11.417+0000] {dag.py:3047} INFO - Sync 1 DAGs
[2024-03-04T14:07:11.446+0000] {logging_mixin.py:188} INFO - [2024-03-04T14:07:11.446+0000] {dag.py:3834} INFO - Setting next_dagrun for welcome_dag to 2024-03-03 23:00:00+00:00, run_after=2024-03-04 23:00:00+00:00
[2024-03-04T14:07:11.542+0000] {processor.py:183} INFO - Processing /opt/airflow/dags/welcome_dag.py took 0.186 seconds
[2024-03-04T14:07:41.801+0000] {processor.py:161} INFO - Started process (PID=269) to work on /opt/airflow/dags/welcome_dag.py
[2024-03-04T14:07:41.803+0000] {processor.py:830} INFO - Processing file /opt/airflow/dags/welcome_dag.py for tasks to queue
[2024-03-04T14:07:41.805+0000] {logging_mixin.py:188} INFO - [2024-03-04T14:07:41.805+0000] {dagbag.py:540} INFO - Filling up the DagBag from /opt/airflow/dags/welcome_dag.py
[2024-03-04T14:07:41.831+0000] {processor.py:840} INFO - DAG(s) 'welcome_dag' retrieved from /opt/airflow/dags/welcome_dag.py
[2024-03-04T14:07:41.863+0000] {logging_mixin.py:188} INFO - [2024-03-04T14:07:41.863+0000] {dag.py:3047} INFO - Sync 1 DAGs
[2024-03-04T14:07:41.892+0000] {logging_mixin.py:188} INFO - [2024-03-04T14:07:41.892+0000] {dag.py:3834} INFO - Setting next_dagrun for welcome_dag to 2024-03-03 23:00:00+00:00, run_after=2024-03-04 23:00:00+00:00
[2024-03-04T14:07:41.961+0000] {processor.py:183} INFO - Processing /opt/airflow/dags/welcome_dag.py took 0.163 seconds
[2024-03-04T14:08:12.392+0000] {processor.py:161} INFO - Started process (PID=271) to work on /opt/airflow/dags/welcome_dag.py
[2024-03-04T14:08:12.393+0000] {processor.py:830} INFO - Processing file /opt/airflow/dags/welcome_dag.py for tasks to queue
[2024-03-04T14:08:12.396+0000] {logging_mixin.py:188} INFO - [2024-03-04T14:08:12.395+0000] {dagbag.py:540} INFO - Filling up the DagBag from /opt/airflow/dags/welcome_dag.py
[2024-03-04T14:08:12.422+0000] {processor.py:840} INFO - DAG(s) 'welcome_dag' retrieved from /opt/airflow/dags/welcome_dag.py
[2024-03-04T14:08:12.451+0000] {logging_mixin.py:188} INFO - [2024-03-04T14:08:12.451+0000] {dag.py:3047} INFO - Sync 1 DAGs
[2024-03-04T14:08:12.478+0000] {logging_mixin.py:188} INFO - [2024-03-04T14:08:12.478+0000] {dag.py:3834} INFO - Setting next_dagrun for welcome_dag to 2024-03-03 23:00:00+00:00, run_after=2024-03-04 23:00:00+00:00
[2024-03-04T14:08:12.573+0000] {processor.py:183} INFO - Processing /opt/airflow/dags/welcome_dag.py took 0.184 seconds
[2024-03-04T14:08:42.997+0000] {processor.py:161} INFO - Started process (PID=273) to work on /opt/airflow/dags/welcome_dag.py
[2024-03-04T14:08:42.998+0000] {processor.py:830} INFO - Processing file /opt/airflow/dags/welcome_dag.py for tasks to queue
[2024-03-04T14:08:43.001+0000] {logging_mixin.py:188} INFO - [2024-03-04T14:08:43.000+0000] {dagbag.py:540} INFO - Filling up the DagBag from /opt/airflow/dags/welcome_dag.py
[2024-03-04T14:08:43.026+0000] {processor.py:840} INFO - DAG(s) 'welcome_dag' retrieved from /opt/airflow/dags/welcome_dag.py
[2024-03-04T14:08:43.057+0000] {logging_mixin.py:188} INFO - [2024-03-04T14:08:43.056+0000] {dag.py:3047} INFO - Sync 1 DAGs
[2024-03-04T14:08:43.084+0000] {logging_mixin.py:188} INFO - [2024-03-04T14:08:43.084+0000] {dag.py:3834} INFO - Setting next_dagrun for welcome_dag to 2024-03-03 23:00:00+00:00, run_after=2024-03-04 23:00:00+00:00
[2024-03-04T14:08:43.160+0000] {processor.py:183} INFO - Processing /opt/airflow/dags/welcome_dag.py took 0.165 seconds
[2024-03-04T14:09:13.641+0000] {processor.py:161} INFO - Started process (PID=275) to work on /opt/airflow/dags/welcome_dag.py
[2024-03-04T14:09:13.642+0000] {processor.py:830} INFO - Processing file /opt/airflow/dags/welcome_dag.py for tasks to queue
[2024-03-04T14:09:13.645+0000] {logging_mixin.py:188} INFO - [2024-03-04T14:09:13.644+0000] {dagbag.py:540} INFO - Filling up the DagBag from /opt/airflow/dags/welcome_dag.py
[2024-03-04T14:09:13.670+0000] {processor.py:840} INFO - DAG(s) 'welcome_dag' retrieved from /opt/airflow/dags/welcome_dag.py
[2024-03-04T14:09:13.701+0000] {logging_mixin.py:188} INFO - [2024-03-04T14:09:13.700+0000] {dag.py:3047} INFO - Sync 1 DAGs
[2024-03-04T14:09:13.929+0000] {logging_mixin.py:188} INFO - [2024-03-04T14:09:13.928+0000] {dag.py:3834} INFO - Setting next_dagrun for welcome_dag to 2024-03-03 23:00:00+00:00, run_after=2024-03-04 23:00:00+00:00
[2024-03-04T14:09:14.102+0000] {processor.py:183} INFO - Processing /opt/airflow/dags/welcome_dag.py took 0.464 seconds
[2024-03-04T14:09:44.471+0000] {processor.py:161} INFO - Started process (PID=277) to work on /opt/airflow/dags/welcome_dag.py
[2024-03-04T14:09:44.473+0000] {processor.py:830} INFO - Processing file /opt/airflow/dags/welcome_dag.py for tasks to queue
[2024-03-04T14:09:44.478+0000] {logging_mixin.py:188} INFO - [2024-03-04T14:09:44.477+0000] {dagbag.py:540} INFO - Filling up the DagBag from /opt/airflow/dags/welcome_dag.py
[2024-03-04T14:09:44.522+0000] {processor.py:840} INFO - DAG(s) 'welcome_dag' retrieved from /opt/airflow/dags/welcome_dag.py
[2024-03-04T14:09:44.570+0000] {logging_mixin.py:188} INFO - [2024-03-04T14:09:44.569+0000] {dag.py:3047} INFO - Sync 1 DAGs
[2024-03-04T14:09:44.618+0000] {logging_mixin.py:188} INFO - [2024-03-04T14:09:44.618+0000] {dag.py:3834} INFO - Setting next_dagrun for welcome_dag to 2024-03-03 23:00:00+00:00, run_after=2024-03-04 23:00:00+00:00
[2024-03-04T14:09:44.702+0000] {processor.py:183} INFO - Processing /opt/airflow/dags/welcome_dag.py took 0.235 seconds
[2024-03-04T14:10:15.093+0000] {processor.py:161} INFO - Started process (PID=279) to work on /opt/airflow/dags/welcome_dag.py
[2024-03-04T14:10:15.095+0000] {processor.py:830} INFO - Processing file /opt/airflow/dags/welcome_dag.py for tasks to queue
[2024-03-04T14:10:15.097+0000] {logging_mixin.py:188} INFO - [2024-03-04T14:10:15.097+0000] {dagbag.py:540} INFO - Filling up the DagBag from /opt/airflow/dags/welcome_dag.py
[2024-03-04T14:10:15.127+0000] {processor.py:840} INFO - DAG(s) 'welcome_dag' retrieved from /opt/airflow/dags/welcome_dag.py
[2024-03-04T14:10:15.159+0000] {logging_mixin.py:188} INFO - [2024-03-04T14:10:15.158+0000] {dag.py:3047} INFO - Sync 1 DAGs
[2024-03-04T14:10:15.190+0000] {logging_mixin.py:188} INFO - [2024-03-04T14:10:15.189+0000] {dag.py:3834} INFO - Setting next_dagrun for welcome_dag to 2024-03-03 23:00:00+00:00, run_after=2024-03-04 23:00:00+00:00
[2024-03-04T14:10:15.290+0000] {processor.py:183} INFO - Processing /opt/airflow/dags/welcome_dag.py took 0.200 seconds
[2024-03-04T14:10:45.511+0000] {processor.py:161} INFO - Started process (PID=281) to work on /opt/airflow/dags/welcome_dag.py
[2024-03-04T14:10:45.512+0000] {processor.py:830} INFO - Processing file /opt/airflow/dags/welcome_dag.py for tasks to queue
[2024-03-04T14:10:45.514+0000] {logging_mixin.py:188} INFO - [2024-03-04T14:10:45.514+0000] {dagbag.py:540} INFO - Filling up the DagBag from /opt/airflow/dags/welcome_dag.py
[2024-03-04T14:10:45.540+0000] {processor.py:840} INFO - DAG(s) 'welcome_dag' retrieved from /opt/airflow/dags/welcome_dag.py
[2024-03-04T14:10:45.568+0000] {logging_mixin.py:188} INFO - [2024-03-04T14:10:45.568+0000] {dag.py:3047} INFO - Sync 1 DAGs
[2024-03-04T14:10:45.595+0000] {logging_mixin.py:188} INFO - [2024-03-04T14:10:45.595+0000] {dag.py:3834} INFO - Setting next_dagrun for welcome_dag to 2024-03-03 23:00:00+00:00, run_after=2024-03-04 23:00:00+00:00
[2024-03-04T14:10:45.673+0000] {processor.py:183} INFO - Processing /opt/airflow/dags/welcome_dag.py took 0.165 seconds
[2024-03-04T14:11:15.826+0000] {processor.py:161} INFO - Started process (PID=283) to work on /opt/airflow/dags/welcome_dag.py
[2024-03-04T14:11:15.827+0000] {processor.py:830} INFO - Processing file /opt/airflow/dags/welcome_dag.py for tasks to queue
[2024-03-04T14:11:15.829+0000] {logging_mixin.py:188} INFO - [2024-03-04T14:11:15.829+0000] {dagbag.py:540} INFO - Filling up the DagBag from /opt/airflow/dags/welcome_dag.py
[2024-03-04T14:11:15.857+0000] {processor.py:840} INFO - DAG(s) 'welcome_dag' retrieved from /opt/airflow/dags/welcome_dag.py
[2024-03-04T14:11:15.886+0000] {logging_mixin.py:188} INFO - [2024-03-04T14:11:15.886+0000] {dag.py:3047} INFO - Sync 1 DAGs
[2024-03-04T14:11:15.913+0000] {logging_mixin.py:188} INFO - [2024-03-04T14:11:15.913+0000] {dag.py:3834} INFO - Setting next_dagrun for welcome_dag to 2024-03-03 23:00:00+00:00, run_after=2024-03-04 23:00:00+00:00
[2024-03-04T14:11:15.983+0000] {processor.py:183} INFO - Processing /opt/airflow/dags/welcome_dag.py took 0.160 seconds
[2024-03-04T14:11:46.407+0000] {processor.py:161} INFO - Started process (PID=285) to work on /opt/airflow/dags/welcome_dag.py
[2024-03-04T14:11:46.408+0000] {processor.py:830} INFO - Processing file /opt/airflow/dags/welcome_dag.py for tasks to queue
[2024-03-04T14:11:46.410+0000] {logging_mixin.py:188} INFO - [2024-03-04T14:11:46.410+0000] {dagbag.py:540} INFO - Filling up the DagBag from /opt/airflow/dags/welcome_dag.py
[2024-03-04T14:11:46.435+0000] {processor.py:840} INFO - DAG(s) 'welcome_dag' retrieved from /opt/airflow/dags/welcome_dag.py
[2024-03-04T14:11:46.465+0000] {logging_mixin.py:188} INFO - [2024-03-04T14:11:46.464+0000] {dag.py:3047} INFO - Sync 1 DAGs
[2024-03-04T14:11:46.493+0000] {logging_mixin.py:188} INFO - [2024-03-04T14:11:46.492+0000] {dag.py:3834} INFO - Setting next_dagrun for welcome_dag to 2024-03-03 23:00:00+00:00, run_after=2024-03-04 23:00:00+00:00
[2024-03-04T14:11:46.588+0000] {processor.py:183} INFO - Processing /opt/airflow/dags/welcome_dag.py took 0.183 seconds
[2024-03-04T14:12:16.918+0000] {processor.py:161} INFO - Started process (PID=287) to work on /opt/airflow/dags/welcome_dag.py
[2024-03-04T14:12:16.919+0000] {processor.py:830} INFO - Processing file /opt/airflow/dags/welcome_dag.py for tasks to queue
[2024-03-04T14:12:16.922+0000] {logging_mixin.py:188} INFO - [2024-03-04T14:12:16.922+0000] {dagbag.py:540} INFO - Filling up the DagBag from /opt/airflow/dags/welcome_dag.py
[2024-03-04T14:12:16.947+0000] {processor.py:840} INFO - DAG(s) 'welcome_dag' retrieved from /opt/airflow/dags/welcome_dag.py
[2024-03-04T14:12:16.977+0000] {logging_mixin.py:188} INFO - [2024-03-04T14:12:16.977+0000] {dag.py:3047} INFO - Sync 1 DAGs
[2024-03-04T14:12:17.004+0000] {logging_mixin.py:188} INFO - [2024-03-04T14:12:17.004+0000] {dag.py:3834} INFO - Setting next_dagrun for welcome_dag to 2024-03-03 23:00:00+00:00, run_after=2024-03-04 23:00:00+00:00
[2024-03-04T14:12:17.077+0000] {processor.py:183} INFO - Processing /opt/airflow/dags/welcome_dag.py took 0.162 seconds
[2024-03-04T14:12:47.192+0000] {processor.py:161} INFO - Started process (PID=289) to work on /opt/airflow/dags/welcome_dag.py
[2024-03-04T14:12:47.193+0000] {processor.py:830} INFO - Processing file /opt/airflow/dags/welcome_dag.py for tasks to queue
[2024-03-04T14:12:47.196+0000] {logging_mixin.py:188} INFO - [2024-03-04T14:12:47.195+0000] {dagbag.py:540} INFO - Filling up the DagBag from /opt/airflow/dags/welcome_dag.py
[2024-03-04T14:12:47.223+0000] {processor.py:840} INFO - DAG(s) 'welcome_dag' retrieved from /opt/airflow/dags/welcome_dag.py
[2024-03-04T14:12:47.254+0000] {logging_mixin.py:188} INFO - [2024-03-04T14:12:47.254+0000] {dag.py:3047} INFO - Sync 1 DAGs
[2024-03-04T14:12:47.281+0000] {logging_mixin.py:188} INFO - [2024-03-04T14:12:47.281+0000] {dag.py:3834} INFO - Setting next_dagrun for welcome_dag to 2024-03-03 23:00:00+00:00, run_after=2024-03-04 23:00:00+00:00
[2024-03-04T14:12:47.354+0000] {processor.py:183} INFO - Processing /opt/airflow/dags/welcome_dag.py took 0.164 seconds
[2024-03-04T14:13:17.823+0000] {processor.py:161} INFO - Started process (PID=291) to work on /opt/airflow/dags/welcome_dag.py
[2024-03-04T14:13:17.826+0000] {processor.py:830} INFO - Processing file /opt/airflow/dags/welcome_dag.py for tasks to queue
[2024-03-04T14:13:17.831+0000] {logging_mixin.py:188} INFO - [2024-03-04T14:13:17.830+0000] {dagbag.py:540} INFO - Filling up the DagBag from /opt/airflow/dags/welcome_dag.py
[2024-03-04T14:13:17.863+0000] {processor.py:840} INFO - DAG(s) 'welcome_dag' retrieved from /opt/airflow/dags/welcome_dag.py
[2024-03-04T14:13:17.893+0000] {logging_mixin.py:188} INFO - [2024-03-04T14:13:17.893+0000] {dag.py:3047} INFO - Sync 1 DAGs
[2024-03-04T14:13:17.921+0000] {logging_mixin.py:188} INFO - [2024-03-04T14:13:17.921+0000] {dag.py:3834} INFO - Setting next_dagrun for welcome_dag to 2024-03-03 23:00:00+00:00, run_after=2024-03-04 23:00:00+00:00
[2024-03-04T14:13:17.994+0000] {processor.py:183} INFO - Processing /opt/airflow/dags/welcome_dag.py took 0.180 seconds
[2024-03-04T14:13:48.380+0000] {processor.py:161} INFO - Started process (PID=293) to work on /opt/airflow/dags/welcome_dag.py
[2024-03-04T14:13:48.381+0000] {processor.py:830} INFO - Processing file /opt/airflow/dags/welcome_dag.py for tasks to queue
[2024-03-04T14:13:48.384+0000] {logging_mixin.py:188} INFO - [2024-03-04T14:13:48.384+0000] {dagbag.py:540} INFO - Filling up the DagBag from /opt/airflow/dags/welcome_dag.py
[2024-03-04T14:13:48.409+0000] {processor.py:840} INFO - DAG(s) 'welcome_dag' retrieved from /opt/airflow/dags/welcome_dag.py
[2024-03-04T14:13:48.440+0000] {logging_mixin.py:188} INFO - [2024-03-04T14:13:48.439+0000] {dag.py:3047} INFO - Sync 1 DAGs
[2024-03-04T14:13:48.467+0000] {logging_mixin.py:188} INFO - [2024-03-04T14:13:48.467+0000] {dag.py:3834} INFO - Setting next_dagrun for welcome_dag to 2024-03-03 23:00:00+00:00, run_after=2024-03-04 23:00:00+00:00
[2024-03-04T14:13:48.564+0000] {processor.py:183} INFO - Processing /opt/airflow/dags/welcome_dag.py took 0.187 seconds
[2024-03-04T14:14:19.055+0000] {processor.py:161} INFO - Started process (PID=295) to work on /opt/airflow/dags/welcome_dag.py
[2024-03-04T14:14:19.056+0000] {processor.py:830} INFO - Processing file /opt/airflow/dags/welcome_dag.py for tasks to queue
[2024-03-04T14:14:19.058+0000] {logging_mixin.py:188} INFO - [2024-03-04T14:14:19.058+0000] {dagbag.py:540} INFO - Filling up the DagBag from /opt/airflow/dags/welcome_dag.py
[2024-03-04T14:14:19.083+0000] {processor.py:840} INFO - DAG(s) 'welcome_dag' retrieved from /opt/airflow/dags/welcome_dag.py
[2024-03-04T14:14:19.111+0000] {logging_mixin.py:188} INFO - [2024-03-04T14:14:19.110+0000] {dag.py:3047} INFO - Sync 1 DAGs
[2024-03-04T14:14:19.139+0000] {logging_mixin.py:188} INFO - [2024-03-04T14:14:19.139+0000] {dag.py:3834} INFO - Setting next_dagrun for welcome_dag to 2024-03-03 23:00:00+00:00, run_after=2024-03-04 23:00:00+00:00
[2024-03-04T14:14:19.213+0000] {processor.py:183} INFO - Processing /opt/airflow/dags/welcome_dag.py took 0.161 seconds
[2024-03-04T14:14:49.637+0000] {processor.py:161} INFO - Started process (PID=297) to work on /opt/airflow/dags/welcome_dag.py
[2024-03-04T14:14:49.638+0000] {processor.py:830} INFO - Processing file /opt/airflow/dags/welcome_dag.py for tasks to queue
[2024-03-04T14:14:49.640+0000] {logging_mixin.py:188} INFO - [2024-03-04T14:14:49.640+0000] {dagbag.py:540} INFO - Filling up the DagBag from /opt/airflow/dags/welcome_dag.py
[2024-03-04T14:14:49.668+0000] {processor.py:840} INFO - DAG(s) 'welcome_dag' retrieved from /opt/airflow/dags/welcome_dag.py
[2024-03-04T14:14:49.701+0000] {logging_mixin.py:188} INFO - [2024-03-04T14:14:49.700+0000] {dag.py:3047} INFO - Sync 1 DAGs
[2024-03-04T14:14:49.730+0000] {logging_mixin.py:188} INFO - [2024-03-04T14:14:49.730+0000] {dag.py:3834} INFO - Setting next_dagrun for welcome_dag to 2024-03-03 23:00:00+00:00, run_after=2024-03-04 23:00:00+00:00
[2024-03-04T14:14:49.801+0000] {processor.py:183} INFO - Processing /opt/airflow/dags/welcome_dag.py took 0.166 seconds
[2024-03-04T14:15:20.202+0000] {processor.py:161} INFO - Started process (PID=299) to work on /opt/airflow/dags/welcome_dag.py
[2024-03-04T14:15:20.203+0000] {processor.py:830} INFO - Processing file /opt/airflow/dags/welcome_dag.py for tasks to queue
[2024-03-04T14:15:20.205+0000] {logging_mixin.py:188} INFO - [2024-03-04T14:15:20.205+0000] {dagbag.py:540} INFO - Filling up the DagBag from /opt/airflow/dags/welcome_dag.py
[2024-03-04T14:15:20.235+0000] {processor.py:840} INFO - DAG(s) 'welcome_dag' retrieved from /opt/airflow/dags/welcome_dag.py
[2024-03-04T14:15:20.268+0000] {logging_mixin.py:188} INFO - [2024-03-04T14:15:20.267+0000] {dag.py:3047} INFO - Sync 1 DAGs
[2024-03-04T14:15:20.296+0000] {logging_mixin.py:188} INFO - [2024-03-04T14:15:20.296+0000] {dag.py:3834} INFO - Setting next_dagrun for welcome_dag to 2024-03-03 23:00:00+00:00, run_after=2024-03-04 23:00:00+00:00
[2024-03-04T14:15:20.365+0000] {processor.py:183} INFO - Processing /opt/airflow/dags/welcome_dag.py took 0.166 seconds
[2024-03-04T14:15:50.636+0000] {processor.py:161} INFO - Started process (PID=301) to work on /opt/airflow/dags/welcome_dag.py
[2024-03-04T14:15:50.637+0000] {processor.py:830} INFO - Processing file /opt/airflow/dags/welcome_dag.py for tasks to queue
[2024-03-04T14:15:50.640+0000] {logging_mixin.py:188} INFO - [2024-03-04T14:15:50.640+0000] {dagbag.py:540} INFO - Filling up the DagBag from /opt/airflow/dags/welcome_dag.py
[2024-03-04T14:15:50.666+0000] {processor.py:840} INFO - DAG(s) 'welcome_dag' retrieved from /opt/airflow/dags/welcome_dag.py
[2024-03-04T14:15:50.697+0000] {logging_mixin.py:188} INFO - [2024-03-04T14:15:50.696+0000] {dag.py:3047} INFO - Sync 1 DAGs
[2024-03-04T14:15:50.724+0000] {logging_mixin.py:188} INFO - [2024-03-04T14:15:50.723+0000] {dag.py:3834} INFO - Setting next_dagrun for welcome_dag to 2024-03-03 23:00:00+00:00, run_after=2024-03-04 23:00:00+00:00
[2024-03-04T14:15:50.801+0000] {processor.py:183} INFO - Processing /opt/airflow/dags/welcome_dag.py took 0.168 seconds
[2024-03-04T14:16:21.211+0000] {processor.py:161} INFO - Started process (PID=303) to work on /opt/airflow/dags/welcome_dag.py
[2024-03-04T14:16:21.215+0000] {processor.py:830} INFO - Processing file /opt/airflow/dags/welcome_dag.py for tasks to queue
[2024-03-04T14:16:21.225+0000] {logging_mixin.py:188} INFO - [2024-03-04T14:16:21.224+0000] {dagbag.py:540} INFO - Filling up the DagBag from /opt/airflow/dags/welcome_dag.py
[2024-03-04T14:16:21.263+0000] {processor.py:840} INFO - DAG(s) 'welcome_dag' retrieved from /opt/airflow/dags/welcome_dag.py
[2024-03-04T14:16:21.299+0000] {logging_mixin.py:188} INFO - [2024-03-04T14:16:21.299+0000] {dag.py:3047} INFO - Sync 1 DAGs
[2024-03-04T14:16:21.326+0000] {logging_mixin.py:188} INFO - [2024-03-04T14:16:21.326+0000] {dag.py:3834} INFO - Setting next_dagrun for welcome_dag to 2024-03-03 23:00:00+00:00, run_after=2024-03-04 23:00:00+00:00
[2024-03-04T14:16:21.407+0000] {processor.py:183} INFO - Processing /opt/airflow/dags/welcome_dag.py took 0.208 seconds
[2024-03-04T14:16:51.820+0000] {processor.py:161} INFO - Started process (PID=305) to work on /opt/airflow/dags/welcome_dag.py
[2024-03-04T14:16:51.821+0000] {processor.py:830} INFO - Processing file /opt/airflow/dags/welcome_dag.py for tasks to queue
[2024-03-04T14:16:51.823+0000] {logging_mixin.py:188} INFO - [2024-03-04T14:16:51.823+0000] {dagbag.py:540} INFO - Filling up the DagBag from /opt/airflow/dags/welcome_dag.py
[2024-03-04T14:16:51.849+0000] {processor.py:840} INFO - DAG(s) 'welcome_dag' retrieved from /opt/airflow/dags/welcome_dag.py
[2024-03-04T14:16:51.881+0000] {logging_mixin.py:188} INFO - [2024-03-04T14:16:51.880+0000] {dag.py:3047} INFO - Sync 1 DAGs
[2024-03-04T14:16:51.908+0000] {logging_mixin.py:188} INFO - [2024-03-04T14:16:51.907+0000] {dag.py:3834} INFO - Setting next_dagrun for welcome_dag to 2024-03-03 23:00:00+00:00, run_after=2024-03-04 23:00:00+00:00
[2024-03-04T14:16:51.996+0000] {processor.py:183} INFO - Processing /opt/airflow/dags/welcome_dag.py took 0.180 seconds
[2024-03-04T14:17:22.347+0000] {processor.py:161} INFO - Started process (PID=307) to work on /opt/airflow/dags/welcome_dag.py
[2024-03-04T14:17:22.348+0000] {processor.py:830} INFO - Processing file /opt/airflow/dags/welcome_dag.py for tasks to queue
[2024-03-04T14:17:22.351+0000] {logging_mixin.py:188} INFO - [2024-03-04T14:17:22.350+0000] {dagbag.py:540} INFO - Filling up the DagBag from /opt/airflow/dags/welcome_dag.py
[2024-03-04T14:17:22.378+0000] {processor.py:840} INFO - DAG(s) 'welcome_dag' retrieved from /opt/airflow/dags/welcome_dag.py
[2024-03-04T14:17:22.412+0000] {logging_mixin.py:188} INFO - [2024-03-04T14:17:22.412+0000] {dag.py:3047} INFO - Sync 1 DAGs
[2024-03-04T14:17:22.441+0000] {logging_mixin.py:188} INFO - [2024-03-04T14:17:22.440+0000] {dag.py:3834} INFO - Setting next_dagrun for welcome_dag to 2024-03-03 23:00:00+00:00, run_after=2024-03-04 23:00:00+00:00
[2024-03-04T14:17:22.516+0000] {processor.py:183} INFO - Processing /opt/airflow/dags/welcome_dag.py took 0.173 seconds
[2024-03-04T14:17:52.757+0000] {processor.py:161} INFO - Started process (PID=309) to work on /opt/airflow/dags/welcome_dag.py
[2024-03-04T14:17:52.758+0000] {processor.py:830} INFO - Processing file /opt/airflow/dags/welcome_dag.py for tasks to queue
[2024-03-04T14:17:52.760+0000] {logging_mixin.py:188} INFO - [2024-03-04T14:17:52.760+0000] {dagbag.py:540} INFO - Filling up the DagBag from /opt/airflow/dags/welcome_dag.py
[2024-03-04T14:17:52.792+0000] {processor.py:840} INFO - DAG(s) 'welcome_dag' retrieved from /opt/airflow/dags/welcome_dag.py
[2024-03-04T14:17:52.828+0000] {logging_mixin.py:188} INFO - [2024-03-04T14:17:52.828+0000] {dag.py:3047} INFO - Sync 1 DAGs
[2024-03-04T14:17:52.855+0000] {logging_mixin.py:188} INFO - [2024-03-04T14:17:52.855+0000] {dag.py:3834} INFO - Setting next_dagrun for welcome_dag to 2024-03-03 23:00:00+00:00, run_after=2024-03-04 23:00:00+00:00
[2024-03-04T14:17:52.925+0000] {processor.py:183} INFO - Processing /opt/airflow/dags/welcome_dag.py took 0.171 seconds
[2024-03-04T14:18:23.426+0000] {processor.py:161} INFO - Started process (PID=311) to work on /opt/airflow/dags/welcome_dag.py
[2024-03-04T14:18:23.427+0000] {processor.py:830} INFO - Processing file /opt/airflow/dags/welcome_dag.py for tasks to queue
[2024-03-04T14:18:23.430+0000] {logging_mixin.py:188} INFO - [2024-03-04T14:18:23.430+0000] {dagbag.py:540} INFO - Filling up the DagBag from /opt/airflow/dags/welcome_dag.py
[2024-03-04T14:18:23.455+0000] {processor.py:840} INFO - DAG(s) 'welcome_dag' retrieved from /opt/airflow/dags/welcome_dag.py
[2024-03-04T14:18:23.487+0000] {logging_mixin.py:188} INFO - [2024-03-04T14:18:23.486+0000] {dag.py:3047} INFO - Sync 1 DAGs
[2024-03-04T14:18:23.516+0000] {logging_mixin.py:188} INFO - [2024-03-04T14:18:23.515+0000] {dag.py:3834} INFO - Setting next_dagrun for welcome_dag to 2024-03-03 23:00:00+00:00, run_after=2024-03-04 23:00:00+00:00
[2024-03-04T14:18:23.583+0000] {processor.py:183} INFO - Processing /opt/airflow/dags/welcome_dag.py took 0.159 seconds
[2024-03-04T14:18:53.685+0000] {processor.py:161} INFO - Started process (PID=313) to work on /opt/airflow/dags/welcome_dag.py
[2024-03-04T14:18:53.686+0000] {processor.py:830} INFO - Processing file /opt/airflow/dags/welcome_dag.py for tasks to queue
[2024-03-04T14:18:53.688+0000] {logging_mixin.py:188} INFO - [2024-03-04T14:18:53.688+0000] {dagbag.py:540} INFO - Filling up the DagBag from /opt/airflow/dags/welcome_dag.py
[2024-03-04T14:18:53.713+0000] {processor.py:840} INFO - DAG(s) 'welcome_dag' retrieved from /opt/airflow/dags/welcome_dag.py
[2024-03-04T14:18:53.741+0000] {logging_mixin.py:188} INFO - [2024-03-04T14:18:53.741+0000] {dag.py:3047} INFO - Sync 1 DAGs
[2024-03-04T14:18:53.768+0000] {logging_mixin.py:188} INFO - [2024-03-04T14:18:53.768+0000] {dag.py:3834} INFO - Setting next_dagrun for welcome_dag to 2024-03-03 23:00:00+00:00, run_after=2024-03-04 23:00:00+00:00
[2024-03-04T14:18:53.848+0000] {processor.py:183} INFO - Processing /opt/airflow/dags/welcome_dag.py took 0.166 seconds
[2024-03-04T14:19:24.290+0000] {processor.py:161} INFO - Started process (PID=315) to work on /opt/airflow/dags/welcome_dag.py
[2024-03-04T14:19:24.292+0000] {processor.py:830} INFO - Processing file /opt/airflow/dags/welcome_dag.py for tasks to queue
[2024-03-04T14:19:24.294+0000] {logging_mixin.py:188} INFO - [2024-03-04T14:19:24.293+0000] {dagbag.py:540} INFO - Filling up the DagBag from /opt/airflow/dags/welcome_dag.py
[2024-03-04T14:19:24.321+0000] {processor.py:840} INFO - DAG(s) 'welcome_dag' retrieved from /opt/airflow/dags/welcome_dag.py
[2024-03-04T14:19:24.351+0000] {logging_mixin.py:188} INFO - [2024-03-04T14:19:24.351+0000] {dag.py:3047} INFO - Sync 1 DAGs
[2024-03-04T14:19:24.384+0000] {logging_mixin.py:188} INFO - [2024-03-04T14:19:24.383+0000] {dag.py:3834} INFO - Setting next_dagrun for welcome_dag to 2024-03-03 23:00:00+00:00, run_after=2024-03-04 23:00:00+00:00
[2024-03-04T14:19:24.457+0000] {processor.py:183} INFO - Processing /opt/airflow/dags/welcome_dag.py took 0.170 seconds
[2024-03-04T14:19:54.549+0000] {processor.py:161} INFO - Started process (PID=317) to work on /opt/airflow/dags/welcome_dag.py
[2024-03-04T14:19:54.551+0000] {processor.py:830} INFO - Processing file /opt/airflow/dags/welcome_dag.py for tasks to queue
[2024-03-04T14:19:54.554+0000] {logging_mixin.py:188} INFO - [2024-03-04T14:19:54.554+0000] {dagbag.py:540} INFO - Filling up the DagBag from /opt/airflow/dags/welcome_dag.py
[2024-03-04T14:19:54.581+0000] {processor.py:840} INFO - DAG(s) 'welcome_dag' retrieved from /opt/airflow/dags/welcome_dag.py
[2024-03-04T14:19:54.609+0000] {logging_mixin.py:188} INFO - [2024-03-04T14:19:54.609+0000] {dag.py:3047} INFO - Sync 1 DAGs
[2024-03-04T14:19:54.640+0000] {logging_mixin.py:188} INFO - [2024-03-04T14:19:54.640+0000] {dag.py:3834} INFO - Setting next_dagrun for welcome_dag to 2024-03-03 23:00:00+00:00, run_after=2024-03-04 23:00:00+00:00
[2024-03-04T14:19:54.708+0000] {processor.py:183} INFO - Processing /opt/airflow/dags/welcome_dag.py took 0.171 seconds
[2024-03-04T14:20:25.034+0000] {processor.py:161} INFO - Started process (PID=319) to work on /opt/airflow/dags/welcome_dag.py
[2024-03-04T14:20:25.035+0000] {processor.py:830} INFO - Processing file /opt/airflow/dags/welcome_dag.py for tasks to queue
[2024-03-04T14:20:25.037+0000] {logging_mixin.py:188} INFO - [2024-03-04T14:20:25.036+0000] {dagbag.py:540} INFO - Filling up the DagBag from /opt/airflow/dags/welcome_dag.py
[2024-03-04T14:20:25.065+0000] {processor.py:840} INFO - DAG(s) 'welcome_dag' retrieved from /opt/airflow/dags/welcome_dag.py
[2024-03-04T14:20:25.095+0000] {logging_mixin.py:188} INFO - [2024-03-04T14:20:25.095+0000] {dag.py:3047} INFO - Sync 1 DAGs
[2024-03-04T14:20:25.123+0000] {logging_mixin.py:188} INFO - [2024-03-04T14:20:25.123+0000] {dag.py:3834} INFO - Setting next_dagrun for welcome_dag to 2024-03-03 23:00:00+00:00, run_after=2024-03-04 23:00:00+00:00
[2024-03-04T14:20:25.202+0000] {processor.py:183} INFO - Processing /opt/airflow/dags/welcome_dag.py took 0.171 seconds
[2024-03-04T14:20:55.466+0000] {processor.py:161} INFO - Started process (PID=321) to work on /opt/airflow/dags/welcome_dag.py
[2024-03-04T14:20:55.467+0000] {processor.py:830} INFO - Processing file /opt/airflow/dags/welcome_dag.py for tasks to queue
[2024-03-04T14:20:55.469+0000] {logging_mixin.py:188} INFO - [2024-03-04T14:20:55.469+0000] {dagbag.py:540} INFO - Filling up the DagBag from /opt/airflow/dags/welcome_dag.py
[2024-03-04T14:20:55.493+0000] {processor.py:840} INFO - DAG(s) 'welcome_dag' retrieved from /opt/airflow/dags/welcome_dag.py
[2024-03-04T14:20:55.522+0000] {logging_mixin.py:188} INFO - [2024-03-04T14:20:55.522+0000] {dag.py:3047} INFO - Sync 1 DAGs
[2024-03-04T14:20:55.549+0000] {logging_mixin.py:188} INFO - [2024-03-04T14:20:55.549+0000] {dag.py:3834} INFO - Setting next_dagrun for welcome_dag to 2024-03-03 23:00:00+00:00, run_after=2024-03-04 23:00:00+00:00
[2024-03-04T14:20:55.616+0000] {processor.py:183} INFO - Processing /opt/airflow/dags/welcome_dag.py took 0.153 seconds
[2024-03-04T14:21:26.032+0000] {processor.py:161} INFO - Started process (PID=323) to work on /opt/airflow/dags/welcome_dag.py
[2024-03-04T14:21:26.033+0000] {processor.py:830} INFO - Processing file /opt/airflow/dags/welcome_dag.py for tasks to queue
[2024-03-04T14:21:26.035+0000] {logging_mixin.py:188} INFO - [2024-03-04T14:21:26.035+0000] {dagbag.py:540} INFO - Filling up the DagBag from /opt/airflow/dags/welcome_dag.py
[2024-03-04T14:21:26.058+0000] {processor.py:840} INFO - DAG(s) 'welcome_dag' retrieved from /opt/airflow/dags/welcome_dag.py
[2024-03-04T14:21:26.085+0000] {logging_mixin.py:188} INFO - [2024-03-04T14:21:26.085+0000] {dag.py:3047} INFO - Sync 1 DAGs
[2024-03-04T14:21:26.111+0000] {logging_mixin.py:188} INFO - [2024-03-04T14:21:26.111+0000] {dag.py:3834} INFO - Setting next_dagrun for welcome_dag to 2024-03-03 23:00:00+00:00, run_after=2024-03-04 23:00:00+00:00
[2024-03-04T14:21:26.187+0000] {processor.py:183} INFO - Processing /opt/airflow/dags/welcome_dag.py took 0.158 seconds
[2024-03-04T14:21:56.494+0000] {processor.py:161} INFO - Started process (PID=325) to work on /opt/airflow/dags/welcome_dag.py
[2024-03-04T14:21:56.495+0000] {processor.py:830} INFO - Processing file /opt/airflow/dags/welcome_dag.py for tasks to queue
[2024-03-04T14:21:56.498+0000] {logging_mixin.py:188} INFO - [2024-03-04T14:21:56.497+0000] {dagbag.py:540} INFO - Filling up the DagBag from /opt/airflow/dags/welcome_dag.py
[2024-03-04T14:21:56.524+0000] {processor.py:840} INFO - DAG(s) 'welcome_dag' retrieved from /opt/airflow/dags/welcome_dag.py
[2024-03-04T14:21:56.548+0000] {logging_mixin.py:188} INFO - [2024-03-04T14:21:56.548+0000] {dag.py:3047} INFO - Sync 1 DAGs
[2024-03-04T14:21:56.572+0000] {logging_mixin.py:188} INFO - [2024-03-04T14:21:56.572+0000] {dag.py:3834} INFO - Setting next_dagrun for welcome_dag to 2024-03-03 23:00:00+00:00, run_after=2024-03-04 23:00:00+00:00
[2024-03-04T14:21:56.695+0000] {processor.py:183} INFO - Processing /opt/airflow/dags/welcome_dag.py took 0.204 seconds
[2024-03-04T14:22:26.862+0000] {processor.py:161} INFO - Started process (PID=327) to work on /opt/airflow/dags/welcome_dag.py
[2024-03-04T14:22:26.863+0000] {processor.py:830} INFO - Processing file /opt/airflow/dags/welcome_dag.py for tasks to queue
[2024-03-04T14:22:26.866+0000] {logging_mixin.py:188} INFO - [2024-03-04T14:22:26.865+0000] {dagbag.py:540} INFO - Filling up the DagBag from /opt/airflow/dags/welcome_dag.py
[2024-03-04T14:22:26.892+0000] {processor.py:840} INFO - DAG(s) 'welcome_dag' retrieved from /opt/airflow/dags/welcome_dag.py
[2024-03-04T14:22:26.926+0000] {logging_mixin.py:188} INFO - [2024-03-04T14:22:26.925+0000] {dag.py:3047} INFO - Sync 1 DAGs
[2024-03-04T14:22:26.955+0000] {logging_mixin.py:188} INFO - [2024-03-04T14:22:26.955+0000] {dag.py:3834} INFO - Setting next_dagrun for welcome_dag to 2024-03-03 23:00:00+00:00, run_after=2024-03-04 23:00:00+00:00
[2024-03-04T14:22:27.029+0000] {processor.py:183} INFO - Processing /opt/airflow/dags/welcome_dag.py took 0.170 seconds
[2024-03-04T14:22:57.578+0000] {processor.py:161} INFO - Started process (PID=329) to work on /opt/airflow/dags/welcome_dag.py
[2024-03-04T14:22:57.579+0000] {processor.py:830} INFO - Processing file /opt/airflow/dags/welcome_dag.py for tasks to queue
[2024-03-04T14:22:57.581+0000] {logging_mixin.py:188} INFO - [2024-03-04T14:22:57.580+0000] {dagbag.py:540} INFO - Filling up the DagBag from /opt/airflow/dags/welcome_dag.py
[2024-03-04T14:22:57.606+0000] {processor.py:840} INFO - DAG(s) 'welcome_dag' retrieved from /opt/airflow/dags/welcome_dag.py
[2024-03-04T14:22:57.636+0000] {logging_mixin.py:188} INFO - [2024-03-04T14:22:57.635+0000] {dag.py:3047} INFO - Sync 1 DAGs
[2024-03-04T14:22:57.663+0000] {logging_mixin.py:188} INFO - [2024-03-04T14:22:57.663+0000] {dag.py:3834} INFO - Setting next_dagrun for welcome_dag to 2024-03-03 23:00:00+00:00, run_after=2024-03-04 23:00:00+00:00
[2024-03-04T14:22:57.733+0000] {processor.py:183} INFO - Processing /opt/airflow/dags/welcome_dag.py took 0.158 seconds
[2024-03-04T14:23:28.016+0000] {processor.py:161} INFO - Started process (PID=331) to work on /opt/airflow/dags/welcome_dag.py
[2024-03-04T14:23:28.017+0000] {processor.py:830} INFO - Processing file /opt/airflow/dags/welcome_dag.py for tasks to queue
[2024-03-04T14:23:28.019+0000] {logging_mixin.py:188} INFO - [2024-03-04T14:23:28.018+0000] {dagbag.py:540} INFO - Filling up the DagBag from /opt/airflow/dags/welcome_dag.py
[2024-03-04T14:23:28.044+0000] {processor.py:840} INFO - DAG(s) 'welcome_dag' retrieved from /opt/airflow/dags/welcome_dag.py
[2024-03-04T14:23:28.073+0000] {logging_mixin.py:188} INFO - [2024-03-04T14:23:28.073+0000] {dag.py:3047} INFO - Sync 1 DAGs
[2024-03-04T14:23:28.102+0000] {logging_mixin.py:188} INFO - [2024-03-04T14:23:28.102+0000] {dag.py:3834} INFO - Setting next_dagrun for welcome_dag to 2024-03-03 23:00:00+00:00, run_after=2024-03-04 23:00:00+00:00
[2024-03-04T14:23:28.173+0000] {processor.py:183} INFO - Processing /opt/airflow/dags/welcome_dag.py took 0.160 seconds
[2024-03-04T14:23:58.607+0000] {processor.py:161} INFO - Started process (PID=333) to work on /opt/airflow/dags/welcome_dag.py
[2024-03-04T14:23:58.608+0000] {processor.py:830} INFO - Processing file /opt/airflow/dags/welcome_dag.py for tasks to queue
[2024-03-04T14:23:58.611+0000] {logging_mixin.py:188} INFO - [2024-03-04T14:23:58.610+0000] {dagbag.py:540} INFO - Filling up the DagBag from /opt/airflow/dags/welcome_dag.py
[2024-03-04T14:23:58.636+0000] {processor.py:840} INFO - DAG(s) 'welcome_dag' retrieved from /opt/airflow/dags/welcome_dag.py
[2024-03-04T14:23:58.666+0000] {logging_mixin.py:188} INFO - [2024-03-04T14:23:58.665+0000] {dag.py:3047} INFO - Sync 1 DAGs
[2024-03-04T14:23:58.693+0000] {logging_mixin.py:188} INFO - [2024-03-04T14:23:58.693+0000] {dag.py:3834} INFO - Setting next_dagrun for welcome_dag to 2024-03-03 23:00:00+00:00, run_after=2024-03-04 23:00:00+00:00
[2024-03-04T14:23:58.765+0000] {processor.py:183} INFO - Processing /opt/airflow/dags/welcome_dag.py took 0.160 seconds
[2024-03-04T14:24:29.208+0000] {processor.py:161} INFO - Started process (PID=335) to work on /opt/airflow/dags/welcome_dag.py
[2024-03-04T14:24:29.209+0000] {processor.py:830} INFO - Processing file /opt/airflow/dags/welcome_dag.py for tasks to queue
[2024-03-04T14:24:29.211+0000] {logging_mixin.py:188} INFO - [2024-03-04T14:24:29.211+0000] {dagbag.py:540} INFO - Filling up the DagBag from /opt/airflow/dags/welcome_dag.py
[2024-03-04T14:24:29.239+0000] {processor.py:840} INFO - DAG(s) 'welcome_dag' retrieved from /opt/airflow/dags/welcome_dag.py
[2024-03-04T14:24:29.264+0000] {logging_mixin.py:188} INFO - [2024-03-04T14:24:29.264+0000] {dag.py:3047} INFO - Sync 1 DAGs
[2024-03-04T14:24:29.292+0000] {logging_mixin.py:188} INFO - [2024-03-04T14:24:29.291+0000] {dag.py:3834} INFO - Setting next_dagrun for welcome_dag to 2024-03-03 23:00:00+00:00, run_after=2024-03-04 23:00:00+00:00
[2024-03-04T14:24:29.361+0000] {processor.py:183} INFO - Processing /opt/airflow/dags/welcome_dag.py took 0.156 seconds
[2024-03-04T14:24:59.795+0000] {processor.py:161} INFO - Started process (PID=337) to work on /opt/airflow/dags/welcome_dag.py
[2024-03-04T14:24:59.796+0000] {processor.py:830} INFO - Processing file /opt/airflow/dags/welcome_dag.py for tasks to queue
[2024-03-04T14:24:59.798+0000] {logging_mixin.py:188} INFO - [2024-03-04T14:24:59.798+0000] {dagbag.py:540} INFO - Filling up the DagBag from /opt/airflow/dags/welcome_dag.py
[2024-03-04T14:24:59.822+0000] {processor.py:840} INFO - DAG(s) 'welcome_dag' retrieved from /opt/airflow/dags/welcome_dag.py
[2024-03-04T14:24:59.850+0000] {logging_mixin.py:188} INFO - [2024-03-04T14:24:59.850+0000] {dag.py:3047} INFO - Sync 1 DAGs
[2024-03-04T14:24:59.876+0000] {logging_mixin.py:188} INFO - [2024-03-04T14:24:59.876+0000] {dag.py:3834} INFO - Setting next_dagrun for welcome_dag to 2024-03-03 23:00:00+00:00, run_after=2024-03-04 23:00:00+00:00
[2024-03-04T14:24:59.943+0000] {processor.py:183} INFO - Processing /opt/airflow/dags/welcome_dag.py took 0.152 seconds
[2024-03-04T14:25:30.311+0000] {processor.py:161} INFO - Started process (PID=339) to work on /opt/airflow/dags/welcome_dag.py
[2024-03-04T14:25:30.312+0000] {processor.py:830} INFO - Processing file /opt/airflow/dags/welcome_dag.py for tasks to queue
[2024-03-04T14:25:30.315+0000] {logging_mixin.py:188} INFO - [2024-03-04T14:25:30.314+0000] {dagbag.py:540} INFO - Filling up the DagBag from /opt/airflow/dags/welcome_dag.py
[2024-03-04T14:25:30.342+0000] {processor.py:840} INFO - DAG(s) 'welcome_dag' retrieved from /opt/airflow/dags/welcome_dag.py
[2024-03-04T14:25:30.405+0000] {logging_mixin.py:188} INFO - [2024-03-04T14:25:30.404+0000] {dag.py:3047} INFO - Sync 1 DAGs
[2024-03-04T14:25:30.432+0000] {logging_mixin.py:188} INFO - [2024-03-04T14:25:30.431+0000] {dag.py:3834} INFO - Setting next_dagrun for welcome_dag to 2024-03-03 23:00:00+00:00, run_after=2024-03-04 23:00:00+00:00
[2024-03-04T14:25:30.517+0000] {processor.py:183} INFO - Processing /opt/airflow/dags/welcome_dag.py took 0.208 seconds
[2024-03-04T14:26:00.699+0000] {processor.py:161} INFO - Started process (PID=341) to work on /opt/airflow/dags/welcome_dag.py
[2024-03-04T14:26:00.700+0000] {processor.py:830} INFO - Processing file /opt/airflow/dags/welcome_dag.py for tasks to queue
[2024-03-04T14:26:00.702+0000] {logging_mixin.py:188} INFO - [2024-03-04T14:26:00.702+0000] {dagbag.py:540} INFO - Filling up the DagBag from /opt/airflow/dags/welcome_dag.py
[2024-03-04T14:26:00.725+0000] {processor.py:840} INFO - DAG(s) 'welcome_dag' retrieved from /opt/airflow/dags/welcome_dag.py
[2024-03-04T14:26:00.753+0000] {logging_mixin.py:188} INFO - [2024-03-04T14:26:00.753+0000] {dag.py:3047} INFO - Sync 1 DAGs
[2024-03-04T14:26:00.779+0000] {logging_mixin.py:188} INFO - [2024-03-04T14:26:00.779+0000] {dag.py:3834} INFO - Setting next_dagrun for welcome_dag to 2024-03-03 23:00:00+00:00, run_after=2024-03-04 23:00:00+00:00
[2024-03-04T14:26:00.845+0000] {processor.py:183} INFO - Processing /opt/airflow/dags/welcome_dag.py took 0.149 seconds
[2024-03-04T14:26:31.266+0000] {processor.py:161} INFO - Started process (PID=343) to work on /opt/airflow/dags/welcome_dag.py
[2024-03-04T14:26:31.268+0000] {processor.py:830} INFO - Processing file /opt/airflow/dags/welcome_dag.py for tasks to queue
[2024-03-04T14:26:31.270+0000] {logging_mixin.py:188} INFO - [2024-03-04T14:26:31.270+0000] {dagbag.py:540} INFO - Filling up the DagBag from /opt/airflow/dags/welcome_dag.py
[2024-03-04T14:26:31.295+0000] {processor.py:840} INFO - DAG(s) 'welcome_dag' retrieved from /opt/airflow/dags/welcome_dag.py
[2024-03-04T14:26:31.324+0000] {logging_mixin.py:188} INFO - [2024-03-04T14:26:31.323+0000] {dag.py:3047} INFO - Sync 1 DAGs
[2024-03-04T14:26:31.350+0000] {logging_mixin.py:188} INFO - [2024-03-04T14:26:31.350+0000] {dag.py:3834} INFO - Setting next_dagrun for welcome_dag to 2024-03-03 23:00:00+00:00, run_after=2024-03-04 23:00:00+00:00
[2024-03-04T14:26:31.419+0000] {processor.py:183} INFO - Processing /opt/airflow/dags/welcome_dag.py took 0.155 seconds
[2024-03-04T14:27:01.671+0000] {processor.py:161} INFO - Started process (PID=345) to work on /opt/airflow/dags/welcome_dag.py
[2024-03-04T14:27:01.672+0000] {processor.py:830} INFO - Processing file /opt/airflow/dags/welcome_dag.py for tasks to queue
[2024-03-04T14:27:01.675+0000] {logging_mixin.py:188} INFO - [2024-03-04T14:27:01.674+0000] {dagbag.py:540} INFO - Filling up the DagBag from /opt/airflow/dags/welcome_dag.py
[2024-03-04T14:27:01.698+0000] {processor.py:840} INFO - DAG(s) 'welcome_dag' retrieved from /opt/airflow/dags/welcome_dag.py
[2024-03-04T14:27:01.727+0000] {logging_mixin.py:188} INFO - [2024-03-04T14:27:01.726+0000] {dag.py:3047} INFO - Sync 1 DAGs
[2024-03-04T14:27:01.753+0000] {logging_mixin.py:188} INFO - [2024-03-04T14:27:01.753+0000] {dag.py:3834} INFO - Setting next_dagrun for welcome_dag to 2024-03-03 23:00:00+00:00, run_after=2024-03-04 23:00:00+00:00
[2024-03-04T14:27:01.821+0000] {processor.py:183} INFO - Processing /opt/airflow/dags/welcome_dag.py took 0.152 seconds
[2024-03-04T14:27:32.847+0000] {processor.py:161} INFO - Started process (PID=347) to work on /opt/airflow/dags/welcome_dag.py
[2024-03-04T14:27:32.848+0000] {processor.py:830} INFO - Processing file /opt/airflow/dags/welcome_dag.py for tasks to queue
[2024-03-04T14:27:32.850+0000] {logging_mixin.py:188} INFO - [2024-03-04T14:27:32.850+0000] {dagbag.py:540} INFO - Filling up the DagBag from /opt/airflow/dags/welcome_dag.py
[2024-03-04T14:27:32.873+0000] {processor.py:840} INFO - DAG(s) 'welcome_dag' retrieved from /opt/airflow/dags/welcome_dag.py
[2024-03-04T14:27:32.903+0000] {logging_mixin.py:188} INFO - [2024-03-04T14:27:32.902+0000] {dag.py:3047} INFO - Sync 1 DAGs
[2024-03-04T14:27:32.929+0000] {logging_mixin.py:188} INFO - [2024-03-04T14:27:32.928+0000] {dag.py:3834} INFO - Setting next_dagrun for welcome_dag to 2024-03-03 23:00:00+00:00, run_after=2024-03-04 23:00:00+00:00
[2024-03-04T14:27:33.026+0000] {processor.py:183} INFO - Processing /opt/airflow/dags/welcome_dag.py took 0.182 seconds
[2024-03-04T14:33:24.088+0000] {processor.py:161} INFO - Started process (PID=357) to work on /opt/airflow/dags/welcome_dag.py
[2024-03-04T14:33:24.103+0000] {processor.py:830} INFO - Processing file /opt/airflow/dags/welcome_dag.py for tasks to queue
[2024-03-04T14:33:24.105+0000] {logging_mixin.py:188} INFO - [2024-03-04T14:33:24.105+0000] {dagbag.py:540} INFO - Filling up the DagBag from /opt/airflow/dags/welcome_dag.py
[2024-03-04T14:33:24.136+0000] {processor.py:840} INFO - DAG(s) 'welcome_dag' retrieved from /opt/airflow/dags/welcome_dag.py
[2024-03-04T14:33:24.213+0000] {logging_mixin.py:188} INFO - [2024-03-04T14:33:24.210+0000] {dag.py:3047} INFO - Sync 1 DAGs
[2024-03-04T14:33:24.781+0000] {logging_mixin.py:188} INFO - [2024-03-04T14:33:24.780+0000] {dag.py:3834} INFO - Setting next_dagrun for welcome_dag to 2024-03-03 23:00:00+00:00, run_after=2024-03-04 23:00:00+00:00
[2024-03-04T14:33:25.164+0000] {processor.py:183} INFO - Processing /opt/airflow/dags/welcome_dag.py took 1.095 seconds
