[2024-03-09T05:36:03.045+0000] {processor.py:161} INFO - Started process (PID=55) to work on /opt/airflow/dags/AIRLINES_DATA_ETL_DAG.py
[2024-03-09T05:36:03.046+0000] {processor.py:830} INFO - Processing file /opt/airflow/dags/AIRLINES_DATA_ETL_DAG.py for tasks to queue
[2024-03-09T05:36:03.051+0000] {logging_mixin.py:188} INFO - [2024-03-09T05:36:03.050+0000] {dagbag.py:540} INFO - Filling up the DagBag from /opt/airflow/dags/AIRLINES_DATA_ETL_DAG.py
[2024-03-09T05:36:03.167+0000] {processor.py:840} INFO - DAG(s) 'AIRLINES_ETL_PIPELINE' retrieved from /opt/airflow/dags/AIRLINES_DATA_ETL_DAG.py
[2024-03-09T05:36:03.181+0000] {logging_mixin.py:188} INFO - [2024-03-09T05:36:03.180+0000] {dag.py:3047} INFO - Sync 1 DAGs
[2024-03-09T05:36:03.221+0000] {logging_mixin.py:188} INFO - [2024-03-09T05:36:03.221+0000] {dag.py:3834} INFO - Setting next_dagrun for AIRLINES_ETL_PIPELINE to 2024-03-28 12:00:00+00:00, run_after=2024-04-28 12:00:00+00:00
[2024-03-09T05:36:03.308+0000] {processor.py:183} INFO - Processing /opt/airflow/dags/AIRLINES_DATA_ETL_DAG.py took 0.267 seconds
[2024-03-09T05:36:33.931+0000] {processor.py:161} INFO - Started process (PID=76) to work on /opt/airflow/dags/AIRLINES_DATA_ETL_DAG.py
[2024-03-09T05:36:33.961+0000] {processor.py:830} INFO - Processing file /opt/airflow/dags/AIRLINES_DATA_ETL_DAG.py for tasks to queue
[2024-03-09T05:36:33.975+0000] {logging_mixin.py:188} INFO - [2024-03-09T05:36:33.972+0000] {dagbag.py:540} INFO - Filling up the DagBag from /opt/airflow/dags/AIRLINES_DATA_ETL_DAG.py
[2024-03-09T05:36:34.467+0000] {processor.py:840} INFO - DAG(s) 'AIRLINES_ETL_PIPELINE' retrieved from /opt/airflow/dags/AIRLINES_DATA_ETL_DAG.py
[2024-03-09T05:36:34.770+0000] {logging_mixin.py:188} INFO - [2024-03-09T05:36:34.770+0000] {dag.py:3047} INFO - Sync 1 DAGs
[2024-03-09T05:36:34.839+0000] {logging_mixin.py:188} INFO - [2024-03-09T05:36:34.839+0000] {dag.py:3834} INFO - Setting next_dagrun for AIRLINES_ETL_PIPELINE to 2024-03-28 12:00:00+00:00, run_after=2024-04-28 12:00:00+00:00
[2024-03-09T05:36:34.937+0000] {processor.py:183} INFO - Processing /opt/airflow/dags/AIRLINES_DATA_ETL_DAG.py took 1.037 seconds
[2024-03-09T05:37:05.719+0000] {processor.py:161} INFO - Started process (PID=78) to work on /opt/airflow/dags/AIRLINES_DATA_ETL_DAG.py
[2024-03-09T05:37:05.720+0000] {processor.py:830} INFO - Processing file /opt/airflow/dags/AIRLINES_DATA_ETL_DAG.py for tasks to queue
[2024-03-09T05:37:05.725+0000] {logging_mixin.py:188} INFO - [2024-03-09T05:37:05.724+0000] {dagbag.py:540} INFO - Filling up the DagBag from /opt/airflow/dags/AIRLINES_DATA_ETL_DAG.py
[2024-03-09T05:37:06.042+0000] {processor.py:840} INFO - DAG(s) 'AIRLINES_ETL_PIPELINE' retrieved from /opt/airflow/dags/AIRLINES_DATA_ETL_DAG.py
[2024-03-09T05:37:06.149+0000] {logging_mixin.py:188} INFO - [2024-03-09T05:37:06.148+0000] {dag.py:3047} INFO - Sync 1 DAGs
[2024-03-09T05:37:06.211+0000] {logging_mixin.py:188} INFO - [2024-03-09T05:37:06.211+0000] {dag.py:3834} INFO - Setting next_dagrun for AIRLINES_ETL_PIPELINE to 2024-03-28 12:00:00+00:00, run_after=2024-04-28 12:00:00+00:00
[2024-03-09T05:37:06.288+0000] {processor.py:183} INFO - Processing /opt/airflow/dags/AIRLINES_DATA_ETL_DAG.py took 0.573 seconds
[2024-03-09T05:37:36.749+0000] {processor.py:161} INFO - Started process (PID=80) to work on /opt/airflow/dags/AIRLINES_DATA_ETL_DAG.py
[2024-03-09T05:37:36.765+0000] {processor.py:830} INFO - Processing file /opt/airflow/dags/AIRLINES_DATA_ETL_DAG.py for tasks to queue
[2024-03-09T05:37:36.805+0000] {logging_mixin.py:188} INFO - [2024-03-09T05:37:36.799+0000] {dagbag.py:540} INFO - Filling up the DagBag from /opt/airflow/dags/AIRLINES_DATA_ETL_DAG.py
[2024-03-09T05:37:37.221+0000] {processor.py:840} INFO - DAG(s) 'AIRLINES_ETL_PIPELINE' retrieved from /opt/airflow/dags/AIRLINES_DATA_ETL_DAG.py
[2024-03-09T05:37:37.309+0000] {logging_mixin.py:188} INFO - [2024-03-09T05:37:37.309+0000] {dag.py:3047} INFO - Sync 1 DAGs
[2024-03-09T05:37:37.386+0000] {logging_mixin.py:188} INFO - [2024-03-09T05:37:37.386+0000] {dag.py:3834} INFO - Setting next_dagrun for AIRLINES_ETL_PIPELINE to 2024-03-28 12:00:00+00:00, run_after=2024-04-28 12:00:00+00:00
[2024-03-09T05:37:37.493+0000] {processor.py:183} INFO - Processing /opt/airflow/dags/AIRLINES_DATA_ETL_DAG.py took 0.754 seconds
[2024-03-09T05:38:07.782+0000] {processor.py:161} INFO - Started process (PID=82) to work on /opt/airflow/dags/AIRLINES_DATA_ETL_DAG.py
[2024-03-09T05:38:07.784+0000] {processor.py:830} INFO - Processing file /opt/airflow/dags/AIRLINES_DATA_ETL_DAG.py for tasks to queue
[2024-03-09T05:38:07.787+0000] {logging_mixin.py:188} INFO - [2024-03-09T05:38:07.787+0000] {dagbag.py:540} INFO - Filling up the DagBag from /opt/airflow/dags/AIRLINES_DATA_ETL_DAG.py
[2024-03-09T05:38:07.959+0000] {processor.py:840} INFO - DAG(s) 'AIRLINES_ETL_PIPELINE' retrieved from /opt/airflow/dags/AIRLINES_DATA_ETL_DAG.py
[2024-03-09T05:38:07.992+0000] {logging_mixin.py:188} INFO - [2024-03-09T05:38:07.992+0000] {dag.py:3047} INFO - Sync 1 DAGs
[2024-03-09T05:38:08.053+0000] {logging_mixin.py:188} INFO - [2024-03-09T05:38:08.052+0000] {dag.py:3834} INFO - Setting next_dagrun for AIRLINES_ETL_PIPELINE to 2024-03-28 12:00:00+00:00, run_after=2024-04-28 12:00:00+00:00
[2024-03-09T05:38:08.148+0000] {processor.py:183} INFO - Processing /opt/airflow/dags/AIRLINES_DATA_ETL_DAG.py took 0.372 seconds
[2024-03-09T05:38:38.487+0000] {processor.py:161} INFO - Started process (PID=84) to work on /opt/airflow/dags/AIRLINES_DATA_ETL_DAG.py
[2024-03-09T05:38:38.488+0000] {processor.py:830} INFO - Processing file /opt/airflow/dags/AIRLINES_DATA_ETL_DAG.py for tasks to queue
[2024-03-09T05:38:38.490+0000] {logging_mixin.py:188} INFO - [2024-03-09T05:38:38.489+0000] {dagbag.py:540} INFO - Filling up the DagBag from /opt/airflow/dags/AIRLINES_DATA_ETL_DAG.py
[2024-03-09T05:38:38.613+0000] {processor.py:840} INFO - DAG(s) 'AIRLINES_ETL_PIPELINE' retrieved from /opt/airflow/dags/AIRLINES_DATA_ETL_DAG.py
[2024-03-09T05:38:38.669+0000] {logging_mixin.py:188} INFO - [2024-03-09T05:38:38.668+0000] {dag.py:3047} INFO - Sync 1 DAGs
[2024-03-09T05:38:38.713+0000] {logging_mixin.py:188} INFO - [2024-03-09T05:38:38.713+0000] {dag.py:3834} INFO - Setting next_dagrun for AIRLINES_ETL_PIPELINE to 2024-03-28 12:00:00+00:00, run_after=2024-04-28 12:00:00+00:00
[2024-03-09T05:38:38.858+0000] {processor.py:183} INFO - Processing /opt/airflow/dags/AIRLINES_DATA_ETL_DAG.py took 0.374 seconds
[2024-03-09T05:39:09.191+0000] {processor.py:161} INFO - Started process (PID=86) to work on /opt/airflow/dags/AIRLINES_DATA_ETL_DAG.py
[2024-03-09T05:39:09.193+0000] {processor.py:830} INFO - Processing file /opt/airflow/dags/AIRLINES_DATA_ETL_DAG.py for tasks to queue
[2024-03-09T05:39:09.195+0000] {logging_mixin.py:188} INFO - [2024-03-09T05:39:09.195+0000] {dagbag.py:540} INFO - Filling up the DagBag from /opt/airflow/dags/AIRLINES_DATA_ETL_DAG.py
[2024-03-09T05:39:09.288+0000] {processor.py:840} INFO - DAG(s) 'AIRLINES_ETL_PIPELINE' retrieved from /opt/airflow/dags/AIRLINES_DATA_ETL_DAG.py
[2024-03-09T05:39:09.322+0000] {logging_mixin.py:188} INFO - [2024-03-09T05:39:09.321+0000] {dag.py:3047} INFO - Sync 1 DAGs
[2024-03-09T05:39:09.375+0000] {logging_mixin.py:188} INFO - [2024-03-09T05:39:09.375+0000] {dag.py:3834} INFO - Setting next_dagrun for AIRLINES_ETL_PIPELINE to 2024-03-28 12:00:00+00:00, run_after=2024-04-28 12:00:00+00:00
[2024-03-09T05:39:09.447+0000] {processor.py:183} INFO - Processing /opt/airflow/dags/AIRLINES_DATA_ETL_DAG.py took 0.259 seconds
[2024-03-09T05:39:40.053+0000] {processor.py:161} INFO - Started process (PID=88) to work on /opt/airflow/dags/AIRLINES_DATA_ETL_DAG.py
[2024-03-09T05:39:40.055+0000] {processor.py:830} INFO - Processing file /opt/airflow/dags/AIRLINES_DATA_ETL_DAG.py for tasks to queue
[2024-03-09T05:39:40.058+0000] {logging_mixin.py:188} INFO - [2024-03-09T05:39:40.057+0000] {dagbag.py:540} INFO - Filling up the DagBag from /opt/airflow/dags/AIRLINES_DATA_ETL_DAG.py
[2024-03-09T05:39:40.172+0000] {processor.py:840} INFO - DAG(s) 'AIRLINES_ETL_PIPELINE' retrieved from /opt/airflow/dags/AIRLINES_DATA_ETL_DAG.py
[2024-03-09T05:39:40.204+0000] {logging_mixin.py:188} INFO - [2024-03-09T05:39:40.203+0000] {dag.py:3047} INFO - Sync 1 DAGs
[2024-03-09T05:39:40.243+0000] {logging_mixin.py:188} INFO - [2024-03-09T05:39:40.243+0000] {dag.py:3834} INFO - Setting next_dagrun for AIRLINES_ETL_PIPELINE to 2024-03-28 12:00:00+00:00, run_after=2024-04-28 12:00:00+00:00
[2024-03-09T05:39:40.310+0000] {processor.py:183} INFO - Processing /opt/airflow/dags/AIRLINES_DATA_ETL_DAG.py took 0.261 seconds
[2024-03-09T05:40:10.816+0000] {processor.py:161} INFO - Started process (PID=90) to work on /opt/airflow/dags/AIRLINES_DATA_ETL_DAG.py
[2024-03-09T05:40:10.818+0000] {processor.py:830} INFO - Processing file /opt/airflow/dags/AIRLINES_DATA_ETL_DAG.py for tasks to queue
[2024-03-09T05:40:10.820+0000] {logging_mixin.py:188} INFO - [2024-03-09T05:40:10.820+0000] {dagbag.py:540} INFO - Filling up the DagBag from /opt/airflow/dags/AIRLINES_DATA_ETL_DAG.py
[2024-03-09T05:40:10.913+0000] {processor.py:840} INFO - DAG(s) 'AIRLINES_ETL_PIPELINE' retrieved from /opt/airflow/dags/AIRLINES_DATA_ETL_DAG.py
[2024-03-09T05:40:10.952+0000] {logging_mixin.py:188} INFO - [2024-03-09T05:40:10.951+0000] {dag.py:3047} INFO - Sync 1 DAGs
[2024-03-09T05:40:10.988+0000] {logging_mixin.py:188} INFO - [2024-03-09T05:40:10.987+0000] {dag.py:3834} INFO - Setting next_dagrun for AIRLINES_ETL_PIPELINE to 2024-03-28 12:00:00+00:00, run_after=2024-04-28 12:00:00+00:00
[2024-03-09T05:40:11.078+0000] {processor.py:183} INFO - Processing /opt/airflow/dags/AIRLINES_DATA_ETL_DAG.py took 0.264 seconds
[2024-03-09T05:40:41.860+0000] {processor.py:161} INFO - Started process (PID=92) to work on /opt/airflow/dags/AIRLINES_DATA_ETL_DAG.py
[2024-03-09T05:40:41.861+0000] {processor.py:830} INFO - Processing file /opt/airflow/dags/AIRLINES_DATA_ETL_DAG.py for tasks to queue
[2024-03-09T05:40:41.863+0000] {logging_mixin.py:188} INFO - [2024-03-09T05:40:41.863+0000] {dagbag.py:540} INFO - Filling up the DagBag from /opt/airflow/dags/AIRLINES_DATA_ETL_DAG.py
[2024-03-09T05:40:41.951+0000] {processor.py:840} INFO - DAG(s) 'AIRLINES_ETL_PIPELINE' retrieved from /opt/airflow/dags/AIRLINES_DATA_ETL_DAG.py
[2024-03-09T05:40:41.980+0000] {logging_mixin.py:188} INFO - [2024-03-09T05:40:41.980+0000] {dag.py:3047} INFO - Sync 1 DAGs
[2024-03-09T05:40:42.007+0000] {logging_mixin.py:188} INFO - [2024-03-09T05:40:42.007+0000] {dag.py:3834} INFO - Setting next_dagrun for AIRLINES_ETL_PIPELINE to 2024-03-28 12:00:00+00:00, run_after=2024-04-28 12:00:00+00:00
[2024-03-09T05:40:42.076+0000] {processor.py:183} INFO - Processing /opt/airflow/dags/AIRLINES_DATA_ETL_DAG.py took 0.219 seconds
[2024-03-09T05:41:12.717+0000] {processor.py:161} INFO - Started process (PID=94) to work on /opt/airflow/dags/AIRLINES_DATA_ETL_DAG.py
[2024-03-09T05:41:12.718+0000] {processor.py:830} INFO - Processing file /opt/airflow/dags/AIRLINES_DATA_ETL_DAG.py for tasks to queue
[2024-03-09T05:41:12.720+0000] {logging_mixin.py:188} INFO - [2024-03-09T05:41:12.720+0000] {dagbag.py:540} INFO - Filling up the DagBag from /opt/airflow/dags/AIRLINES_DATA_ETL_DAG.py
[2024-03-09T05:41:12.831+0000] {processor.py:840} INFO - DAG(s) 'AIRLINES_ETL_PIPELINE' retrieved from /opt/airflow/dags/AIRLINES_DATA_ETL_DAG.py
[2024-03-09T05:41:12.891+0000] {logging_mixin.py:188} INFO - [2024-03-09T05:41:12.890+0000] {dag.py:3047} INFO - Sync 1 DAGs
[2024-03-09T05:41:12.937+0000] {logging_mixin.py:188} INFO - [2024-03-09T05:41:12.937+0000] {dag.py:3834} INFO - Setting next_dagrun for AIRLINES_ETL_PIPELINE to 2024-03-28 12:00:00+00:00, run_after=2024-04-28 12:00:00+00:00
[2024-03-09T05:41:13.006+0000] {processor.py:183} INFO - Processing /opt/airflow/dags/AIRLINES_DATA_ETL_DAG.py took 0.293 seconds
[2024-03-09T05:41:43.597+0000] {processor.py:161} INFO - Started process (PID=96) to work on /opt/airflow/dags/AIRLINES_DATA_ETL_DAG.py
[2024-03-09T05:41:43.603+0000] {processor.py:830} INFO - Processing file /opt/airflow/dags/AIRLINES_DATA_ETL_DAG.py for tasks to queue
[2024-03-09T05:41:43.616+0000] {logging_mixin.py:188} INFO - [2024-03-09T05:41:43.614+0000] {dagbag.py:540} INFO - Filling up the DagBag from /opt/airflow/dags/AIRLINES_DATA_ETL_DAG.py
[2024-03-09T05:41:44.015+0000] {processor.py:840} INFO - DAG(s) 'AIRLINES_ETL_PIPELINE' retrieved from /opt/airflow/dags/AIRLINES_DATA_ETL_DAG.py
[2024-03-09T05:41:44.092+0000] {logging_mixin.py:188} INFO - [2024-03-09T05:41:44.091+0000] {dag.py:3047} INFO - Sync 1 DAGs
[2024-03-09T05:41:44.137+0000] {logging_mixin.py:188} INFO - [2024-03-09T05:41:44.137+0000] {dag.py:3834} INFO - Setting next_dagrun for AIRLINES_ETL_PIPELINE to 2024-03-28 12:00:00+00:00, run_after=2024-04-28 12:00:00+00:00
[2024-03-09T05:41:44.296+0000] {processor.py:183} INFO - Processing /opt/airflow/dags/AIRLINES_DATA_ETL_DAG.py took 0.715 seconds
[2024-03-09T05:42:14.520+0000] {processor.py:161} INFO - Started process (PID=99) to work on /opt/airflow/dags/AIRLINES_DATA_ETL_DAG.py
[2024-03-09T05:42:14.527+0000] {processor.py:830} INFO - Processing file /opt/airflow/dags/AIRLINES_DATA_ETL_DAG.py for tasks to queue
[2024-03-09T05:42:14.540+0000] {logging_mixin.py:188} INFO - [2024-03-09T05:42:14.538+0000] {dagbag.py:540} INFO - Filling up the DagBag from /opt/airflow/dags/AIRLINES_DATA_ETL_DAG.py
[2024-03-09T05:42:14.877+0000] {processor.py:840} INFO - DAG(s) 'AIRLINES_ETL_PIPELINE' retrieved from /opt/airflow/dags/AIRLINES_DATA_ETL_DAG.py
[2024-03-09T05:42:14.959+0000] {logging_mixin.py:188} INFO - [2024-03-09T05:42:14.959+0000] {dag.py:3047} INFO - Sync 1 DAGs
[2024-03-09T05:42:15.003+0000] {logging_mixin.py:188} INFO - [2024-03-09T05:42:15.003+0000] {dag.py:3834} INFO - Setting next_dagrun for AIRLINES_ETL_PIPELINE to 2024-03-28 12:00:00+00:00, run_after=2024-04-28 12:00:00+00:00
[2024-03-09T05:42:15.127+0000] {processor.py:183} INFO - Processing /opt/airflow/dags/AIRLINES_DATA_ETL_DAG.py took 0.616 seconds
[2024-03-09T05:43:00.310+0000] {processor.py:161} INFO - Started process (PID=112) to work on /opt/airflow/dags/AIRLINES_DATA_ETL_DAG.py
[2024-03-09T05:43:00.329+0000] {processor.py:830} INFO - Processing file /opt/airflow/dags/AIRLINES_DATA_ETL_DAG.py for tasks to queue
[2024-03-09T05:43:00.332+0000] {logging_mixin.py:188} INFO - [2024-03-09T05:43:00.331+0000] {dagbag.py:540} INFO - Filling up the DagBag from /opt/airflow/dags/AIRLINES_DATA_ETL_DAG.py
[2024-03-09T05:43:00.495+0000] {processor.py:840} INFO - DAG(s) 'AIRLINES_ETL_PIPELINE' retrieved from /opt/airflow/dags/AIRLINES_DATA_ETL_DAG.py
[2024-03-09T05:43:00.537+0000] {logging_mixin.py:188} INFO - [2024-03-09T05:43:00.536+0000] {dag.py:3047} INFO - Sync 1 DAGs
[2024-03-09T05:43:00.574+0000] {logging_mixin.py:188} INFO - [2024-03-09T05:43:00.573+0000] {dag.py:3834} INFO - Setting next_dagrun for AIRLINES_ETL_PIPELINE to 2024-03-28 12:00:00+00:00, run_after=2024-04-28 12:00:00+00:00
[2024-03-09T05:43:00.681+0000] {processor.py:183} INFO - Processing /opt/airflow/dags/AIRLINES_DATA_ETL_DAG.py took 0.375 seconds
[2024-03-09T05:43:31.679+0000] {processor.py:161} INFO - Started process (PID=139) to work on /opt/airflow/dags/AIRLINES_DATA_ETL_DAG.py
[2024-03-09T05:43:31.681+0000] {processor.py:830} INFO - Processing file /opt/airflow/dags/AIRLINES_DATA_ETL_DAG.py for tasks to queue
[2024-03-09T05:43:31.683+0000] {logging_mixin.py:188} INFO - [2024-03-09T05:43:31.682+0000] {dagbag.py:540} INFO - Filling up the DagBag from /opt/airflow/dags/AIRLINES_DATA_ETL_DAG.py
[2024-03-09T05:43:31.806+0000] {processor.py:840} INFO - DAG(s) 'AIRLINES_ETL_PIPELINE' retrieved from /opt/airflow/dags/AIRLINES_DATA_ETL_DAG.py
[2024-03-09T05:43:31.848+0000] {logging_mixin.py:188} INFO - [2024-03-09T05:43:31.848+0000] {dag.py:3047} INFO - Sync 1 DAGs
[2024-03-09T05:43:31.885+0000] {logging_mixin.py:188} INFO - [2024-03-09T05:43:31.885+0000] {dag.py:3834} INFO - Setting next_dagrun for AIRLINES_ETL_PIPELINE to 2024-03-28 12:00:00+00:00, run_after=2024-04-28 12:00:00+00:00
[2024-03-09T05:43:31.961+0000] {processor.py:183} INFO - Processing /opt/airflow/dags/AIRLINES_DATA_ETL_DAG.py took 0.285 seconds
[2024-03-09T05:44:02.402+0000] {processor.py:161} INFO - Started process (PID=141) to work on /opt/airflow/dags/AIRLINES_DATA_ETL_DAG.py
[2024-03-09T05:44:02.403+0000] {processor.py:830} INFO - Processing file /opt/airflow/dags/AIRLINES_DATA_ETL_DAG.py for tasks to queue
[2024-03-09T05:44:02.406+0000] {logging_mixin.py:188} INFO - [2024-03-09T05:44:02.405+0000] {dagbag.py:540} INFO - Filling up the DagBag from /opt/airflow/dags/AIRLINES_DATA_ETL_DAG.py
[2024-03-09T05:44:02.512+0000] {processor.py:840} INFO - DAG(s) 'AIRLINES_ETL_PIPELINE' retrieved from /opt/airflow/dags/AIRLINES_DATA_ETL_DAG.py
[2024-03-09T05:44:02.551+0000] {logging_mixin.py:188} INFO - [2024-03-09T05:44:02.551+0000] {dag.py:3047} INFO - Sync 1 DAGs
[2024-03-09T05:44:02.581+0000] {logging_mixin.py:188} INFO - [2024-03-09T05:44:02.581+0000] {dag.py:3834} INFO - Setting next_dagrun for AIRLINES_ETL_PIPELINE to 2024-03-28 12:00:00+00:00, run_after=2024-04-28 12:00:00+00:00
[2024-03-09T05:44:02.652+0000] {processor.py:183} INFO - Processing /opt/airflow/dags/AIRLINES_DATA_ETL_DAG.py took 0.253 seconds
[2024-03-09T05:44:33.711+0000] {processor.py:161} INFO - Started process (PID=143) to work on /opt/airflow/dags/AIRLINES_DATA_ETL_DAG.py
[2024-03-09T05:44:33.713+0000] {processor.py:830} INFO - Processing file /opt/airflow/dags/AIRLINES_DATA_ETL_DAG.py for tasks to queue
[2024-03-09T05:44:33.715+0000] {logging_mixin.py:188} INFO - [2024-03-09T05:44:33.715+0000] {dagbag.py:540} INFO - Filling up the DagBag from /opt/airflow/dags/AIRLINES_DATA_ETL_DAG.py
[2024-03-09T05:44:33.800+0000] {processor.py:840} INFO - DAG(s) 'AIRLINES_ETL_PIPELINE' retrieved from /opt/airflow/dags/AIRLINES_DATA_ETL_DAG.py
[2024-03-09T05:44:33.828+0000] {logging_mixin.py:188} INFO - [2024-03-09T05:44:33.828+0000] {dag.py:3047} INFO - Sync 1 DAGs
[2024-03-09T05:44:33.857+0000] {logging_mixin.py:188} INFO - [2024-03-09T05:44:33.856+0000] {dag.py:3834} INFO - Setting next_dagrun for AIRLINES_ETL_PIPELINE to 2024-03-28 12:00:00+00:00, run_after=2024-04-28 12:00:00+00:00
[2024-03-09T05:44:33.932+0000] {processor.py:183} INFO - Processing /opt/airflow/dags/AIRLINES_DATA_ETL_DAG.py took 0.224 seconds
[2024-03-09T05:45:05.054+0000] {processor.py:161} INFO - Started process (PID=145) to work on /opt/airflow/dags/AIRLINES_DATA_ETL_DAG.py
[2024-03-09T05:45:05.055+0000] {processor.py:830} INFO - Processing file /opt/airflow/dags/AIRLINES_DATA_ETL_DAG.py for tasks to queue
[2024-03-09T05:45:05.058+0000] {logging_mixin.py:188} INFO - [2024-03-09T05:45:05.057+0000] {dagbag.py:540} INFO - Filling up the DagBag from /opt/airflow/dags/AIRLINES_DATA_ETL_DAG.py
[2024-03-09T05:45:05.144+0000] {processor.py:840} INFO - DAG(s) 'AIRLINES_ETL_PIPELINE' retrieved from /opt/airflow/dags/AIRLINES_DATA_ETL_DAG.py
[2024-03-09T05:45:05.174+0000] {logging_mixin.py:188} INFO - [2024-03-09T05:45:05.173+0000] {dag.py:3047} INFO - Sync 1 DAGs
[2024-03-09T05:45:05.204+0000] {logging_mixin.py:188} INFO - [2024-03-09T05:45:05.204+0000] {dag.py:3834} INFO - Setting next_dagrun for AIRLINES_ETL_PIPELINE to 2024-03-28 12:00:00+00:00, run_after=2024-04-28 12:00:00+00:00
[2024-03-09T05:45:05.275+0000] {processor.py:183} INFO - Processing /opt/airflow/dags/AIRLINES_DATA_ETL_DAG.py took 0.224 seconds
[2024-03-09T05:45:36.305+0000] {processor.py:161} INFO - Started process (PID=147) to work on /opt/airflow/dags/AIRLINES_DATA_ETL_DAG.py
[2024-03-09T05:45:36.306+0000] {processor.py:830} INFO - Processing file /opt/airflow/dags/AIRLINES_DATA_ETL_DAG.py for tasks to queue
[2024-03-09T05:45:36.308+0000] {logging_mixin.py:188} INFO - [2024-03-09T05:45:36.308+0000] {dagbag.py:540} INFO - Filling up the DagBag from /opt/airflow/dags/AIRLINES_DATA_ETL_DAG.py
[2024-03-09T05:45:36.392+0000] {processor.py:840} INFO - DAG(s) 'AIRLINES_ETL_PIPELINE' retrieved from /opt/airflow/dags/AIRLINES_DATA_ETL_DAG.py
[2024-03-09T05:45:36.422+0000] {logging_mixin.py:188} INFO - [2024-03-09T05:45:36.422+0000] {dag.py:3047} INFO - Sync 1 DAGs
[2024-03-09T05:45:36.448+0000] {logging_mixin.py:188} INFO - [2024-03-09T05:45:36.448+0000] {dag.py:3834} INFO - Setting next_dagrun for AIRLINES_ETL_PIPELINE to 2024-03-28 12:00:00+00:00, run_after=2024-04-28 12:00:00+00:00
[2024-03-09T05:45:36.514+0000] {processor.py:183} INFO - Processing /opt/airflow/dags/AIRLINES_DATA_ETL_DAG.py took 0.212 seconds
[2024-03-09T05:46:07.239+0000] {processor.py:161} INFO - Started process (PID=149) to work on /opt/airflow/dags/AIRLINES_DATA_ETL_DAG.py
[2024-03-09T05:46:07.240+0000] {processor.py:830} INFO - Processing file /opt/airflow/dags/AIRLINES_DATA_ETL_DAG.py for tasks to queue
[2024-03-09T05:46:07.242+0000] {logging_mixin.py:188} INFO - [2024-03-09T05:46:07.242+0000] {dagbag.py:540} INFO - Filling up the DagBag from /opt/airflow/dags/AIRLINES_DATA_ETL_DAG.py
[2024-03-09T05:46:07.329+0000] {processor.py:840} INFO - DAG(s) 'AIRLINES_ETL_PIPELINE' retrieved from /opt/airflow/dags/AIRLINES_DATA_ETL_DAG.py
[2024-03-09T05:46:07.357+0000] {logging_mixin.py:188} INFO - [2024-03-09T05:46:07.356+0000] {dag.py:3047} INFO - Sync 1 DAGs
[2024-03-09T05:46:07.384+0000] {logging_mixin.py:188} INFO - [2024-03-09T05:46:07.384+0000] {dag.py:3834} INFO - Setting next_dagrun for AIRLINES_ETL_PIPELINE to 2024-03-28 12:00:00+00:00, run_after=2024-04-28 12:00:00+00:00
[2024-03-09T05:46:07.453+0000] {processor.py:183} INFO - Processing /opt/airflow/dags/AIRLINES_DATA_ETL_DAG.py took 0.217 seconds
[2024-03-09T05:46:37.943+0000] {processor.py:161} INFO - Started process (PID=151) to work on /opt/airflow/dags/AIRLINES_DATA_ETL_DAG.py
[2024-03-09T05:46:37.945+0000] {processor.py:830} INFO - Processing file /opt/airflow/dags/AIRLINES_DATA_ETL_DAG.py for tasks to queue
[2024-03-09T05:46:37.949+0000] {logging_mixin.py:188} INFO - [2024-03-09T05:46:37.948+0000] {dagbag.py:540} INFO - Filling up the DagBag from /opt/airflow/dags/AIRLINES_DATA_ETL_DAG.py
[2024-03-09T05:46:38.148+0000] {processor.py:840} INFO - DAG(s) 'AIRLINES_ETL_PIPELINE' retrieved from /opt/airflow/dags/AIRLINES_DATA_ETL_DAG.py
[2024-03-09T05:46:38.184+0000] {logging_mixin.py:188} INFO - [2024-03-09T05:46:38.184+0000] {dag.py:3047} INFO - Sync 1 DAGs
[2024-03-09T05:46:38.213+0000] {logging_mixin.py:188} INFO - [2024-03-09T05:46:38.213+0000] {dag.py:3834} INFO - Setting next_dagrun for AIRLINES_ETL_PIPELINE to 2024-03-28 12:00:00+00:00, run_after=2024-04-28 12:00:00+00:00
[2024-03-09T05:46:38.299+0000] {processor.py:183} INFO - Processing /opt/airflow/dags/AIRLINES_DATA_ETL_DAG.py took 0.362 seconds
[2024-03-09T05:47:08.503+0000] {processor.py:161} INFO - Started process (PID=153) to work on /opt/airflow/dags/AIRLINES_DATA_ETL_DAG.py
[2024-03-09T05:47:08.504+0000] {processor.py:830} INFO - Processing file /opt/airflow/dags/AIRLINES_DATA_ETL_DAG.py for tasks to queue
[2024-03-09T05:47:08.507+0000] {logging_mixin.py:188} INFO - [2024-03-09T05:47:08.506+0000] {dagbag.py:540} INFO - Filling up the DagBag from /opt/airflow/dags/AIRLINES_DATA_ETL_DAG.py
[2024-03-09T05:47:08.592+0000] {processor.py:840} INFO - DAG(s) 'AIRLINES_ETL_PIPELINE' retrieved from /opt/airflow/dags/AIRLINES_DATA_ETL_DAG.py
[2024-03-09T05:47:08.622+0000] {logging_mixin.py:188} INFO - [2024-03-09T05:47:08.621+0000] {dag.py:3047} INFO - Sync 1 DAGs
[2024-03-09T05:47:08.653+0000] {logging_mixin.py:188} INFO - [2024-03-09T05:47:08.653+0000] {dag.py:3834} INFO - Setting next_dagrun for AIRLINES_ETL_PIPELINE to 2024-03-28 12:00:00+00:00, run_after=2024-04-28 12:00:00+00:00
[2024-03-09T05:47:09.529+0000] {processor.py:183} INFO - Processing /opt/airflow/dags/AIRLINES_DATA_ETL_DAG.py took 1.030 seconds
[2024-03-09T05:47:41.899+0000] {processor.py:161} INFO - Started process (PID=166) to work on /opt/airflow/dags/AIRLINES_DATA_ETL_DAG.py
[2024-03-09T05:47:41.900+0000] {processor.py:830} INFO - Processing file /opt/airflow/dags/AIRLINES_DATA_ETL_DAG.py for tasks to queue
[2024-03-09T05:47:41.903+0000] {logging_mixin.py:188} INFO - [2024-03-09T05:47:41.903+0000] {dagbag.py:540} INFO - Filling up the DagBag from /opt/airflow/dags/AIRLINES_DATA_ETL_DAG.py
[2024-03-09T05:47:42.030+0000] {processor.py:840} INFO - DAG(s) 'AIRLINES_ETL_PIPELINE' retrieved from /opt/airflow/dags/AIRLINES_DATA_ETL_DAG.py
[2024-03-09T05:47:42.073+0000] {logging_mixin.py:188} INFO - [2024-03-09T05:47:42.072+0000] {dag.py:3047} INFO - Sync 1 DAGs
[2024-03-09T05:47:42.108+0000] {logging_mixin.py:188} INFO - [2024-03-09T05:47:42.108+0000] {dag.py:3834} INFO - Setting next_dagrun for AIRLINES_ETL_PIPELINE to 2024-03-28 12:00:00+00:00, run_after=2024-04-28 12:00:00+00:00
[2024-03-09T05:47:42.187+0000] {processor.py:183} INFO - Processing /opt/airflow/dags/AIRLINES_DATA_ETL_DAG.py took 0.292 seconds
[2024-03-09T05:48:13.187+0000] {processor.py:161} INFO - Started process (PID=179) to work on /opt/airflow/dags/AIRLINES_DATA_ETL_DAG.py
[2024-03-09T05:48:13.189+0000] {processor.py:830} INFO - Processing file /opt/airflow/dags/AIRLINES_DATA_ETL_DAG.py for tasks to queue
[2024-03-09T05:48:13.191+0000] {logging_mixin.py:188} INFO - [2024-03-09T05:48:13.191+0000] {dagbag.py:540} INFO - Filling up the DagBag from /opt/airflow/dags/AIRLINES_DATA_ETL_DAG.py
[2024-03-09T05:48:13.294+0000] {processor.py:840} INFO - DAG(s) 'AIRLINES_ETL_PIPELINE' retrieved from /opt/airflow/dags/AIRLINES_DATA_ETL_DAG.py
[2024-03-09T05:48:13.330+0000] {logging_mixin.py:188} INFO - [2024-03-09T05:48:13.329+0000] {dag.py:3047} INFO - Sync 1 DAGs
[2024-03-09T05:48:13.361+0000] {logging_mixin.py:188} INFO - [2024-03-09T05:48:13.361+0000] {dag.py:3834} INFO - Setting next_dagrun for AIRLINES_ETL_PIPELINE to 2024-03-28 12:00:00+00:00, run_after=2024-04-28 12:00:00+00:00
[2024-03-09T05:48:13.431+0000] {processor.py:183} INFO - Processing /opt/airflow/dags/AIRLINES_DATA_ETL_DAG.py took 0.247 seconds
[2024-03-09T05:48:44.459+0000] {processor.py:161} INFO - Started process (PID=181) to work on /opt/airflow/dags/AIRLINES_DATA_ETL_DAG.py
[2024-03-09T05:48:44.461+0000] {processor.py:830} INFO - Processing file /opt/airflow/dags/AIRLINES_DATA_ETL_DAG.py for tasks to queue
[2024-03-09T05:48:44.465+0000] {logging_mixin.py:188} INFO - [2024-03-09T05:48:44.463+0000] {dagbag.py:540} INFO - Filling up the DagBag from /opt/airflow/dags/AIRLINES_DATA_ETL_DAG.py
[2024-03-09T05:48:44.587+0000] {processor.py:840} INFO - DAG(s) 'AIRLINES_ETL_PIPELINE' retrieved from /opt/airflow/dags/AIRLINES_DATA_ETL_DAG.py
[2024-03-09T05:48:44.620+0000] {logging_mixin.py:188} INFO - [2024-03-09T05:48:44.620+0000] {dag.py:3047} INFO - Sync 1 DAGs
[2024-03-09T05:48:44.647+0000] {logging_mixin.py:188} INFO - [2024-03-09T05:48:44.647+0000] {dag.py:3834} INFO - Setting next_dagrun for AIRLINES_ETL_PIPELINE to 2024-03-28 12:00:00+00:00, run_after=2024-04-28 12:00:00+00:00
[2024-03-09T05:48:44.711+0000] {processor.py:183} INFO - Processing /opt/airflow/dags/AIRLINES_DATA_ETL_DAG.py took 0.254 seconds
[2024-03-09T05:49:15.000+0000] {processor.py:161} INFO - Started process (PID=183) to work on /opt/airflow/dags/AIRLINES_DATA_ETL_DAG.py
[2024-03-09T05:49:15.002+0000] {processor.py:830} INFO - Processing file /opt/airflow/dags/AIRLINES_DATA_ETL_DAG.py for tasks to queue
[2024-03-09T05:49:15.004+0000] {logging_mixin.py:188} INFO - [2024-03-09T05:49:15.003+0000] {dagbag.py:540} INFO - Filling up the DagBag from /opt/airflow/dags/AIRLINES_DATA_ETL_DAG.py
[2024-03-09T05:49:15.092+0000] {processor.py:840} INFO - DAG(s) 'AIRLINES_ETL_PIPELINE' retrieved from /opt/airflow/dags/AIRLINES_DATA_ETL_DAG.py
[2024-03-09T05:49:15.120+0000] {logging_mixin.py:188} INFO - [2024-03-09T05:49:15.120+0000] {dag.py:3047} INFO - Sync 1 DAGs
[2024-03-09T05:49:15.148+0000] {logging_mixin.py:188} INFO - [2024-03-09T05:49:15.148+0000] {dag.py:3834} INFO - Setting next_dagrun for AIRLINES_ETL_PIPELINE to 2024-03-28 12:00:00+00:00, run_after=2024-04-28 12:00:00+00:00
[2024-03-09T05:49:15.216+0000] {processor.py:183} INFO - Processing /opt/airflow/dags/AIRLINES_DATA_ETL_DAG.py took 0.219 seconds
[2024-03-09T05:49:45.468+0000] {processor.py:161} INFO - Started process (PID=185) to work on /opt/airflow/dags/AIRLINES_DATA_ETL_DAG.py
[2024-03-09T05:49:45.470+0000] {processor.py:830} INFO - Processing file /opt/airflow/dags/AIRLINES_DATA_ETL_DAG.py for tasks to queue
[2024-03-09T05:49:45.472+0000] {logging_mixin.py:188} INFO - [2024-03-09T05:49:45.472+0000] {dagbag.py:540} INFO - Filling up the DagBag from /opt/airflow/dags/AIRLINES_DATA_ETL_DAG.py
[2024-03-09T05:49:45.575+0000] {processor.py:840} INFO - DAG(s) 'AIRLINES_ETL_PIPELINE' retrieved from /opt/airflow/dags/AIRLINES_DATA_ETL_DAG.py
[2024-03-09T05:49:45.606+0000] {logging_mixin.py:188} INFO - [2024-03-09T05:49:45.606+0000] {dag.py:3047} INFO - Sync 1 DAGs
[2024-03-09T05:49:45.636+0000] {logging_mixin.py:188} INFO - [2024-03-09T05:49:45.636+0000] {dag.py:3834} INFO - Setting next_dagrun for AIRLINES_ETL_PIPELINE to 2024-03-28 12:00:00+00:00, run_after=2024-04-28 12:00:00+00:00
[2024-03-09T05:49:45.743+0000] {processor.py:183} INFO - Processing /opt/airflow/dags/AIRLINES_DATA_ETL_DAG.py took 0.278 seconds
[2024-03-09T05:50:16.099+0000] {processor.py:161} INFO - Started process (PID=187) to work on /opt/airflow/dags/AIRLINES_DATA_ETL_DAG.py
[2024-03-09T05:50:16.100+0000] {processor.py:830} INFO - Processing file /opt/airflow/dags/AIRLINES_DATA_ETL_DAG.py for tasks to queue
[2024-03-09T05:50:16.102+0000] {logging_mixin.py:188} INFO - [2024-03-09T05:50:16.102+0000] {dagbag.py:540} INFO - Filling up the DagBag from /opt/airflow/dags/AIRLINES_DATA_ETL_DAG.py
[2024-03-09T05:50:16.189+0000] {processor.py:840} INFO - DAG(s) 'AIRLINES_ETL_PIPELINE' retrieved from /opt/airflow/dags/AIRLINES_DATA_ETL_DAG.py
[2024-03-09T05:50:16.220+0000] {logging_mixin.py:188} INFO - [2024-03-09T05:50:16.218+0000] {dag.py:3047} INFO - Sync 1 DAGs
[2024-03-09T05:50:16.247+0000] {logging_mixin.py:188} INFO - [2024-03-09T05:50:16.247+0000] {dag.py:3834} INFO - Setting next_dagrun for AIRLINES_ETL_PIPELINE to 2024-03-28 12:00:00+00:00, run_after=2024-04-28 12:00:00+00:00
[2024-03-09T05:50:16.337+0000] {processor.py:183} INFO - Processing /opt/airflow/dags/AIRLINES_DATA_ETL_DAG.py took 0.241 seconds
[2024-03-09T05:50:46.717+0000] {processor.py:161} INFO - Started process (PID=189) to work on /opt/airflow/dags/AIRLINES_DATA_ETL_DAG.py
[2024-03-09T05:50:46.719+0000] {processor.py:830} INFO - Processing file /opt/airflow/dags/AIRLINES_DATA_ETL_DAG.py for tasks to queue
[2024-03-09T05:50:46.721+0000] {logging_mixin.py:188} INFO - [2024-03-09T05:50:46.721+0000] {dagbag.py:540} INFO - Filling up the DagBag from /opt/airflow/dags/AIRLINES_DATA_ETL_DAG.py
[2024-03-09T05:50:46.822+0000] {processor.py:840} INFO - DAG(s) 'AIRLINES_ETL_PIPELINE' retrieved from /opt/airflow/dags/AIRLINES_DATA_ETL_DAG.py
[2024-03-09T05:50:46.877+0000] {logging_mixin.py:188} INFO - [2024-03-09T05:50:46.876+0000] {dag.py:3047} INFO - Sync 1 DAGs
[2024-03-09T05:50:46.912+0000] {logging_mixin.py:188} INFO - [2024-03-09T05:50:46.912+0000] {dag.py:3834} INFO - Setting next_dagrun for AIRLINES_ETL_PIPELINE to 2024-03-28 12:00:00+00:00, run_after=2024-04-28 12:00:00+00:00
[2024-03-09T05:50:46.984+0000] {processor.py:183} INFO - Processing /opt/airflow/dags/AIRLINES_DATA_ETL_DAG.py took 0.270 seconds
[2024-03-09T05:51:17.122+0000] {processor.py:161} INFO - Started process (PID=191) to work on /opt/airflow/dags/AIRLINES_DATA_ETL_DAG.py
[2024-03-09T05:51:17.123+0000] {processor.py:830} INFO - Processing file /opt/airflow/dags/AIRLINES_DATA_ETL_DAG.py for tasks to queue
[2024-03-09T05:51:17.125+0000] {logging_mixin.py:188} INFO - [2024-03-09T05:51:17.125+0000] {dagbag.py:540} INFO - Filling up the DagBag from /opt/airflow/dags/AIRLINES_DATA_ETL_DAG.py
[2024-03-09T05:51:17.256+0000] {processor.py:840} INFO - DAG(s) 'AIRLINES_ETL_PIPELINE' retrieved from /opt/airflow/dags/AIRLINES_DATA_ETL_DAG.py
[2024-03-09T05:51:17.287+0000] {logging_mixin.py:188} INFO - [2024-03-09T05:51:17.287+0000] {dag.py:3047} INFO - Sync 1 DAGs
[2024-03-09T05:51:17.315+0000] {logging_mixin.py:188} INFO - [2024-03-09T05:51:17.315+0000] {dag.py:3834} INFO - Setting next_dagrun for AIRLINES_ETL_PIPELINE to 2024-03-28 12:00:00+00:00, run_after=2024-04-28 12:00:00+00:00
[2024-03-09T05:51:17.387+0000] {processor.py:183} INFO - Processing /opt/airflow/dags/AIRLINES_DATA_ETL_DAG.py took 0.269 seconds
[2024-03-09T05:51:47.726+0000] {processor.py:161} INFO - Started process (PID=193) to work on /opt/airflow/dags/AIRLINES_DATA_ETL_DAG.py
[2024-03-09T05:51:47.727+0000] {processor.py:830} INFO - Processing file /opt/airflow/dags/AIRLINES_DATA_ETL_DAG.py for tasks to queue
[2024-03-09T05:51:47.729+0000] {logging_mixin.py:188} INFO - [2024-03-09T05:51:47.729+0000] {dagbag.py:540} INFO - Filling up the DagBag from /opt/airflow/dags/AIRLINES_DATA_ETL_DAG.py
[2024-03-09T05:51:47.820+0000] {processor.py:840} INFO - DAG(s) 'AIRLINES_ETL_PIPELINE' retrieved from /opt/airflow/dags/AIRLINES_DATA_ETL_DAG.py
[2024-03-09T05:51:47.853+0000] {logging_mixin.py:188} INFO - [2024-03-09T05:51:47.852+0000] {dag.py:3047} INFO - Sync 1 DAGs
[2024-03-09T05:51:47.880+0000] {logging_mixin.py:188} INFO - [2024-03-09T05:51:47.880+0000] {dag.py:3834} INFO - Setting next_dagrun for AIRLINES_ETL_PIPELINE to 2024-03-28 12:00:00+00:00, run_after=2024-04-28 12:00:00+00:00
[2024-03-09T05:51:47.953+0000] {processor.py:183} INFO - Processing /opt/airflow/dags/AIRLINES_DATA_ETL_DAG.py took 0.230 seconds
[2024-03-09T05:52:18.330+0000] {processor.py:161} INFO - Started process (PID=195) to work on /opt/airflow/dags/AIRLINES_DATA_ETL_DAG.py
[2024-03-09T05:52:18.331+0000] {processor.py:830} INFO - Processing file /opt/airflow/dags/AIRLINES_DATA_ETL_DAG.py for tasks to queue
[2024-03-09T05:52:18.333+0000] {logging_mixin.py:188} INFO - [2024-03-09T05:52:18.333+0000] {dagbag.py:540} INFO - Filling up the DagBag from /opt/airflow/dags/AIRLINES_DATA_ETL_DAG.py
[2024-03-09T05:52:18.421+0000] {processor.py:840} INFO - DAG(s) 'AIRLINES_ETL_PIPELINE' retrieved from /opt/airflow/dags/AIRLINES_DATA_ETL_DAG.py
[2024-03-09T05:52:18.451+0000] {logging_mixin.py:188} INFO - [2024-03-09T05:52:18.450+0000] {dag.py:3047} INFO - Sync 1 DAGs
[2024-03-09T05:52:18.477+0000] {logging_mixin.py:188} INFO - [2024-03-09T05:52:18.477+0000] {dag.py:3834} INFO - Setting next_dagrun for AIRLINES_ETL_PIPELINE to 2024-03-28 12:00:00+00:00, run_after=2024-04-28 12:00:00+00:00
[2024-03-09T05:52:18.556+0000] {processor.py:183} INFO - Processing /opt/airflow/dags/AIRLINES_DATA_ETL_DAG.py took 0.229 seconds
[2024-03-09T05:52:48.942+0000] {processor.py:161} INFO - Started process (PID=197) to work on /opt/airflow/dags/AIRLINES_DATA_ETL_DAG.py
[2024-03-09T05:52:48.944+0000] {processor.py:830} INFO - Processing file /opt/airflow/dags/AIRLINES_DATA_ETL_DAG.py for tasks to queue
[2024-03-09T05:52:48.946+0000] {logging_mixin.py:188} INFO - [2024-03-09T05:52:48.945+0000] {dagbag.py:540} INFO - Filling up the DagBag from /opt/airflow/dags/AIRLINES_DATA_ETL_DAG.py
[2024-03-09T05:52:49.033+0000] {processor.py:840} INFO - DAG(s) 'AIRLINES_ETL_PIPELINE' retrieved from /opt/airflow/dags/AIRLINES_DATA_ETL_DAG.py
[2024-03-09T05:52:49.063+0000] {logging_mixin.py:188} INFO - [2024-03-09T05:52:49.062+0000] {dag.py:3047} INFO - Sync 1 DAGs
[2024-03-09T05:52:49.089+0000] {logging_mixin.py:188} INFO - [2024-03-09T05:52:49.089+0000] {dag.py:3834} INFO - Setting next_dagrun for AIRLINES_ETL_PIPELINE to 2024-03-28 12:00:00+00:00, run_after=2024-04-28 12:00:00+00:00
[2024-03-09T05:52:49.181+0000] {processor.py:183} INFO - Processing /opt/airflow/dags/AIRLINES_DATA_ETL_DAG.py took 0.241 seconds
[2024-03-09T05:53:19.652+0000] {processor.py:161} INFO - Started process (PID=199) to work on /opt/airflow/dags/AIRLINES_DATA_ETL_DAG.py
[2024-03-09T05:53:19.653+0000] {processor.py:830} INFO - Processing file /opt/airflow/dags/AIRLINES_DATA_ETL_DAG.py for tasks to queue
[2024-03-09T05:53:19.655+0000] {logging_mixin.py:188} INFO - [2024-03-09T05:53:19.655+0000] {dagbag.py:540} INFO - Filling up the DagBag from /opt/airflow/dags/AIRLINES_DATA_ETL_DAG.py
[2024-03-09T05:53:19.742+0000] {processor.py:840} INFO - DAG(s) 'AIRLINES_ETL_PIPELINE' retrieved from /opt/airflow/dags/AIRLINES_DATA_ETL_DAG.py
[2024-03-09T05:53:19.770+0000] {logging_mixin.py:188} INFO - [2024-03-09T05:53:19.770+0000] {dag.py:3047} INFO - Sync 1 DAGs
[2024-03-09T05:53:19.798+0000] {logging_mixin.py:188} INFO - [2024-03-09T05:53:19.798+0000] {dag.py:3834} INFO - Setting next_dagrun for AIRLINES_ETL_PIPELINE to 2024-03-28 12:00:00+00:00, run_after=2024-04-28 12:00:00+00:00
[2024-03-09T05:53:19.870+0000] {processor.py:183} INFO - Processing /opt/airflow/dags/AIRLINES_DATA_ETL_DAG.py took 0.221 seconds
[2024-03-09T05:53:50.315+0000] {processor.py:161} INFO - Started process (PID=201) to work on /opt/airflow/dags/AIRLINES_DATA_ETL_DAG.py
[2024-03-09T05:53:50.316+0000] {processor.py:830} INFO - Processing file /opt/airflow/dags/AIRLINES_DATA_ETL_DAG.py for tasks to queue
[2024-03-09T05:53:50.318+0000] {logging_mixin.py:188} INFO - [2024-03-09T05:53:50.318+0000] {dagbag.py:540} INFO - Filling up the DagBag from /opt/airflow/dags/AIRLINES_DATA_ETL_DAG.py
[2024-03-09T05:53:50.409+0000] {processor.py:840} INFO - DAG(s) 'AIRLINES_ETL_PIPELINE' retrieved from /opt/airflow/dags/AIRLINES_DATA_ETL_DAG.py
[2024-03-09T05:53:50.439+0000] {logging_mixin.py:188} INFO - [2024-03-09T05:53:50.438+0000] {dag.py:3047} INFO - Sync 1 DAGs
[2024-03-09T05:53:50.466+0000] {logging_mixin.py:188} INFO - [2024-03-09T05:53:50.466+0000] {dag.py:3834} INFO - Setting next_dagrun for AIRLINES_ETL_PIPELINE to 2024-03-28 12:00:00+00:00, run_after=2024-04-28 12:00:00+00:00
[2024-03-09T05:53:50.552+0000] {processor.py:183} INFO - Processing /opt/airflow/dags/AIRLINES_DATA_ETL_DAG.py took 0.239 seconds
[2024-03-09T05:54:20.900+0000] {processor.py:161} INFO - Started process (PID=203) to work on /opt/airflow/dags/AIRLINES_DATA_ETL_DAG.py
[2024-03-09T05:54:20.901+0000] {processor.py:830} INFO - Processing file /opt/airflow/dags/AIRLINES_DATA_ETL_DAG.py for tasks to queue
[2024-03-09T05:54:20.904+0000] {logging_mixin.py:188} INFO - [2024-03-09T05:54:20.903+0000] {dagbag.py:540} INFO - Filling up the DagBag from /opt/airflow/dags/AIRLINES_DATA_ETL_DAG.py
[2024-03-09T05:54:20.991+0000] {processor.py:840} INFO - DAG(s) 'AIRLINES_ETL_PIPELINE' retrieved from /opt/airflow/dags/AIRLINES_DATA_ETL_DAG.py
[2024-03-09T05:54:21.021+0000] {logging_mixin.py:188} INFO - [2024-03-09T05:54:21.021+0000] {dag.py:3047} INFO - Sync 1 DAGs
[2024-03-09T05:54:21.052+0000] {logging_mixin.py:188} INFO - [2024-03-09T05:54:21.051+0000] {dag.py:3834} INFO - Setting next_dagrun for AIRLINES_ETL_PIPELINE to 2024-03-28 12:00:00+00:00, run_after=2024-04-28 12:00:00+00:00
[2024-03-09T05:54:21.125+0000] {processor.py:183} INFO - Processing /opt/airflow/dags/AIRLINES_DATA_ETL_DAG.py took 0.228 seconds
[2024-03-09T05:54:51.902+0000] {processor.py:161} INFO - Started process (PID=205) to work on /opt/airflow/dags/AIRLINES_DATA_ETL_DAG.py
[2024-03-09T05:54:51.903+0000] {processor.py:830} INFO - Processing file /opt/airflow/dags/AIRLINES_DATA_ETL_DAG.py for tasks to queue
[2024-03-09T05:54:51.905+0000] {logging_mixin.py:188} INFO - [2024-03-09T05:54:51.905+0000] {dagbag.py:540} INFO - Filling up the DagBag from /opt/airflow/dags/AIRLINES_DATA_ETL_DAG.py
[2024-03-09T05:54:51.996+0000] {processor.py:840} INFO - DAG(s) 'AIRLINES_ETL_PIPELINE' retrieved from /opt/airflow/dags/AIRLINES_DATA_ETL_DAG.py
[2024-03-09T05:54:52.031+0000] {logging_mixin.py:188} INFO - [2024-03-09T05:54:52.030+0000] {dag.py:3047} INFO - Sync 1 DAGs
[2024-03-09T05:54:52.058+0000] {logging_mixin.py:188} INFO - [2024-03-09T05:54:52.058+0000] {dag.py:3834} INFO - Setting next_dagrun for AIRLINES_ETL_PIPELINE to 2024-03-28 12:00:00+00:00, run_after=2024-04-28 12:00:00+00:00
[2024-03-09T05:54:52.133+0000] {processor.py:183} INFO - Processing /opt/airflow/dags/AIRLINES_DATA_ETL_DAG.py took 0.234 seconds
[2024-03-09T05:55:22.485+0000] {processor.py:161} INFO - Started process (PID=207) to work on /opt/airflow/dags/AIRLINES_DATA_ETL_DAG.py
[2024-03-09T05:55:22.486+0000] {processor.py:830} INFO - Processing file /opt/airflow/dags/AIRLINES_DATA_ETL_DAG.py for tasks to queue
[2024-03-09T05:55:22.488+0000] {logging_mixin.py:188} INFO - [2024-03-09T05:55:22.488+0000] {dagbag.py:540} INFO - Filling up the DagBag from /opt/airflow/dags/AIRLINES_DATA_ETL_DAG.py
[2024-03-09T05:55:22.583+0000] {processor.py:840} INFO - DAG(s) 'AIRLINES_ETL_PIPELINE' retrieved from /opt/airflow/dags/AIRLINES_DATA_ETL_DAG.py
[2024-03-09T05:55:22.620+0000] {logging_mixin.py:188} INFO - [2024-03-09T05:55:22.620+0000] {dag.py:3047} INFO - Sync 1 DAGs
[2024-03-09T05:55:22.648+0000] {logging_mixin.py:188} INFO - [2024-03-09T05:55:22.648+0000] {dag.py:3834} INFO - Setting next_dagrun for AIRLINES_ETL_PIPELINE to 2024-03-28 12:00:00+00:00, run_after=2024-04-28 12:00:00+00:00
[2024-03-09T05:55:22.748+0000] {processor.py:183} INFO - Processing /opt/airflow/dags/AIRLINES_DATA_ETL_DAG.py took 0.268 seconds
[2024-03-09T05:55:52.832+0000] {processor.py:161} INFO - Started process (PID=209) to work on /opt/airflow/dags/AIRLINES_DATA_ETL_DAG.py
[2024-03-09T05:55:52.833+0000] {processor.py:830} INFO - Processing file /opt/airflow/dags/AIRLINES_DATA_ETL_DAG.py for tasks to queue
[2024-03-09T05:55:52.836+0000] {logging_mixin.py:188} INFO - [2024-03-09T05:55:52.836+0000] {dagbag.py:540} INFO - Filling up the DagBag from /opt/airflow/dags/AIRLINES_DATA_ETL_DAG.py
[2024-03-09T05:55:52.926+0000] {processor.py:840} INFO - DAG(s) 'AIRLINES_ETL_PIPELINE' retrieved from /opt/airflow/dags/AIRLINES_DATA_ETL_DAG.py
[2024-03-09T05:55:52.962+0000] {logging_mixin.py:188} INFO - [2024-03-09T05:55:52.961+0000] {dag.py:3047} INFO - Sync 1 DAGs
[2024-03-09T05:55:52.988+0000] {logging_mixin.py:188} INFO - [2024-03-09T05:55:52.988+0000] {dag.py:3834} INFO - Setting next_dagrun for AIRLINES_ETL_PIPELINE to 2024-03-28 12:00:00+00:00, run_after=2024-04-28 12:00:00+00:00
[2024-03-09T05:55:53.077+0000] {processor.py:183} INFO - Processing /opt/airflow/dags/AIRLINES_DATA_ETL_DAG.py took 0.248 seconds
[2024-03-09T05:56:23.442+0000] {processor.py:161} INFO - Started process (PID=211) to work on /opt/airflow/dags/AIRLINES_DATA_ETL_DAG.py
[2024-03-09T05:56:23.444+0000] {processor.py:830} INFO - Processing file /opt/airflow/dags/AIRLINES_DATA_ETL_DAG.py for tasks to queue
[2024-03-09T05:56:23.449+0000] {logging_mixin.py:188} INFO - [2024-03-09T05:56:23.448+0000] {dagbag.py:540} INFO - Filling up the DagBag from /opt/airflow/dags/AIRLINES_DATA_ETL_DAG.py
[2024-03-09T05:56:23.590+0000] {processor.py:840} INFO - DAG(s) 'AIRLINES_ETL_PIPELINE' retrieved from /opt/airflow/dags/AIRLINES_DATA_ETL_DAG.py
[2024-03-09T05:56:23.622+0000] {logging_mixin.py:188} INFO - [2024-03-09T05:56:23.621+0000] {dag.py:3047} INFO - Sync 1 DAGs
[2024-03-09T05:56:23.653+0000] {logging_mixin.py:188} INFO - [2024-03-09T05:56:23.653+0000] {dag.py:3834} INFO - Setting next_dagrun for AIRLINES_ETL_PIPELINE to 2024-03-28 12:00:00+00:00, run_after=2024-04-28 12:00:00+00:00
[2024-03-09T05:56:23.753+0000] {processor.py:183} INFO - Processing /opt/airflow/dags/AIRLINES_DATA_ETL_DAG.py took 0.319 seconds
[2024-03-09T05:56:54.198+0000] {processor.py:161} INFO - Started process (PID=213) to work on /opt/airflow/dags/AIRLINES_DATA_ETL_DAG.py
[2024-03-09T05:56:54.199+0000] {processor.py:830} INFO - Processing file /opt/airflow/dags/AIRLINES_DATA_ETL_DAG.py for tasks to queue
[2024-03-09T05:56:54.202+0000] {logging_mixin.py:188} INFO - [2024-03-09T05:56:54.201+0000] {dagbag.py:540} INFO - Filling up the DagBag from /opt/airflow/dags/AIRLINES_DATA_ETL_DAG.py
[2024-03-09T05:56:54.290+0000] {processor.py:840} INFO - DAG(s) 'AIRLINES_ETL_PIPELINE' retrieved from /opt/airflow/dags/AIRLINES_DATA_ETL_DAG.py
[2024-03-09T05:56:54.319+0000] {logging_mixin.py:188} INFO - [2024-03-09T05:56:54.319+0000] {dag.py:3047} INFO - Sync 1 DAGs
[2024-03-09T05:56:54.347+0000] {logging_mixin.py:188} INFO - [2024-03-09T05:56:54.346+0000] {dag.py:3834} INFO - Setting next_dagrun for AIRLINES_ETL_PIPELINE to 2024-03-28 12:00:00+00:00, run_after=2024-04-28 12:00:00+00:00
[2024-03-09T05:56:55.060+0000] {processor.py:183} INFO - Processing /opt/airflow/dags/AIRLINES_DATA_ETL_DAG.py took 0.865 seconds
[2024-03-09T05:57:25.444+0000] {processor.py:161} INFO - Started process (PID=215) to work on /opt/airflow/dags/AIRLINES_DATA_ETL_DAG.py
[2024-03-09T05:57:25.445+0000] {processor.py:830} INFO - Processing file /opt/airflow/dags/AIRLINES_DATA_ETL_DAG.py for tasks to queue
[2024-03-09T05:57:25.447+0000] {logging_mixin.py:188} INFO - [2024-03-09T05:57:25.447+0000] {dagbag.py:540} INFO - Filling up the DagBag from /opt/airflow/dags/AIRLINES_DATA_ETL_DAG.py
[2024-03-09T05:57:25.529+0000] {processor.py:840} INFO - DAG(s) 'AIRLINES_ETL_PIPELINE' retrieved from /opt/airflow/dags/AIRLINES_DATA_ETL_DAG.py
[2024-03-09T05:57:25.558+0000] {logging_mixin.py:188} INFO - [2024-03-09T05:57:25.557+0000] {dag.py:3047} INFO - Sync 1 DAGs
[2024-03-09T05:57:25.584+0000] {logging_mixin.py:188} INFO - [2024-03-09T05:57:25.584+0000] {dag.py:3834} INFO - Setting next_dagrun for AIRLINES_ETL_PIPELINE to 2024-03-28 12:00:00+00:00, run_after=2024-04-28 12:00:00+00:00
[2024-03-09T05:57:25.650+0000] {processor.py:183} INFO - Processing /opt/airflow/dags/AIRLINES_DATA_ETL_DAG.py took 0.209 seconds
[2024-03-09T05:57:56.115+0000] {processor.py:161} INFO - Started process (PID=217) to work on /opt/airflow/dags/AIRLINES_DATA_ETL_DAG.py
[2024-03-09T05:57:56.116+0000] {processor.py:830} INFO - Processing file /opt/airflow/dags/AIRLINES_DATA_ETL_DAG.py for tasks to queue
[2024-03-09T05:57:56.118+0000] {logging_mixin.py:188} INFO - [2024-03-09T05:57:56.118+0000] {dagbag.py:540} INFO - Filling up the DagBag from /opt/airflow/dags/AIRLINES_DATA_ETL_DAG.py
[2024-03-09T05:57:56.212+0000] {processor.py:840} INFO - DAG(s) 'AIRLINES_ETL_PIPELINE' retrieved from /opt/airflow/dags/AIRLINES_DATA_ETL_DAG.py
[2024-03-09T05:57:56.240+0000] {logging_mixin.py:188} INFO - [2024-03-09T05:57:56.239+0000] {dag.py:3047} INFO - Sync 1 DAGs
[2024-03-09T05:57:56.265+0000] {logging_mixin.py:188} INFO - [2024-03-09T05:57:56.265+0000] {dag.py:3834} INFO - Setting next_dagrun for AIRLINES_ETL_PIPELINE to 2024-03-28 12:00:00+00:00, run_after=2024-04-28 12:00:00+00:00
[2024-03-09T05:57:56.477+0000] {processor.py:183} INFO - Processing /opt/airflow/dags/AIRLINES_DATA_ETL_DAG.py took 0.365 seconds
[2024-03-09T05:58:26.783+0000] {processor.py:161} INFO - Started process (PID=219) to work on /opt/airflow/dags/AIRLINES_DATA_ETL_DAG.py
[2024-03-09T05:58:26.785+0000] {processor.py:830} INFO - Processing file /opt/airflow/dags/AIRLINES_DATA_ETL_DAG.py for tasks to queue
[2024-03-09T05:58:26.787+0000] {logging_mixin.py:188} INFO - [2024-03-09T05:58:26.787+0000] {dagbag.py:540} INFO - Filling up the DagBag from /opt/airflow/dags/AIRLINES_DATA_ETL_DAG.py
[2024-03-09T05:58:26.873+0000] {processor.py:840} INFO - DAG(s) 'AIRLINES_ETL_PIPELINE' retrieved from /opt/airflow/dags/AIRLINES_DATA_ETL_DAG.py
[2024-03-09T05:58:26.902+0000] {logging_mixin.py:188} INFO - [2024-03-09T05:58:26.902+0000] {dag.py:3047} INFO - Sync 1 DAGs
[2024-03-09T05:58:26.929+0000] {logging_mixin.py:188} INFO - [2024-03-09T05:58:26.928+0000] {dag.py:3834} INFO - Setting next_dagrun for AIRLINES_ETL_PIPELINE to 2024-03-28 12:00:00+00:00, run_after=2024-04-28 12:00:00+00:00
[2024-03-09T05:58:27.032+0000] {processor.py:183} INFO - Processing /opt/airflow/dags/AIRLINES_DATA_ETL_DAG.py took 0.252 seconds
[2024-03-09T05:58:57.440+0000] {processor.py:161} INFO - Started process (PID=221) to work on /opt/airflow/dags/AIRLINES_DATA_ETL_DAG.py
[2024-03-09T05:58:57.445+0000] {processor.py:830} INFO - Processing file /opt/airflow/dags/AIRLINES_DATA_ETL_DAG.py for tasks to queue
[2024-03-09T05:58:57.458+0000] {logging_mixin.py:188} INFO - [2024-03-09T05:58:57.455+0000] {dagbag.py:540} INFO - Filling up the DagBag from /opt/airflow/dags/AIRLINES_DATA_ETL_DAG.py
[2024-03-09T05:58:57.602+0000] {processor.py:840} INFO - DAG(s) 'AIRLINES_ETL_PIPELINE' retrieved from /opt/airflow/dags/AIRLINES_DATA_ETL_DAG.py
[2024-03-09T05:58:57.644+0000] {logging_mixin.py:188} INFO - [2024-03-09T05:58:57.643+0000] {dag.py:3047} INFO - Sync 1 DAGs
[2024-03-09T05:58:57.679+0000] {logging_mixin.py:188} INFO - [2024-03-09T05:58:57.679+0000] {dag.py:3834} INFO - Setting next_dagrun for AIRLINES_ETL_PIPELINE to 2024-03-28 12:00:00+00:00, run_after=2024-04-28 12:00:00+00:00
[2024-03-09T05:58:57.744+0000] {processor.py:183} INFO - Processing /opt/airflow/dags/AIRLINES_DATA_ETL_DAG.py took 0.321 seconds
[2024-03-09T05:59:28.079+0000] {processor.py:161} INFO - Started process (PID=223) to work on /opt/airflow/dags/AIRLINES_DATA_ETL_DAG.py
[2024-03-09T05:59:28.080+0000] {processor.py:830} INFO - Processing file /opt/airflow/dags/AIRLINES_DATA_ETL_DAG.py for tasks to queue
[2024-03-09T05:59:28.083+0000] {logging_mixin.py:188} INFO - [2024-03-09T05:59:28.082+0000] {dagbag.py:540} INFO - Filling up the DagBag from /opt/airflow/dags/AIRLINES_DATA_ETL_DAG.py
[2024-03-09T05:59:28.178+0000] {processor.py:840} INFO - DAG(s) 'AIRLINES_ETL_PIPELINE' retrieved from /opt/airflow/dags/AIRLINES_DATA_ETL_DAG.py
[2024-03-09T05:59:28.208+0000] {logging_mixin.py:188} INFO - [2024-03-09T05:59:28.207+0000] {dag.py:3047} INFO - Sync 1 DAGs
[2024-03-09T05:59:28.238+0000] {logging_mixin.py:188} INFO - [2024-03-09T05:59:28.237+0000] {dag.py:3834} INFO - Setting next_dagrun for AIRLINES_ETL_PIPELINE to 2024-03-28 12:00:00+00:00, run_after=2024-04-28 12:00:00+00:00
[2024-03-09T05:59:28.330+0000] {processor.py:183} INFO - Processing /opt/airflow/dags/AIRLINES_DATA_ETL_DAG.py took 0.255 seconds
[2024-03-09T05:59:58.584+0000] {processor.py:161} INFO - Started process (PID=225) to work on /opt/airflow/dags/AIRLINES_DATA_ETL_DAG.py
[2024-03-09T05:59:58.586+0000] {processor.py:830} INFO - Processing file /opt/airflow/dags/AIRLINES_DATA_ETL_DAG.py for tasks to queue
[2024-03-09T05:59:58.589+0000] {logging_mixin.py:188} INFO - [2024-03-09T05:59:58.588+0000] {dagbag.py:540} INFO - Filling up the DagBag from /opt/airflow/dags/AIRLINES_DATA_ETL_DAG.py
[2024-03-09T05:59:58.694+0000] {processor.py:840} INFO - DAG(s) 'AIRLINES_ETL_PIPELINE' retrieved from /opt/airflow/dags/AIRLINES_DATA_ETL_DAG.py
[2024-03-09T05:59:58.728+0000] {logging_mixin.py:188} INFO - [2024-03-09T05:59:58.728+0000] {dag.py:3047} INFO - Sync 1 DAGs
[2024-03-09T05:59:58.755+0000] {logging_mixin.py:188} INFO - [2024-03-09T05:59:58.755+0000] {dag.py:3834} INFO - Setting next_dagrun for AIRLINES_ETL_PIPELINE to 2024-03-28 12:00:00+00:00, run_after=2024-04-28 12:00:00+00:00
[2024-03-09T05:59:58.841+0000] {processor.py:183} INFO - Processing /opt/airflow/dags/AIRLINES_DATA_ETL_DAG.py took 0.263 seconds
[2024-03-09T06:00:29.271+0000] {processor.py:161} INFO - Started process (PID=227) to work on /opt/airflow/dags/AIRLINES_DATA_ETL_DAG.py
[2024-03-09T06:00:29.272+0000] {processor.py:830} INFO - Processing file /opt/airflow/dags/AIRLINES_DATA_ETL_DAG.py for tasks to queue
[2024-03-09T06:00:29.274+0000] {logging_mixin.py:188} INFO - [2024-03-09T06:00:29.274+0000] {dagbag.py:540} INFO - Filling up the DagBag from /opt/airflow/dags/AIRLINES_DATA_ETL_DAG.py
[2024-03-09T06:00:29.374+0000] {processor.py:840} INFO - DAG(s) 'AIRLINES_ETL_PIPELINE' retrieved from /opt/airflow/dags/AIRLINES_DATA_ETL_DAG.py
[2024-03-09T06:00:29.402+0000] {logging_mixin.py:188} INFO - [2024-03-09T06:00:29.401+0000] {dag.py:3047} INFO - Sync 1 DAGs
[2024-03-09T06:00:29.432+0000] {logging_mixin.py:188} INFO - [2024-03-09T06:00:29.431+0000] {dag.py:3834} INFO - Setting next_dagrun for AIRLINES_ETL_PIPELINE to 2024-03-28 12:00:00+00:00, run_after=2024-04-28 12:00:00+00:00
[2024-03-09T06:00:29.688+0000] {processor.py:183} INFO - Processing /opt/airflow/dags/AIRLINES_DATA_ETL_DAG.py took 0.420 seconds
[2024-03-09T06:01:00.109+0000] {processor.py:161} INFO - Started process (PID=229) to work on /opt/airflow/dags/AIRLINES_DATA_ETL_DAG.py
[2024-03-09T06:01:00.110+0000] {processor.py:830} INFO - Processing file /opt/airflow/dags/AIRLINES_DATA_ETL_DAG.py for tasks to queue
[2024-03-09T06:01:00.112+0000] {logging_mixin.py:188} INFO - [2024-03-09T06:01:00.112+0000] {dagbag.py:540} INFO - Filling up the DagBag from /opt/airflow/dags/AIRLINES_DATA_ETL_DAG.py
[2024-03-09T06:01:00.235+0000] {processor.py:840} INFO - DAG(s) 'AIRLINES_ETL_PIPELINE' retrieved from /opt/airflow/dags/AIRLINES_DATA_ETL_DAG.py
[2024-03-09T06:01:00.276+0000] {logging_mixin.py:188} INFO - [2024-03-09T06:01:00.276+0000] {dag.py:3047} INFO - Sync 1 DAGs
[2024-03-09T06:01:00.321+0000] {logging_mixin.py:188} INFO - [2024-03-09T06:01:00.321+0000] {dag.py:3834} INFO - Setting next_dagrun for AIRLINES_ETL_PIPELINE to 2024-03-28 12:00:00+00:00, run_after=2024-04-28 12:00:00+00:00
[2024-03-09T06:01:00.643+0000] {processor.py:183} INFO - Processing /opt/airflow/dags/AIRLINES_DATA_ETL_DAG.py took 0.540 seconds
[2024-03-09T06:01:31.012+0000] {processor.py:161} INFO - Started process (PID=231) to work on /opt/airflow/dags/AIRLINES_DATA_ETL_DAG.py
[2024-03-09T06:01:31.013+0000] {processor.py:830} INFO - Processing file /opt/airflow/dags/AIRLINES_DATA_ETL_DAG.py for tasks to queue
[2024-03-09T06:01:31.015+0000] {logging_mixin.py:188} INFO - [2024-03-09T06:01:31.015+0000] {dagbag.py:540} INFO - Filling up the DagBag from /opt/airflow/dags/AIRLINES_DATA_ETL_DAG.py
[2024-03-09T06:01:31.109+0000] {processor.py:840} INFO - DAG(s) 'AIRLINES_ETL_PIPELINE' retrieved from /opt/airflow/dags/AIRLINES_DATA_ETL_DAG.py
[2024-03-09T06:01:31.139+0000] {logging_mixin.py:188} INFO - [2024-03-09T06:01:31.139+0000] {dag.py:3047} INFO - Sync 1 DAGs
[2024-03-09T06:01:31.167+0000] {logging_mixin.py:188} INFO - [2024-03-09T06:01:31.167+0000] {dag.py:3834} INFO - Setting next_dagrun for AIRLINES_ETL_PIPELINE to 2024-03-28 12:00:00+00:00, run_after=2024-04-28 12:00:00+00:00
[2024-03-09T06:01:31.238+0000] {processor.py:183} INFO - Processing /opt/airflow/dags/AIRLINES_DATA_ETL_DAG.py took 0.229 seconds
[2024-03-09T06:02:01.516+0000] {processor.py:161} INFO - Started process (PID=233) to work on /opt/airflow/dags/AIRLINES_DATA_ETL_DAG.py
[2024-03-09T06:02:01.517+0000] {processor.py:830} INFO - Processing file /opt/airflow/dags/AIRLINES_DATA_ETL_DAG.py for tasks to queue
[2024-03-09T06:02:01.519+0000] {logging_mixin.py:188} INFO - [2024-03-09T06:02:01.518+0000] {dagbag.py:540} INFO - Filling up the DagBag from /opt/airflow/dags/AIRLINES_DATA_ETL_DAG.py
[2024-03-09T06:02:01.611+0000] {processor.py:840} INFO - DAG(s) 'AIRLINES_ETL_PIPELINE' retrieved from /opt/airflow/dags/AIRLINES_DATA_ETL_DAG.py
[2024-03-09T06:02:01.641+0000] {logging_mixin.py:188} INFO - [2024-03-09T06:02:01.641+0000] {dag.py:3047} INFO - Sync 1 DAGs
[2024-03-09T06:02:01.669+0000] {logging_mixin.py:188} INFO - [2024-03-09T06:02:01.669+0000] {dag.py:3834} INFO - Setting next_dagrun for AIRLINES_ETL_PIPELINE to 2024-03-28 12:00:00+00:00, run_after=2024-04-28 12:00:00+00:00
[2024-03-09T06:02:01.750+0000] {processor.py:183} INFO - Processing /opt/airflow/dags/AIRLINES_DATA_ETL_DAG.py took 0.237 seconds
[2024-03-09T06:02:32.172+0000] {processor.py:161} INFO - Started process (PID=235) to work on /opt/airflow/dags/AIRLINES_DATA_ETL_DAG.py
[2024-03-09T06:02:32.173+0000] {processor.py:830} INFO - Processing file /opt/airflow/dags/AIRLINES_DATA_ETL_DAG.py for tasks to queue
[2024-03-09T06:02:32.175+0000] {logging_mixin.py:188} INFO - [2024-03-09T06:02:32.175+0000] {dagbag.py:540} INFO - Filling up the DagBag from /opt/airflow/dags/AIRLINES_DATA_ETL_DAG.py
[2024-03-09T06:02:32.303+0000] {processor.py:840} INFO - DAG(s) 'AIRLINES_ETL_PIPELINE' retrieved from /opt/airflow/dags/AIRLINES_DATA_ETL_DAG.py
[2024-03-09T06:02:32.334+0000] {logging_mixin.py:188} INFO - [2024-03-09T06:02:32.333+0000] {dag.py:3047} INFO - Sync 1 DAGs
[2024-03-09T06:02:32.359+0000] {logging_mixin.py:188} INFO - [2024-03-09T06:02:32.359+0000] {dag.py:3834} INFO - Setting next_dagrun for AIRLINES_ETL_PIPELINE to 2024-03-28 12:00:00+00:00, run_after=2024-04-28 12:00:00+00:00
[2024-03-09T06:02:32.866+0000] {processor.py:183} INFO - Processing /opt/airflow/dags/AIRLINES_DATA_ETL_DAG.py took 0.697 seconds
[2024-03-09T06:03:03.252+0000] {processor.py:161} INFO - Started process (PID=237) to work on /opt/airflow/dags/AIRLINES_DATA_ETL_DAG.py
[2024-03-09T06:03:03.253+0000] {processor.py:830} INFO - Processing file /opt/airflow/dags/AIRLINES_DATA_ETL_DAG.py for tasks to queue
[2024-03-09T06:03:03.255+0000] {logging_mixin.py:188} INFO - [2024-03-09T06:03:03.255+0000] {dagbag.py:540} INFO - Filling up the DagBag from /opt/airflow/dags/AIRLINES_DATA_ETL_DAG.py
[2024-03-09T06:03:03.343+0000] {processor.py:840} INFO - DAG(s) 'AIRLINES_ETL_PIPELINE' retrieved from /opt/airflow/dags/AIRLINES_DATA_ETL_DAG.py
[2024-03-09T06:03:03.375+0000] {logging_mixin.py:188} INFO - [2024-03-09T06:03:03.375+0000] {dag.py:3047} INFO - Sync 1 DAGs
[2024-03-09T06:03:03.405+0000] {logging_mixin.py:188} INFO - [2024-03-09T06:03:03.405+0000] {dag.py:3834} INFO - Setting next_dagrun for AIRLINES_ETL_PIPELINE to 2024-03-28 12:00:00+00:00, run_after=2024-04-28 12:00:00+00:00
[2024-03-09T06:03:03.511+0000] {processor.py:183} INFO - Processing /opt/airflow/dags/AIRLINES_DATA_ETL_DAG.py took 0.262 seconds
[2024-03-09T06:03:33.605+0000] {processor.py:161} INFO - Started process (PID=239) to work on /opt/airflow/dags/AIRLINES_DATA_ETL_DAG.py
[2024-03-09T06:03:33.606+0000] {processor.py:830} INFO - Processing file /opt/airflow/dags/AIRLINES_DATA_ETL_DAG.py for tasks to queue
[2024-03-09T06:03:33.609+0000] {logging_mixin.py:188} INFO - [2024-03-09T06:03:33.608+0000] {dagbag.py:540} INFO - Filling up the DagBag from /opt/airflow/dags/AIRLINES_DATA_ETL_DAG.py
[2024-03-09T06:03:33.691+0000] {processor.py:840} INFO - DAG(s) 'AIRLINES_ETL_PIPELINE' retrieved from /opt/airflow/dags/AIRLINES_DATA_ETL_DAG.py
[2024-03-09T06:03:33.720+0000] {logging_mixin.py:188} INFO - [2024-03-09T06:03:33.720+0000] {dag.py:3047} INFO - Sync 1 DAGs
[2024-03-09T06:03:33.748+0000] {logging_mixin.py:188} INFO - [2024-03-09T06:03:33.748+0000] {dag.py:3834} INFO - Setting next_dagrun for AIRLINES_ETL_PIPELINE to 2024-03-28 12:00:00+00:00, run_after=2024-04-28 12:00:00+00:00
[2024-03-09T06:03:33.817+0000] {processor.py:183} INFO - Processing /opt/airflow/dags/AIRLINES_DATA_ETL_DAG.py took 0.215 seconds
[2024-03-09T06:04:04.291+0000] {processor.py:161} INFO - Started process (PID=241) to work on /opt/airflow/dags/AIRLINES_DATA_ETL_DAG.py
[2024-03-09T06:04:04.293+0000] {processor.py:830} INFO - Processing file /opt/airflow/dags/AIRLINES_DATA_ETL_DAG.py for tasks to queue
[2024-03-09T06:04:04.295+0000] {logging_mixin.py:188} INFO - [2024-03-09T06:04:04.295+0000] {dagbag.py:540} INFO - Filling up the DagBag from /opt/airflow/dags/AIRLINES_DATA_ETL_DAG.py
[2024-03-09T06:04:04.386+0000] {processor.py:840} INFO - DAG(s) 'AIRLINES_ETL_PIPELINE' retrieved from /opt/airflow/dags/AIRLINES_DATA_ETL_DAG.py
[2024-03-09T06:04:04.416+0000] {logging_mixin.py:188} INFO - [2024-03-09T06:04:04.416+0000] {dag.py:3047} INFO - Sync 1 DAGs
[2024-03-09T06:04:04.443+0000] {logging_mixin.py:188} INFO - [2024-03-09T06:04:04.443+0000] {dag.py:3834} INFO - Setting next_dagrun for AIRLINES_ETL_PIPELINE to 2024-03-28 12:00:00+00:00, run_after=2024-04-28 12:00:00+00:00
[2024-03-09T06:04:04.523+0000] {processor.py:183} INFO - Processing /opt/airflow/dags/AIRLINES_DATA_ETL_DAG.py took 0.234 seconds
[2024-03-09T06:04:34.822+0000] {processor.py:161} INFO - Started process (PID=243) to work on /opt/airflow/dags/AIRLINES_DATA_ETL_DAG.py
[2024-03-09T06:04:34.823+0000] {processor.py:830} INFO - Processing file /opt/airflow/dags/AIRLINES_DATA_ETL_DAG.py for tasks to queue
[2024-03-09T06:04:34.825+0000] {logging_mixin.py:188} INFO - [2024-03-09T06:04:34.825+0000] {dagbag.py:540} INFO - Filling up the DagBag from /opt/airflow/dags/AIRLINES_DATA_ETL_DAG.py
[2024-03-09T06:04:34.920+0000] {processor.py:840} INFO - DAG(s) 'AIRLINES_ETL_PIPELINE' retrieved from /opt/airflow/dags/AIRLINES_DATA_ETL_DAG.py
[2024-03-09T06:04:34.949+0000] {logging_mixin.py:188} INFO - [2024-03-09T06:04:34.948+0000] {dag.py:3047} INFO - Sync 1 DAGs
[2024-03-09T06:04:34.975+0000] {logging_mixin.py:188} INFO - [2024-03-09T06:04:34.974+0000] {dag.py:3834} INFO - Setting next_dagrun for AIRLINES_ETL_PIPELINE to 2024-03-28 12:00:00+00:00, run_after=2024-04-28 12:00:00+00:00
[2024-03-09T06:04:35.047+0000] {processor.py:183} INFO - Processing /opt/airflow/dags/AIRLINES_DATA_ETL_DAG.py took 0.229 seconds
