[2024-03-09T05:36:04.478+0000] {processor.py:161} INFO - Started process (PID=57) to work on /opt/airflow/dags/welcome_dag.py
[2024-03-09T05:36:04.479+0000] {processor.py:830} INFO - Processing file /opt/airflow/dags/welcome_dag.py for tasks to queue
[2024-03-09T05:36:04.482+0000] {logging_mixin.py:188} INFO - [2024-03-09T05:36:04.481+0000] {dagbag.py:540} INFO - Filling up the DagBag from /opt/airflow/dags/welcome_dag.py
[2024-03-09T05:36:04.516+0000] {processor.py:840} INFO - DAG(s) 'welcome_dag' retrieved from /opt/airflow/dags/welcome_dag.py
[2024-03-09T05:36:04.544+0000] {logging_mixin.py:188} INFO - [2024-03-09T05:36:04.544+0000] {dag.py:3047} INFO - Sync 1 DAGs
[2024-03-09T05:36:04.578+0000] {logging_mixin.py:188} INFO - [2024-03-09T05:36:04.578+0000] {dag.py:3834} INFO - Setting next_dagrun for welcome_dag to 2024-03-08 23:00:00+00:00, run_after=2024-03-09 23:00:00+00:00
[2024-03-09T05:36:04.650+0000] {processor.py:183} INFO - Processing /opt/airflow/dags/welcome_dag.py took 0.175 seconds
[2024-03-09T05:36:36.090+0000] {processor.py:161} INFO - Started process (PID=77) to work on /opt/airflow/dags/welcome_dag.py
[2024-03-09T05:36:36.148+0000] {processor.py:830} INFO - Processing file /opt/airflow/dags/welcome_dag.py for tasks to queue
[2024-03-09T05:36:36.150+0000] {logging_mixin.py:188} INFO - [2024-03-09T05:36:36.150+0000] {dagbag.py:540} INFO - Filling up the DagBag from /opt/airflow/dags/welcome_dag.py
[2024-03-09T05:36:36.175+0000] {processor.py:840} INFO - DAG(s) 'welcome_dag' retrieved from /opt/airflow/dags/welcome_dag.py
[2024-03-09T05:36:36.321+0000] {logging_mixin.py:188} INFO - [2024-03-09T05:36:36.319+0000] {dag.py:3047} INFO - Sync 1 DAGs
[2024-03-09T05:36:36.388+0000] {logging_mixin.py:188} INFO - [2024-03-09T05:36:36.388+0000] {dag.py:3834} INFO - Setting next_dagrun for welcome_dag to 2024-03-08 23:00:00+00:00, run_after=2024-03-09 23:00:00+00:00
[2024-03-09T05:36:36.542+0000] {processor.py:183} INFO - Processing /opt/airflow/dags/welcome_dag.py took 0.455 seconds
[2024-03-09T05:37:07.468+0000] {processor.py:161} INFO - Started process (PID=79) to work on /opt/airflow/dags/welcome_dag.py
[2024-03-09T05:37:07.469+0000] {processor.py:830} INFO - Processing file /opt/airflow/dags/welcome_dag.py for tasks to queue
[2024-03-09T05:37:07.472+0000] {logging_mixin.py:188} INFO - [2024-03-09T05:37:07.471+0000] {dagbag.py:540} INFO - Filling up the DagBag from /opt/airflow/dags/welcome_dag.py
[2024-03-09T05:37:07.499+0000] {processor.py:840} INFO - DAG(s) 'welcome_dag' retrieved from /opt/airflow/dags/welcome_dag.py
[2024-03-09T05:37:07.547+0000] {logging_mixin.py:188} INFO - [2024-03-09T05:37:07.546+0000] {dag.py:3047} INFO - Sync 1 DAGs
[2024-03-09T05:37:07.589+0000] {logging_mixin.py:188} INFO - [2024-03-09T05:37:07.588+0000] {dag.py:3834} INFO - Setting next_dagrun for welcome_dag to 2024-03-08 23:00:00+00:00, run_after=2024-03-09 23:00:00+00:00
[2024-03-09T05:37:07.689+0000] {processor.py:183} INFO - Processing /opt/airflow/dags/welcome_dag.py took 0.225 seconds
[2024-03-09T05:37:38.665+0000] {processor.py:161} INFO - Started process (PID=81) to work on /opt/airflow/dags/welcome_dag.py
[2024-03-09T05:37:38.666+0000] {processor.py:830} INFO - Processing file /opt/airflow/dags/welcome_dag.py for tasks to queue
[2024-03-09T05:37:38.668+0000] {logging_mixin.py:188} INFO - [2024-03-09T05:37:38.668+0000] {dagbag.py:540} INFO - Filling up the DagBag from /opt/airflow/dags/welcome_dag.py
[2024-03-09T05:37:38.694+0000] {processor.py:840} INFO - DAG(s) 'welcome_dag' retrieved from /opt/airflow/dags/welcome_dag.py
[2024-03-09T05:37:38.733+0000] {logging_mixin.py:188} INFO - [2024-03-09T05:37:38.732+0000] {dag.py:3047} INFO - Sync 1 DAGs
[2024-03-09T05:37:38.772+0000] {logging_mixin.py:188} INFO - [2024-03-09T05:37:38.772+0000] {dag.py:3834} INFO - Setting next_dagrun for welcome_dag to 2024-03-08 23:00:00+00:00, run_after=2024-03-09 23:00:00+00:00
[2024-03-09T05:37:38.981+0000] {processor.py:183} INFO - Processing /opt/airflow/dags/welcome_dag.py took 0.319 seconds
[2024-03-09T05:38:09.297+0000] {processor.py:161} INFO - Started process (PID=83) to work on /opt/airflow/dags/welcome_dag.py
[2024-03-09T05:38:09.302+0000] {processor.py:830} INFO - Processing file /opt/airflow/dags/welcome_dag.py for tasks to queue
[2024-03-09T05:38:09.308+0000] {logging_mixin.py:188} INFO - [2024-03-09T05:38:09.307+0000] {dagbag.py:540} INFO - Filling up the DagBag from /opt/airflow/dags/welcome_dag.py
[2024-03-09T05:38:09.337+0000] {processor.py:840} INFO - DAG(s) 'welcome_dag' retrieved from /opt/airflow/dags/welcome_dag.py
[2024-03-09T05:38:09.368+0000] {logging_mixin.py:188} INFO - [2024-03-09T05:38:09.367+0000] {dag.py:3047} INFO - Sync 1 DAGs
[2024-03-09T05:38:09.397+0000] {logging_mixin.py:188} INFO - [2024-03-09T05:38:09.397+0000] {dag.py:3834} INFO - Setting next_dagrun for welcome_dag to 2024-03-08 23:00:00+00:00, run_after=2024-03-09 23:00:00+00:00
[2024-03-09T05:38:09.468+0000] {processor.py:183} INFO - Processing /opt/airflow/dags/welcome_dag.py took 0.180 seconds
[2024-03-09T05:38:40.014+0000] {processor.py:161} INFO - Started process (PID=85) to work on /opt/airflow/dags/welcome_dag.py
[2024-03-09T05:38:40.015+0000] {processor.py:830} INFO - Processing file /opt/airflow/dags/welcome_dag.py for tasks to queue
[2024-03-09T05:38:40.017+0000] {logging_mixin.py:188} INFO - [2024-03-09T05:38:40.016+0000] {dagbag.py:540} INFO - Filling up the DagBag from /opt/airflow/dags/welcome_dag.py
[2024-03-09T05:38:40.061+0000] {processor.py:840} INFO - DAG(s) 'welcome_dag' retrieved from /opt/airflow/dags/welcome_dag.py
[2024-03-09T05:38:40.118+0000] {logging_mixin.py:188} INFO - [2024-03-09T05:38:40.118+0000] {dag.py:3047} INFO - Sync 1 DAGs
[2024-03-09T05:38:40.173+0000] {logging_mixin.py:188} INFO - [2024-03-09T05:38:40.173+0000] {dag.py:3834} INFO - Setting next_dagrun for welcome_dag to 2024-03-08 23:00:00+00:00, run_after=2024-03-09 23:00:00+00:00
[2024-03-09T05:38:40.247+0000] {processor.py:183} INFO - Processing /opt/airflow/dags/welcome_dag.py took 0.236 seconds
[2024-03-09T05:39:10.596+0000] {processor.py:161} INFO - Started process (PID=87) to work on /opt/airflow/dags/welcome_dag.py
[2024-03-09T05:39:10.597+0000] {processor.py:830} INFO - Processing file /opt/airflow/dags/welcome_dag.py for tasks to queue
[2024-03-09T05:39:10.599+0000] {logging_mixin.py:188} INFO - [2024-03-09T05:39:10.599+0000] {dagbag.py:540} INFO - Filling up the DagBag from /opt/airflow/dags/welcome_dag.py
[2024-03-09T05:39:10.628+0000] {processor.py:840} INFO - DAG(s) 'welcome_dag' retrieved from /opt/airflow/dags/welcome_dag.py
[2024-03-09T05:39:10.790+0000] {logging_mixin.py:188} INFO - [2024-03-09T05:39:10.789+0000] {dag.py:3047} INFO - Sync 1 DAGs
[2024-03-09T05:39:10.822+0000] {logging_mixin.py:188} INFO - [2024-03-09T05:39:10.822+0000] {dag.py:3834} INFO - Setting next_dagrun for welcome_dag to 2024-03-08 23:00:00+00:00, run_after=2024-03-09 23:00:00+00:00
[2024-03-09T05:39:11.048+0000] {processor.py:183} INFO - Processing /opt/airflow/dags/welcome_dag.py took 0.455 seconds
[2024-03-09T05:39:41.454+0000] {processor.py:161} INFO - Started process (PID=89) to work on /opt/airflow/dags/welcome_dag.py
[2024-03-09T05:39:41.455+0000] {processor.py:830} INFO - Processing file /opt/airflow/dags/welcome_dag.py for tasks to queue
[2024-03-09T05:39:41.458+0000] {logging_mixin.py:188} INFO - [2024-03-09T05:39:41.457+0000] {dagbag.py:540} INFO - Filling up the DagBag from /opt/airflow/dags/welcome_dag.py
[2024-03-09T05:39:41.486+0000] {processor.py:840} INFO - DAG(s) 'welcome_dag' retrieved from /opt/airflow/dags/welcome_dag.py
[2024-03-09T05:39:41.517+0000] {logging_mixin.py:188} INFO - [2024-03-09T05:39:41.517+0000] {dag.py:3047} INFO - Sync 1 DAGs
[2024-03-09T05:39:41.556+0000] {logging_mixin.py:188} INFO - [2024-03-09T05:39:41.556+0000] {dag.py:3834} INFO - Setting next_dagrun for welcome_dag to 2024-03-08 23:00:00+00:00, run_after=2024-03-09 23:00:00+00:00
[2024-03-09T05:39:41.652+0000] {processor.py:183} INFO - Processing /opt/airflow/dags/welcome_dag.py took 0.201 seconds
[2024-03-09T05:40:12.214+0000] {processor.py:161} INFO - Started process (PID=91) to work on /opt/airflow/dags/welcome_dag.py
[2024-03-09T05:40:12.215+0000] {processor.py:830} INFO - Processing file /opt/airflow/dags/welcome_dag.py for tasks to queue
[2024-03-09T05:40:12.218+0000] {logging_mixin.py:188} INFO - [2024-03-09T05:40:12.217+0000] {dagbag.py:540} INFO - Filling up the DagBag from /opt/airflow/dags/welcome_dag.py
[2024-03-09T05:40:12.243+0000] {processor.py:840} INFO - DAG(s) 'welcome_dag' retrieved from /opt/airflow/dags/welcome_dag.py
[2024-03-09T05:40:12.272+0000] {logging_mixin.py:188} INFO - [2024-03-09T05:40:12.272+0000] {dag.py:3047} INFO - Sync 1 DAGs
[2024-03-09T05:40:12.299+0000] {logging_mixin.py:188} INFO - [2024-03-09T05:40:12.299+0000] {dag.py:3834} INFO - Setting next_dagrun for welcome_dag to 2024-03-08 23:00:00+00:00, run_after=2024-03-09 23:00:00+00:00
[2024-03-09T05:40:12.366+0000] {processor.py:183} INFO - Processing /opt/airflow/dags/welcome_dag.py took 0.155 seconds
[2024-03-09T05:40:43.268+0000] {processor.py:161} INFO - Started process (PID=93) to work on /opt/airflow/dags/welcome_dag.py
[2024-03-09T05:40:43.269+0000] {processor.py:830} INFO - Processing file /opt/airflow/dags/welcome_dag.py for tasks to queue
[2024-03-09T05:40:43.271+0000] {logging_mixin.py:188} INFO - [2024-03-09T05:40:43.271+0000] {dagbag.py:540} INFO - Filling up the DagBag from /opt/airflow/dags/welcome_dag.py
[2024-03-09T05:40:43.296+0000] {processor.py:840} INFO - DAG(s) 'welcome_dag' retrieved from /opt/airflow/dags/welcome_dag.py
[2024-03-09T05:40:43.333+0000] {logging_mixin.py:188} INFO - [2024-03-09T05:40:43.333+0000] {dag.py:3047} INFO - Sync 1 DAGs
[2024-03-09T05:40:43.363+0000] {logging_mixin.py:188} INFO - [2024-03-09T05:40:43.362+0000] {dag.py:3834} INFO - Setting next_dagrun for welcome_dag to 2024-03-08 23:00:00+00:00, run_after=2024-03-09 23:00:00+00:00
[2024-03-09T05:40:43.509+0000] {processor.py:183} INFO - Processing /opt/airflow/dags/welcome_dag.py took 0.244 seconds
[2024-03-09T05:41:14.272+0000] {processor.py:161} INFO - Started process (PID=95) to work on /opt/airflow/dags/welcome_dag.py
[2024-03-09T05:41:14.273+0000] {processor.py:830} INFO - Processing file /opt/airflow/dags/welcome_dag.py for tasks to queue
[2024-03-09T05:41:14.275+0000] {logging_mixin.py:188} INFO - [2024-03-09T05:41:14.275+0000] {dagbag.py:540} INFO - Filling up the DagBag from /opt/airflow/dags/welcome_dag.py
[2024-03-09T05:41:14.300+0000] {processor.py:840} INFO - DAG(s) 'welcome_dag' retrieved from /opt/airflow/dags/welcome_dag.py
[2024-03-09T05:41:14.329+0000] {logging_mixin.py:188} INFO - [2024-03-09T05:41:14.329+0000] {dag.py:3047} INFO - Sync 1 DAGs
[2024-03-09T05:41:14.356+0000] {logging_mixin.py:188} INFO - [2024-03-09T05:41:14.355+0000] {dag.py:3834} INFO - Setting next_dagrun for welcome_dag to 2024-03-08 23:00:00+00:00, run_after=2024-03-09 23:00:00+00:00
[2024-03-09T05:41:14.426+0000] {processor.py:183} INFO - Processing /opt/airflow/dags/welcome_dag.py took 0.158 seconds
[2024-03-09T05:41:45.204+0000] {processor.py:161} INFO - Started process (PID=97) to work on /opt/airflow/dags/welcome_dag.py
[2024-03-09T05:41:45.276+0000] {processor.py:830} INFO - Processing file /opt/airflow/dags/welcome_dag.py for tasks to queue
[2024-03-09T05:41:45.298+0000] {logging_mixin.py:188} INFO - [2024-03-09T05:41:45.298+0000] {dagbag.py:540} INFO - Filling up the DagBag from /opt/airflow/dags/welcome_dag.py
[2024-03-09T05:41:45.369+0000] {processor.py:840} INFO - DAG(s) 'welcome_dag' retrieved from /opt/airflow/dags/welcome_dag.py
[2024-03-09T05:41:45.445+0000] {logging_mixin.py:188} INFO - [2024-03-09T05:41:45.444+0000] {dag.py:3047} INFO - Sync 1 DAGs
[2024-03-09T05:41:45.474+0000] {logging_mixin.py:188} INFO - [2024-03-09T05:41:45.474+0000] {dag.py:3834} INFO - Setting next_dagrun for welcome_dag to 2024-03-08 23:00:00+00:00, run_after=2024-03-09 23:00:00+00:00
[2024-03-09T05:41:45.571+0000] {processor.py:183} INFO - Processing /opt/airflow/dags/welcome_dag.py took 0.370 seconds
[2024-03-09T05:42:16.287+0000] {processor.py:161} INFO - Started process (PID=100) to work on /opt/airflow/dags/welcome_dag.py
[2024-03-09T05:42:16.289+0000] {processor.py:830} INFO - Processing file /opt/airflow/dags/welcome_dag.py for tasks to queue
[2024-03-09T05:42:16.294+0000] {logging_mixin.py:188} INFO - [2024-03-09T05:42:16.293+0000] {dagbag.py:540} INFO - Filling up the DagBag from /opt/airflow/dags/welcome_dag.py
[2024-03-09T05:42:16.335+0000] {processor.py:840} INFO - DAG(s) 'welcome_dag' retrieved from /opt/airflow/dags/welcome_dag.py
[2024-03-09T05:42:16.391+0000] {logging_mixin.py:188} INFO - [2024-03-09T05:42:16.391+0000] {dag.py:3047} INFO - Sync 1 DAGs
[2024-03-09T05:42:16.434+0000] {logging_mixin.py:188} INFO - [2024-03-09T05:42:16.434+0000] {dag.py:3834} INFO - Setting next_dagrun for welcome_dag to 2024-03-08 23:00:00+00:00, run_after=2024-03-09 23:00:00+00:00
[2024-03-09T05:42:16.539+0000] {processor.py:183} INFO - Processing /opt/airflow/dags/welcome_dag.py took 0.256 seconds
[2024-03-09T05:43:14.227+0000] {processor.py:161} INFO - Started process (PID=124) to work on /opt/airflow/dags/welcome_dag.py
[2024-03-09T05:43:14.229+0000] {processor.py:830} INFO - Processing file /opt/airflow/dags/welcome_dag.py for tasks to queue
[2024-03-09T05:43:14.232+0000] {logging_mixin.py:188} INFO - [2024-03-09T05:43:14.231+0000] {dagbag.py:540} INFO - Filling up the DagBag from /opt/airflow/dags/welcome_dag.py
[2024-03-09T05:43:14.257+0000] {processor.py:840} INFO - DAG(s) 'welcome_dag' retrieved from /opt/airflow/dags/welcome_dag.py
[2024-03-09T05:43:14.314+0000] {logging_mixin.py:188} INFO - [2024-03-09T05:43:14.314+0000] {dag.py:3047} INFO - Sync 1 DAGs
[2024-03-09T05:43:14.345+0000] {logging_mixin.py:188} INFO - [2024-03-09T05:43:14.345+0000] {dag.py:3834} INFO - Setting next_dagrun for welcome_dag to 2024-03-08 23:00:00+00:00, run_after=2024-03-09 23:00:00+00:00
[2024-03-09T05:43:14.424+0000] {processor.py:183} INFO - Processing /opt/airflow/dags/welcome_dag.py took 0.201 seconds
[2024-03-09T05:43:45.730+0000] {processor.py:161} INFO - Started process (PID=140) to work on /opt/airflow/dags/welcome_dag.py
[2024-03-09T05:43:45.731+0000] {processor.py:830} INFO - Processing file /opt/airflow/dags/welcome_dag.py for tasks to queue
[2024-03-09T05:43:45.733+0000] {logging_mixin.py:188} INFO - [2024-03-09T05:43:45.733+0000] {dagbag.py:540} INFO - Filling up the DagBag from /opt/airflow/dags/welcome_dag.py
[2024-03-09T05:43:45.775+0000] {processor.py:840} INFO - DAG(s) 'welcome_dag' retrieved from /opt/airflow/dags/welcome_dag.py
[2024-03-09T05:43:45.819+0000] {logging_mixin.py:188} INFO - [2024-03-09T05:43:45.818+0000] {dag.py:3047} INFO - Sync 1 DAGs
[2024-03-09T05:43:45.881+0000] {logging_mixin.py:188} INFO - [2024-03-09T05:43:45.881+0000] {dag.py:3834} INFO - Setting next_dagrun for welcome_dag to 2024-03-08 23:00:00+00:00, run_after=2024-03-09 23:00:00+00:00
[2024-03-09T05:43:45.958+0000] {processor.py:183} INFO - Processing /opt/airflow/dags/welcome_dag.py took 0.237 seconds
[2024-03-09T05:44:16.882+0000] {processor.py:161} INFO - Started process (PID=142) to work on /opt/airflow/dags/welcome_dag.py
[2024-03-09T05:44:16.883+0000] {processor.py:830} INFO - Processing file /opt/airflow/dags/welcome_dag.py for tasks to queue
[2024-03-09T05:44:16.886+0000] {logging_mixin.py:188} INFO - [2024-03-09T05:44:16.885+0000] {dagbag.py:540} INFO - Filling up the DagBag from /opt/airflow/dags/welcome_dag.py
[2024-03-09T05:44:16.919+0000] {processor.py:840} INFO - DAG(s) 'welcome_dag' retrieved from /opt/airflow/dags/welcome_dag.py
[2024-03-09T05:44:16.960+0000] {logging_mixin.py:188} INFO - [2024-03-09T05:44:16.960+0000] {dag.py:3047} INFO - Sync 1 DAGs
[2024-03-09T05:44:16.991+0000] {logging_mixin.py:188} INFO - [2024-03-09T05:44:16.991+0000] {dag.py:3834} INFO - Setting next_dagrun for welcome_dag to 2024-03-08 23:00:00+00:00, run_after=2024-03-09 23:00:00+00:00
[2024-03-09T05:44:17.085+0000] {processor.py:183} INFO - Processing /opt/airflow/dags/welcome_dag.py took 0.206 seconds
[2024-03-09T05:44:48.316+0000] {processor.py:161} INFO - Started process (PID=144) to work on /opt/airflow/dags/welcome_dag.py
[2024-03-09T05:44:48.317+0000] {processor.py:830} INFO - Processing file /opt/airflow/dags/welcome_dag.py for tasks to queue
[2024-03-09T05:44:48.320+0000] {logging_mixin.py:188} INFO - [2024-03-09T05:44:48.319+0000] {dagbag.py:540} INFO - Filling up the DagBag from /opt/airflow/dags/welcome_dag.py
[2024-03-09T05:44:48.347+0000] {processor.py:840} INFO - DAG(s) 'welcome_dag' retrieved from /opt/airflow/dags/welcome_dag.py
[2024-03-09T05:44:48.380+0000] {logging_mixin.py:188} INFO - [2024-03-09T05:44:48.379+0000] {dag.py:3047} INFO - Sync 1 DAGs
[2024-03-09T05:44:48.409+0000] {logging_mixin.py:188} INFO - [2024-03-09T05:44:48.409+0000] {dag.py:3834} INFO - Setting next_dagrun for welcome_dag to 2024-03-08 23:00:00+00:00, run_after=2024-03-09 23:00:00+00:00
[2024-03-09T05:44:48.474+0000] {processor.py:183} INFO - Processing /opt/airflow/dags/welcome_dag.py took 0.161 seconds
[2024-03-09T05:45:19.539+0000] {processor.py:161} INFO - Started process (PID=146) to work on /opt/airflow/dags/welcome_dag.py
[2024-03-09T05:45:19.540+0000] {processor.py:830} INFO - Processing file /opt/airflow/dags/welcome_dag.py for tasks to queue
[2024-03-09T05:45:19.543+0000] {logging_mixin.py:188} INFO - [2024-03-09T05:45:19.543+0000] {dagbag.py:540} INFO - Filling up the DagBag from /opt/airflow/dags/welcome_dag.py
[2024-03-09T05:45:19.569+0000] {processor.py:840} INFO - DAG(s) 'welcome_dag' retrieved from /opt/airflow/dags/welcome_dag.py
[2024-03-09T05:45:19.600+0000] {logging_mixin.py:188} INFO - [2024-03-09T05:45:19.600+0000] {dag.py:3047} INFO - Sync 1 DAGs
[2024-03-09T05:45:19.630+0000] {logging_mixin.py:188} INFO - [2024-03-09T05:45:19.630+0000] {dag.py:3834} INFO - Setting next_dagrun for welcome_dag to 2024-03-08 23:00:00+00:00, run_after=2024-03-09 23:00:00+00:00
[2024-03-09T05:45:19.719+0000] {processor.py:183} INFO - Processing /opt/airflow/dags/welcome_dag.py took 0.184 seconds
[2024-03-09T05:45:50.696+0000] {processor.py:161} INFO - Started process (PID=148) to work on /opt/airflow/dags/welcome_dag.py
[2024-03-09T05:45:50.697+0000] {processor.py:830} INFO - Processing file /opt/airflow/dags/welcome_dag.py for tasks to queue
[2024-03-09T05:45:50.700+0000] {logging_mixin.py:188} INFO - [2024-03-09T05:45:50.699+0000] {dagbag.py:540} INFO - Filling up the DagBag from /opt/airflow/dags/welcome_dag.py
[2024-03-09T05:45:50.724+0000] {processor.py:840} INFO - DAG(s) 'welcome_dag' retrieved from /opt/airflow/dags/welcome_dag.py
[2024-03-09T05:45:50.753+0000] {logging_mixin.py:188} INFO - [2024-03-09T05:45:50.752+0000] {dag.py:3047} INFO - Sync 1 DAGs
[2024-03-09T05:45:50.780+0000] {logging_mixin.py:188} INFO - [2024-03-09T05:45:50.780+0000] {dag.py:3834} INFO - Setting next_dagrun for welcome_dag to 2024-03-08 23:00:00+00:00, run_after=2024-03-09 23:00:00+00:00
[2024-03-09T05:45:50.849+0000] {processor.py:183} INFO - Processing /opt/airflow/dags/welcome_dag.py took 0.156 seconds
[2024-03-09T05:46:22.295+0000] {processor.py:161} INFO - Started process (PID=150) to work on /opt/airflow/dags/welcome_dag.py
[2024-03-09T05:46:22.296+0000] {processor.py:830} INFO - Processing file /opt/airflow/dags/welcome_dag.py for tasks to queue
[2024-03-09T05:46:22.299+0000] {logging_mixin.py:188} INFO - [2024-03-09T05:46:22.298+0000] {dagbag.py:540} INFO - Filling up the DagBag from /opt/airflow/dags/welcome_dag.py
[2024-03-09T05:46:22.327+0000] {processor.py:840} INFO - DAG(s) 'welcome_dag' retrieved from /opt/airflow/dags/welcome_dag.py
[2024-03-09T05:46:22.358+0000] {logging_mixin.py:188} INFO - [2024-03-09T05:46:22.357+0000] {dag.py:3047} INFO - Sync 1 DAGs
[2024-03-09T05:46:22.386+0000] {logging_mixin.py:188} INFO - [2024-03-09T05:46:22.386+0000] {dag.py:3834} INFO - Setting next_dagrun for welcome_dag to 2024-03-08 23:00:00+00:00, run_after=2024-03-09 23:00:00+00:00
[2024-03-09T05:46:22.459+0000] {processor.py:183} INFO - Processing /opt/airflow/dags/welcome_dag.py took 0.166 seconds
[2024-03-09T05:46:53.416+0000] {processor.py:161} INFO - Started process (PID=152) to work on /opt/airflow/dags/welcome_dag.py
[2024-03-09T05:46:53.417+0000] {processor.py:830} INFO - Processing file /opt/airflow/dags/welcome_dag.py for tasks to queue
[2024-03-09T05:46:53.420+0000] {logging_mixin.py:188} INFO - [2024-03-09T05:46:53.420+0000] {dagbag.py:540} INFO - Filling up the DagBag from /opt/airflow/dags/welcome_dag.py
[2024-03-09T05:46:53.447+0000] {processor.py:840} INFO - DAG(s) 'welcome_dag' retrieved from /opt/airflow/dags/welcome_dag.py
[2024-03-09T05:46:53.480+0000] {logging_mixin.py:188} INFO - [2024-03-09T05:46:53.480+0000] {dag.py:3047} INFO - Sync 1 DAGs
[2024-03-09T05:46:53.507+0000] {logging_mixin.py:188} INFO - [2024-03-09T05:46:53.507+0000] {dag.py:3834} INFO - Setting next_dagrun for welcome_dag to 2024-03-08 23:00:00+00:00, run_after=2024-03-09 23:00:00+00:00
[2024-03-09T05:46:53.591+0000] {processor.py:183} INFO - Processing /opt/airflow/dags/welcome_dag.py took 0.178 seconds
[2024-03-09T05:47:24.117+0000] {processor.py:161} INFO - Started process (PID=154) to work on /opt/airflow/dags/welcome_dag.py
[2024-03-09T05:47:24.119+0000] {processor.py:830} INFO - Processing file /opt/airflow/dags/welcome_dag.py for tasks to queue
[2024-03-09T05:47:24.123+0000] {logging_mixin.py:188} INFO - [2024-03-09T05:47:24.122+0000] {dagbag.py:540} INFO - Filling up the DagBag from /opt/airflow/dags/welcome_dag.py
[2024-03-09T05:47:24.157+0000] {processor.py:840} INFO - DAG(s) 'welcome_dag' retrieved from /opt/airflow/dags/welcome_dag.py
[2024-03-09T05:47:24.191+0000] {logging_mixin.py:188} INFO - [2024-03-09T05:47:24.190+0000] {dag.py:3047} INFO - Sync 1 DAGs
[2024-03-09T05:47:24.220+0000] {logging_mixin.py:188} INFO - [2024-03-09T05:47:24.219+0000] {dag.py:3834} INFO - Setting next_dagrun for welcome_dag to 2024-03-08 23:00:00+00:00, run_after=2024-03-09 23:00:00+00:00
[2024-03-09T05:47:24.299+0000] {processor.py:183} INFO - Processing /opt/airflow/dags/welcome_dag.py took 0.186 seconds
[2024-03-09T05:47:54.417+0000] {processor.py:161} INFO - Started process (PID=178) to work on /opt/airflow/dags/welcome_dag.py
[2024-03-09T05:47:54.418+0000] {processor.py:830} INFO - Processing file /opt/airflow/dags/welcome_dag.py for tasks to queue
[2024-03-09T05:47:54.420+0000] {logging_mixin.py:188} INFO - [2024-03-09T05:47:54.420+0000] {dagbag.py:540} INFO - Filling up the DagBag from /opt/airflow/dags/welcome_dag.py
[2024-03-09T05:47:54.449+0000] {processor.py:840} INFO - DAG(s) 'welcome_dag' retrieved from /opt/airflow/dags/welcome_dag.py
[2024-03-09T05:47:54.479+0000] {logging_mixin.py:188} INFO - [2024-03-09T05:47:54.478+0000] {dag.py:3047} INFO - Sync 1 DAGs
[2024-03-09T05:47:54.506+0000] {logging_mixin.py:188} INFO - [2024-03-09T05:47:54.506+0000] {dag.py:3834} INFO - Setting next_dagrun for welcome_dag to 2024-03-08 23:00:00+00:00, run_after=2024-03-09 23:00:00+00:00
[2024-03-09T05:47:54.604+0000] {processor.py:183} INFO - Processing /opt/airflow/dags/welcome_dag.py took 0.191 seconds
[2024-03-09T05:48:25.345+0000] {processor.py:161} INFO - Started process (PID=180) to work on /opt/airflow/dags/welcome_dag.py
[2024-03-09T05:48:25.346+0000] {processor.py:830} INFO - Processing file /opt/airflow/dags/welcome_dag.py for tasks to queue
[2024-03-09T05:48:25.349+0000] {logging_mixin.py:188} INFO - [2024-03-09T05:48:25.349+0000] {dagbag.py:540} INFO - Filling up the DagBag from /opt/airflow/dags/welcome_dag.py
[2024-03-09T05:48:25.375+0000] {processor.py:840} INFO - DAG(s) 'welcome_dag' retrieved from /opt/airflow/dags/welcome_dag.py
[2024-03-09T05:48:25.407+0000] {logging_mixin.py:188} INFO - [2024-03-09T05:48:25.406+0000] {dag.py:3047} INFO - Sync 1 DAGs
[2024-03-09T05:48:25.434+0000] {logging_mixin.py:188} INFO - [2024-03-09T05:48:25.434+0000] {dag.py:3834} INFO - Setting next_dagrun for welcome_dag to 2024-03-08 23:00:00+00:00, run_after=2024-03-09 23:00:00+00:00
[2024-03-09T05:48:25.504+0000] {processor.py:183} INFO - Processing /opt/airflow/dags/welcome_dag.py took 0.162 seconds
[2024-03-09T05:48:55.997+0000] {processor.py:161} INFO - Started process (PID=182) to work on /opt/airflow/dags/welcome_dag.py
[2024-03-09T05:48:55.998+0000] {processor.py:830} INFO - Processing file /opt/airflow/dags/welcome_dag.py for tasks to queue
[2024-03-09T05:48:56.000+0000] {logging_mixin.py:188} INFO - [2024-03-09T05:48:56.000+0000] {dagbag.py:540} INFO - Filling up the DagBag from /opt/airflow/dags/welcome_dag.py
[2024-03-09T05:48:56.024+0000] {processor.py:840} INFO - DAG(s) 'welcome_dag' retrieved from /opt/airflow/dags/welcome_dag.py
[2024-03-09T05:48:56.053+0000] {logging_mixin.py:188} INFO - [2024-03-09T05:48:56.053+0000] {dag.py:3047} INFO - Sync 1 DAGs
[2024-03-09T05:48:56.079+0000] {logging_mixin.py:188} INFO - [2024-03-09T05:48:56.079+0000] {dag.py:3834} INFO - Setting next_dagrun for welcome_dag to 2024-03-08 23:00:00+00:00, run_after=2024-03-09 23:00:00+00:00
[2024-03-09T05:48:56.146+0000] {processor.py:183} INFO - Processing /opt/airflow/dags/welcome_dag.py took 0.152 seconds
[2024-03-09T05:49:26.553+0000] {processor.py:161} INFO - Started process (PID=184) to work on /opt/airflow/dags/welcome_dag.py
[2024-03-09T05:49:26.554+0000] {processor.py:830} INFO - Processing file /opt/airflow/dags/welcome_dag.py for tasks to queue
[2024-03-09T05:49:26.556+0000] {logging_mixin.py:188} INFO - [2024-03-09T05:49:26.556+0000] {dagbag.py:540} INFO - Filling up the DagBag from /opt/airflow/dags/welcome_dag.py
[2024-03-09T05:49:26.582+0000] {processor.py:840} INFO - DAG(s) 'welcome_dag' retrieved from /opt/airflow/dags/welcome_dag.py
[2024-03-09T05:49:26.613+0000] {logging_mixin.py:188} INFO - [2024-03-09T05:49:26.612+0000] {dag.py:3047} INFO - Sync 1 DAGs
[2024-03-09T05:49:26.639+0000] {logging_mixin.py:188} INFO - [2024-03-09T05:49:26.639+0000] {dag.py:3834} INFO - Setting next_dagrun for welcome_dag to 2024-03-08 23:00:00+00:00, run_after=2024-03-09 23:00:00+00:00
[2024-03-09T05:49:26.715+0000] {processor.py:183} INFO - Processing /opt/airflow/dags/welcome_dag.py took 0.164 seconds
[2024-03-09T05:49:57.002+0000] {processor.py:161} INFO - Started process (PID=186) to work on /opt/airflow/dags/welcome_dag.py
[2024-03-09T05:49:57.003+0000] {processor.py:830} INFO - Processing file /opt/airflow/dags/welcome_dag.py for tasks to queue
[2024-03-09T05:49:57.006+0000] {logging_mixin.py:188} INFO - [2024-03-09T05:49:57.006+0000] {dagbag.py:540} INFO - Filling up the DagBag from /opt/airflow/dags/welcome_dag.py
[2024-03-09T05:49:57.037+0000] {processor.py:840} INFO - DAG(s) 'welcome_dag' retrieved from /opt/airflow/dags/welcome_dag.py
[2024-03-09T05:49:57.069+0000] {logging_mixin.py:188} INFO - [2024-03-09T05:49:57.069+0000] {dag.py:3047} INFO - Sync 1 DAGs
[2024-03-09T05:49:57.098+0000] {logging_mixin.py:188} INFO - [2024-03-09T05:49:57.098+0000] {dag.py:3834} INFO - Setting next_dagrun for welcome_dag to 2024-03-08 23:00:00+00:00, run_after=2024-03-09 23:00:00+00:00
[2024-03-09T05:49:57.169+0000] {processor.py:183} INFO - Processing /opt/airflow/dags/welcome_dag.py took 0.170 seconds
[2024-03-09T05:50:27.722+0000] {processor.py:161} INFO - Started process (PID=188) to work on /opt/airflow/dags/welcome_dag.py
[2024-03-09T05:50:27.723+0000] {processor.py:830} INFO - Processing file /opt/airflow/dags/welcome_dag.py for tasks to queue
[2024-03-09T05:50:27.725+0000] {logging_mixin.py:188} INFO - [2024-03-09T05:50:27.725+0000] {dagbag.py:540} INFO - Filling up the DagBag from /opt/airflow/dags/welcome_dag.py
[2024-03-09T05:50:27.757+0000] {processor.py:840} INFO - DAG(s) 'welcome_dag' retrieved from /opt/airflow/dags/welcome_dag.py
[2024-03-09T05:50:27.795+0000] {logging_mixin.py:188} INFO - [2024-03-09T05:50:27.794+0000] {dag.py:3047} INFO - Sync 1 DAGs
[2024-03-09T05:50:27.828+0000] {logging_mixin.py:188} INFO - [2024-03-09T05:50:27.828+0000] {dag.py:3834} INFO - Setting next_dagrun for welcome_dag to 2024-03-08 23:00:00+00:00, run_after=2024-03-09 23:00:00+00:00
[2024-03-09T05:50:27.918+0000] {processor.py:183} INFO - Processing /opt/airflow/dags/welcome_dag.py took 0.200 seconds
[2024-03-09T05:50:58.180+0000] {processor.py:161} INFO - Started process (PID=190) to work on /opt/airflow/dags/welcome_dag.py
[2024-03-09T05:50:58.181+0000] {processor.py:830} INFO - Processing file /opt/airflow/dags/welcome_dag.py for tasks to queue
[2024-03-09T05:50:58.184+0000] {logging_mixin.py:188} INFO - [2024-03-09T05:50:58.183+0000] {dagbag.py:540} INFO - Filling up the DagBag from /opt/airflow/dags/welcome_dag.py
[2024-03-09T05:50:58.208+0000] {processor.py:840} INFO - DAG(s) 'welcome_dag' retrieved from /opt/airflow/dags/welcome_dag.py
[2024-03-09T05:50:58.242+0000] {logging_mixin.py:188} INFO - [2024-03-09T05:50:58.241+0000] {dag.py:3047} INFO - Sync 1 DAGs
[2024-03-09T05:50:58.269+0000] {logging_mixin.py:188} INFO - [2024-03-09T05:50:58.269+0000] {dag.py:3834} INFO - Setting next_dagrun for welcome_dag to 2024-03-08 23:00:00+00:00, run_after=2024-03-09 23:00:00+00:00
[2024-03-09T05:50:58.339+0000] {processor.py:183} INFO - Processing /opt/airflow/dags/welcome_dag.py took 0.162 seconds
[2024-03-09T05:51:28.620+0000] {processor.py:161} INFO - Started process (PID=192) to work on /opt/airflow/dags/welcome_dag.py
[2024-03-09T05:51:28.621+0000] {processor.py:830} INFO - Processing file /opt/airflow/dags/welcome_dag.py for tasks to queue
[2024-03-09T05:51:28.623+0000] {logging_mixin.py:188} INFO - [2024-03-09T05:51:28.623+0000] {dagbag.py:540} INFO - Filling up the DagBag from /opt/airflow/dags/welcome_dag.py
[2024-03-09T05:51:28.649+0000] {processor.py:840} INFO - DAG(s) 'welcome_dag' retrieved from /opt/airflow/dags/welcome_dag.py
[2024-03-09T05:51:28.680+0000] {logging_mixin.py:188} INFO - [2024-03-09T05:51:28.679+0000] {dag.py:3047} INFO - Sync 1 DAGs
[2024-03-09T05:51:28.706+0000] {logging_mixin.py:188} INFO - [2024-03-09T05:51:28.706+0000] {dag.py:3834} INFO - Setting next_dagrun for welcome_dag to 2024-03-08 23:00:00+00:00, run_after=2024-03-09 23:00:00+00:00
[2024-03-09T05:51:28.791+0000] {processor.py:183} INFO - Processing /opt/airflow/dags/welcome_dag.py took 0.174 seconds
[2024-03-09T05:51:59.018+0000] {processor.py:161} INFO - Started process (PID=194) to work on /opt/airflow/dags/welcome_dag.py
[2024-03-09T05:51:59.019+0000] {processor.py:830} INFO - Processing file /opt/airflow/dags/welcome_dag.py for tasks to queue
[2024-03-09T05:51:59.022+0000] {logging_mixin.py:188} INFO - [2024-03-09T05:51:59.022+0000] {dagbag.py:540} INFO - Filling up the DagBag from /opt/airflow/dags/welcome_dag.py
[2024-03-09T05:51:59.050+0000] {processor.py:840} INFO - DAG(s) 'welcome_dag' retrieved from /opt/airflow/dags/welcome_dag.py
[2024-03-09T05:51:59.082+0000] {logging_mixin.py:188} INFO - [2024-03-09T05:51:59.081+0000] {dag.py:3047} INFO - Sync 1 DAGs
[2024-03-09T05:51:59.108+0000] {logging_mixin.py:188} INFO - [2024-03-09T05:51:59.108+0000] {dag.py:3834} INFO - Setting next_dagrun for welcome_dag to 2024-03-08 23:00:00+00:00, run_after=2024-03-09 23:00:00+00:00
[2024-03-09T05:51:59.177+0000] {processor.py:183} INFO - Processing /opt/airflow/dags/welcome_dag.py took 0.162 seconds
[2024-03-09T05:52:29.513+0000] {processor.py:161} INFO - Started process (PID=196) to work on /opt/airflow/dags/welcome_dag.py
[2024-03-09T05:52:29.514+0000] {processor.py:830} INFO - Processing file /opt/airflow/dags/welcome_dag.py for tasks to queue
[2024-03-09T05:52:29.516+0000] {logging_mixin.py:188} INFO - [2024-03-09T05:52:29.516+0000] {dagbag.py:540} INFO - Filling up the DagBag from /opt/airflow/dags/welcome_dag.py
[2024-03-09T05:52:29.543+0000] {processor.py:840} INFO - DAG(s) 'welcome_dag' retrieved from /opt/airflow/dags/welcome_dag.py
[2024-03-09T05:52:29.573+0000] {logging_mixin.py:188} INFO - [2024-03-09T05:52:29.572+0000] {dag.py:3047} INFO - Sync 1 DAGs
[2024-03-09T05:52:29.600+0000] {logging_mixin.py:188} INFO - [2024-03-09T05:52:29.600+0000] {dag.py:3834} INFO - Setting next_dagrun for welcome_dag to 2024-03-08 23:00:00+00:00, run_after=2024-03-09 23:00:00+00:00
[2024-03-09T05:52:29.673+0000] {processor.py:183} INFO - Processing /opt/airflow/dags/welcome_dag.py took 0.163 seconds
[2024-03-09T05:52:59.923+0000] {processor.py:161} INFO - Started process (PID=198) to work on /opt/airflow/dags/welcome_dag.py
[2024-03-09T05:52:59.924+0000] {processor.py:830} INFO - Processing file /opt/airflow/dags/welcome_dag.py for tasks to queue
[2024-03-09T05:52:59.926+0000] {logging_mixin.py:188} INFO - [2024-03-09T05:52:59.926+0000] {dagbag.py:540} INFO - Filling up the DagBag from /opt/airflow/dags/welcome_dag.py
[2024-03-09T05:52:59.951+0000] {processor.py:840} INFO - DAG(s) 'welcome_dag' retrieved from /opt/airflow/dags/welcome_dag.py
[2024-03-09T05:52:59.979+0000] {logging_mixin.py:188} INFO - [2024-03-09T05:52:59.979+0000] {dag.py:3047} INFO - Sync 1 DAGs
[2024-03-09T05:53:00.008+0000] {logging_mixin.py:188} INFO - [2024-03-09T05:53:00.007+0000] {dag.py:3834} INFO - Setting next_dagrun for welcome_dag to 2024-03-08 23:00:00+00:00, run_after=2024-03-09 23:00:00+00:00
[2024-03-09T05:53:00.558+0000] {processor.py:183} INFO - Processing /opt/airflow/dags/welcome_dag.py took 0.639 seconds
[2024-03-09T05:53:30.815+0000] {processor.py:161} INFO - Started process (PID=200) to work on /opt/airflow/dags/welcome_dag.py
[2024-03-09T05:53:30.816+0000] {processor.py:830} INFO - Processing file /opt/airflow/dags/welcome_dag.py for tasks to queue
[2024-03-09T05:53:30.819+0000] {logging_mixin.py:188} INFO - [2024-03-09T05:53:30.819+0000] {dagbag.py:540} INFO - Filling up the DagBag from /opt/airflow/dags/welcome_dag.py
[2024-03-09T05:53:30.844+0000] {processor.py:840} INFO - DAG(s) 'welcome_dag' retrieved from /opt/airflow/dags/welcome_dag.py
[2024-03-09T05:53:30.873+0000] {logging_mixin.py:188} INFO - [2024-03-09T05:53:30.873+0000] {dag.py:3047} INFO - Sync 1 DAGs
[2024-03-09T05:53:30.900+0000] {logging_mixin.py:188} INFO - [2024-03-09T05:53:30.900+0000] {dag.py:3834} INFO - Setting next_dagrun for welcome_dag to 2024-03-08 23:00:00+00:00, run_after=2024-03-09 23:00:00+00:00
[2024-03-09T05:53:30.986+0000] {processor.py:183} INFO - Processing /opt/airflow/dags/welcome_dag.py took 0.173 seconds
[2024-03-09T05:54:01.145+0000] {processor.py:161} INFO - Started process (PID=202) to work on /opt/airflow/dags/welcome_dag.py
[2024-03-09T05:54:01.146+0000] {processor.py:830} INFO - Processing file /opt/airflow/dags/welcome_dag.py for tasks to queue
[2024-03-09T05:54:01.148+0000] {logging_mixin.py:188} INFO - [2024-03-09T05:54:01.148+0000] {dagbag.py:540} INFO - Filling up the DagBag from /opt/airflow/dags/welcome_dag.py
[2024-03-09T05:54:01.175+0000] {processor.py:840} INFO - DAG(s) 'welcome_dag' retrieved from /opt/airflow/dags/welcome_dag.py
[2024-03-09T05:54:01.209+0000] {logging_mixin.py:188} INFO - [2024-03-09T05:54:01.209+0000] {dag.py:3047} INFO - Sync 1 DAGs
[2024-03-09T05:54:01.238+0000] {logging_mixin.py:188} INFO - [2024-03-09T05:54:01.238+0000] {dag.py:3834} INFO - Setting next_dagrun for welcome_dag to 2024-03-08 23:00:00+00:00, run_after=2024-03-09 23:00:00+00:00
[2024-03-09T05:54:01.305+0000] {processor.py:183} INFO - Processing /opt/airflow/dags/welcome_dag.py took 0.163 seconds
[2024-03-09T05:54:31.367+0000] {processor.py:161} INFO - Started process (PID=204) to work on /opt/airflow/dags/welcome_dag.py
[2024-03-09T05:54:31.369+0000] {processor.py:830} INFO - Processing file /opt/airflow/dags/welcome_dag.py for tasks to queue
[2024-03-09T05:54:31.371+0000] {logging_mixin.py:188} INFO - [2024-03-09T05:54:31.371+0000] {dagbag.py:540} INFO - Filling up the DagBag from /opt/airflow/dags/welcome_dag.py
[2024-03-09T05:54:31.398+0000] {processor.py:840} INFO - DAG(s) 'welcome_dag' retrieved from /opt/airflow/dags/welcome_dag.py
[2024-03-09T05:54:31.430+0000] {logging_mixin.py:188} INFO - [2024-03-09T05:54:31.430+0000] {dag.py:3047} INFO - Sync 1 DAGs
[2024-03-09T05:54:31.465+0000] {logging_mixin.py:188} INFO - [2024-03-09T05:54:31.465+0000] {dag.py:3834} INFO - Setting next_dagrun for welcome_dag to 2024-03-08 23:00:00+00:00, run_after=2024-03-09 23:00:00+00:00
[2024-03-09T05:54:31.552+0000] {processor.py:183} INFO - Processing /opt/airflow/dags/welcome_dag.py took 0.188 seconds
[2024-03-09T05:55:01.892+0000] {processor.py:161} INFO - Started process (PID=206) to work on /opt/airflow/dags/welcome_dag.py
[2024-03-09T05:55:01.895+0000] {processor.py:830} INFO - Processing file /opt/airflow/dags/welcome_dag.py for tasks to queue
[2024-03-09T05:55:01.897+0000] {logging_mixin.py:188} INFO - [2024-03-09T05:55:01.897+0000] {dagbag.py:540} INFO - Filling up the DagBag from /opt/airflow/dags/welcome_dag.py
[2024-03-09T05:55:01.925+0000] {processor.py:840} INFO - DAG(s) 'welcome_dag' retrieved from /opt/airflow/dags/welcome_dag.py
[2024-03-09T05:55:01.958+0000] {logging_mixin.py:188} INFO - [2024-03-09T05:55:01.957+0000] {dag.py:3047} INFO - Sync 1 DAGs
[2024-03-09T05:55:01.995+0000] {logging_mixin.py:188} INFO - [2024-03-09T05:55:01.995+0000] {dag.py:3834} INFO - Setting next_dagrun for welcome_dag to 2024-03-08 23:00:00+00:00, run_after=2024-03-09 23:00:00+00:00
[2024-03-09T05:55:02.067+0000] {processor.py:183} INFO - Processing /opt/airflow/dags/welcome_dag.py took 0.178 seconds
[2024-03-09T05:55:32.217+0000] {processor.py:161} INFO - Started process (PID=208) to work on /opt/airflow/dags/welcome_dag.py
[2024-03-09T05:55:32.218+0000] {processor.py:830} INFO - Processing file /opt/airflow/dags/welcome_dag.py for tasks to queue
[2024-03-09T05:55:32.221+0000] {logging_mixin.py:188} INFO - [2024-03-09T05:55:32.220+0000] {dagbag.py:540} INFO - Filling up the DagBag from /opt/airflow/dags/welcome_dag.py
[2024-03-09T05:55:32.253+0000] {processor.py:840} INFO - DAG(s) 'welcome_dag' retrieved from /opt/airflow/dags/welcome_dag.py
[2024-03-09T05:55:32.289+0000] {logging_mixin.py:188} INFO - [2024-03-09T05:55:32.288+0000] {dag.py:3047} INFO - Sync 1 DAGs
[2024-03-09T05:55:32.321+0000] {logging_mixin.py:188} INFO - [2024-03-09T05:55:32.321+0000] {dag.py:3834} INFO - Setting next_dagrun for welcome_dag to 2024-03-08 23:00:00+00:00, run_after=2024-03-09 23:00:00+00:00
[2024-03-09T05:55:32.403+0000] {processor.py:183} INFO - Processing /opt/airflow/dags/welcome_dag.py took 0.188 seconds
[2024-03-09T05:56:02.761+0000] {processor.py:161} INFO - Started process (PID=210) to work on /opt/airflow/dags/welcome_dag.py
[2024-03-09T05:56:02.762+0000] {processor.py:830} INFO - Processing file /opt/airflow/dags/welcome_dag.py for tasks to queue
[2024-03-09T05:56:02.765+0000] {logging_mixin.py:188} INFO - [2024-03-09T05:56:02.765+0000] {dagbag.py:540} INFO - Filling up the DagBag from /opt/airflow/dags/welcome_dag.py
[2024-03-09T05:56:02.791+0000] {processor.py:840} INFO - DAG(s) 'welcome_dag' retrieved from /opt/airflow/dags/welcome_dag.py
[2024-03-09T05:56:02.822+0000] {logging_mixin.py:188} INFO - [2024-03-09T05:56:02.822+0000] {dag.py:3047} INFO - Sync 1 DAGs
[2024-03-09T05:56:02.850+0000] {logging_mixin.py:188} INFO - [2024-03-09T05:56:02.850+0000] {dag.py:3834} INFO - Setting next_dagrun for welcome_dag to 2024-03-08 23:00:00+00:00, run_after=2024-03-09 23:00:00+00:00
[2024-03-09T05:56:02.918+0000] {processor.py:183} INFO - Processing /opt/airflow/dags/welcome_dag.py took 0.160 seconds
[2024-03-09T05:56:33.146+0000] {processor.py:161} INFO - Started process (PID=212) to work on /opt/airflow/dags/welcome_dag.py
[2024-03-09T05:56:33.147+0000] {processor.py:830} INFO - Processing file /opt/airflow/dags/welcome_dag.py for tasks to queue
[2024-03-09T05:56:33.149+0000] {logging_mixin.py:188} INFO - [2024-03-09T05:56:33.148+0000] {dagbag.py:540} INFO - Filling up the DagBag from /opt/airflow/dags/welcome_dag.py
[2024-03-09T05:56:33.172+0000] {processor.py:840} INFO - DAG(s) 'welcome_dag' retrieved from /opt/airflow/dags/welcome_dag.py
[2024-03-09T05:56:33.202+0000] {logging_mixin.py:188} INFO - [2024-03-09T05:56:33.201+0000] {dag.py:3047} INFO - Sync 1 DAGs
[2024-03-09T05:56:33.228+0000] {logging_mixin.py:188} INFO - [2024-03-09T05:56:33.228+0000] {dag.py:3834} INFO - Setting next_dagrun for welcome_dag to 2024-03-08 23:00:00+00:00, run_after=2024-03-09 23:00:00+00:00
[2024-03-09T05:56:33.436+0000] {processor.py:183} INFO - Processing /opt/airflow/dags/welcome_dag.py took 0.293 seconds
[2024-03-09T05:57:03.744+0000] {processor.py:161} INFO - Started process (PID=214) to work on /opt/airflow/dags/welcome_dag.py
[2024-03-09T05:57:03.745+0000] {processor.py:830} INFO - Processing file /opt/airflow/dags/welcome_dag.py for tasks to queue
[2024-03-09T05:57:03.747+0000] {logging_mixin.py:188} INFO - [2024-03-09T05:57:03.746+0000] {dagbag.py:540} INFO - Filling up the DagBag from /opt/airflow/dags/welcome_dag.py
[2024-03-09T05:57:03.771+0000] {processor.py:840} INFO - DAG(s) 'welcome_dag' retrieved from /opt/airflow/dags/welcome_dag.py
[2024-03-09T05:57:03.801+0000] {logging_mixin.py:188} INFO - [2024-03-09T05:57:03.800+0000] {dag.py:3047} INFO - Sync 1 DAGs
[2024-03-09T05:57:03.827+0000] {logging_mixin.py:188} INFO - [2024-03-09T05:57:03.827+0000] {dag.py:3834} INFO - Setting next_dagrun for welcome_dag to 2024-03-08 23:00:00+00:00, run_after=2024-03-09 23:00:00+00:00
[2024-03-09T05:57:03.899+0000] {processor.py:183} INFO - Processing /opt/airflow/dags/welcome_dag.py took 0.158 seconds
[2024-03-09T05:57:34.750+0000] {processor.py:161} INFO - Started process (PID=216) to work on /opt/airflow/dags/welcome_dag.py
[2024-03-09T05:57:34.751+0000] {processor.py:830} INFO - Processing file /opt/airflow/dags/welcome_dag.py for tasks to queue
[2024-03-09T05:57:34.753+0000] {logging_mixin.py:188} INFO - [2024-03-09T05:57:34.753+0000] {dagbag.py:540} INFO - Filling up the DagBag from /opt/airflow/dags/welcome_dag.py
[2024-03-09T05:57:34.780+0000] {processor.py:840} INFO - DAG(s) 'welcome_dag' retrieved from /opt/airflow/dags/welcome_dag.py
[2024-03-09T05:57:34.812+0000] {logging_mixin.py:188} INFO - [2024-03-09T05:57:34.811+0000] {dag.py:3047} INFO - Sync 1 DAGs
[2024-03-09T05:57:34.841+0000] {logging_mixin.py:188} INFO - [2024-03-09T05:57:34.840+0000] {dag.py:3834} INFO - Setting next_dagrun for welcome_dag to 2024-03-08 23:00:00+00:00, run_after=2024-03-09 23:00:00+00:00
[2024-03-09T05:57:34.921+0000] {processor.py:183} INFO - Processing /opt/airflow/dags/welcome_dag.py took 0.174 seconds
[2024-03-09T05:58:05.041+0000] {processor.py:161} INFO - Started process (PID=218) to work on /opt/airflow/dags/welcome_dag.py
[2024-03-09T05:58:05.042+0000] {processor.py:830} INFO - Processing file /opt/airflow/dags/welcome_dag.py for tasks to queue
[2024-03-09T05:58:05.044+0000] {logging_mixin.py:188} INFO - [2024-03-09T05:58:05.044+0000] {dagbag.py:540} INFO - Filling up the DagBag from /opt/airflow/dags/welcome_dag.py
[2024-03-09T05:58:05.068+0000] {processor.py:840} INFO - DAG(s) 'welcome_dag' retrieved from /opt/airflow/dags/welcome_dag.py
[2024-03-09T05:58:05.134+0000] {logging_mixin.py:188} INFO - [2024-03-09T05:58:05.134+0000] {dag.py:3047} INFO - Sync 1 DAGs
[2024-03-09T05:58:05.163+0000] {logging_mixin.py:188} INFO - [2024-03-09T05:58:05.163+0000] {dag.py:3834} INFO - Setting next_dagrun for welcome_dag to 2024-03-08 23:00:00+00:00, run_after=2024-03-09 23:00:00+00:00
[2024-03-09T05:58:05.249+0000] {processor.py:183} INFO - Processing /opt/airflow/dags/welcome_dag.py took 0.211 seconds
[2024-03-09T05:58:35.564+0000] {processor.py:161} INFO - Started process (PID=220) to work on /opt/airflow/dags/welcome_dag.py
[2024-03-09T05:58:35.565+0000] {processor.py:830} INFO - Processing file /opt/airflow/dags/welcome_dag.py for tasks to queue
[2024-03-09T05:58:35.567+0000] {logging_mixin.py:188} INFO - [2024-03-09T05:58:35.567+0000] {dagbag.py:540} INFO - Filling up the DagBag from /opt/airflow/dags/welcome_dag.py
[2024-03-09T05:58:35.601+0000] {processor.py:840} INFO - DAG(s) 'welcome_dag' retrieved from /opt/airflow/dags/welcome_dag.py
[2024-03-09T05:58:35.634+0000] {logging_mixin.py:188} INFO - [2024-03-09T05:58:35.634+0000] {dag.py:3047} INFO - Sync 1 DAGs
[2024-03-09T05:58:35.663+0000] {logging_mixin.py:188} INFO - [2024-03-09T05:58:35.662+0000] {dag.py:3834} INFO - Setting next_dagrun for welcome_dag to 2024-03-08 23:00:00+00:00, run_after=2024-03-09 23:00:00+00:00
[2024-03-09T05:58:35.730+0000] {processor.py:183} INFO - Processing /opt/airflow/dags/welcome_dag.py took 0.170 seconds
[2024-03-09T05:59:05.930+0000] {processor.py:161} INFO - Started process (PID=222) to work on /opt/airflow/dags/welcome_dag.py
[2024-03-09T05:59:05.931+0000] {processor.py:830} INFO - Processing file /opt/airflow/dags/welcome_dag.py for tasks to queue
[2024-03-09T05:59:05.933+0000] {logging_mixin.py:188} INFO - [2024-03-09T05:59:05.933+0000] {dagbag.py:540} INFO - Filling up the DagBag from /opt/airflow/dags/welcome_dag.py
[2024-03-09T05:59:05.957+0000] {processor.py:840} INFO - DAG(s) 'welcome_dag' retrieved from /opt/airflow/dags/welcome_dag.py
[2024-03-09T05:59:05.987+0000] {logging_mixin.py:188} INFO - [2024-03-09T05:59:05.987+0000] {dag.py:3047} INFO - Sync 1 DAGs
[2024-03-09T05:59:06.014+0000] {logging_mixin.py:188} INFO - [2024-03-09T05:59:06.014+0000] {dag.py:3834} INFO - Setting next_dagrun for welcome_dag to 2024-03-08 23:00:00+00:00, run_after=2024-03-09 23:00:00+00:00
[2024-03-09T05:59:06.092+0000] {processor.py:183} INFO - Processing /opt/airflow/dags/welcome_dag.py took 0.165 seconds
[2024-03-09T05:59:36.398+0000] {processor.py:161} INFO - Started process (PID=224) to work on /opt/airflow/dags/welcome_dag.py
[2024-03-09T05:59:36.400+0000] {processor.py:830} INFO - Processing file /opt/airflow/dags/welcome_dag.py for tasks to queue
[2024-03-09T05:59:36.403+0000] {logging_mixin.py:188} INFO - [2024-03-09T05:59:36.403+0000] {dagbag.py:540} INFO - Filling up the DagBag from /opt/airflow/dags/welcome_dag.py
[2024-03-09T05:59:36.434+0000] {processor.py:840} INFO - DAG(s) 'welcome_dag' retrieved from /opt/airflow/dags/welcome_dag.py
[2024-03-09T05:59:36.468+0000] {logging_mixin.py:188} INFO - [2024-03-09T05:59:36.467+0000] {dag.py:3047} INFO - Sync 1 DAGs
[2024-03-09T05:59:36.496+0000] {logging_mixin.py:188} INFO - [2024-03-09T05:59:36.496+0000] {dag.py:3834} INFO - Setting next_dagrun for welcome_dag to 2024-03-08 23:00:00+00:00, run_after=2024-03-09 23:00:00+00:00
[2024-03-09T05:59:36.560+0000] {processor.py:183} INFO - Processing /opt/airflow/dags/welcome_dag.py took 0.165 seconds
[2024-03-09T06:00:06.705+0000] {processor.py:161} INFO - Started process (PID=226) to work on /opt/airflow/dags/welcome_dag.py
[2024-03-09T06:00:06.707+0000] {processor.py:830} INFO - Processing file /opt/airflow/dags/welcome_dag.py for tasks to queue
[2024-03-09T06:00:06.709+0000] {logging_mixin.py:188} INFO - [2024-03-09T06:00:06.709+0000] {dagbag.py:540} INFO - Filling up the DagBag from /opt/airflow/dags/welcome_dag.py
[2024-03-09T06:00:06.732+0000] {processor.py:840} INFO - DAG(s) 'welcome_dag' retrieved from /opt/airflow/dags/welcome_dag.py
[2024-03-09T06:00:06.761+0000] {logging_mixin.py:188} INFO - [2024-03-09T06:00:06.761+0000] {dag.py:3047} INFO - Sync 1 DAGs
[2024-03-09T06:00:06.788+0000] {logging_mixin.py:188} INFO - [2024-03-09T06:00:06.788+0000] {dag.py:3834} INFO - Setting next_dagrun for welcome_dag to 2024-03-08 23:00:00+00:00, run_after=2024-03-09 23:00:00+00:00
[2024-03-09T06:00:06.857+0000] {processor.py:183} INFO - Processing /opt/airflow/dags/welcome_dag.py took 0.155 seconds
[2024-03-09T06:00:37.086+0000] {processor.py:161} INFO - Started process (PID=228) to work on /opt/airflow/dags/welcome_dag.py
[2024-03-09T06:00:37.088+0000] {processor.py:830} INFO - Processing file /opt/airflow/dags/welcome_dag.py for tasks to queue
[2024-03-09T06:00:37.091+0000] {logging_mixin.py:188} INFO - [2024-03-09T06:00:37.090+0000] {dagbag.py:540} INFO - Filling up the DagBag from /opt/airflow/dags/welcome_dag.py
[2024-03-09T06:00:37.116+0000] {processor.py:840} INFO - DAG(s) 'welcome_dag' retrieved from /opt/airflow/dags/welcome_dag.py
[2024-03-09T06:00:37.147+0000] {logging_mixin.py:188} INFO - [2024-03-09T06:00:37.146+0000] {dag.py:3047} INFO - Sync 1 DAGs
[2024-03-09T06:00:37.178+0000] {logging_mixin.py:188} INFO - [2024-03-09T06:00:37.178+0000] {dag.py:3834} INFO - Setting next_dagrun for welcome_dag to 2024-03-08 23:00:00+00:00, run_after=2024-03-09 23:00:00+00:00
[2024-03-09T06:00:37.256+0000] {processor.py:183} INFO - Processing /opt/airflow/dags/welcome_dag.py took 0.173 seconds
[2024-03-09T06:01:07.496+0000] {processor.py:161} INFO - Started process (PID=230) to work on /opt/airflow/dags/welcome_dag.py
[2024-03-09T06:01:07.497+0000] {processor.py:830} INFO - Processing file /opt/airflow/dags/welcome_dag.py for tasks to queue
[2024-03-09T06:01:07.499+0000] {logging_mixin.py:188} INFO - [2024-03-09T06:01:07.499+0000] {dagbag.py:540} INFO - Filling up the DagBag from /opt/airflow/dags/welcome_dag.py
[2024-03-09T06:01:07.523+0000] {processor.py:840} INFO - DAG(s) 'welcome_dag' retrieved from /opt/airflow/dags/welcome_dag.py
[2024-03-09T06:01:07.554+0000] {logging_mixin.py:188} INFO - [2024-03-09T06:01:07.553+0000] {dag.py:3047} INFO - Sync 1 DAGs
[2024-03-09T06:01:07.581+0000] {logging_mixin.py:188} INFO - [2024-03-09T06:01:07.581+0000] {dag.py:3834} INFO - Setting next_dagrun for welcome_dag to 2024-03-08 23:00:00+00:00, run_after=2024-03-09 23:00:00+00:00
[2024-03-09T06:01:07.658+0000] {processor.py:183} INFO - Processing /opt/airflow/dags/welcome_dag.py took 0.164 seconds
[2024-03-09T06:01:37.908+0000] {processor.py:161} INFO - Started process (PID=232) to work on /opt/airflow/dags/welcome_dag.py
[2024-03-09T06:01:37.909+0000] {processor.py:830} INFO - Processing file /opt/airflow/dags/welcome_dag.py for tasks to queue
[2024-03-09T06:01:37.911+0000] {logging_mixin.py:188} INFO - [2024-03-09T06:01:37.911+0000] {dagbag.py:540} INFO - Filling up the DagBag from /opt/airflow/dags/welcome_dag.py
[2024-03-09T06:01:37.941+0000] {processor.py:840} INFO - DAG(s) 'welcome_dag' retrieved from /opt/airflow/dags/welcome_dag.py
[2024-03-09T06:01:37.971+0000] {logging_mixin.py:188} INFO - [2024-03-09T06:01:37.970+0000] {dag.py:3047} INFO - Sync 1 DAGs
[2024-03-09T06:01:37.999+0000] {logging_mixin.py:188} INFO - [2024-03-09T06:01:37.999+0000] {dag.py:3834} INFO - Setting next_dagrun for welcome_dag to 2024-03-08 23:00:00+00:00, run_after=2024-03-09 23:00:00+00:00
[2024-03-09T06:01:38.082+0000] {processor.py:183} INFO - Processing /opt/airflow/dags/welcome_dag.py took 0.177 seconds
[2024-03-09T06:02:08.334+0000] {processor.py:161} INFO - Started process (PID=234) to work on /opt/airflow/dags/welcome_dag.py
[2024-03-09T06:02:08.336+0000] {processor.py:830} INFO - Processing file /opt/airflow/dags/welcome_dag.py for tasks to queue
[2024-03-09T06:02:08.338+0000] {logging_mixin.py:188} INFO - [2024-03-09T06:02:08.338+0000] {dagbag.py:540} INFO - Filling up the DagBag from /opt/airflow/dags/welcome_dag.py
[2024-03-09T06:02:08.362+0000] {processor.py:840} INFO - DAG(s) 'welcome_dag' retrieved from /opt/airflow/dags/welcome_dag.py
[2024-03-09T06:02:08.400+0000] {logging_mixin.py:188} INFO - [2024-03-09T06:02:08.399+0000] {dag.py:3047} INFO - Sync 1 DAGs
[2024-03-09T06:02:08.433+0000] {logging_mixin.py:188} INFO - [2024-03-09T06:02:08.432+0000] {dag.py:3834} INFO - Setting next_dagrun for welcome_dag to 2024-03-08 23:00:00+00:00, run_after=2024-03-09 23:00:00+00:00
[2024-03-09T06:02:08.501+0000] {processor.py:183} INFO - Processing /opt/airflow/dags/welcome_dag.py took 0.171 seconds
[2024-03-09T06:02:38.866+0000] {processor.py:161} INFO - Started process (PID=236) to work on /opt/airflow/dags/welcome_dag.py
[2024-03-09T06:02:38.867+0000] {processor.py:830} INFO - Processing file /opt/airflow/dags/welcome_dag.py for tasks to queue
[2024-03-09T06:02:38.869+0000] {logging_mixin.py:188} INFO - [2024-03-09T06:02:38.869+0000] {dagbag.py:540} INFO - Filling up the DagBag from /opt/airflow/dags/welcome_dag.py
[2024-03-09T06:02:38.896+0000] {processor.py:840} INFO - DAG(s) 'welcome_dag' retrieved from /opt/airflow/dags/welcome_dag.py
[2024-03-09T06:02:38.925+0000] {logging_mixin.py:188} INFO - [2024-03-09T06:02:38.925+0000] {dag.py:3047} INFO - Sync 1 DAGs
[2024-03-09T06:02:38.957+0000] {logging_mixin.py:188} INFO - [2024-03-09T06:02:38.956+0000] {dag.py:3834} INFO - Setting next_dagrun for welcome_dag to 2024-03-08 23:00:00+00:00, run_after=2024-03-09 23:00:00+00:00
[2024-03-09T06:02:39.029+0000] {processor.py:183} INFO - Processing /opt/airflow/dags/welcome_dag.py took 0.165 seconds
[2024-03-09T06:03:09.271+0000] {processor.py:161} INFO - Started process (PID=238) to work on /opt/airflow/dags/welcome_dag.py
[2024-03-09T06:03:09.272+0000] {processor.py:830} INFO - Processing file /opt/airflow/dags/welcome_dag.py for tasks to queue
[2024-03-09T06:03:09.274+0000] {logging_mixin.py:188} INFO - [2024-03-09T06:03:09.274+0000] {dagbag.py:540} INFO - Filling up the DagBag from /opt/airflow/dags/welcome_dag.py
[2024-03-09T06:03:09.298+0000] {processor.py:840} INFO - DAG(s) 'welcome_dag' retrieved from /opt/airflow/dags/welcome_dag.py
[2024-03-09T06:03:09.327+0000] {logging_mixin.py:188} INFO - [2024-03-09T06:03:09.327+0000] {dag.py:3047} INFO - Sync 1 DAGs
[2024-03-09T06:03:09.354+0000] {logging_mixin.py:188} INFO - [2024-03-09T06:03:09.354+0000] {dag.py:3834} INFO - Setting next_dagrun for welcome_dag to 2024-03-08 23:00:00+00:00, run_after=2024-03-09 23:00:00+00:00
[2024-03-09T06:03:09.434+0000] {processor.py:183} INFO - Processing /opt/airflow/dags/welcome_dag.py took 0.166 seconds
[2024-03-09T06:03:39.673+0000] {processor.py:161} INFO - Started process (PID=240) to work on /opt/airflow/dags/welcome_dag.py
[2024-03-09T06:03:39.674+0000] {processor.py:830} INFO - Processing file /opt/airflow/dags/welcome_dag.py for tasks to queue
[2024-03-09T06:03:39.677+0000] {logging_mixin.py:188} INFO - [2024-03-09T06:03:39.677+0000] {dagbag.py:540} INFO - Filling up the DagBag from /opt/airflow/dags/welcome_dag.py
[2024-03-09T06:03:39.701+0000] {processor.py:840} INFO - DAG(s) 'welcome_dag' retrieved from /opt/airflow/dags/welcome_dag.py
[2024-03-09T06:03:39.741+0000] {logging_mixin.py:188} INFO - [2024-03-09T06:03:39.740+0000] {dag.py:3047} INFO - Sync 1 DAGs
[2024-03-09T06:03:39.784+0000] {logging_mixin.py:188} INFO - [2024-03-09T06:03:39.784+0000] {dag.py:3834} INFO - Setting next_dagrun for welcome_dag to 2024-03-08 23:00:00+00:00, run_after=2024-03-09 23:00:00+00:00
[2024-03-09T06:03:39.865+0000] {processor.py:183} INFO - Processing /opt/airflow/dags/welcome_dag.py took 0.195 seconds
[2024-03-09T06:04:10.097+0000] {processor.py:161} INFO - Started process (PID=242) to work on /opt/airflow/dags/welcome_dag.py
[2024-03-09T06:04:10.099+0000] {processor.py:830} INFO - Processing file /opt/airflow/dags/welcome_dag.py for tasks to queue
[2024-03-09T06:04:10.103+0000] {logging_mixin.py:188} INFO - [2024-03-09T06:04:10.102+0000] {dagbag.py:540} INFO - Filling up the DagBag from /opt/airflow/dags/welcome_dag.py
[2024-03-09T06:04:10.134+0000] {processor.py:840} INFO - DAG(s) 'welcome_dag' retrieved from /opt/airflow/dags/welcome_dag.py
[2024-03-09T06:04:10.171+0000] {logging_mixin.py:188} INFO - [2024-03-09T06:04:10.170+0000] {dag.py:3047} INFO - Sync 1 DAGs
[2024-03-09T06:04:10.202+0000] {logging_mixin.py:188} INFO - [2024-03-09T06:04:10.201+0000] {dag.py:3834} INFO - Setting next_dagrun for welcome_dag to 2024-03-08 23:00:00+00:00, run_after=2024-03-09 23:00:00+00:00
[2024-03-09T06:04:10.283+0000] {processor.py:183} INFO - Processing /opt/airflow/dags/welcome_dag.py took 0.190 seconds
