[2024-02-29T14:51:03.194+0000] {taskinstance.py:1979} INFO - Dependencies all met for dep_context=non-requeueable deps ti=<TaskInstance: AIRLINES_ETL_PIPELINE.merge_obt_airlines manual__2024-02-29T14:44:38.677041+00:00 [queued]>
[2024-02-29T14:51:03.208+0000] {taskinstance.py:1979} INFO - Dependencies all met for dep_context=requeueable deps ti=<TaskInstance: AIRLINES_ETL_PIPELINE.merge_obt_airlines manual__2024-02-29T14:44:38.677041+00:00 [queued]>
[2024-02-29T14:51:03.209+0000] {taskinstance.py:2193} INFO - Starting attempt 1 of 1
[2024-02-29T14:51:03.285+0000] {taskinstance.py:2214} INFO - Executing <Task(SnowflakeOperator): merge_obt_airlines> on 2024-02-29 14:44:38.677041+00:00
[2024-02-29T14:51:03.291+0000] {standard_task_runner.py:60} INFO - Started process 183 to run task
[2024-02-29T14:51:03.294+0000] {standard_task_runner.py:87} INFO - Running: ['airflow', 'tasks', 'run', 'AIRLINES_ETL_PIPELINE', 'merge_obt_airlines', 'manual__2024-02-29T14:44:38.677041+00:00', '--job-id', '128', '--raw', '--subdir', 'DAGS_FOLDER/AIRLINES_DATA_ETL_DAG.py', '--cfg-path', '/tmp/tmpshuhv3th']
[2024-02-29T14:51:03.296+0000] {standard_task_runner.py:88} INFO - Job 128: Subtask merge_obt_airlines
[2024-02-29T14:51:03.410+0000] {task_command.py:423} INFO - Running <TaskInstance: AIRLINES_ETL_PIPELINE.merge_obt_airlines manual__2024-02-29T14:44:38.677041+00:00 [running]> on host 3842d9dcfd8c
[2024-02-29T14:51:03.920+0000] {taskinstance.py:2510} INFO - Exporting env vars: AIRFLOW_CTX_DAG_EMAIL='abhijit.bangal92@gmail.com' AIRFLOW_CTX_DAG_OWNER='airflow' AIRFLOW_CTX_DAG_ID='AIRLINES_ETL_PIPELINE' AIRFLOW_CTX_TASK_ID='merge_obt_airlines' AIRFLOW_CTX_EXECUTION_DATE='2024-02-29T14:44:38.677041+00:00' AIRFLOW_CTX_TRY_NUMBER='1' AIRFLOW_CTX_DAG_RUN_ID='manual__2024-02-29T14:44:38.677041+00:00'
[2024-02-29T14:51:03.921+0000] {sql.py:276} INFO - Executing: MERGE INTO TEST_ANALYTICS.AIRLINES.OBT_AIRLINES T
	USING TEST_ANALYTICS.AIRLINES.AIRLINES_STG S
		ON T.PASSENGER_ID = S."passenger_id"
		AND T.DEPARTURE_DT = TO_DATE(S."Departure_Date")
		AND T.ARRIVAL_AIRPORT = S."Arrival_Airport"
	WHEN MATCHED THEN UPDATE
		SET 
			T.PASSENGER_ID    = S."passenger_id",
			T.FIRST_NAME= S."First_name",
			T.LAST_NAME= S."Last_name",
			T.GENDER= S."Gender",
			T.AGE = S."Age",
			T.NATIONALITY= S."Nationality",
			T.AIRPORT_NAME= S."Airport_name",
			T.COUNTRY_NAME= S."Country_Name",
			T.CONTINENTS= S."Continents",
			T.DEPARTURE_DT = S."Departure_Date",
			T.ARRIVAL_AIRPORT= S."Arrival_Airport",
			T.PILOT_NAME = S."Pilot_Name",
			T.FLIGHT_STATUS = S."Flight_Status"
	WHEN NOT MATCHED THEN INSERT 
		VALUES(S."passenger_id",
			S."First_name",
			S."Last_name",
			S."Gender",
			S."Age",
			S."Nationality",
			S."Airport_name",
			S."Country_Name",
			S."Continents",
			S."Departure_Date",
			S."Arrival_Airport",
			S."Pilot_Name",
			S."Flight_Status")
;
			
[2024-02-29T14:51:03.933+0000] {base.py:83} INFO - Using connection ID 'snowflake_conn_id' for task execution.
[2024-02-29T14:51:04.001+0000] {base.py:83} INFO - Using connection ID 'snowflake_conn_id' for task execution.
[2024-02-29T14:51:04.002+0000] {connection.py:386} INFO - Snowflake Connector for Python Version: 3.7.1, Python Version: 3.11.8, Platform: Linux-5.15.133.1-microsoft-standard-WSL2-x86_64-with-glibc2.36
[2024-02-29T14:51:04.002+0000] {connection.py:1211} INFO - This connection is in OCSP Fail Open Mode. TLS Certificates would be checked for validity and revocation status. Any other Certificate Revocation related exceptions or OCSP Responder failures would be disregarded in favor of connectivity.
[2024-02-29T14:51:04.457+0000] {cursor.py:1032} INFO - query: [ALTER SESSION SET autocommit=False]
[2024-02-29T14:51:04.547+0000] {cursor.py:1045} INFO - query execution done
[2024-02-29T14:51:04.560+0000] {cursor.py:1205} INFO - Number of results in first chunk: 1
[2024-02-29T14:51:04.562+0000] {sql.py:457} INFO - Running statement: MERGE INTO TEST_ANALYTICS.AIRLINES.OBT_AIRLINES T
	USING TEST_ANALYTICS.AIRLINES.AIRLINES_STG S
		ON T.PASSENGER_ID = S."passenger_id"
		AND T.DEPARTURE_DT = TO_DATE(S."Departure_Date")
		AND T.ARRIVAL_AIRPORT = S."Arrival_Airport"
	WHEN MATCHED THEN UPDATE
		SET 
			T.PASSENGER_ID    = S."passenger_id",
			T.FIRST_NAME= S."First_name",
			T.LAST_NAME= S."Last_name",
			T.GENDER= S."Gender",
			T.AGE = S."Age",
			T.NATIONALITY= S."Nationality",
			T.AIRPORT_NAME= S."Airport_name",
			T.COUNTRY_NAME= S."Country_Name",
			T.CONTINENTS= S."Continents",
			T.DEPARTURE_DT = S."Departure_Date",
			T.ARRIVAL_AIRPORT= S."Arrival_Airport",
			T.PILOT_NAME = S."Pilot_Name",
			T.FLIGHT_STATUS = S."Flight_Status"
	WHEN NOT MATCHED THEN INSERT 
		VALUES(S."passenger_id",
			S."First_name",
			S."Last_name",
			S."Gender",
			S."Age",
			S."Nationality",
			S."Airport_name",
			S."Country_Name",
			S."Continents",
			S."Departure_Date",
			S."Arrival_Airport",
			S."Pilot_Name",
			S."Flight_Status")
;, parameters: None
[2024-02-29T14:51:04.563+0000] {cursor.py:1032} INFO - query: [MERGE INTO TEST_ANALYTICS.AIRLINES.OBT_AIRLINES T USING TEST_ANALYTICS.AIRLINES....]
[2024-02-29T14:51:06.256+0000] {cursor.py:1045} INFO - query execution done
[2024-02-29T14:51:06.257+0000] {sql.py:466} INFO - Rows affected: 10000
[2024-02-29T14:51:06.271+0000] {logging_mixin.py:188} WARNING - /home/airflow/.local/lib/python3.11/site-packages/airflow/providers/snowflake/hooks/snowflake.py:393 AirflowProviderDeprecationWarning: Call to deprecated method _make_common_data_structure. (The `_make_serializable` method is deprecated and support will be removed in a future version of the common.sql provider. Please update the DbApiHook's provider to a version based on common.sql >= 1.9.1.)
[2024-02-29T14:51:06.272+0000] {snowflake.py:402} INFO - Rows affected: 10000
[2024-02-29T14:51:06.273+0000] {snowflake.py:403} INFO - Snowflake query id: 01b2ad3b-0001-1954-0000-000393fa8509
[2024-02-29T14:51:06.274+0000] {cursor.py:1032} INFO - query: [COMMIT]
[2024-02-29T14:51:06.483+0000] {cursor.py:1045} INFO - query execution done
[2024-02-29T14:51:06.484+0000] {cursor.py:1205} INFO - Number of results in first chunk: 1
[2024-02-29T14:51:06.485+0000] {connection.py:734} INFO - closed
[2024-02-29T14:51:06.527+0000] {connection.py:740} INFO - No async queries seem to be running, deleting session
[2024-02-29T14:51:06.651+0000] {taskinstance.py:1149} INFO - Marking task as SUCCESS. dag_id=AIRLINES_ETL_PIPELINE, task_id=merge_obt_airlines, execution_date=20240229T144438, start_date=20240229T145103, end_date=20240229T145106
[2024-02-29T14:51:06.728+0000] {local_task_job_runner.py:234} INFO - Task exited with return code 0
[2024-02-29T14:51:06.749+0000] {logging_mixin.py:188} WARNING - /home/airflow/.local/lib/python3.11/site-packages/airflow/models/baseoperator.py:1201 AirflowProviderDeprecationWarning: Call to deprecated class SnowflakeOperator. (This class is deprecated. Please use `airflow.providers.common.sql.operators.sql.SQLExecuteQueryOperator`. Also, you can provide `hook_params={'warehouse': <warehouse>, 'database': <database>, 'role': <role>, 'schema': <schema>, 'authenticator': <authenticator>,'session_parameters': <session_parameters>}`.)
[2024-02-29T14:51:06.777+0000] {taskinstance.py:3309} INFO - 1 downstream tasks scheduled from follow-on schedule check
