[2024-02-29T14:44:58.505+0000] {taskinstance.py:1979} INFO - Dependencies all met for dep_context=non-requeueable deps ti=<TaskInstance: AIRLINES_ETL_PIPELINE.Check_for_airlines_file manual__2024-02-29T14:44:38.677041+00:00 [queued]>
[2024-02-29T14:44:58.525+0000] {taskinstance.py:1979} INFO - Dependencies all met for dep_context=requeueable deps ti=<TaskInstance: AIRLINES_ETL_PIPELINE.Check_for_airlines_file manual__2024-02-29T14:44:38.677041+00:00 [queued]>
[2024-02-29T14:44:58.525+0000] {taskinstance.py:2193} INFO - Starting attempt 1 of 1
[2024-02-29T14:44:58.583+0000] {taskinstance.py:2214} INFO - Executing <Task(WasbBlobSensor): Check_for_airlines_file> on 2024-02-29 14:44:38.677041+00:00
[2024-02-29T14:44:58.598+0000] {standard_task_runner.py:60} INFO - Started process 92 to run task
[2024-02-29T14:44:58.683+0000] {standard_task_runner.py:87} INFO - Running: ['airflow', 'tasks', 'run', 'AIRLINES_ETL_PIPELINE', 'Check_for_airlines_file', 'manual__2024-02-29T14:44:38.677041+00:00', '--job-id', '122', '--raw', '--subdir', 'DAGS_FOLDER/AIRLINES_DATA_ETL_DAG.py', '--cfg-path', '/tmp/tmpb7xjgiqe']
[2024-02-29T14:44:58.714+0000] {standard_task_runner.py:88} INFO - Job 122: Subtask Check_for_airlines_file
[2024-02-29T14:44:59.033+0000] {task_command.py:423} INFO - Running <TaskInstance: AIRLINES_ETL_PIPELINE.Check_for_airlines_file manual__2024-02-29T14:44:38.677041+00:00 [running]> on host 3842d9dcfd8c
[2024-02-29T14:45:01.066+0000] {taskinstance.py:2510} INFO - Exporting env vars: AIRFLOW_CTX_DAG_OWNER='airflow' AIRFLOW_CTX_DAG_ID='AIRLINES_ETL_PIPELINE' AIRFLOW_CTX_TASK_ID='Check_for_airlines_file' AIRFLOW_CTX_EXECUTION_DATE='2024-02-29T14:44:38.677041+00:00' AIRFLOW_CTX_TRY_NUMBER='1' AIRFLOW_CTX_DAG_RUN_ID='manual__2024-02-29T14:44:38.677041+00:00'
[2024-02-29T14:45:01.068+0000] {wasb.py:72} INFO - Poking for blob: csv/Airlines_Data.csv.gz
 in wasb://raw
[2024-02-29T14:45:01.092+0000] {base.py:83} INFO - Using connection ID 'azure_blob_storage' for task execution.
[2024-02-29T14:45:03.432+0000] {taskinstance.py:2367} INFO - Pausing task as DEFERRED. dag_id=AIRLINES_ETL_PIPELINE, task_id=Check_for_airlines_file, execution_date=20240229T144438, start_date=20240229T144458
[2024-02-29T14:45:03.532+0000] {local_task_job_runner.py:231} INFO - Task exited with return code 100 (task deferral)
[2024-02-29T14:50:21.529+0000] {taskinstance.py:1979} INFO - Dependencies all met for dep_context=non-requeueable deps ti=<TaskInstance: AIRLINES_ETL_PIPELINE.Check_for_airlines_file manual__2024-02-29T14:44:38.677041+00:00 [queued]>
[2024-02-29T14:50:21.704+0000] {taskinstance.py:1979} INFO - Dependencies all met for dep_context=requeueable deps ti=<TaskInstance: AIRLINES_ETL_PIPELINE.Check_for_airlines_file manual__2024-02-29T14:44:38.677041+00:00 [queued]>
[2024-02-29T14:50:21.707+0000] {taskinstance.py:2191} INFO - Resuming after deferral
[2024-02-29T14:50:21.842+0000] {taskinstance.py:2214} INFO - Executing <Task(WasbBlobSensor): Check_for_airlines_file> on 2024-02-29 14:44:38.677041+00:00
[2024-02-29T14:50:22.049+0000] {standard_task_runner.py:60} INFO - Started process 147 to run task
[2024-02-29T14:50:22.172+0000] {standard_task_runner.py:87} INFO - Running: ['airflow', 'tasks', 'run', 'AIRLINES_ETL_PIPELINE', 'Check_for_airlines_file', 'manual__2024-02-29T14:44:38.677041+00:00', '--job-id', '125', '--raw', '--subdir', 'DAGS_FOLDER/AIRLINES_DATA_ETL_DAG.py', '--cfg-path', '/tmp/tmpksgkvdcw']
[2024-02-29T14:50:22.218+0000] {standard_task_runner.py:88} INFO - Job 125: Subtask Check_for_airlines_file
[2024-02-29T14:50:22.609+0000] {task_command.py:423} INFO - Running <TaskInstance: AIRLINES_ETL_PIPELINE.Check_for_airlines_file manual__2024-02-29T14:44:38.677041+00:00 [running]> on host 3842d9dcfd8c
[2024-02-29T14:50:24.360+0000] {wasb.py:110} INFO - Blob csv/Airlines_Data.csv.gz found in container raw.
[2024-02-29T14:50:24.394+0000] {taskinstance.py:1149} INFO - Marking task as SUCCESS. dag_id=AIRLINES_ETL_PIPELINE, task_id=Check_for_airlines_file, execution_date=20240229T144438, start_date=20240229T144458, end_date=20240229T145024
[2024-02-29T14:50:24.502+0000] {local_task_job_runner.py:234} INFO - Task exited with return code 0
[2024-02-29T14:50:24.548+0000] {logging_mixin.py:188} WARNING - /home/airflow/.local/lib/python3.11/site-packages/airflow/models/baseoperator.py:1201 AirflowProviderDeprecationWarning: Call to deprecated class SnowflakeOperator. (This class is deprecated. Please use `airflow.providers.common.sql.operators.sql.SQLExecuteQueryOperator`. Also, you can provide `hook_params={'warehouse': <warehouse>, 'database': <database>, 'role': <role>, 'schema': <schema>, 'authenticator': <authenticator>,'session_parameters': <session_parameters>}`.)
[2024-02-29T14:50:24.648+0000] {taskinstance.py:3309} INFO - 0 downstream tasks scheduled from follow-on schedule check
