[2024-02-21T14:00:20.002+0000] {processor.py:161} INFO - Started process (PID=57) to work on /opt/airflow/dags/welcome_dag.py
[2024-02-21T14:00:20.003+0000] {processor.py:830} INFO - Processing file /opt/airflow/dags/welcome_dag.py for tasks to queue
[2024-02-21T14:00:20.004+0000] {logging_mixin.py:188} INFO - [2024-02-21T14:00:20.004+0000] {dagbag.py:538} INFO - Filling up the DagBag from /opt/airflow/dags/welcome_dag.py
[2024-02-21T14:00:20.037+0000] {processor.py:840} INFO - DAG(s) 'welcome_dag' retrieved from /opt/airflow/dags/welcome_dag.py
[2024-02-21T14:00:20.055+0000] {logging_mixin.py:188} INFO - [2024-02-21T14:00:20.054+0000] {dag.py:3036} INFO - Sync 1 DAGs
[2024-02-21T14:00:20.094+0000] {logging_mixin.py:188} INFO - [2024-02-21T14:00:20.094+0000] {dag.py:3823} INFO - Setting next_dagrun for welcome_dag to 2024-02-20 23:00:00+00:00, run_after=2024-02-21 23:00:00+00:00
[2024-02-21T14:00:20.384+0000] {processor.py:183} INFO - Processing /opt/airflow/dags/welcome_dag.py took 0.386 seconds
[2024-02-21T14:00:50.992+0000] {processor.py:161} INFO - Started process (PID=71) to work on /opt/airflow/dags/welcome_dag.py
[2024-02-21T14:00:50.995+0000] {processor.py:830} INFO - Processing file /opt/airflow/dags/welcome_dag.py for tasks to queue
[2024-02-21T14:00:50.997+0000] {logging_mixin.py:188} INFO - [2024-02-21T14:00:50.997+0000] {dagbag.py:538} INFO - Filling up the DagBag from /opt/airflow/dags/welcome_dag.py
[2024-02-21T14:00:51.072+0000] {processor.py:840} INFO - DAG(s) 'welcome_dag' retrieved from /opt/airflow/dags/welcome_dag.py
[2024-02-21T14:00:51.307+0000] {logging_mixin.py:188} INFO - [2024-02-21T14:00:51.307+0000] {dag.py:3036} INFO - Sync 1 DAGs
[2024-02-21T14:00:51.338+0000] {logging_mixin.py:188} INFO - [2024-02-21T14:00:51.338+0000] {dag.py:3823} INFO - Setting next_dagrun for welcome_dag to 2024-02-20 23:00:00+00:00, run_after=2024-02-21 23:00:00+00:00
[2024-02-21T14:00:51.443+0000] {processor.py:183} INFO - Processing /opt/airflow/dags/welcome_dag.py took 0.466 seconds
[2024-02-21T14:01:22.006+0000] {processor.py:161} INFO - Started process (PID=72) to work on /opt/airflow/dags/welcome_dag.py
[2024-02-21T14:01:22.011+0000] {processor.py:830} INFO - Processing file /opt/airflow/dags/welcome_dag.py for tasks to queue
[2024-02-21T14:01:22.016+0000] {logging_mixin.py:188} INFO - [2024-02-21T14:01:22.014+0000] {dagbag.py:538} INFO - Filling up the DagBag from /opt/airflow/dags/welcome_dag.py
[2024-02-21T14:01:22.130+0000] {processor.py:840} INFO - DAG(s) 'welcome_dag' retrieved from /opt/airflow/dags/welcome_dag.py
[2024-02-21T14:01:22.173+0000] {logging_mixin.py:188} INFO - [2024-02-21T14:01:22.173+0000] {dag.py:3036} INFO - Sync 1 DAGs
[2024-02-21T14:01:22.223+0000] {logging_mixin.py:188} INFO - [2024-02-21T14:01:22.223+0000] {dag.py:3823} INFO - Setting next_dagrun for welcome_dag to 2024-02-20 23:00:00+00:00, run_after=2024-02-21 23:00:00+00:00
[2024-02-21T14:01:22.361+0000] {processor.py:183} INFO - Processing /opt/airflow/dags/welcome_dag.py took 0.369 seconds
[2024-02-21T14:01:55.110+0000] {processor.py:161} INFO - Started process (PID=74) to work on /opt/airflow/dags/welcome_dag.py
[2024-02-21T14:01:55.121+0000] {processor.py:830} INFO - Processing file /opt/airflow/dags/welcome_dag.py for tasks to queue
[2024-02-21T14:01:55.132+0000] {logging_mixin.py:188} INFO - [2024-02-21T14:01:55.125+0000] {dagbag.py:538} INFO - Filling up the DagBag from /opt/airflow/dags/welcome_dag.py
[2024-02-21T14:01:55.783+0000] {processor.py:840} INFO - DAG(s) 'welcome_dag' retrieved from /opt/airflow/dags/welcome_dag.py
[2024-02-21T14:01:56.362+0000] {logging_mixin.py:188} INFO - [2024-02-21T14:01:56.362+0000] {dag.py:3036} INFO - Sync 1 DAGs
[2024-02-21T14:01:56.668+0000] {logging_mixin.py:188} INFO - [2024-02-21T14:01:56.667+0000] {dag.py:3823} INFO - Setting next_dagrun for welcome_dag to 2024-02-20 23:00:00+00:00, run_after=2024-02-21 23:00:00+00:00
[2024-02-21T14:01:56.898+0000] {processor.py:183} INFO - Processing /opt/airflow/dags/welcome_dag.py took 1.909 seconds
[2024-02-21T14:02:27.041+0000] {processor.py:161} INFO - Started process (PID=75) to work on /opt/airflow/dags/welcome_dag.py
[2024-02-21T14:02:27.044+0000] {processor.py:830} INFO - Processing file /opt/airflow/dags/welcome_dag.py for tasks to queue
[2024-02-21T14:02:27.047+0000] {logging_mixin.py:188} INFO - [2024-02-21T14:02:27.046+0000] {dagbag.py:538} INFO - Filling up the DagBag from /opt/airflow/dags/welcome_dag.py
[2024-02-21T14:02:27.087+0000] {processor.py:840} INFO - DAG(s) 'welcome_dag' retrieved from /opt/airflow/dags/welcome_dag.py
[2024-02-21T14:02:27.159+0000] {logging_mixin.py:188} INFO - [2024-02-21T14:02:27.158+0000] {dag.py:3036} INFO - Sync 1 DAGs
[2024-02-21T14:02:27.329+0000] {logging_mixin.py:188} INFO - [2024-02-21T14:02:27.328+0000] {dag.py:3823} INFO - Setting next_dagrun for welcome_dag to 2024-02-20 23:00:00+00:00, run_after=2024-02-21 23:00:00+00:00
[2024-02-21T14:02:27.458+0000] {processor.py:183} INFO - Processing /opt/airflow/dags/welcome_dag.py took 0.426 seconds
[2024-02-21T14:02:57.608+0000] {processor.py:161} INFO - Started process (PID=76) to work on /opt/airflow/dags/welcome_dag.py
[2024-02-21T14:02:57.610+0000] {processor.py:830} INFO - Processing file /opt/airflow/dags/welcome_dag.py for tasks to queue
[2024-02-21T14:02:57.611+0000] {logging_mixin.py:188} INFO - [2024-02-21T14:02:57.611+0000] {dagbag.py:538} INFO - Filling up the DagBag from /opt/airflow/dags/welcome_dag.py
[2024-02-21T14:02:57.653+0000] {processor.py:840} INFO - DAG(s) 'welcome_dag' retrieved from /opt/airflow/dags/welcome_dag.py
[2024-02-21T14:02:57.721+0000] {logging_mixin.py:188} INFO - [2024-02-21T14:02:57.721+0000] {dag.py:3036} INFO - Sync 1 DAGs
[2024-02-21T14:02:57.762+0000] {logging_mixin.py:188} INFO - [2024-02-21T14:02:57.761+0000] {dag.py:3823} INFO - Setting next_dagrun for welcome_dag to 2024-02-20 23:00:00+00:00, run_after=2024-02-21 23:00:00+00:00
[2024-02-21T14:02:57.853+0000] {processor.py:183} INFO - Processing /opt/airflow/dags/welcome_dag.py took 0.250 seconds
[2024-02-21T14:03:28.020+0000] {processor.py:161} INFO - Started process (PID=77) to work on /opt/airflow/dags/welcome_dag.py
[2024-02-21T14:03:28.021+0000] {processor.py:830} INFO - Processing file /opt/airflow/dags/welcome_dag.py for tasks to queue
[2024-02-21T14:03:28.023+0000] {logging_mixin.py:188} INFO - [2024-02-21T14:03:28.022+0000] {dagbag.py:538} INFO - Filling up the DagBag from /opt/airflow/dags/welcome_dag.py
[2024-02-21T14:03:28.062+0000] {processor.py:840} INFO - DAG(s) 'welcome_dag' retrieved from /opt/airflow/dags/welcome_dag.py
[2024-02-21T14:03:28.141+0000] {logging_mixin.py:188} INFO - [2024-02-21T14:03:28.141+0000] {dag.py:3036} INFO - Sync 1 DAGs
[2024-02-21T14:03:28.442+0000] {logging_mixin.py:188} INFO - [2024-02-21T14:03:28.441+0000] {dag.py:3823} INFO - Setting next_dagrun for welcome_dag to 2024-02-20 23:00:00+00:00, run_after=2024-02-21 23:00:00+00:00
[2024-02-21T14:03:28.682+0000] {processor.py:183} INFO - Processing /opt/airflow/dags/welcome_dag.py took 0.665 seconds
[2024-02-21T14:04:00.655+0000] {processor.py:161} INFO - Started process (PID=78) to work on /opt/airflow/dags/welcome_dag.py
[2024-02-21T14:04:00.657+0000] {processor.py:830} INFO - Processing file /opt/airflow/dags/welcome_dag.py for tasks to queue
[2024-02-21T14:04:00.658+0000] {logging_mixin.py:188} INFO - [2024-02-21T14:04:00.658+0000] {dagbag.py:538} INFO - Filling up the DagBag from /opt/airflow/dags/welcome_dag.py
[2024-02-21T14:04:00.698+0000] {processor.py:840} INFO - DAG(s) 'welcome_dag' retrieved from /opt/airflow/dags/welcome_dag.py
[2024-02-21T14:04:00.765+0000] {logging_mixin.py:188} INFO - [2024-02-21T14:04:00.764+0000] {dag.py:3036} INFO - Sync 1 DAGs
[2024-02-21T14:04:00.803+0000] {logging_mixin.py:188} INFO - [2024-02-21T14:04:00.803+0000] {dag.py:3823} INFO - Setting next_dagrun for welcome_dag to 2024-02-20 23:00:00+00:00, run_after=2024-02-21 23:00:00+00:00
[2024-02-21T14:04:02.068+0000] {processor.py:183} INFO - Processing /opt/airflow/dags/welcome_dag.py took 1.416 seconds
[2024-02-21T14:04:33.077+0000] {processor.py:161} INFO - Started process (PID=79) to work on /opt/airflow/dags/welcome_dag.py
[2024-02-21T14:04:33.079+0000] {processor.py:830} INFO - Processing file /opt/airflow/dags/welcome_dag.py for tasks to queue
[2024-02-21T14:04:33.080+0000] {logging_mixin.py:188} INFO - [2024-02-21T14:04:33.080+0000] {dagbag.py:538} INFO - Filling up the DagBag from /opt/airflow/dags/welcome_dag.py
[2024-02-21T14:04:33.171+0000] {processor.py:840} INFO - DAG(s) 'welcome_dag' retrieved from /opt/airflow/dags/welcome_dag.py
[2024-02-21T14:04:33.485+0000] {logging_mixin.py:188} INFO - [2024-02-21T14:04:33.485+0000] {dag.py:3036} INFO - Sync 1 DAGs
[2024-02-21T14:04:33.779+0000] {logging_mixin.py:188} INFO - [2024-02-21T14:04:33.778+0000] {dag.py:3823} INFO - Setting next_dagrun for welcome_dag to 2024-02-20 23:00:00+00:00, run_after=2024-02-21 23:00:00+00:00
[2024-02-21T14:04:34.995+0000] {processor.py:183} INFO - Processing /opt/airflow/dags/welcome_dag.py took 1.924 seconds
[2024-02-21T14:05:06.375+0000] {processor.py:161} INFO - Started process (PID=80) to work on /opt/airflow/dags/welcome_dag.py
[2024-02-21T14:05:06.379+0000] {processor.py:830} INFO - Processing file /opt/airflow/dags/welcome_dag.py for tasks to queue
[2024-02-21T14:05:06.382+0000] {logging_mixin.py:188} INFO - [2024-02-21T14:05:06.381+0000] {dagbag.py:538} INFO - Filling up the DagBag from /opt/airflow/dags/welcome_dag.py
[2024-02-21T14:05:06.471+0000] {processor.py:840} INFO - DAG(s) 'welcome_dag' retrieved from /opt/airflow/dags/welcome_dag.py
[2024-02-21T14:05:06.527+0000] {logging_mixin.py:188} INFO - [2024-02-21T14:05:06.527+0000] {dag.py:3036} INFO - Sync 1 DAGs
[2024-02-21T14:05:06.652+0000] {logging_mixin.py:188} INFO - [2024-02-21T14:05:06.652+0000] {dag.py:3823} INFO - Setting next_dagrun for welcome_dag to 2024-02-20 23:00:00+00:00, run_after=2024-02-21 23:00:00+00:00
[2024-02-21T14:05:06.871+0000] {processor.py:183} INFO - Processing /opt/airflow/dags/welcome_dag.py took 0.506 seconds
[2024-02-21T14:05:37.766+0000] {processor.py:161} INFO - Started process (PID=81) to work on /opt/airflow/dags/welcome_dag.py
[2024-02-21T14:05:37.771+0000] {processor.py:830} INFO - Processing file /opt/airflow/dags/welcome_dag.py for tasks to queue
[2024-02-21T14:05:37.774+0000] {logging_mixin.py:188} INFO - [2024-02-21T14:05:37.772+0000] {dagbag.py:538} INFO - Filling up the DagBag from /opt/airflow/dags/welcome_dag.py
[2024-02-21T14:05:37.820+0000] {processor.py:840} INFO - DAG(s) 'welcome_dag' retrieved from /opt/airflow/dags/welcome_dag.py
[2024-02-21T14:05:37.876+0000] {logging_mixin.py:188} INFO - [2024-02-21T14:05:37.876+0000] {dag.py:3036} INFO - Sync 1 DAGs
[2024-02-21T14:05:37.924+0000] {logging_mixin.py:188} INFO - [2024-02-21T14:05:37.924+0000] {dag.py:3823} INFO - Setting next_dagrun for welcome_dag to 2024-02-20 23:00:00+00:00, run_after=2024-02-21 23:00:00+00:00
[2024-02-21T14:05:38.054+0000] {processor.py:183} INFO - Processing /opt/airflow/dags/welcome_dag.py took 0.308 seconds
[2024-02-21T14:06:08.875+0000] {processor.py:161} INFO - Started process (PID=82) to work on /opt/airflow/dags/welcome_dag.py
[2024-02-21T14:06:08.877+0000] {processor.py:830} INFO - Processing file /opt/airflow/dags/welcome_dag.py for tasks to queue
[2024-02-21T14:06:08.878+0000] {logging_mixin.py:188} INFO - [2024-02-21T14:06:08.878+0000] {dagbag.py:538} INFO - Filling up the DagBag from /opt/airflow/dags/welcome_dag.py
[2024-02-21T14:06:08.913+0000] {processor.py:840} INFO - DAG(s) 'welcome_dag' retrieved from /opt/airflow/dags/welcome_dag.py
[2024-02-21T14:06:08.951+0000] {logging_mixin.py:188} INFO - [2024-02-21T14:06:08.951+0000] {dag.py:3036} INFO - Sync 1 DAGs
[2024-02-21T14:06:09.100+0000] {logging_mixin.py:188} INFO - [2024-02-21T14:06:09.099+0000] {dag.py:3823} INFO - Setting next_dagrun for welcome_dag to 2024-02-20 23:00:00+00:00, run_after=2024-02-21 23:00:00+00:00
[2024-02-21T14:06:09.426+0000] {processor.py:183} INFO - Processing /opt/airflow/dags/welcome_dag.py took 0.556 seconds
[2024-02-21T14:06:39.687+0000] {processor.py:161} INFO - Started process (PID=83) to work on /opt/airflow/dags/welcome_dag.py
[2024-02-21T14:06:39.690+0000] {processor.py:830} INFO - Processing file /opt/airflow/dags/welcome_dag.py for tasks to queue
[2024-02-21T14:06:39.693+0000] {logging_mixin.py:188} INFO - [2024-02-21T14:06:39.693+0000] {dagbag.py:538} INFO - Filling up the DagBag from /opt/airflow/dags/welcome_dag.py
[2024-02-21T14:06:39.761+0000] {processor.py:840} INFO - DAG(s) 'welcome_dag' retrieved from /opt/airflow/dags/welcome_dag.py
[2024-02-21T14:06:39.971+0000] {logging_mixin.py:188} INFO - [2024-02-21T14:06:39.970+0000] {dag.py:3036} INFO - Sync 1 DAGs
[2024-02-21T14:06:40.394+0000] {logging_mixin.py:188} INFO - [2024-02-21T14:06:40.393+0000] {dag.py:3823} INFO - Setting next_dagrun for welcome_dag to 2024-02-20 23:00:00+00:00, run_after=2024-02-21 23:00:00+00:00
[2024-02-21T14:06:40.711+0000] {processor.py:183} INFO - Processing /opt/airflow/dags/welcome_dag.py took 1.032 seconds
[2024-02-21T14:07:11.074+0000] {processor.py:161} INFO - Started process (PID=84) to work on /opt/airflow/dags/welcome_dag.py
[2024-02-21T14:07:11.076+0000] {processor.py:830} INFO - Processing file /opt/airflow/dags/welcome_dag.py for tasks to queue
[2024-02-21T14:07:11.078+0000] {logging_mixin.py:188} INFO - [2024-02-21T14:07:11.077+0000] {dagbag.py:538} INFO - Filling up the DagBag from /opt/airflow/dags/welcome_dag.py
[2024-02-21T14:07:11.114+0000] {processor.py:840} INFO - DAG(s) 'welcome_dag' retrieved from /opt/airflow/dags/welcome_dag.py
[2024-02-21T14:07:11.157+0000] {logging_mixin.py:188} INFO - [2024-02-21T14:07:11.157+0000] {dag.py:3036} INFO - Sync 1 DAGs
[2024-02-21T14:07:11.190+0000] {logging_mixin.py:188} INFO - [2024-02-21T14:07:11.190+0000] {dag.py:3823} INFO - Setting next_dagrun for welcome_dag to 2024-02-20 23:00:00+00:00, run_after=2024-02-21 23:00:00+00:00
[2024-02-21T14:07:11.514+0000] {processor.py:183} INFO - Processing /opt/airflow/dags/welcome_dag.py took 0.444 seconds
[2024-02-21T14:07:42.331+0000] {processor.py:161} INFO - Started process (PID=85) to work on /opt/airflow/dags/welcome_dag.py
[2024-02-21T14:07:42.335+0000] {processor.py:830} INFO - Processing file /opt/airflow/dags/welcome_dag.py for tasks to queue
[2024-02-21T14:07:42.338+0000] {logging_mixin.py:188} INFO - [2024-02-21T14:07:42.337+0000] {dagbag.py:538} INFO - Filling up the DagBag from /opt/airflow/dags/welcome_dag.py
[2024-02-21T14:07:42.419+0000] {processor.py:840} INFO - DAG(s) 'welcome_dag' retrieved from /opt/airflow/dags/welcome_dag.py
[2024-02-21T14:07:42.483+0000] {logging_mixin.py:188} INFO - [2024-02-21T14:07:42.483+0000] {dag.py:3036} INFO - Sync 1 DAGs
[2024-02-21T14:07:42.524+0000] {logging_mixin.py:188} INFO - [2024-02-21T14:07:42.523+0000] {dag.py:3823} INFO - Setting next_dagrun for welcome_dag to 2024-02-20 23:00:00+00:00, run_after=2024-02-21 23:00:00+00:00
[2024-02-21T14:07:42.647+0000] {processor.py:183} INFO - Processing /opt/airflow/dags/welcome_dag.py took 0.326 seconds
[2024-02-21T14:08:13.357+0000] {processor.py:161} INFO - Started process (PID=86) to work on /opt/airflow/dags/welcome_dag.py
[2024-02-21T14:08:13.359+0000] {processor.py:830} INFO - Processing file /opt/airflow/dags/welcome_dag.py for tasks to queue
[2024-02-21T14:08:13.360+0000] {logging_mixin.py:188} INFO - [2024-02-21T14:08:13.360+0000] {dagbag.py:538} INFO - Filling up the DagBag from /opt/airflow/dags/welcome_dag.py
[2024-02-21T14:08:13.394+0000] {processor.py:840} INFO - DAG(s) 'welcome_dag' retrieved from /opt/airflow/dags/welcome_dag.py
[2024-02-21T14:08:13.428+0000] {logging_mixin.py:188} INFO - [2024-02-21T14:08:13.428+0000] {dag.py:3036} INFO - Sync 1 DAGs
[2024-02-21T14:08:13.458+0000] {logging_mixin.py:188} INFO - [2024-02-21T14:08:13.458+0000] {dag.py:3823} INFO - Setting next_dagrun for welcome_dag to 2024-02-20 23:00:00+00:00, run_after=2024-02-21 23:00:00+00:00
[2024-02-21T14:08:13.611+0000] {processor.py:183} INFO - Processing /opt/airflow/dags/welcome_dag.py took 0.257 seconds
[2024-02-21T14:08:44.065+0000] {processor.py:161} INFO - Started process (PID=117) to work on /opt/airflow/dags/welcome_dag.py
[2024-02-21T14:08:44.068+0000] {processor.py:830} INFO - Processing file /opt/airflow/dags/welcome_dag.py for tasks to queue
[2024-02-21T14:08:44.071+0000] {logging_mixin.py:188} INFO - [2024-02-21T14:08:44.071+0000] {dagbag.py:538} INFO - Filling up the DagBag from /opt/airflow/dags/welcome_dag.py
[2024-02-21T14:08:44.148+0000] {processor.py:840} INFO - DAG(s) 'welcome_dag' retrieved from /opt/airflow/dags/welcome_dag.py
[2024-02-21T14:08:44.216+0000] {logging_mixin.py:188} INFO - [2024-02-21T14:08:44.215+0000] {dag.py:3036} INFO - Sync 1 DAGs
[2024-02-21T14:08:44.281+0000] {logging_mixin.py:188} INFO - [2024-02-21T14:08:44.280+0000] {dag.py:3823} INFO - Setting next_dagrun for welcome_dag to 2024-02-20 23:00:00+00:00, run_after=2024-02-21 23:00:00+00:00
[2024-02-21T14:08:44.463+0000] {processor.py:183} INFO - Processing /opt/airflow/dags/welcome_dag.py took 0.409 seconds
[2024-02-21T14:09:17.683+0000] {processor.py:161} INFO - Started process (PID=118) to work on /opt/airflow/dags/welcome_dag.py
[2024-02-21T14:09:17.684+0000] {processor.py:830} INFO - Processing file /opt/airflow/dags/welcome_dag.py for tasks to queue
[2024-02-21T14:09:17.687+0000] {logging_mixin.py:188} INFO - [2024-02-21T14:09:17.686+0000] {dagbag.py:538} INFO - Filling up the DagBag from /opt/airflow/dags/welcome_dag.py
[2024-02-21T14:09:17.732+0000] {processor.py:840} INFO - DAG(s) 'welcome_dag' retrieved from /opt/airflow/dags/welcome_dag.py
[2024-02-21T14:09:17.781+0000] {logging_mixin.py:188} INFO - [2024-02-21T14:09:17.781+0000] {dag.py:3036} INFO - Sync 1 DAGs
[2024-02-21T14:09:17.853+0000] {logging_mixin.py:188} INFO - [2024-02-21T14:09:17.852+0000] {dag.py:3823} INFO - Setting next_dagrun for welcome_dag to 2024-02-20 23:00:00+00:00, run_after=2024-02-21 23:00:00+00:00
[2024-02-21T14:09:18.572+0000] {processor.py:183} INFO - Processing /opt/airflow/dags/welcome_dag.py took 0.894 seconds
[2024-02-21T14:09:50.045+0000] {processor.py:161} INFO - Started process (PID=119) to work on /opt/airflow/dags/welcome_dag.py
[2024-02-21T14:09:50.048+0000] {processor.py:830} INFO - Processing file /opt/airflow/dags/welcome_dag.py for tasks to queue
[2024-02-21T14:09:50.050+0000] {logging_mixin.py:188} INFO - [2024-02-21T14:09:50.049+0000] {dagbag.py:538} INFO - Filling up the DagBag from /opt/airflow/dags/welcome_dag.py
[2024-02-21T14:09:50.138+0000] {processor.py:840} INFO - DAG(s) 'welcome_dag' retrieved from /opt/airflow/dags/welcome_dag.py
[2024-02-21T14:09:50.352+0000] {logging_mixin.py:188} INFO - [2024-02-21T14:09:50.351+0000] {dag.py:3036} INFO - Sync 1 DAGs
[2024-02-21T14:09:51.842+0000] {logging_mixin.py:188} INFO - [2024-02-21T14:09:51.840+0000] {dag.py:3823} INFO - Setting next_dagrun for welcome_dag to 2024-02-20 23:00:00+00:00, run_after=2024-02-21 23:00:00+00:00
[2024-02-21T14:09:53.380+0000] {processor.py:183} INFO - Processing /opt/airflow/dags/welcome_dag.py took 3.342 seconds
[2024-02-21T14:10:24.414+0000] {processor.py:161} INFO - Started process (PID=120) to work on /opt/airflow/dags/welcome_dag.py
[2024-02-21T14:10:24.417+0000] {processor.py:830} INFO - Processing file /opt/airflow/dags/welcome_dag.py for tasks to queue
[2024-02-21T14:10:24.421+0000] {logging_mixin.py:188} INFO - [2024-02-21T14:10:24.420+0000] {dagbag.py:538} INFO - Filling up the DagBag from /opt/airflow/dags/welcome_dag.py
[2024-02-21T14:10:24.497+0000] {processor.py:840} INFO - DAG(s) 'welcome_dag' retrieved from /opt/airflow/dags/welcome_dag.py
[2024-02-21T14:10:24.536+0000] {logging_mixin.py:188} INFO - [2024-02-21T14:10:24.536+0000] {dag.py:3036} INFO - Sync 1 DAGs
[2024-02-21T14:10:24.572+0000] {logging_mixin.py:188} INFO - [2024-02-21T14:10:24.571+0000] {dag.py:3823} INFO - Setting next_dagrun for welcome_dag to 2024-02-20 23:00:00+00:00, run_after=2024-02-21 23:00:00+00:00
[2024-02-21T14:10:24.949+0000] {processor.py:183} INFO - Processing /opt/airflow/dags/welcome_dag.py took 0.542 seconds
[2024-02-21T14:10:56.346+0000] {processor.py:161} INFO - Started process (PID=121) to work on /opt/airflow/dags/welcome_dag.py
[2024-02-21T14:10:56.348+0000] {processor.py:830} INFO - Processing file /opt/airflow/dags/welcome_dag.py for tasks to queue
[2024-02-21T14:10:56.350+0000] {logging_mixin.py:188} INFO - [2024-02-21T14:10:56.349+0000] {dagbag.py:538} INFO - Filling up the DagBag from /opt/airflow/dags/welcome_dag.py
[2024-02-21T14:10:56.400+0000] {processor.py:840} INFO - DAG(s) 'welcome_dag' retrieved from /opt/airflow/dags/welcome_dag.py
[2024-02-21T14:10:56.437+0000] {logging_mixin.py:188} INFO - [2024-02-21T14:10:56.436+0000] {dag.py:3036} INFO - Sync 1 DAGs
[2024-02-21T14:10:56.504+0000] {logging_mixin.py:188} INFO - [2024-02-21T14:10:56.504+0000] {dag.py:3823} INFO - Setting next_dagrun for welcome_dag to 2024-02-20 23:00:00+00:00, run_after=2024-02-21 23:00:00+00:00
[2024-02-21T14:10:56.674+0000] {processor.py:183} INFO - Processing /opt/airflow/dags/welcome_dag.py took 0.333 seconds
[2024-02-21T14:11:27.001+0000] {processor.py:161} INFO - Started process (PID=122) to work on /opt/airflow/dags/welcome_dag.py
[2024-02-21T14:11:27.002+0000] {processor.py:830} INFO - Processing file /opt/airflow/dags/welcome_dag.py for tasks to queue
[2024-02-21T14:11:27.003+0000] {logging_mixin.py:188} INFO - [2024-02-21T14:11:27.003+0000] {dagbag.py:538} INFO - Filling up the DagBag from /opt/airflow/dags/welcome_dag.py
[2024-02-21T14:11:27.084+0000] {processor.py:840} INFO - DAG(s) 'welcome_dag' retrieved from /opt/airflow/dags/welcome_dag.py
[2024-02-21T14:11:27.125+0000] {logging_mixin.py:188} INFO - [2024-02-21T14:11:27.125+0000] {dag.py:3036} INFO - Sync 1 DAGs
[2024-02-21T14:11:27.159+0000] {logging_mixin.py:188} INFO - [2024-02-21T14:11:27.159+0000] {dag.py:3823} INFO - Setting next_dagrun for welcome_dag to 2024-02-20 23:00:00+00:00, run_after=2024-02-21 23:00:00+00:00
[2024-02-21T14:11:27.942+0000] {processor.py:183} INFO - Processing /opt/airflow/dags/welcome_dag.py took 0.944 seconds
[2024-02-21T14:11:58.598+0000] {processor.py:161} INFO - Started process (PID=123) to work on /opt/airflow/dags/welcome_dag.py
[2024-02-21T14:11:58.601+0000] {processor.py:830} INFO - Processing file /opt/airflow/dags/welcome_dag.py for tasks to queue
[2024-02-21T14:11:58.603+0000] {logging_mixin.py:188} INFO - [2024-02-21T14:11:58.603+0000] {dagbag.py:538} INFO - Filling up the DagBag from /opt/airflow/dags/welcome_dag.py
[2024-02-21T14:11:58.687+0000] {processor.py:840} INFO - DAG(s) 'welcome_dag' retrieved from /opt/airflow/dags/welcome_dag.py
[2024-02-21T14:11:58.767+0000] {logging_mixin.py:188} INFO - [2024-02-21T14:11:58.767+0000] {dag.py:3036} INFO - Sync 1 DAGs
[2024-02-21T14:11:58.887+0000] {logging_mixin.py:188} INFO - [2024-02-21T14:11:58.887+0000] {dag.py:3823} INFO - Setting next_dagrun for welcome_dag to 2024-02-20 23:00:00+00:00, run_after=2024-02-21 23:00:00+00:00
[2024-02-21T14:11:59.353+0000] {processor.py:183} INFO - Processing /opt/airflow/dags/welcome_dag.py took 0.761 seconds
[2024-02-21T14:12:33.841+0000] {processor.py:161} INFO - Started process (PID=124) to work on /opt/airflow/dags/welcome_dag.py
[2024-02-21T14:12:33.843+0000] {processor.py:830} INFO - Processing file /opt/airflow/dags/welcome_dag.py for tasks to queue
[2024-02-21T14:12:33.845+0000] {logging_mixin.py:188} INFO - [2024-02-21T14:12:33.844+0000] {dagbag.py:538} INFO - Filling up the DagBag from /opt/airflow/dags/welcome_dag.py
[2024-02-21T14:12:33.905+0000] {processor.py:840} INFO - DAG(s) 'welcome_dag' retrieved from /opt/airflow/dags/welcome_dag.py
[2024-02-21T14:12:33.982+0000] {logging_mixin.py:188} INFO - [2024-02-21T14:12:33.982+0000] {dag.py:3036} INFO - Sync 1 DAGs
[2024-02-21T14:12:34.160+0000] {logging_mixin.py:188} INFO - [2024-02-21T14:12:34.158+0000] {dag.py:3823} INFO - Setting next_dagrun for welcome_dag to 2024-02-20 23:00:00+00:00, run_after=2024-02-21 23:00:00+00:00
[2024-02-21T14:12:34.442+0000] {processor.py:183} INFO - Processing /opt/airflow/dags/welcome_dag.py took 0.607 seconds
[2024-02-21T14:13:05.257+0000] {processor.py:161} INFO - Started process (PID=125) to work on /opt/airflow/dags/welcome_dag.py
[2024-02-21T14:13:05.260+0000] {processor.py:830} INFO - Processing file /opt/airflow/dags/welcome_dag.py for tasks to queue
[2024-02-21T14:13:05.262+0000] {logging_mixin.py:188} INFO - [2024-02-21T14:13:05.262+0000] {dagbag.py:538} INFO - Filling up the DagBag from /opt/airflow/dags/welcome_dag.py
[2024-02-21T14:13:05.339+0000] {processor.py:840} INFO - DAG(s) 'welcome_dag' retrieved from /opt/airflow/dags/welcome_dag.py
[2024-02-21T14:13:05.411+0000] {logging_mixin.py:188} INFO - [2024-02-21T14:13:05.411+0000] {dag.py:3036} INFO - Sync 1 DAGs
[2024-02-21T14:13:05.631+0000] {logging_mixin.py:188} INFO - [2024-02-21T14:13:05.631+0000] {dag.py:3823} INFO - Setting next_dagrun for welcome_dag to 2024-02-20 23:00:00+00:00, run_after=2024-02-21 23:00:00+00:00
[2024-02-21T14:13:06.260+0000] {processor.py:183} INFO - Processing /opt/airflow/dags/welcome_dag.py took 1.013 seconds
[2024-02-21T14:13:36.890+0000] {processor.py:161} INFO - Started process (PID=126) to work on /opt/airflow/dags/welcome_dag.py
[2024-02-21T14:13:36.893+0000] {processor.py:830} INFO - Processing file /opt/airflow/dags/welcome_dag.py for tasks to queue
[2024-02-21T14:13:36.897+0000] {logging_mixin.py:188} INFO - [2024-02-21T14:13:36.896+0000] {dagbag.py:538} INFO - Filling up the DagBag from /opt/airflow/dags/welcome_dag.py
[2024-02-21T14:13:36.967+0000] {processor.py:840} INFO - DAG(s) 'welcome_dag' retrieved from /opt/airflow/dags/welcome_dag.py
[2024-02-21T14:13:37.008+0000] {logging_mixin.py:188} INFO - [2024-02-21T14:13:37.008+0000] {dag.py:3036} INFO - Sync 1 DAGs
[2024-02-21T14:13:37.039+0000] {logging_mixin.py:188} INFO - [2024-02-21T14:13:37.038+0000] {dag.py:3823} INFO - Setting next_dagrun for welcome_dag to 2024-02-20 23:00:00+00:00, run_after=2024-02-21 23:00:00+00:00
[2024-02-21T14:13:37.170+0000] {processor.py:183} INFO - Processing /opt/airflow/dags/welcome_dag.py took 0.288 seconds
[2024-02-21T14:14:07.667+0000] {processor.py:161} INFO - Started process (PID=127) to work on /opt/airflow/dags/welcome_dag.py
[2024-02-21T14:14:07.670+0000] {processor.py:830} INFO - Processing file /opt/airflow/dags/welcome_dag.py for tasks to queue
[2024-02-21T14:14:07.673+0000] {logging_mixin.py:188} INFO - [2024-02-21T14:14:07.672+0000] {dagbag.py:538} INFO - Filling up the DagBag from /opt/airflow/dags/welcome_dag.py
[2024-02-21T14:14:07.772+0000] {processor.py:840} INFO - DAG(s) 'welcome_dag' retrieved from /opt/airflow/dags/welcome_dag.py
[2024-02-21T14:14:07.855+0000] {logging_mixin.py:188} INFO - [2024-02-21T14:14:07.855+0000] {dag.py:3036} INFO - Sync 1 DAGs
[2024-02-21T14:14:07.909+0000] {logging_mixin.py:188} INFO - [2024-02-21T14:14:07.909+0000] {dag.py:3823} INFO - Setting next_dagrun for welcome_dag to 2024-02-20 23:00:00+00:00, run_after=2024-02-21 23:00:00+00:00
[2024-02-21T14:14:08.068+0000] {processor.py:183} INFO - Processing /opt/airflow/dags/welcome_dag.py took 0.409 seconds
[2024-02-21T14:14:38.778+0000] {processor.py:161} INFO - Started process (PID=128) to work on /opt/airflow/dags/welcome_dag.py
[2024-02-21T14:14:38.781+0000] {processor.py:830} INFO - Processing file /opt/airflow/dags/welcome_dag.py for tasks to queue
[2024-02-21T14:14:38.784+0000] {logging_mixin.py:188} INFO - [2024-02-21T14:14:38.783+0000] {dagbag.py:538} INFO - Filling up the DagBag from /opt/airflow/dags/welcome_dag.py
[2024-02-21T14:14:38.857+0000] {processor.py:840} INFO - DAG(s) 'welcome_dag' retrieved from /opt/airflow/dags/welcome_dag.py
[2024-02-21T14:14:38.891+0000] {logging_mixin.py:188} INFO - [2024-02-21T14:14:38.891+0000] {dag.py:3036} INFO - Sync 1 DAGs
[2024-02-21T14:14:38.954+0000] {logging_mixin.py:188} INFO - [2024-02-21T14:14:38.954+0000] {dag.py:3823} INFO - Setting next_dagrun for welcome_dag to 2024-02-20 23:00:00+00:00, run_after=2024-02-21 23:00:00+00:00
[2024-02-21T14:14:39.121+0000] {processor.py:183} INFO - Processing /opt/airflow/dags/welcome_dag.py took 0.355 seconds
[2024-02-21T14:15:09.864+0000] {processor.py:161} INFO - Started process (PID=129) to work on /opt/airflow/dags/welcome_dag.py
[2024-02-21T14:15:09.868+0000] {processor.py:830} INFO - Processing file /opt/airflow/dags/welcome_dag.py for tasks to queue
[2024-02-21T14:15:09.871+0000] {logging_mixin.py:188} INFO - [2024-02-21T14:15:09.870+0000] {dagbag.py:538} INFO - Filling up the DagBag from /opt/airflow/dags/welcome_dag.py
[2024-02-21T14:15:09.953+0000] {processor.py:840} INFO - DAG(s) 'welcome_dag' retrieved from /opt/airflow/dags/welcome_dag.py
[2024-02-21T14:15:09.986+0000] {logging_mixin.py:188} INFO - [2024-02-21T14:15:09.986+0000] {dag.py:3036} INFO - Sync 1 DAGs
[2024-02-21T14:15:10.018+0000] {logging_mixin.py:188} INFO - [2024-02-21T14:15:10.018+0000] {dag.py:3823} INFO - Setting next_dagrun for welcome_dag to 2024-02-20 23:00:00+00:00, run_after=2024-02-21 23:00:00+00:00
[2024-02-21T14:15:10.147+0000] {processor.py:183} INFO - Processing /opt/airflow/dags/welcome_dag.py took 0.294 seconds
[2024-02-21T14:15:40.839+0000] {processor.py:161} INFO - Started process (PID=130) to work on /opt/airflow/dags/welcome_dag.py
[2024-02-21T14:15:40.840+0000] {processor.py:830} INFO - Processing file /opt/airflow/dags/welcome_dag.py for tasks to queue
[2024-02-21T14:15:40.842+0000] {logging_mixin.py:188} INFO - [2024-02-21T14:15:40.841+0000] {dagbag.py:538} INFO - Filling up the DagBag from /opt/airflow/dags/welcome_dag.py
[2024-02-21T14:15:40.876+0000] {processor.py:840} INFO - DAG(s) 'welcome_dag' retrieved from /opt/airflow/dags/welcome_dag.py
[2024-02-21T14:15:40.911+0000] {logging_mixin.py:188} INFO - [2024-02-21T14:15:40.911+0000] {dag.py:3036} INFO - Sync 1 DAGs
[2024-02-21T14:15:40.943+0000] {logging_mixin.py:188} INFO - [2024-02-21T14:15:40.943+0000] {dag.py:3823} INFO - Setting next_dagrun for welcome_dag to 2024-02-20 23:00:00+00:00, run_after=2024-02-21 23:00:00+00:00
[2024-02-21T14:15:41.096+0000] {processor.py:183} INFO - Processing /opt/airflow/dags/welcome_dag.py took 0.262 seconds
[2024-02-21T14:16:11.724+0000] {processor.py:161} INFO - Started process (PID=131) to work on /opt/airflow/dags/welcome_dag.py
[2024-02-21T14:16:11.726+0000] {processor.py:830} INFO - Processing file /opt/airflow/dags/welcome_dag.py for tasks to queue
[2024-02-21T14:16:11.727+0000] {logging_mixin.py:188} INFO - [2024-02-21T14:16:11.727+0000] {dagbag.py:538} INFO - Filling up the DagBag from /opt/airflow/dags/welcome_dag.py
[2024-02-21T14:16:11.759+0000] {processor.py:840} INFO - DAG(s) 'welcome_dag' retrieved from /opt/airflow/dags/welcome_dag.py
[2024-02-21T14:16:11.796+0000] {logging_mixin.py:188} INFO - [2024-02-21T14:16:11.796+0000] {dag.py:3036} INFO - Sync 1 DAGs
[2024-02-21T14:16:11.842+0000] {logging_mixin.py:188} INFO - [2024-02-21T14:16:11.842+0000] {dag.py:3823} INFO - Setting next_dagrun for welcome_dag to 2024-02-20 23:00:00+00:00, run_after=2024-02-21 23:00:00+00:00
[2024-02-21T14:16:12.187+0000] {processor.py:183} INFO - Processing /opt/airflow/dags/welcome_dag.py took 0.466 seconds
[2024-02-21T14:16:43.404+0000] {processor.py:161} INFO - Started process (PID=132) to work on /opt/airflow/dags/welcome_dag.py
[2024-02-21T14:16:43.406+0000] {processor.py:830} INFO - Processing file /opt/airflow/dags/welcome_dag.py for tasks to queue
[2024-02-21T14:16:43.409+0000] {logging_mixin.py:188} INFO - [2024-02-21T14:16:43.408+0000] {dagbag.py:538} INFO - Filling up the DagBag from /opt/airflow/dags/welcome_dag.py
[2024-02-21T14:16:43.458+0000] {processor.py:840} INFO - DAG(s) 'welcome_dag' retrieved from /opt/airflow/dags/welcome_dag.py
[2024-02-21T14:16:43.502+0000] {logging_mixin.py:188} INFO - [2024-02-21T14:16:43.502+0000] {dag.py:3036} INFO - Sync 1 DAGs
[2024-02-21T14:16:43.587+0000] {logging_mixin.py:188} INFO - [2024-02-21T14:16:43.586+0000] {dag.py:3823} INFO - Setting next_dagrun for welcome_dag to 2024-02-20 23:00:00+00:00, run_after=2024-02-21 23:00:00+00:00
[2024-02-21T14:16:43.851+0000] {processor.py:183} INFO - Processing /opt/airflow/dags/welcome_dag.py took 0.453 seconds
[2024-02-21T14:17:14.479+0000] {processor.py:161} INFO - Started process (PID=133) to work on /opt/airflow/dags/welcome_dag.py
[2024-02-21T14:17:14.483+0000] {processor.py:830} INFO - Processing file /opt/airflow/dags/welcome_dag.py for tasks to queue
[2024-02-21T14:17:14.487+0000] {logging_mixin.py:188} INFO - [2024-02-21T14:17:14.485+0000] {dagbag.py:538} INFO - Filling up the DagBag from /opt/airflow/dags/welcome_dag.py
[2024-02-21T14:17:14.552+0000] {processor.py:840} INFO - DAG(s) 'welcome_dag' retrieved from /opt/airflow/dags/welcome_dag.py
[2024-02-21T14:17:14.754+0000] {logging_mixin.py:188} INFO - [2024-02-21T14:17:14.753+0000] {dag.py:3036} INFO - Sync 1 DAGs
[2024-02-21T14:17:14.796+0000] {logging_mixin.py:188} INFO - [2024-02-21T14:17:14.795+0000] {dag.py:3823} INFO - Setting next_dagrun for welcome_dag to 2024-02-20 23:00:00+00:00, run_after=2024-02-21 23:00:00+00:00
[2024-02-21T14:17:15.122+0000] {processor.py:183} INFO - Processing /opt/airflow/dags/welcome_dag.py took 0.658 seconds
[2024-02-21T14:17:46.786+0000] {processor.py:161} INFO - Started process (PID=134) to work on /opt/airflow/dags/welcome_dag.py
[2024-02-21T14:17:46.789+0000] {processor.py:830} INFO - Processing file /opt/airflow/dags/welcome_dag.py for tasks to queue
[2024-02-21T14:17:46.792+0000] {logging_mixin.py:188} INFO - [2024-02-21T14:17:46.791+0000] {dagbag.py:538} INFO - Filling up the DagBag from /opt/airflow/dags/welcome_dag.py
[2024-02-21T14:17:46.867+0000] {processor.py:840} INFO - DAG(s) 'welcome_dag' retrieved from /opt/airflow/dags/welcome_dag.py
[2024-02-21T14:17:46.918+0000] {logging_mixin.py:188} INFO - [2024-02-21T14:17:46.917+0000] {dag.py:3036} INFO - Sync 1 DAGs
[2024-02-21T14:17:46.956+0000] {logging_mixin.py:188} INFO - [2024-02-21T14:17:46.956+0000] {dag.py:3823} INFO - Setting next_dagrun for welcome_dag to 2024-02-20 23:00:00+00:00, run_after=2024-02-21 23:00:00+00:00
[2024-02-21T14:17:47.290+0000] {processor.py:183} INFO - Processing /opt/airflow/dags/welcome_dag.py took 0.516 seconds
[2024-02-21T14:18:17.893+0000] {processor.py:161} INFO - Started process (PID=135) to work on /opt/airflow/dags/welcome_dag.py
[2024-02-21T14:18:17.895+0000] {processor.py:830} INFO - Processing file /opt/airflow/dags/welcome_dag.py for tasks to queue
[2024-02-21T14:18:17.897+0000] {logging_mixin.py:188} INFO - [2024-02-21T14:18:17.896+0000] {dagbag.py:538} INFO - Filling up the DagBag from /opt/airflow/dags/welcome_dag.py
[2024-02-21T14:18:17.939+0000] {processor.py:840} INFO - DAG(s) 'welcome_dag' retrieved from /opt/airflow/dags/welcome_dag.py
[2024-02-21T14:18:17.973+0000] {logging_mixin.py:188} INFO - [2024-02-21T14:18:17.973+0000] {dag.py:3036} INFO - Sync 1 DAGs
[2024-02-21T14:18:18.008+0000] {logging_mixin.py:188} INFO - [2024-02-21T14:18:18.008+0000] {dag.py:3823} INFO - Setting next_dagrun for welcome_dag to 2024-02-20 23:00:00+00:00, run_after=2024-02-21 23:00:00+00:00
[2024-02-21T14:18:18.351+0000] {processor.py:183} INFO - Processing /opt/airflow/dags/welcome_dag.py took 0.464 seconds
[2024-02-21T14:18:48.520+0000] {processor.py:161} INFO - Started process (PID=136) to work on /opt/airflow/dags/welcome_dag.py
[2024-02-21T14:18:48.523+0000] {processor.py:830} INFO - Processing file /opt/airflow/dags/welcome_dag.py for tasks to queue
[2024-02-21T14:18:48.525+0000] {logging_mixin.py:188} INFO - [2024-02-21T14:18:48.525+0000] {dagbag.py:538} INFO - Filling up the DagBag from /opt/airflow/dags/welcome_dag.py
[2024-02-21T14:18:48.601+0000] {processor.py:840} INFO - DAG(s) 'welcome_dag' retrieved from /opt/airflow/dags/welcome_dag.py
[2024-02-21T14:18:48.651+0000] {logging_mixin.py:188} INFO - [2024-02-21T14:18:48.651+0000] {dag.py:3036} INFO - Sync 1 DAGs
[2024-02-21T14:18:48.681+0000] {logging_mixin.py:188} INFO - [2024-02-21T14:18:48.681+0000] {dag.py:3823} INFO - Setting next_dagrun for welcome_dag to 2024-02-20 23:00:00+00:00, run_after=2024-02-21 23:00:00+00:00
[2024-02-21T14:18:49.040+0000] {processor.py:183} INFO - Processing /opt/airflow/dags/welcome_dag.py took 0.526 seconds
[2024-02-21T14:19:19.478+0000] {processor.py:161} INFO - Started process (PID=137) to work on /opt/airflow/dags/welcome_dag.py
[2024-02-21T14:19:19.481+0000] {processor.py:830} INFO - Processing file /opt/airflow/dags/welcome_dag.py for tasks to queue
[2024-02-21T14:19:19.483+0000] {logging_mixin.py:188} INFO - [2024-02-21T14:19:19.483+0000] {dagbag.py:538} INFO - Filling up the DagBag from /opt/airflow/dags/welcome_dag.py
[2024-02-21T14:19:19.521+0000] {processor.py:840} INFO - DAG(s) 'welcome_dag' retrieved from /opt/airflow/dags/welcome_dag.py
[2024-02-21T14:19:19.599+0000] {logging_mixin.py:188} INFO - [2024-02-21T14:19:19.598+0000] {dag.py:3036} INFO - Sync 1 DAGs
[2024-02-21T14:19:19.642+0000] {logging_mixin.py:188} INFO - [2024-02-21T14:19:19.642+0000] {dag.py:3823} INFO - Setting next_dagrun for welcome_dag to 2024-02-20 23:00:00+00:00, run_after=2024-02-21 23:00:00+00:00
[2024-02-21T14:19:19.927+0000] {processor.py:183} INFO - Processing /opt/airflow/dags/welcome_dag.py took 0.460 seconds
[2024-02-21T14:19:50.780+0000] {processor.py:161} INFO - Started process (PID=138) to work on /opt/airflow/dags/welcome_dag.py
[2024-02-21T14:19:50.783+0000] {processor.py:830} INFO - Processing file /opt/airflow/dags/welcome_dag.py for tasks to queue
[2024-02-21T14:19:50.786+0000] {logging_mixin.py:188} INFO - [2024-02-21T14:19:50.785+0000] {dagbag.py:538} INFO - Filling up the DagBag from /opt/airflow/dags/welcome_dag.py
[2024-02-21T14:19:50.863+0000] {processor.py:840} INFO - DAG(s) 'welcome_dag' retrieved from /opt/airflow/dags/welcome_dag.py
[2024-02-21T14:19:50.901+0000] {logging_mixin.py:188} INFO - [2024-02-21T14:19:50.901+0000] {dag.py:3036} INFO - Sync 1 DAGs
[2024-02-21T14:19:50.932+0000] {logging_mixin.py:188} INFO - [2024-02-21T14:19:50.931+0000] {dag.py:3823} INFO - Setting next_dagrun for welcome_dag to 2024-02-20 23:00:00+00:00, run_after=2024-02-21 23:00:00+00:00
[2024-02-21T14:19:51.210+0000] {processor.py:183} INFO - Processing /opt/airflow/dags/welcome_dag.py took 0.438 seconds
[2024-02-21T14:20:21.360+0000] {processor.py:161} INFO - Started process (PID=139) to work on /opt/airflow/dags/welcome_dag.py
[2024-02-21T14:20:21.363+0000] {processor.py:830} INFO - Processing file /opt/airflow/dags/welcome_dag.py for tasks to queue
[2024-02-21T14:20:21.366+0000] {logging_mixin.py:188} INFO - [2024-02-21T14:20:21.365+0000] {dagbag.py:538} INFO - Filling up the DagBag from /opt/airflow/dags/welcome_dag.py
[2024-02-21T14:20:21.445+0000] {processor.py:840} INFO - DAG(s) 'welcome_dag' retrieved from /opt/airflow/dags/welcome_dag.py
[2024-02-21T14:20:21.501+0000] {logging_mixin.py:188} INFO - [2024-02-21T14:20:21.501+0000] {dag.py:3036} INFO - Sync 1 DAGs
[2024-02-21T14:20:21.528+0000] {logging_mixin.py:188} INFO - [2024-02-21T14:20:21.528+0000] {dag.py:3823} INFO - Setting next_dagrun for welcome_dag to 2024-02-20 23:00:00+00:00, run_after=2024-02-21 23:00:00+00:00
[2024-02-21T14:20:21.889+0000] {processor.py:183} INFO - Processing /opt/airflow/dags/welcome_dag.py took 0.536 seconds
[2024-02-21T14:20:52.703+0000] {processor.py:161} INFO - Started process (PID=140) to work on /opt/airflow/dags/welcome_dag.py
[2024-02-21T14:20:52.708+0000] {processor.py:830} INFO - Processing file /opt/airflow/dags/welcome_dag.py for tasks to queue
[2024-02-21T14:20:52.713+0000] {logging_mixin.py:188} INFO - [2024-02-21T14:20:52.711+0000] {dagbag.py:538} INFO - Filling up the DagBag from /opt/airflow/dags/welcome_dag.py
[2024-02-21T14:20:52.819+0000] {processor.py:840} INFO - DAG(s) 'welcome_dag' retrieved from /opt/airflow/dags/welcome_dag.py
[2024-02-21T14:20:52.908+0000] {logging_mixin.py:188} INFO - [2024-02-21T14:20:52.908+0000] {dag.py:3036} INFO - Sync 1 DAGs
[2024-02-21T14:20:52.953+0000] {logging_mixin.py:188} INFO - [2024-02-21T14:20:52.953+0000] {dag.py:3823} INFO - Setting next_dagrun for welcome_dag to 2024-02-20 23:00:00+00:00, run_after=2024-02-21 23:00:00+00:00
[2024-02-21T14:20:53.288+0000] {processor.py:183} INFO - Processing /opt/airflow/dags/welcome_dag.py took 0.614 seconds
[2024-02-21T14:21:24.065+0000] {processor.py:161} INFO - Started process (PID=141) to work on /opt/airflow/dags/welcome_dag.py
[2024-02-21T14:21:24.069+0000] {processor.py:830} INFO - Processing file /opt/airflow/dags/welcome_dag.py for tasks to queue
[2024-02-21T14:21:24.072+0000] {logging_mixin.py:188} INFO - [2024-02-21T14:21:24.071+0000] {dagbag.py:538} INFO - Filling up the DagBag from /opt/airflow/dags/welcome_dag.py
[2024-02-21T14:21:24.127+0000] {processor.py:840} INFO - DAG(s) 'welcome_dag' retrieved from /opt/airflow/dags/welcome_dag.py
[2024-02-21T14:21:24.184+0000] {logging_mixin.py:188} INFO - [2024-02-21T14:21:24.183+0000] {dag.py:3036} INFO - Sync 1 DAGs
[2024-02-21T14:21:24.218+0000] {logging_mixin.py:188} INFO - [2024-02-21T14:21:24.218+0000] {dag.py:3823} INFO - Setting next_dagrun for welcome_dag to 2024-02-20 23:00:00+00:00, run_after=2024-02-21 23:00:00+00:00
[2024-02-21T14:21:24.586+0000] {processor.py:183} INFO - Processing /opt/airflow/dags/welcome_dag.py took 0.533 seconds
[2024-02-21T14:21:55.166+0000] {processor.py:161} INFO - Started process (PID=142) to work on /opt/airflow/dags/welcome_dag.py
[2024-02-21T14:21:55.169+0000] {processor.py:830} INFO - Processing file /opt/airflow/dags/welcome_dag.py for tasks to queue
[2024-02-21T14:21:55.171+0000] {logging_mixin.py:188} INFO - [2024-02-21T14:21:55.170+0000] {dagbag.py:538} INFO - Filling up the DagBag from /opt/airflow/dags/welcome_dag.py
[2024-02-21T14:21:55.232+0000] {processor.py:840} INFO - DAG(s) 'welcome_dag' retrieved from /opt/airflow/dags/welcome_dag.py
[2024-02-21T14:21:55.282+0000] {logging_mixin.py:188} INFO - [2024-02-21T14:21:55.282+0000] {dag.py:3036} INFO - Sync 1 DAGs
[2024-02-21T14:21:55.356+0000] {logging_mixin.py:188} INFO - [2024-02-21T14:21:55.356+0000] {dag.py:3823} INFO - Setting next_dagrun for welcome_dag to 2024-02-20 23:00:00+00:00, run_after=2024-02-21 23:00:00+00:00
[2024-02-21T14:21:55.722+0000] {processor.py:183} INFO - Processing /opt/airflow/dags/welcome_dag.py took 0.567 seconds
[2024-02-21T14:22:26.503+0000] {processor.py:161} INFO - Started process (PID=143) to work on /opt/airflow/dags/welcome_dag.py
[2024-02-21T14:22:26.505+0000] {processor.py:830} INFO - Processing file /opt/airflow/dags/welcome_dag.py for tasks to queue
[2024-02-21T14:22:26.508+0000] {logging_mixin.py:188} INFO - [2024-02-21T14:22:26.507+0000] {dagbag.py:538} INFO - Filling up the DagBag from /opt/airflow/dags/welcome_dag.py
[2024-02-21T14:22:26.578+0000] {processor.py:840} INFO - DAG(s) 'welcome_dag' retrieved from /opt/airflow/dags/welcome_dag.py
[2024-02-21T14:22:26.642+0000] {logging_mixin.py:188} INFO - [2024-02-21T14:22:26.641+0000] {dag.py:3036} INFO - Sync 1 DAGs
[2024-02-21T14:22:26.711+0000] {logging_mixin.py:188} INFO - [2024-02-21T14:22:26.710+0000] {dag.py:3823} INFO - Setting next_dagrun for welcome_dag to 2024-02-20 23:00:00+00:00, run_after=2024-02-21 23:00:00+00:00
[2024-02-21T14:22:27.027+0000] {processor.py:183} INFO - Processing /opt/airflow/dags/welcome_dag.py took 0.531 seconds
[2024-02-21T14:22:57.622+0000] {processor.py:161} INFO - Started process (PID=144) to work on /opt/airflow/dags/welcome_dag.py
[2024-02-21T14:22:57.625+0000] {processor.py:830} INFO - Processing file /opt/airflow/dags/welcome_dag.py for tasks to queue
[2024-02-21T14:22:57.628+0000] {logging_mixin.py:188} INFO - [2024-02-21T14:22:57.627+0000] {dagbag.py:538} INFO - Filling up the DagBag from /opt/airflow/dags/welcome_dag.py
[2024-02-21T14:22:57.661+0000] {processor.py:840} INFO - DAG(s) 'welcome_dag' retrieved from /opt/airflow/dags/welcome_dag.py
[2024-02-21T14:22:57.696+0000] {logging_mixin.py:188} INFO - [2024-02-21T14:22:57.695+0000] {dag.py:3036} INFO - Sync 1 DAGs
[2024-02-21T14:22:57.730+0000] {logging_mixin.py:188} INFO - [2024-02-21T14:22:57.730+0000] {dag.py:3823} INFO - Setting next_dagrun for welcome_dag to 2024-02-20 23:00:00+00:00, run_after=2024-02-21 23:00:00+00:00
[2024-02-21T14:22:58.020+0000] {processor.py:183} INFO - Processing /opt/airflow/dags/welcome_dag.py took 0.408 seconds
[2024-02-21T17:07:47.127+0000] {processor.py:161} INFO - Started process (PID=153) to work on /opt/airflow/dags/welcome_dag.py
[2024-02-21T17:07:47.138+0000] {processor.py:830} INFO - Processing file /opt/airflow/dags/welcome_dag.py for tasks to queue
[2024-02-21T17:07:47.141+0000] {logging_mixin.py:188} INFO - [2024-02-21T17:07:47.140+0000] {dagbag.py:538} INFO - Filling up the DagBag from /opt/airflow/dags/welcome_dag.py
[2024-02-21T17:07:47.237+0000] {processor.py:840} INFO - DAG(s) 'welcome_dag' retrieved from /opt/airflow/dags/welcome_dag.py
[2024-02-21T17:07:48.450+0000] {logging_mixin.py:188} INFO - [2024-02-21T17:07:48.449+0000] {dag.py:3036} INFO - Sync 1 DAGs
[2024-02-21T17:07:48.638+0000] {logging_mixin.py:188} INFO - [2024-02-21T17:07:48.637+0000] {dag.py:3823} INFO - Setting next_dagrun for welcome_dag to 2024-02-20 23:00:00+00:00, run_after=2024-02-21 23:00:00+00:00
[2024-02-21T17:07:48.921+0000] {processor.py:183} INFO - Processing /opt/airflow/dags/welcome_dag.py took 1.802 seconds
[2024-02-21T17:08:19.448+0000] {processor.py:161} INFO - Started process (PID=154) to work on /opt/airflow/dags/welcome_dag.py
[2024-02-21T17:08:19.466+0000] {processor.py:830} INFO - Processing file /opt/airflow/dags/welcome_dag.py for tasks to queue
[2024-02-21T17:08:19.468+0000] {logging_mixin.py:188} INFO - [2024-02-21T17:08:19.467+0000] {dagbag.py:538} INFO - Filling up the DagBag from /opt/airflow/dags/welcome_dag.py
[2024-02-21T17:08:19.510+0000] {processor.py:840} INFO - DAG(s) 'welcome_dag' retrieved from /opt/airflow/dags/welcome_dag.py
[2024-02-21T17:08:19.590+0000] {logging_mixin.py:188} INFO - [2024-02-21T17:08:19.589+0000] {dag.py:3036} INFO - Sync 1 DAGs
[2024-02-21T17:08:19.656+0000] {logging_mixin.py:188} INFO - [2024-02-21T17:08:19.656+0000] {dag.py:3823} INFO - Setting next_dagrun for welcome_dag to 2024-02-20 23:00:00+00:00, run_after=2024-02-21 23:00:00+00:00
[2024-02-21T17:08:19.849+0000] {processor.py:183} INFO - Processing /opt/airflow/dags/welcome_dag.py took 0.438 seconds
[2024-02-21T17:08:50.184+0000] {processor.py:161} INFO - Started process (PID=155) to work on /opt/airflow/dags/welcome_dag.py
[2024-02-21T17:08:50.187+0000] {processor.py:830} INFO - Processing file /opt/airflow/dags/welcome_dag.py for tasks to queue
[2024-02-21T17:08:50.188+0000] {logging_mixin.py:188} INFO - [2024-02-21T17:08:50.188+0000] {dagbag.py:538} INFO - Filling up the DagBag from /opt/airflow/dags/welcome_dag.py
[2024-02-21T17:08:50.333+0000] {processor.py:840} INFO - DAG(s) 'welcome_dag' retrieved from /opt/airflow/dags/welcome_dag.py
[2024-02-21T17:08:50.441+0000] {logging_mixin.py:188} INFO - [2024-02-21T17:08:50.440+0000] {dag.py:3036} INFO - Sync 1 DAGs
[2024-02-21T17:08:50.565+0000] {logging_mixin.py:188} INFO - [2024-02-21T17:08:50.565+0000] {dag.py:3823} INFO - Setting next_dagrun for welcome_dag to 2024-02-20 23:00:00+00:00, run_after=2024-02-21 23:00:00+00:00
[2024-02-21T17:08:50.858+0000] {processor.py:183} INFO - Processing /opt/airflow/dags/welcome_dag.py took 0.687 seconds
[2024-02-21T17:09:21.250+0000] {processor.py:161} INFO - Started process (PID=156) to work on /opt/airflow/dags/welcome_dag.py
[2024-02-21T17:09:21.254+0000] {processor.py:830} INFO - Processing file /opt/airflow/dags/welcome_dag.py for tasks to queue
[2024-02-21T17:09:21.258+0000] {logging_mixin.py:188} INFO - [2024-02-21T17:09:21.257+0000] {dagbag.py:538} INFO - Filling up the DagBag from /opt/airflow/dags/welcome_dag.py
[2024-02-21T17:09:21.347+0000] {processor.py:840} INFO - DAG(s) 'welcome_dag' retrieved from /opt/airflow/dags/welcome_dag.py
[2024-02-21T17:09:21.404+0000] {logging_mixin.py:188} INFO - [2024-02-21T17:09:21.404+0000] {dag.py:3036} INFO - Sync 1 DAGs
[2024-02-21T17:09:21.454+0000] {logging_mixin.py:188} INFO - [2024-02-21T17:09:21.454+0000] {dag.py:3823} INFO - Setting next_dagrun for welcome_dag to 2024-02-20 23:00:00+00:00, run_after=2024-02-21 23:00:00+00:00
[2024-02-21T17:09:21.716+0000] {processor.py:183} INFO - Processing /opt/airflow/dags/welcome_dag.py took 0.482 seconds
[2024-02-21T17:09:52.202+0000] {processor.py:161} INFO - Started process (PID=157) to work on /opt/airflow/dags/welcome_dag.py
[2024-02-21T17:09:52.208+0000] {processor.py:830} INFO - Processing file /opt/airflow/dags/welcome_dag.py for tasks to queue
[2024-02-21T17:09:52.213+0000] {logging_mixin.py:188} INFO - [2024-02-21T17:09:52.211+0000] {dagbag.py:538} INFO - Filling up the DagBag from /opt/airflow/dags/welcome_dag.py
[2024-02-21T17:09:52.272+0000] {processor.py:840} INFO - DAG(s) 'welcome_dag' retrieved from /opt/airflow/dags/welcome_dag.py
[2024-02-21T17:09:52.309+0000] {logging_mixin.py:188} INFO - [2024-02-21T17:09:52.308+0000] {dag.py:3036} INFO - Sync 1 DAGs
[2024-02-21T17:09:52.342+0000] {logging_mixin.py:188} INFO - [2024-02-21T17:09:52.341+0000] {dag.py:3823} INFO - Setting next_dagrun for welcome_dag to 2024-02-20 23:00:00+00:00, run_after=2024-02-21 23:00:00+00:00
[2024-02-21T17:09:52.705+0000] {processor.py:183} INFO - Processing /opt/airflow/dags/welcome_dag.py took 0.522 seconds
[2024-02-21T17:10:23.431+0000] {processor.py:161} INFO - Started process (PID=158) to work on /opt/airflow/dags/welcome_dag.py
[2024-02-21T17:10:23.435+0000] {processor.py:830} INFO - Processing file /opt/airflow/dags/welcome_dag.py for tasks to queue
[2024-02-21T17:10:23.440+0000] {logging_mixin.py:188} INFO - [2024-02-21T17:10:23.439+0000] {dagbag.py:538} INFO - Filling up the DagBag from /opt/airflow/dags/welcome_dag.py
[2024-02-21T17:10:23.543+0000] {processor.py:840} INFO - DAG(s) 'welcome_dag' retrieved from /opt/airflow/dags/welcome_dag.py
[2024-02-21T17:10:23.662+0000] {logging_mixin.py:188} INFO - [2024-02-21T17:10:23.662+0000] {dag.py:3036} INFO - Sync 1 DAGs
[2024-02-21T17:10:23.713+0000] {logging_mixin.py:188} INFO - [2024-02-21T17:10:23.713+0000] {dag.py:3823} INFO - Setting next_dagrun for welcome_dag to 2024-02-20 23:00:00+00:00, run_after=2024-02-21 23:00:00+00:00
[2024-02-21T17:10:24.154+0000] {processor.py:183} INFO - Processing /opt/airflow/dags/welcome_dag.py took 0.736 seconds
[2024-02-21T17:10:54.387+0000] {processor.py:161} INFO - Started process (PID=159) to work on /opt/airflow/dags/welcome_dag.py
[2024-02-21T17:10:54.389+0000] {processor.py:830} INFO - Processing file /opt/airflow/dags/welcome_dag.py for tasks to queue
[2024-02-21T17:10:54.392+0000] {logging_mixin.py:188} INFO - [2024-02-21T17:10:54.391+0000] {dagbag.py:538} INFO - Filling up the DagBag from /opt/airflow/dags/welcome_dag.py
[2024-02-21T17:10:54.449+0000] {processor.py:840} INFO - DAG(s) 'welcome_dag' retrieved from /opt/airflow/dags/welcome_dag.py
[2024-02-21T17:10:54.492+0000] {logging_mixin.py:188} INFO - [2024-02-21T17:10:54.491+0000] {dag.py:3036} INFO - Sync 1 DAGs
[2024-02-21T17:10:54.547+0000] {logging_mixin.py:188} INFO - [2024-02-21T17:10:54.546+0000] {dag.py:3823} INFO - Setting next_dagrun for welcome_dag to 2024-02-20 23:00:00+00:00, run_after=2024-02-21 23:00:00+00:00
[2024-02-21T17:10:54.907+0000] {processor.py:183} INFO - Processing /opt/airflow/dags/welcome_dag.py took 0.527 seconds
[2024-02-21T17:11:25.531+0000] {processor.py:161} INFO - Started process (PID=160) to work on /opt/airflow/dags/welcome_dag.py
[2024-02-21T17:11:25.533+0000] {processor.py:830} INFO - Processing file /opt/airflow/dags/welcome_dag.py for tasks to queue
[2024-02-21T17:11:25.534+0000] {logging_mixin.py:188} INFO - [2024-02-21T17:11:25.534+0000] {dagbag.py:538} INFO - Filling up the DagBag from /opt/airflow/dags/welcome_dag.py
[2024-02-21T17:11:25.568+0000] {processor.py:840} INFO - DAG(s) 'welcome_dag' retrieved from /opt/airflow/dags/welcome_dag.py
[2024-02-21T17:11:25.610+0000] {logging_mixin.py:188} INFO - [2024-02-21T17:11:25.609+0000] {dag.py:3036} INFO - Sync 1 DAGs
[2024-02-21T17:11:25.661+0000] {logging_mixin.py:188} INFO - [2024-02-21T17:11:25.660+0000] {dag.py:3823} INFO - Setting next_dagrun for welcome_dag to 2024-02-20 23:00:00+00:00, run_after=2024-02-21 23:00:00+00:00
[2024-02-21T17:11:25.979+0000] {processor.py:183} INFO - Processing /opt/airflow/dags/welcome_dag.py took 0.465 seconds
[2024-02-21T17:11:56.852+0000] {processor.py:161} INFO - Started process (PID=161) to work on /opt/airflow/dags/welcome_dag.py
[2024-02-21T17:11:56.854+0000] {processor.py:830} INFO - Processing file /opt/airflow/dags/welcome_dag.py for tasks to queue
[2024-02-21T17:11:56.855+0000] {logging_mixin.py:188} INFO - [2024-02-21T17:11:56.854+0000] {dagbag.py:538} INFO - Filling up the DagBag from /opt/airflow/dags/welcome_dag.py
[2024-02-21T17:11:56.882+0000] {processor.py:840} INFO - DAG(s) 'welcome_dag' retrieved from /opt/airflow/dags/welcome_dag.py
[2024-02-21T17:11:56.990+0000] {logging_mixin.py:188} INFO - [2024-02-21T17:11:56.989+0000] {dag.py:3036} INFO - Sync 1 DAGs
[2024-02-21T17:11:57.109+0000] {logging_mixin.py:188} INFO - [2024-02-21T17:11:57.109+0000] {dag.py:3823} INFO - Setting next_dagrun for welcome_dag to 2024-02-20 23:00:00+00:00, run_after=2024-02-21 23:00:00+00:00
[2024-02-21T17:11:57.424+0000] {processor.py:183} INFO - Processing /opt/airflow/dags/welcome_dag.py took 0.575 seconds
[2024-02-21T17:12:28.060+0000] {processor.py:161} INFO - Started process (PID=162) to work on /opt/airflow/dags/welcome_dag.py
[2024-02-21T17:12:28.064+0000] {processor.py:830} INFO - Processing file /opt/airflow/dags/welcome_dag.py for tasks to queue
[2024-02-21T17:12:28.069+0000] {logging_mixin.py:188} INFO - [2024-02-21T17:12:28.067+0000] {dagbag.py:538} INFO - Filling up the DagBag from /opt/airflow/dags/welcome_dag.py
[2024-02-21T17:12:28.144+0000] {processor.py:840} INFO - DAG(s) 'welcome_dag' retrieved from /opt/airflow/dags/welcome_dag.py
[2024-02-21T17:12:28.192+0000] {logging_mixin.py:188} INFO - [2024-02-21T17:12:28.191+0000] {dag.py:3036} INFO - Sync 1 DAGs
[2024-02-21T17:12:28.233+0000] {logging_mixin.py:188} INFO - [2024-02-21T17:12:28.232+0000] {dag.py:3823} INFO - Setting next_dagrun for welcome_dag to 2024-02-20 23:00:00+00:00, run_after=2024-02-21 23:00:00+00:00
[2024-02-21T17:12:28.606+0000] {processor.py:183} INFO - Processing /opt/airflow/dags/welcome_dag.py took 0.559 seconds
[2024-02-21T17:12:58.924+0000] {processor.py:161} INFO - Started process (PID=163) to work on /opt/airflow/dags/welcome_dag.py
[2024-02-21T17:12:58.925+0000] {processor.py:830} INFO - Processing file /opt/airflow/dags/welcome_dag.py for tasks to queue
[2024-02-21T17:12:58.926+0000] {logging_mixin.py:188} INFO - [2024-02-21T17:12:58.926+0000] {dagbag.py:538} INFO - Filling up the DagBag from /opt/airflow/dags/welcome_dag.py
[2024-02-21T17:12:58.961+0000] {processor.py:840} INFO - DAG(s) 'welcome_dag' retrieved from /opt/airflow/dags/welcome_dag.py
[2024-02-21T17:12:58.996+0000] {logging_mixin.py:188} INFO - [2024-02-21T17:12:58.996+0000] {dag.py:3036} INFO - Sync 1 DAGs
[2024-02-21T17:12:59.026+0000] {logging_mixin.py:188} INFO - [2024-02-21T17:12:59.026+0000] {dag.py:3823} INFO - Setting next_dagrun for welcome_dag to 2024-02-20 23:00:00+00:00, run_after=2024-02-21 23:00:00+00:00
[2024-02-21T17:12:59.522+0000] {processor.py:183} INFO - Processing /opt/airflow/dags/welcome_dag.py took 0.601 seconds
[2024-02-21T17:13:30.236+0000] {processor.py:161} INFO - Started process (PID=164) to work on /opt/airflow/dags/welcome_dag.py
[2024-02-21T17:13:30.238+0000] {processor.py:830} INFO - Processing file /opt/airflow/dags/welcome_dag.py for tasks to queue
[2024-02-21T17:13:30.239+0000] {logging_mixin.py:188} INFO - [2024-02-21T17:13:30.238+0000] {dagbag.py:538} INFO - Filling up the DagBag from /opt/airflow/dags/welcome_dag.py
[2024-02-21T17:13:30.269+0000] {processor.py:840} INFO - DAG(s) 'welcome_dag' retrieved from /opt/airflow/dags/welcome_dag.py
[2024-02-21T17:13:30.303+0000] {logging_mixin.py:188} INFO - [2024-02-21T17:13:30.303+0000] {dag.py:3036} INFO - Sync 1 DAGs
[2024-02-21T17:13:30.333+0000] {logging_mixin.py:188} INFO - [2024-02-21T17:13:30.333+0000] {dag.py:3823} INFO - Setting next_dagrun for welcome_dag to 2024-02-20 23:00:00+00:00, run_after=2024-02-21 23:00:00+00:00
[2024-02-21T17:13:30.662+0000] {processor.py:183} INFO - Processing /opt/airflow/dags/welcome_dag.py took 0.429 seconds
[2024-02-21T17:14:01.018+0000] {processor.py:161} INFO - Started process (PID=165) to work on /opt/airflow/dags/welcome_dag.py
[2024-02-21T17:14:01.021+0000] {processor.py:830} INFO - Processing file /opt/airflow/dags/welcome_dag.py for tasks to queue
[2024-02-21T17:14:01.023+0000] {logging_mixin.py:188} INFO - [2024-02-21T17:14:01.023+0000] {dagbag.py:538} INFO - Filling up the DagBag from /opt/airflow/dags/welcome_dag.py
[2024-02-21T17:14:01.102+0000] {processor.py:840} INFO - DAG(s) 'welcome_dag' retrieved from /opt/airflow/dags/welcome_dag.py
[2024-02-21T17:14:01.177+0000] {logging_mixin.py:188} INFO - [2024-02-21T17:14:01.177+0000] {dag.py:3036} INFO - Sync 1 DAGs
[2024-02-21T17:14:01.232+0000] {logging_mixin.py:188} INFO - [2024-02-21T17:14:01.231+0000] {dag.py:3823} INFO - Setting next_dagrun for welcome_dag to 2024-02-20 23:00:00+00:00, run_after=2024-02-21 23:00:00+00:00
[2024-02-21T17:14:01.563+0000] {processor.py:183} INFO - Processing /opt/airflow/dags/welcome_dag.py took 0.553 seconds
[2024-02-21T17:14:32.259+0000] {processor.py:161} INFO - Started process (PID=166) to work on /opt/airflow/dags/welcome_dag.py
[2024-02-21T17:14:32.262+0000] {processor.py:830} INFO - Processing file /opt/airflow/dags/welcome_dag.py for tasks to queue
[2024-02-21T17:14:32.264+0000] {logging_mixin.py:188} INFO - [2024-02-21T17:14:32.263+0000] {dagbag.py:538} INFO - Filling up the DagBag from /opt/airflow/dags/welcome_dag.py
[2024-02-21T17:14:32.310+0000] {processor.py:840} INFO - DAG(s) 'welcome_dag' retrieved from /opt/airflow/dags/welcome_dag.py
[2024-02-21T17:14:32.347+0000] {logging_mixin.py:188} INFO - [2024-02-21T17:14:32.347+0000] {dag.py:3036} INFO - Sync 1 DAGs
[2024-02-21T17:14:32.375+0000] {logging_mixin.py:188} INFO - [2024-02-21T17:14:32.374+0000] {dag.py:3823} INFO - Setting next_dagrun for welcome_dag to 2024-02-20 23:00:00+00:00, run_after=2024-02-21 23:00:00+00:00
[2024-02-21T17:14:32.729+0000] {processor.py:183} INFO - Processing /opt/airflow/dags/welcome_dag.py took 0.479 seconds
[2024-02-21T17:15:02.989+0000] {processor.py:161} INFO - Started process (PID=167) to work on /opt/airflow/dags/welcome_dag.py
[2024-02-21T17:15:02.992+0000] {processor.py:830} INFO - Processing file /opt/airflow/dags/welcome_dag.py for tasks to queue
[2024-02-21T17:15:02.995+0000] {logging_mixin.py:188} INFO - [2024-02-21T17:15:02.995+0000] {dagbag.py:538} INFO - Filling up the DagBag from /opt/airflow/dags/welcome_dag.py
[2024-02-21T17:15:03.037+0000] {processor.py:840} INFO - DAG(s) 'welcome_dag' retrieved from /opt/airflow/dags/welcome_dag.py
[2024-02-21T17:15:03.073+0000] {logging_mixin.py:188} INFO - [2024-02-21T17:15:03.073+0000] {dag.py:3036} INFO - Sync 1 DAGs
[2024-02-21T17:15:03.106+0000] {logging_mixin.py:188} INFO - [2024-02-21T17:15:03.106+0000] {dag.py:3823} INFO - Setting next_dagrun for welcome_dag to 2024-02-20 23:00:00+00:00, run_after=2024-02-21 23:00:00+00:00
[2024-02-21T17:15:03.489+0000] {processor.py:183} INFO - Processing /opt/airflow/dags/welcome_dag.py took 0.511 seconds
[2024-02-21T17:15:34.178+0000] {processor.py:161} INFO - Started process (PID=168) to work on /opt/airflow/dags/welcome_dag.py
[2024-02-21T17:15:34.181+0000] {processor.py:830} INFO - Processing file /opt/airflow/dags/welcome_dag.py for tasks to queue
[2024-02-21T17:15:34.183+0000] {logging_mixin.py:188} INFO - [2024-02-21T17:15:34.182+0000] {dagbag.py:538} INFO - Filling up the DagBag from /opt/airflow/dags/welcome_dag.py
[2024-02-21T17:15:34.256+0000] {processor.py:840} INFO - DAG(s) 'welcome_dag' retrieved from /opt/airflow/dags/welcome_dag.py
[2024-02-21T17:15:34.295+0000] {logging_mixin.py:188} INFO - [2024-02-21T17:15:34.295+0000] {dag.py:3036} INFO - Sync 1 DAGs
[2024-02-21T17:15:34.335+0000] {logging_mixin.py:188} INFO - [2024-02-21T17:15:34.334+0000] {dag.py:3823} INFO - Setting next_dagrun for welcome_dag to 2024-02-20 23:00:00+00:00, run_after=2024-02-21 23:00:00+00:00
[2024-02-21T17:15:34.520+0000] {processor.py:183} INFO - Processing /opt/airflow/dags/welcome_dag.py took 0.349 seconds
[2024-02-21T17:16:05.395+0000] {processor.py:161} INFO - Started process (PID=169) to work on /opt/airflow/dags/welcome_dag.py
[2024-02-21T17:16:05.398+0000] {processor.py:830} INFO - Processing file /opt/airflow/dags/welcome_dag.py for tasks to queue
[2024-02-21T17:16:05.401+0000] {logging_mixin.py:188} INFO - [2024-02-21T17:16:05.400+0000] {dagbag.py:538} INFO - Filling up the DagBag from /opt/airflow/dags/welcome_dag.py
[2024-02-21T17:16:05.440+0000] {processor.py:840} INFO - DAG(s) 'welcome_dag' retrieved from /opt/airflow/dags/welcome_dag.py
[2024-02-21T17:16:05.478+0000] {logging_mixin.py:188} INFO - [2024-02-21T17:16:05.478+0000] {dag.py:3036} INFO - Sync 1 DAGs
[2024-02-21T17:16:05.528+0000] {logging_mixin.py:188} INFO - [2024-02-21T17:16:05.528+0000] {dag.py:3823} INFO - Setting next_dagrun for welcome_dag to 2024-02-20 23:00:00+00:00, run_after=2024-02-21 23:00:00+00:00
[2024-02-21T17:16:05.803+0000] {processor.py:183} INFO - Processing /opt/airflow/dags/welcome_dag.py took 0.420 seconds
[2024-02-21T17:16:36.487+0000] {processor.py:161} INFO - Started process (PID=170) to work on /opt/airflow/dags/welcome_dag.py
[2024-02-21T17:16:36.490+0000] {processor.py:830} INFO - Processing file /opt/airflow/dags/welcome_dag.py for tasks to queue
[2024-02-21T17:16:36.493+0000] {logging_mixin.py:188} INFO - [2024-02-21T17:16:36.492+0000] {dagbag.py:538} INFO - Filling up the DagBag from /opt/airflow/dags/welcome_dag.py
[2024-02-21T17:16:36.545+0000] {processor.py:840} INFO - DAG(s) 'welcome_dag' retrieved from /opt/airflow/dags/welcome_dag.py
[2024-02-21T17:16:36.601+0000] {logging_mixin.py:188} INFO - [2024-02-21T17:16:36.600+0000] {dag.py:3036} INFO - Sync 1 DAGs
[2024-02-21T17:16:36.639+0000] {logging_mixin.py:188} INFO - [2024-02-21T17:16:36.639+0000] {dag.py:3823} INFO - Setting next_dagrun for welcome_dag to 2024-02-20 23:00:00+00:00, run_after=2024-02-21 23:00:00+00:00
[2024-02-21T17:16:36.947+0000] {processor.py:183} INFO - Processing /opt/airflow/dags/welcome_dag.py took 0.470 seconds
[2024-02-21T17:17:07.390+0000] {processor.py:161} INFO - Started process (PID=171) to work on /opt/airflow/dags/welcome_dag.py
[2024-02-21T17:17:07.392+0000] {processor.py:830} INFO - Processing file /opt/airflow/dags/welcome_dag.py for tasks to queue
[2024-02-21T17:17:07.394+0000] {logging_mixin.py:188} INFO - [2024-02-21T17:17:07.393+0000] {dagbag.py:538} INFO - Filling up the DagBag from /opt/airflow/dags/welcome_dag.py
[2024-02-21T17:17:07.446+0000] {processor.py:840} INFO - DAG(s) 'welcome_dag' retrieved from /opt/airflow/dags/welcome_dag.py
[2024-02-21T17:17:07.510+0000] {logging_mixin.py:188} INFO - [2024-02-21T17:17:07.509+0000] {dag.py:3036} INFO - Sync 1 DAGs
[2024-02-21T17:17:07.568+0000] {logging_mixin.py:188} INFO - [2024-02-21T17:17:07.567+0000] {dag.py:3823} INFO - Setting next_dagrun for welcome_dag to 2024-02-20 23:00:00+00:00, run_after=2024-02-21 23:00:00+00:00
[2024-02-21T17:17:09.061+0000] {processor.py:183} INFO - Processing /opt/airflow/dags/welcome_dag.py took 0.562 seconds
[2024-02-21T17:17:40.017+0000] {processor.py:161} INFO - Started process (PID=172) to work on /opt/airflow/dags/welcome_dag.py
[2024-02-21T17:17:40.019+0000] {processor.py:830} INFO - Processing file /opt/airflow/dags/welcome_dag.py for tasks to queue
[2024-02-21T17:17:40.022+0000] {logging_mixin.py:188} INFO - [2024-02-21T17:17:40.022+0000] {dagbag.py:538} INFO - Filling up the DagBag from /opt/airflow/dags/welcome_dag.py
[2024-02-21T17:17:40.113+0000] {processor.py:840} INFO - DAG(s) 'welcome_dag' retrieved from /opt/airflow/dags/welcome_dag.py
[2024-02-21T17:17:40.195+0000] {logging_mixin.py:188} INFO - [2024-02-21T17:17:40.195+0000] {dag.py:3036} INFO - Sync 1 DAGs
[2024-02-21T17:17:40.295+0000] {logging_mixin.py:188} INFO - [2024-02-21T17:17:40.295+0000] {dag.py:3823} INFO - Setting next_dagrun for welcome_dag to 2024-02-20 23:00:00+00:00, run_after=2024-02-21 23:00:00+00:00
[2024-02-21T17:17:40.743+0000] {processor.py:183} INFO - Processing /opt/airflow/dags/welcome_dag.py took 0.734 seconds
[2024-02-21T17:18:10.939+0000] {processor.py:161} INFO - Started process (PID=173) to work on /opt/airflow/dags/welcome_dag.py
[2024-02-21T17:18:10.941+0000] {processor.py:830} INFO - Processing file /opt/airflow/dags/welcome_dag.py for tasks to queue
[2024-02-21T17:18:10.942+0000] {logging_mixin.py:188} INFO - [2024-02-21T17:18:10.942+0000] {dagbag.py:538} INFO - Filling up the DagBag from /opt/airflow/dags/welcome_dag.py
[2024-02-21T17:18:10.975+0000] {processor.py:840} INFO - DAG(s) 'welcome_dag' retrieved from /opt/airflow/dags/welcome_dag.py
[2024-02-21T17:18:11.010+0000] {logging_mixin.py:188} INFO - [2024-02-21T17:18:11.010+0000] {dag.py:3036} INFO - Sync 1 DAGs
[2024-02-21T17:18:11.041+0000] {logging_mixin.py:188} INFO - [2024-02-21T17:18:11.041+0000] {dag.py:3823} INFO - Setting next_dagrun for welcome_dag to 2024-02-20 23:00:00+00:00, run_after=2024-02-21 23:00:00+00:00
[2024-02-21T17:18:11.289+0000] {processor.py:183} INFO - Processing /opt/airflow/dags/welcome_dag.py took 0.353 seconds
