[2024-02-28T12:28:59.211+0000] {taskinstance.py:1979} INFO - Dependencies all met for dep_context=non-requeueable deps ti=<TaskInstance: AIRLINES_ETL_PIPELINE.blob_to_snowflake_stg manual__2024-02-28T12:28:47.578520+00:00 [queued]>
[2024-02-28T12:28:59.226+0000] {taskinstance.py:1979} INFO - Dependencies all met for dep_context=requeueable deps ti=<TaskInstance: AIRLINES_ETL_PIPELINE.blob_to_snowflake_stg manual__2024-02-28T12:28:47.578520+00:00 [queued]>
[2024-02-28T12:28:59.227+0000] {taskinstance.py:2193} INFO - Starting attempt 1 of 1
[2024-02-28T12:28:59.293+0000] {taskinstance.py:2214} INFO - Executing <Task(SnowflakeOperator): blob_to_snowflake_stg> on 2024-02-28 12:28:47.578520+00:00
[2024-02-28T12:28:59.318+0000] {standard_task_runner.py:60} INFO - Started process 1124 to run task
[2024-02-28T12:28:59.322+0000] {standard_task_runner.py:87} INFO - Running: ['airflow', 'tasks', 'run', 'AIRLINES_ETL_PIPELINE', 'blob_to_snowflake_stg', 'manual__2024-02-28T12:28:47.578520+00:00', '--job-id', '83', '--raw', '--subdir', 'DAGS_FOLDER/AIRLINES_DATA_ETL_DAG.py', '--cfg-path', '/tmp/tmpf_rfs0xp']
[2024-02-28T12:28:59.325+0000] {standard_task_runner.py:88} INFO - Job 83: Subtask blob_to_snowflake_stg
[2024-02-28T12:28:59.437+0000] {task_command.py:423} INFO - Running <TaskInstance: AIRLINES_ETL_PIPELINE.blob_to_snowflake_stg manual__2024-02-28T12:28:47.578520+00:00 [running]> on host c262eab4accf
[2024-02-28T12:28:59.603+0000] {taskinstance.py:2510} INFO - Exporting env vars: AIRFLOW_CTX_DAG_OWNER='airflow' AIRFLOW_CTX_DAG_ID='AIRLINES_ETL_PIPELINE' AIRFLOW_CTX_TASK_ID='blob_to_snowflake_stg' AIRFLOW_CTX_EXECUTION_DATE='2024-02-28T12:28:47.578520+00:00' AIRFLOW_CTX_TRY_NUMBER='1' AIRFLOW_CTX_DAG_RUN_ID='manual__2024-02-28T12:28:47.578520+00:00'
[2024-02-28T12:28:59.604+0000] {sql.py:276} INFO - Executing: Truncate table TEST_ANALYTICS.AIRLINES.airlines_stg;
copy into TEST_ANALYTICS.AIRLINES.airlines_stg from 
                                @TEST_ANALYTICS.AIRLINES.TEST_AIRLINES_BLOB_STG/Airlines_Data.csv.gz
                                            file_format = 'TEST_ANALYTICS.AIRLINES.AIRLINES_CSV_FORMAT',
                                            ON_ERROR = ABORT_STATEMENT ,
                                            force = FALSE;
                                            
[2024-02-28T12:28:59.619+0000] {base.py:83} INFO - Using connection ID 'snowflake_conn_id' for task execution.
[2024-02-28T12:28:59.841+0000] {base.py:83} INFO - Using connection ID 'snowflake_conn_id' for task execution.
[2024-02-28T12:28:59.842+0000] {connection.py:386} INFO - Snowflake Connector for Python Version: 3.7.1, Python Version: 3.11.8, Platform: Linux-5.15.133.1-microsoft-standard-WSL2-x86_64-with-glibc2.36
[2024-02-28T12:28:59.844+0000] {connection.py:1211} INFO - This connection is in OCSP Fail Open Mode. TLS Certificates would be checked for validity and revocation status. Any other Certificate Revocation related exceptions or OCSP Responder failures would be disregarded in favor of connectivity.
[2024-02-28T12:29:00.956+0000] {cursor.py:1032} INFO - query: [ALTER SESSION SET autocommit=False]
[2024-02-28T12:29:01.137+0000] {cursor.py:1045} INFO - query execution done
[2024-02-28T12:29:01.139+0000] {cursor.py:1205} INFO - Number of results in first chunk: 1
[2024-02-28T12:29:01.140+0000] {sql.py:457} INFO - Running statement: Truncate table TEST_ANALYTICS.AIRLINES.airlines_stg;, parameters: None
[2024-02-28T12:29:01.141+0000] {cursor.py:1032} INFO - query: [Truncate table TEST_ANALYTICS.AIRLINES.airlines_stg;]
[2024-02-28T12:29:02.381+0000] {cursor.py:1045} INFO - query execution done
[2024-02-28T12:29:02.382+0000] {cursor.py:1205} INFO - Number of results in first chunk: 1
[2024-02-28T12:29:02.383+0000] {sql.py:466} INFO - Rows affected: 1
[2024-02-28T12:29:02.389+0000] {logging_mixin.py:188} WARNING - /home/airflow/.local/lib/python3.11/site-packages/airflow/providers/snowflake/hooks/snowflake.py:393 AirflowProviderDeprecationWarning: Call to deprecated method _make_common_data_structure. (The `_make_serializable` method is deprecated and support will be removed in a future version of the common.sql provider. Please update the DbApiHook's provider to a version based on common.sql >= 1.9.1.)
[2024-02-28T12:29:02.390+0000] {snowflake.py:402} INFO - Rows affected: 1
[2024-02-28T12:29:02.391+0000] {snowflake.py:403} INFO - Snowflake query id: 01b2a70d-0001-18d2-0000-000393fa60ad
[2024-02-28T12:29:02.391+0000] {sql.py:457} INFO - Running statement: copy into TEST_ANALYTICS.AIRLINES.airlines_stg from 
                                @TEST_ANALYTICS.AIRLINES.TEST_AIRLINES_BLOB_STG/Airlines_Data.csv.gz
                                            file_format = 'TEST_ANALYTICS.AIRLINES.AIRLINES_CSV_FORMAT',
                                            ON_ERROR = ABORT_STATEMENT ,
                                            force = FALSE;, parameters: None
[2024-02-28T12:29:02.392+0000] {cursor.py:1032} INFO - query: [copy into TEST_ANALYTICS.AIRLINES.airlines_stg from @TEST_ANALYTICS.AIRLINES.TES...]
[2024-02-28T12:29:07.284+0000] {cursor.py:1045} INFO - query execution done
[2024-02-28T12:29:07.285+0000] {cursor.py:1205} INFO - Number of results in first chunk: 1
[2024-02-28T12:29:07.286+0000] {sql.py:466} INFO - Rows affected: 1
[2024-02-28T12:29:07.287+0000] {snowflake.py:402} INFO - Rows affected: 1
[2024-02-28T12:29:07.287+0000] {snowflake.py:403} INFO - Snowflake query id: 01b2a70d-0001-18d1-0000-000393fa708d
[2024-02-28T12:29:07.288+0000] {cursor.py:1032} INFO - query: [COMMIT]
[2024-02-28T12:29:07.561+0000] {cursor.py:1045} INFO - query execution done
[2024-02-28T12:29:07.562+0000] {cursor.py:1205} INFO - Number of results in first chunk: 1
[2024-02-28T12:29:07.563+0000] {connection.py:734} INFO - closed
[2024-02-28T12:29:07.612+0000] {connection.py:740} INFO - No async queries seem to be running, deleting session
[2024-02-28T12:29:07.754+0000] {taskinstance.py:1149} INFO - Marking task as SUCCESS. dag_id=AIRLINES_ETL_PIPELINE, task_id=blob_to_snowflake_stg, execution_date=20240228T122847, start_date=20240228T122859, end_date=20240228T122907
[2024-02-28T12:29:07.827+0000] {local_task_job_runner.py:234} INFO - Task exited with return code 0
[2024-02-28T12:29:07.853+0000] {taskinstance.py:3309} INFO - 0 downstream tasks scheduled from follow-on schedule check
