[2024-02-28T12:29:19.672+0000] {taskinstance.py:1979} INFO - Dependencies all met for dep_context=non-requeueable deps ti=<TaskInstance: AIRLINES_ETL_PIPELINE.ADF_pipeline_status manual__2024-02-28T12:28:47.578520+00:00 [queued]>
[2024-02-28T12:29:19.690+0000] {taskinstance.py:1979} INFO - Dependencies all met for dep_context=requeueable deps ti=<TaskInstance: AIRLINES_ETL_PIPELINE.ADF_pipeline_status manual__2024-02-28T12:28:47.578520+00:00 [queued]>
[2024-02-28T12:29:19.691+0000] {taskinstance.py:2193} INFO - Starting attempt 1 of 1
[2024-02-28T12:29:19.751+0000] {taskinstance.py:2214} INFO - Executing <Task(AzureDataFactoryPipelineRunStatusSensor): ADF_pipeline_status> on 2024-02-28 12:28:47.578520+00:00
[2024-02-28T12:29:19.757+0000] {standard_task_runner.py:60} INFO - Started process 1147 to run task
[2024-02-28T12:29:19.760+0000] {standard_task_runner.py:87} INFO - Running: ['airflow', 'tasks', 'run', 'AIRLINES_ETL_PIPELINE', 'ADF_pipeline_status', 'manual__2024-02-28T12:28:47.578520+00:00', '--job-id', '85', '--raw', '--subdir', 'DAGS_FOLDER/AIRLINES_DATA_ETL_DAG.py', '--cfg-path', '/tmp/tmp1ls3ldti']
[2024-02-28T12:29:19.763+0000] {standard_task_runner.py:88} INFO - Job 85: Subtask ADF_pipeline_status
[2024-02-28T12:29:19.895+0000] {task_command.py:423} INFO - Running <TaskInstance: AIRLINES_ETL_PIPELINE.ADF_pipeline_status manual__2024-02-28T12:28:47.578520+00:00 [running]> on host c262eab4accf
[2024-02-28T12:29:20.099+0000] {taskinstance.py:2510} INFO - Exporting env vars: AIRFLOW_CTX_DAG_OWNER='airflow' AIRFLOW_CTX_DAG_ID='AIRLINES_ETL_PIPELINE' AIRFLOW_CTX_TASK_ID='ADF_pipeline_status' AIRFLOW_CTX_EXECUTION_DATE='2024-02-28T12:28:47.578520+00:00' AIRFLOW_CTX_TRY_NUMBER='1' AIRFLOW_CTX_DAG_RUN_ID='manual__2024-02-28T12:28:47.578520+00:00'
[2024-02-28T12:29:20.101+0000] {data_factory.py:804} INFO - Getting the status of run ID facf3852-d634-11ee-97a1-0242ac160002.
[2024-02-28T12:29:20.111+0000] {connection.py:269} WARNING - Connection schemes (type: azure_data_factory) shall not contain '_' according to RFC3986.
[2024-02-28T12:29:20.112+0000] {base.py:83} INFO - Using connection ID 'azure_data_factory' for task execution.
[2024-02-28T12:29:20.121+0000] {_universal.py:514} INFO - Request URL: 'https://login.microsoftonline.com/740d81d4-e4d6-4689-8d63-22257ff4a74c/v2.0/.well-known/openid-configuration'
Request method: 'GET'
Request headers:
    'User-Agent': 'azsdk-python-identity/1.15.0 Python/3.11.8 (Linux-5.15.133.1-microsoft-standard-WSL2-x86_64-with-glibc2.36)'
No body was attached to the request
[2024-02-28T12:29:20.395+0000] {_universal.py:550} INFO - Response status: 200
Response headers:
    'Cache-Control': 'max-age=86400, private'
    'Content-Type': 'application/json; charset=utf-8'
    'Strict-Transport-Security': 'REDACTED'
    'X-Content-Type-Options': 'REDACTED'
    'Access-Control-Allow-Origin': 'REDACTED'
    'Access-Control-Allow-Methods': 'REDACTED'
    'P3P': 'REDACTED'
    'x-ms-request-id': 'fc794a34-a899-40ca-b5d2-fd748f0ed300'
    'x-ms-ests-server': 'REDACTED'
    'X-XSS-Protection': 'REDACTED'
    'Set-Cookie': 'REDACTED'
    'Date': 'Wed, 28 Feb 2024 12:29:20 GMT'
    'Content-Length': '1753'
[2024-02-28T12:29:20.397+0000] {_universal.py:511} INFO - Request URL: 'https://login.microsoftonline.com/740d81d4-e4d6-4689-8d63-22257ff4a74c/oauth2/v2.0/token'
Request method: 'POST'
Request headers:
    'Accept': 'application/json'
    'x-client-sku': 'REDACTED'
    'x-client-ver': 'REDACTED'
    'x-client-os': 'REDACTED'
    'x-ms-lib-capability': 'REDACTED'
    'client-request-id': 'REDACTED'
    'x-client-current-telemetry': 'REDACTED'
    'x-client-last-telemetry': 'REDACTED'
    'User-Agent': 'azsdk-python-identity/1.15.0 Python/3.11.8 (Linux-5.15.133.1-microsoft-standard-WSL2-x86_64-with-glibc2.36)'
A body is sent with the request
[2024-02-28T12:29:20.619+0000] {_universal.py:550} INFO - Response status: 200
Response headers:
    'Cache-Control': 'no-store, no-cache'
    'Pragma': 'no-cache'
    'Content-Type': 'application/json; charset=utf-8'
    'Expires': '-1'
    'Strict-Transport-Security': 'REDACTED'
    'X-Content-Type-Options': 'REDACTED'
    'P3P': 'REDACTED'
    'client-request-id': 'REDACTED'
    'x-ms-request-id': '0ec4aca9-3fd5-4001-a8ad-a1a9e0efb100'
    'x-ms-ests-server': 'REDACTED'
    'x-ms-clitelem': 'REDACTED'
    'X-XSS-Protection': 'REDACTED'
    'Set-Cookie': 'REDACTED'
    'Date': 'Wed, 28 Feb 2024 12:29:20 GMT'
    'Content-Length': '1387'
[2024-02-28T12:29:20.620+0000] {get_token_mixin.py:93} INFO - ClientSecretCredential.get_token succeeded
[2024-02-28T12:29:20.620+0000] {_universal.py:514} INFO - Request URL: 'https://management.azure.com/subscriptions/3958bfc8-c367-4842-ba17-75d61ba036ff/resourceGroups/databricks_course_rg/providers/Microsoft.DataFactory/factories/ADFSQL2ICEBERG/pipelineruns/facf3852-d634-11ee-97a1-0242ac160002?api-version=REDACTED'
Request method: 'GET'
Request headers:
    'Accept': 'application/json'
    'x-ms-client-request-id': 'ff13ed7c-d634-11ee-8f7a-0242ac160002'
    'User-Agent': 'azsdk-python-mgmt-datafactory/5.0.0 Python/3.11.8 (Linux-5.15.133.1-microsoft-standard-WSL2-x86_64-with-glibc2.36)'
    'Authorization': 'REDACTED'
No body was attached to the request
[2024-02-28T12:29:21.206+0000] {_universal.py:550} INFO - Response status: 200
Response headers:
    'Cache-Control': 'no-cache'
    'Pragma': 'no-cache'
    'Content-Length': '785'
    'Content-Type': 'application/json; charset=utf-8'
    'Expires': '-1'
    'x-ms-correlation-request-id': 'REDACTED'
    'x-ms-ratelimit-remaining-subscription-reads': '11999'
    'x-ms-request-id': '5ed6ea57-f210-4ade-b06f-57ab3b97a1a0'
    'x-ms-routing-request-id': 'REDACTED'
    'Strict-Transport-Security': 'REDACTED'
    'X-Content-Type-Options': 'REDACTED'
    'X-Cache': 'REDACTED'
    'X-MSEdge-Ref': 'REDACTED'
    'Date': 'Wed, 28 Feb 2024 12:29:21 GMT'
[2024-02-28T12:29:21.213+0000] {data_factory.py:806} INFO - Current status of pipeline run facf3852-d634-11ee-97a1-0242ac160002: InProgress
[2024-02-28T12:29:21.227+0000] {taskinstance.py:2367} INFO - Pausing task as DEFERRED. dag_id=AIRLINES_ETL_PIPELINE, task_id=ADF_pipeline_status, execution_date=20240228T122847, start_date=20240228T122919
[2024-02-28T12:29:21.341+0000] {local_task_job_runner.py:231} INFO - Task exited with return code 100 (task deferral)
[2024-02-28T12:33:39.410+0000] {taskinstance.py:1979} INFO - Dependencies all met for dep_context=non-requeueable deps ti=<TaskInstance: AIRLINES_ETL_PIPELINE.ADF_pipeline_status manual__2024-02-28T12:28:47.578520+00:00 [queued]>
[2024-02-28T12:33:39.424+0000] {taskinstance.py:1979} INFO - Dependencies all met for dep_context=requeueable deps ti=<TaskInstance: AIRLINES_ETL_PIPELINE.ADF_pipeline_status manual__2024-02-28T12:28:47.578520+00:00 [queued]>
[2024-02-28T12:33:39.425+0000] {taskinstance.py:2191} INFO - Resuming after deferral
[2024-02-28T12:33:39.495+0000] {taskinstance.py:2214} INFO - Executing <Task(AzureDataFactoryPipelineRunStatusSensor): ADF_pipeline_status> on 2024-02-28 12:28:47.578520+00:00
[2024-02-28T12:33:39.512+0000] {standard_task_runner.py:60} INFO - Started process 1178 to run task
[2024-02-28T12:33:39.515+0000] {standard_task_runner.py:87} INFO - Running: ['airflow', 'tasks', 'run', 'AIRLINES_ETL_PIPELINE', 'ADF_pipeline_status', 'manual__2024-02-28T12:28:47.578520+00:00', '--job-id', '86', '--raw', '--subdir', 'DAGS_FOLDER/AIRLINES_DATA_ETL_DAG.py', '--cfg-path', '/tmp/tmpdjqwmoan']
[2024-02-28T12:33:39.518+0000] {standard_task_runner.py:88} INFO - Job 86: Subtask ADF_pipeline_status
[2024-02-28T12:33:39.629+0000] {task_command.py:423} INFO - Running <TaskInstance: AIRLINES_ETL_PIPELINE.ADF_pipeline_status manual__2024-02-28T12:28:47.578520+00:00 [running]> on host c262eab4accf
[2024-02-28T12:33:39.811+0000] {data_factory.py:137} INFO - Pipeline run facf3852-d634-11ee-97a1-0242ac160002 has been Succeeded.
[2024-02-28T12:33:39.828+0000] {taskinstance.py:1149} INFO - Marking task as SUCCESS. dag_id=AIRLINES_ETL_PIPELINE, task_id=ADF_pipeline_status, execution_date=20240228T122847, start_date=20240228T122919, end_date=20240228T123339
[2024-02-28T12:33:39.930+0000] {local_task_job_runner.py:234} INFO - Task exited with return code 0
[2024-02-28T12:33:39.965+0000] {taskinstance.py:3309} INFO - 0 downstream tasks scheduled from follow-on schedule check
